---------------------------------------------------------------
[ 2020-01-05T22:02:37+08:00 ] 127.0.0.1 GET 127.0.0.1/tp5/public/static/index/style/jquery.error.js
[运行时间：0.028404s] [吞吐率：35.21req/s] [内存消耗：1,048.10kb] [文件加载：30]
[ info ] [ LANG ] C:\xampp\htdocs\tp5\thinkphp\lang\zh-cn.php
[ info ] [ ROUTE ] array (
  'type' => 'module',
  'module' => 
  array (
    0 => 'static',
    1 => 'index',
    2 => 'style',
  ),
)
[ info ] [ HEADER ] array (
  'host' => '127.0.0.1',
  'user-agent' => 'Mozilla/5.0 (Windows NT 10.0; Win64; x64; rv:71.0) Gecko/20100101 Firefox/71.0',
  'accept' => '*/*',
  'accept-language' => 'zh-CN,zh;q=0.8,zh-TW;q=0.7,zh-HK;q=0.5,en-US;q=0.3,en;q=0.2',
  'accept-encoding' => 'gzip, deflate',
  'connection' => 'keep-alive',
  'referer' => 'http://127.0.0.1/tp5/public/index.php/index/zpadmin/index.html',
)
[ info ] [ PARAM ] array (
)
[ info ] [ LOG ] INIT File
---------------------------------------------------------------
[ 2020-01-05T22:02:37+08:00 ] 127.0.0.1 GET 127.0.0.1/tp5/public/static/index/style/jquery.form.js
[运行时间：0.029461s] [吞吐率：33.94req/s] [内存消耗：1,048.15kb] [文件加载：30]
[ info ] [ LANG ] C:\xampp\htdocs\tp5\thinkphp\lang\zh-cn.php
[ info ] [ ROUTE ] array (
  'type' => 'module',
  'module' => 
  array (
    0 => 'static',
    1 => 'index',
    2 => 'style',
  ),
)
[ info ] [ HEADER ] array (
  'host' => '127.0.0.1',
  'user-agent' => 'Mozilla/5.0 (Windows NT 10.0; Win64; x64; rv:71.0) Gecko/20100101 Firefox/71.0',
  'accept' => '*/*',
  'accept-language' => 'zh-CN,zh;q=0.8,zh-TW;q=0.7,zh-HK;q=0.5,en-US;q=0.3,en;q=0.2',
  'accept-encoding' => 'gzip, deflate',
  'connection' => 'keep-alive',
  'referer' => 'http://127.0.0.1/tp5/public/index.php/index/zpadmin/index.html',
)
[ info ] [ PARAM ] array (
)
[ info ] [ LOG ] INIT File
---------------------------------------------------------------
[ 2020-01-05T22:02:37+08:00 ] 127.0.0.1 GET 127.0.0.1/tp5/public/static/index/style/jquery.form.js
[运行时间：0.024630s] [吞吐率：40.60req/s] [内存消耗：1,048.15kb] [文件加载：30]
[ info ] [ LANG ] C:\xampp\htdocs\tp5\thinkphp\lang\zh-cn.php
[ info ] [ ROUTE ] array (
  'type' => 'module',
  'module' => 
  array (
    0 => 'static',
    1 => 'index',
    2 => 'style',
  ),
)
[ info ] [ HEADER ] array (
  'host' => '127.0.0.1',
  'user-agent' => 'Mozilla/5.0 (Windows NT 10.0; Win64; x64; rv:71.0) Gecko/20100101 Firefox/71.0',
  'accept' => '*/*',
  'accept-language' => 'zh-CN,zh;q=0.8,zh-TW;q=0.7,zh-HK;q=0.5,en-US;q=0.3,en;q=0.2',
  'accept-encoding' => 'gzip, deflate',
  'connection' => 'keep-alive',
  'referer' => 'http://127.0.0.1/tp5/public/index.php/index/zpadmin/index.html',
)
[ info ] [ PARAM ] array (
)
[ info ] [ LOG ] INIT File
---------------------------------------------------------------
[ 2020-01-05T22:02:37+08:00 ] 127.0.0.1 GET 127.0.0.1/tp5/public/static/index/images/body_bg.jpg
[运行时间：0.020219s] [吞吐率：49.46req/s] [内存消耗：1,048.13kb] [文件加载：30]
[ info ] [ LANG ] C:\xampp\htdocs\tp5\thinkphp\lang\zh-cn.php
[ info ] [ ROUTE ] array (
  'type' => 'module',
  'module' => 
  array (
    0 => 'static',
    1 => 'index',
    2 => 'images',
  ),
)
[ info ] [ HEADER ] array (
  'host' => '127.0.0.1',
  'user-agent' => 'Mozilla/5.0 (Windows NT 10.0; Win64; x64; rv:71.0) Gecko/20100101 Firefox/71.0',
  'accept' => 'image/webp,*/*',
  'accept-language' => 'zh-CN,zh;q=0.8,zh-TW;q=0.7,zh-HK;q=0.5,en-US;q=0.3,en;q=0.2',
  'accept-encoding' => 'gzip, deflate',
  'connection' => 'keep-alive',
  'referer' => 'http://127.0.0.1/tp5/public/static/index/style/style.css',
)
[ info ] [ PARAM ] array (
)
[ info ] [ LOG ] INIT File
---------------------------------------------------------------
[ 2020-01-05T22:02:37+08:00 ] 127.0.0.1 GET 127.0.0.1/tp5/public/static/index/css/bg.gif
[运行时间：0.021919s] [吞吐率：45.62req/s] [内存消耗：1,048.02kb] [文件加载：30]
[ info ] [ LANG ] C:\xampp\htdocs\tp5\thinkphp\lang\zh-cn.php
[ info ] [ ROUTE ] array (
  'type' => 'module',
  'module' => 
  array (
    0 => 'static',
    1 => 'index',
    2 => 'css',
  ),
)
[ info ] [ HEADER ] array (
  'host' => '127.0.0.1',
  'user-agent' => 'Mozilla/5.0 (Windows NT 10.0; Win64; x64; rv:71.0) Gecko/20100101 Firefox/71.0',
  'accept' => 'image/webp,*/*',
  'accept-language' => 'zh-CN,zh;q=0.8,zh-TW;q=0.7,zh-HK;q=0.5,en-US;q=0.3,en;q=0.2',
  'accept-encoding' => 'gzip, deflate',
  'connection' => 'keep-alive',
  'referer' => 'http://127.0.0.1/tp5/public/static/index/css/screen.css',
)
[ info ] [ PARAM ] array (
)
[ info ] [ LOG ] INIT File
---------------------------------------------------------------
[ 2020-01-05T22:02:40+08:00 ] 127.0.0.1 GET 127.0.0.1/tp5/public/index.php/index/imglist/imglist/cateid/36
[运行时间：0.090526s] [吞吐率：11.05req/s] [内存消耗：2,395.99kb] [文件加载：54]
[ info ] [ LANG ] C:\xampp\htdocs\tp5\thinkphp\lang\zh-cn.php
[ info ] [ ROUTE ] array (
  'type' => 'module',
  'module' => 
  array (
    0 => 'index',
    1 => 'imglist',
    2 => 'imglist',
  ),
)
[ info ] [ HEADER ] array (
  'host' => '127.0.0.1',
  'user-agent' => 'Mozilla/5.0 (Windows NT 10.0; Win64; x64; rv:71.0) Gecko/20100101 Firefox/71.0',
  'accept' => 'text/html,application/xhtml+xml,application/xml;q=0.9,*/*;q=0.8',
  'accept-language' => 'zh-CN,zh;q=0.8,zh-TW;q=0.7,zh-HK;q=0.5,en-US;q=0.3,en;q=0.2',
  'accept-encoding' => 'gzip, deflate',
  'connection' => 'keep-alive',
  'referer' => 'http://127.0.0.1/tp5/public/index.php/index/zpadmin/index.html',
  'upgrade-insecure-requests' => '1',
)
[ info ] [ PARAM ] array (
  'cateid' => '36',
)
[ info ] [ DB ] INIT mysql
[ info ] [ RUN ] app\index\controller\Imglist->imglist[ C:\xampp\htdocs\tp5\application\index\controller\Imglist.php ]
[ info ] [ VIEW ] C:\xampp\htdocs\tp5\public/../application/index\view\imglist\imglist.htm [ array (
  0 => 'posArr',
  1 => 'confres',
  2 => 'cateres',
  3 => 'artres',
) ]
[ info ] [ LOG ] INIT File
[ sql ] [ DB ] CONNECT:[ UseTime:0.011731s ] mysql:host=127.0.0.1;port=3306;dbname=bick;charset=utf8
[ sql ] [ SQL ] SHOW COLUMNS FROM `bk_cate` [ RunTime:0.006193s ]
[ sql ] [ SQL ] SELECT `id`,`pid`,`catename` FROM `bk_cate` [ RunTime:0.000597s ]
[ sql ] [ SQL ] SELECT `id`,`pid`,`catename` FROM `bk_cate` WHERE  `id` = 36 LIMIT 1 [ RunTime:0.000449s ]
[ sql ] [ SQL ] SHOW COLUMNS FROM `bk_conf` [ RunTime:0.005582s ]
[ sql ] [ SQL ] SELECT `enname`,`cnname` FROM `bk_conf` [ RunTime:0.000392s ]
[ sql ] [ SQL ] SELECT * FROM `bk_cate` WHERE  `pid` = 0 [ RunTime:0.000476s ]
[ sql ] [ SQL ] SELECT * FROM `bk_cate` WHERE  `pid` = 28 [ RunTime:0.000449s ]
[ sql ] [ SQL ] SELECT * FROM `bk_cate` WHERE  `pid` = 31 [ RunTime:0.000437s ]
[ sql ] [ SQL ] SELECT * FROM `bk_cate` WHERE  `pid` = 34 [ RunTime:0.000428s ]
[ sql ] [ SQL ] SELECT * FROM `bk_cate` WHERE  `pid` = 35 [ RunTime:0.000424s ]
[ sql ] [ SQL ] SELECT * FROM `bk_cate` WHERE  `pid` = 37 [ RunTime:0.000405s ]
[ sql ] [ SQL ] SELECT * FROM `bk_cate` [ RunTime:0.000423s ]
[ sql ] [ SQL ] SHOW COLUMNS FROM `bk_article` [ RunTime:0.005895s ]
[ sql ] [ SQL ] SELECT COUNT(*) AS tp_count FROM `bk_article` WHERE  (  cateid IN(36) ) LIMIT 1 [ RunTime:0.000452s ]
[ sql ] [ SQL ] SELECT * FROM `bk_article` WHERE  (  cateid IN(36) ) ORDER BY `id` DESC LIMIT 0,2 [ RunTime:0.000451s ]
---------------------------------------------------------------
[ 2020-01-05T22:02:40+08:00 ] 127.0.0.1 GET 127.0.0.1/tp5/public/static/index/style/jquery.error.js
[运行时间：0.027071s] [吞吐率：36.94req/s] [内存消耗：1,048.20kb] [文件加载：30]
[ info ] [ LANG ] C:\xampp\htdocs\tp5\thinkphp\lang\zh-cn.php
[ info ] [ ROUTE ] array (
  'type' => 'module',
  'module' => 
  array (
    0 => 'static',
    1 => 'index',
    2 => 'style',
  ),
)
[ info ] [ HEADER ] array (
  'host' => '127.0.0.1',
  'user-agent' => 'Mozilla/5.0 (Windows NT 10.0; Win64; x64; rv:71.0) Gecko/20100101 Firefox/71.0',
  'accept' => '*/*',
  'accept-language' => 'zh-CN,zh;q=0.8,zh-TW;q=0.7,zh-HK;q=0.5,en-US;q=0.3,en;q=0.2',
  'accept-encoding' => 'gzip, deflate',
  'connection' => 'keep-alive',
  'referer' => 'http://127.0.0.1/tp5/public/index.php/index/imglist/imglist/cateid/36',
)
[ info ] [ PARAM ] array (
)
[ info ] [ LOG ] INIT File
---------------------------------------------------------------
[ 2020-01-05T22:02:40+08:00 ] 127.0.0.1 GET 127.0.0.1/tp5/public/static/index/style/jquery.form.js
[运行时间：0.033032s] [吞吐率：30.27req/s] [内存消耗：1,048.20kb] [文件加载：30]
[ info ] [ LANG ] C:\xampp\htdocs\tp5\thinkphp\lang\zh-cn.php
[ info ] [ ROUTE ] array (
  'type' => 'module',
  'module' => 
  array (
    0 => 'static',
    1 => 'index',
    2 => 'style',
  ),
)
[ info ] [ HEADER ] array (
  'host' => '127.0.0.1',
  'user-agent' => 'Mozilla/5.0 (Windows NT 10.0; Win64; x64; rv:71.0) Gecko/20100101 Firefox/71.0',
  'accept' => '*/*',
  'accept-language' => 'zh-CN,zh;q=0.8,zh-TW;q=0.7,zh-HK;q=0.5,en-US;q=0.3,en;q=0.2',
  'accept-encoding' => 'gzip, deflate',
  'connection' => 'keep-alive',
  'referer' => 'http://127.0.0.1/tp5/public/index.php/index/imglist/imglist/cateid/36',
)
[ info ] [ PARAM ] array (
)
[ info ] [ LOG ] INIT File
---------------------------------------------------------------
[ 2020-01-05T22:02:49+08:00 ] 127.0.0.1 GET 127.0.0.1/tp5/public/index.php/index/imglist/imglist/cateid/36.html
[运行时间：0.084155s] [吞吐率：11.88req/s] [内存消耗：2,396.16kb] [文件加载：54]
[ info ] [ LANG ] C:\xampp\htdocs\tp5\thinkphp\lang\zh-cn.php
[ info ] [ ROUTE ] array (
  'type' => 'module',
  'module' => 
  array (
    0 => 'index',
    1 => 'imglist',
    2 => 'imglist',
  ),
)
[ info ] [ HEADER ] array (
  'host' => '127.0.0.1',
  'user-agent' => 'Mozilla/5.0 (Windows NT 10.0; Win64; x64; rv:71.0) Gecko/20100101 Firefox/71.0',
  'accept' => 'text/html,application/xhtml+xml,application/xml;q=0.9,*/*;q=0.8',
  'accept-language' => 'zh-CN,zh;q=0.8,zh-TW;q=0.7,zh-HK;q=0.5,en-US;q=0.3,en;q=0.2',
  'accept-encoding' => 'gzip, deflate',
  'connection' => 'keep-alive',
  'referer' => 'http://127.0.0.1/tp5/public/index.php/index/imglist/imglist/cateid/36',
  'upgrade-insecure-requests' => '1',
)
[ info ] [ PARAM ] array (
  'cateid' => '36',
)
[ info ] [ DB ] INIT mysql
[ info ] [ RUN ] app\index\controller\Imglist->imglist[ C:\xampp\htdocs\tp5\application\index\controller\Imglist.php ]
[ info ] [ VIEW ] C:\xampp\htdocs\tp5\public/../application/index\view\imglist\imglist.htm [ array (
  0 => 'posArr',
  1 => 'confres',
  2 => 'cateres',
  3 => 'artres',
) ]
[ info ] [ LOG ] INIT File
[ sql ] [ DB ] CONNECT:[ UseTime:0.013146s ] mysql:host=127.0.0.1;port=3306;dbname=bick;charset=utf8
[ sql ] [ SQL ] SHOW COLUMNS FROM `bk_cate` [ RunTime:0.005994s ]
[ sql ] [ SQL ] SELECT `id`,`pid`,`catename` FROM `bk_cate` [ RunTime:0.000532s ]
[ sql ] [ SQL ] SELECT `id`,`pid`,`catename` FROM `bk_cate` WHERE  `id` = 36 LIMIT 1 [ RunTime:0.000552s ]
[ sql ] [ SQL ] SHOW COLUMNS FROM `bk_conf` [ RunTime:0.006245s ]
[ sql ] [ SQL ] SELECT `enname`,`cnname` FROM `bk_conf` [ RunTime:0.000481s ]
[ sql ] [ SQL ] SELECT * FROM `bk_cate` WHERE  `pid` = 0 [ RunTime:0.000561s ]
[ sql ] [ SQL ] SELECT * FROM `bk_cate` WHERE  `pid` = 28 [ RunTime:0.000478s ]
[ sql ] [ SQL ] SELECT * FROM `bk_cate` WHERE  `pid` = 31 [ RunTime:0.000461s ]
[ sql ] [ SQL ] SELECT * FROM `bk_cate` WHERE  `pid` = 34 [ RunTime:0.000462s ]
[ sql ] [ SQL ] SELECT * FROM `bk_cate` WHERE  `pid` = 35 [ RunTime:0.000443s ]
[ sql ] [ SQL ] SELECT * FROM `bk_cate` WHERE  `pid` = 37 [ RunTime:0.000487s ]
[ sql ] [ SQL ] SELECT * FROM `bk_cate` [ RunTime:0.000477s ]
[ sql ] [ SQL ] SHOW COLUMNS FROM `bk_article` [ RunTime:0.005991s ]
[ sql ] [ SQL ] SELECT COUNT(*) AS tp_count FROM `bk_article` WHERE  (  cateid IN(36) ) LIMIT 1 [ RunTime:0.000561s ]
[ sql ] [ SQL ] SELECT * FROM `bk_article` WHERE  (  cateid IN(36) ) ORDER BY `id` DESC LIMIT 0,2 [ RunTime:0.000481s ]
---------------------------------------------------------------
[ 2020-01-05T22:02:49+08:00 ] 127.0.0.1 GET 127.0.0.1/tp5/public/static/index/style/jquery.form.js
[运行时间：0.029045s] [吞吐率：34.43req/s] [内存消耗：1,048.20kb] [文件加载：30]
[ info ] [ LANG ] C:\xampp\htdocs\tp5\thinkphp\lang\zh-cn.php
[ info ] [ ROUTE ] array (
  'type' => 'module',
  'module' => 
  array (
    0 => 'static',
    1 => 'index',
    2 => 'style',
  ),
)
[ info ] [ HEADER ] array (
  'host' => '127.0.0.1',
  'user-agent' => 'Mozilla/5.0 (Windows NT 10.0; Win64; x64; rv:71.0) Gecko/20100101 Firefox/71.0',
  'accept' => '*/*',
  'accept-language' => 'zh-CN,zh;q=0.8,zh-TW;q=0.7,zh-HK;q=0.5,en-US;q=0.3,en;q=0.2',
  'accept-encoding' => 'gzip, deflate',
  'connection' => 'keep-alive',
  'referer' => 'http://127.0.0.1/tp5/public/index.php/index/imglist/imglist/cateid/36.html',
)
[ info ] [ PARAM ] array (
)
[ info ] [ LOG ] INIT File
---------------------------------------------------------------
[ 2020-01-05T22:02:49+08:00 ] 127.0.0.1 GET 127.0.0.1/tp5/public/static/index/style/jquery.error.js
[运行时间：0.026950s] [吞吐率：37.11req/s] [内存消耗：1,048.20kb] [文件加载：30]
[ info ] [ LANG ] C:\xampp\htdocs\tp5\thinkphp\lang\zh-cn.php
[ info ] [ ROUTE ] array (
  'type' => 'module',
  'module' => 
  array (
    0 => 'static',
    1 => 'index',
    2 => 'style',
  ),
)
[ info ] [ HEADER ] array (
  'host' => '127.0.0.1',
  'user-agent' => 'Mozilla/5.0 (Windows NT 10.0; Win64; x64; rv:71.0) Gecko/20100101 Firefox/71.0',
  'accept' => '*/*',
  'accept-language' => 'zh-CN,zh;q=0.8,zh-TW;q=0.7,zh-HK;q=0.5,en-US;q=0.3,en;q=0.2',
  'accept-encoding' => 'gzip, deflate',
  'connection' => 'keep-alive',
  'referer' => 'http://127.0.0.1/tp5/public/index.php/index/imglist/imglist/cateid/36.html',
)
[ info ] [ PARAM ] array (
)
[ info ] [ LOG ] INIT File
---------------------------------------------------------------
[ 2020-01-05T22:02:49+08:00 ] 127.0.0.1 GET 127.0.0.1/tp5/public/static/index/style/jquery.form.js
[运行时间：0.020625s] [吞吐率：48.48req/s] [内存消耗：1,048.20kb] [文件加载：30]
[ info ] [ LANG ] C:\xampp\htdocs\tp5\thinkphp\lang\zh-cn.php
[ info ] [ ROUTE ] array (
  'type' => 'module',
  'module' => 
  array (
    0 => 'static',
    1 => 'index',
    2 => 'style',
  ),
)
[ info ] [ HEADER ] array (
  'host' => '127.0.0.1',
  'user-agent' => 'Mozilla/5.0 (Windows NT 10.0; Win64; x64; rv:71.0) Gecko/20100101 Firefox/71.0',
  'accept' => '*/*',
  'accept-language' => 'zh-CN,zh;q=0.8,zh-TW;q=0.7,zh-HK;q=0.5,en-US;q=0.3,en;q=0.2',
  'accept-encoding' => 'gzip, deflate',
  'connection' => 'keep-alive',
  'referer' => 'http://127.0.0.1/tp5/public/index.php/index/imglist/imglist/cateid/36.html',
)
[ info ] [ PARAM ] array (
)
[ info ] [ LOG ] INIT File
---------------------------------------------------------------
[ 2020-01-05T22:02:50+08:00 ] 127.0.0.1 GET 127.0.0.1/tp5/public/index.php/index/article/article/artid/16.html
[运行时间：0.069853s] [吞吐率：14.32req/s] [内存消耗：2,413.91kb] [文件加载：54]
[ info ] [ LANG ] C:\xampp\htdocs\tp5\thinkphp\lang\zh-cn.php
[ info ] [ ROUTE ] array (
  'type' => 'module',
  'module' => 
  array (
    0 => 'index',
    1 => 'article',
    2 => 'article',
  ),
)
[ info ] [ HEADER ] array (
  'host' => '127.0.0.1',
  'user-agent' => 'Mozilla/5.0 (Windows NT 10.0; Win64; x64; rv:71.0) Gecko/20100101 Firefox/71.0',
  'accept' => 'text/html,application/xhtml+xml,application/xml;q=0.9,*/*;q=0.8',
  'accept-language' => 'zh-CN,zh;q=0.8,zh-TW;q=0.7,zh-HK;q=0.5,en-US;q=0.3,en;q=0.2',
  'accept-encoding' => 'gzip, deflate',
  'connection' => 'keep-alive',
  'referer' => 'http://127.0.0.1/tp5/public/index.php/index/imglist/imglist/cateid/36.html',
  'upgrade-insecure-requests' => '1',
)
[ info ] [ PARAM ] array (
  'artid' => '16',
)
[ info ] [ DB ] INIT mysql
[ info ] [ RUN ] app\index\controller\Article->article[ C:\xampp\htdocs\tp5\application\index\controller\Article.php ]
[ info ] [ CACHE ] INIT File
[ info ] [ VIEW ] C:\xampp\htdocs\tp5\public/../application/index\view\article\article.htm [ array (
  0 => 'posArr',
  1 => 'confres',
  2 => 'cateres',
  3 => 'articles',
  4 => 'hotres',
) ]
[ info ] [ LOG ] INIT File
[ sql ] [ DB ] CONNECT:[ UseTime:0.001195s ] mysql:host=127.0.0.1;port=3306;dbname=bick;charset=utf8
[ sql ] [ SQL ] SHOW COLUMNS FROM `bk_article` [ RunTime:0.005907s ]
[ sql ] [ SQL ] SELECT `cateid` FROM `bk_article` WHERE  `id` = 16 LIMIT 1 [ RunTime:0.000531s ]
[ sql ] [ SQL ] SHOW COLUMNS FROM `bk_cate` [ RunTime:0.006157s ]
[ sql ] [ SQL ] SELECT `id`,`pid`,`catename` FROM `bk_cate` [ RunTime:0.000510s ]
[ sql ] [ SQL ] SELECT `id`,`pid`,`catename` FROM `bk_cate` WHERE  `id` = 36 LIMIT 1 [ RunTime:0.000530s ]
[ sql ] [ SQL ] SHOW COLUMNS FROM `bk_conf` [ RunTime:0.005429s ]
[ sql ] [ SQL ] SELECT `enname`,`cnname` FROM `bk_conf` [ RunTime:0.000488s ]
[ sql ] [ SQL ] SELECT * FROM `bk_cate` WHERE  `pid` = 0 [ RunTime:0.000653s ]
[ sql ] [ SQL ] SELECT * FROM `bk_cate` WHERE  `pid` = 28 [ RunTime:0.000474s ]
[ sql ] [ SQL ] SELECT * FROM `bk_cate` WHERE  `pid` = 31 [ RunTime:0.000568s ]
[ sql ] [ SQL ] SELECT * FROM `bk_cate` WHERE  `pid` = 34 [ RunTime:0.000515s ]
[ sql ] [ SQL ] SELECT * FROM `bk_cate` WHERE  `pid` = 35 [ RunTime:0.000442s ]
[ sql ] [ SQL ] SELECT * FROM `bk_cate` WHERE  `pid` = 37 [ RunTime:0.000488s ]
[ sql ] [ SQL ] UPDATE `bk_article`  SET `click`=`click`+1  WHERE  `id` = 16 [ RunTime:0.001743s ]
[ sql ] [ SQL ] SELECT * FROM `bk_article` WHERE  `id` = 16 LIMIT 1 [ RunTime:0.000441s ]
[ sql ] [ SQL ] SELECT * FROM `bk_cate` [ RunTime:0.000450s ]
[ sql ] [ SQL ] SELECT * FROM `bk_article` WHERE  (  cateid IN(36) ) ORDER BY `click` DESC LIMIT 5 [ RunTime:0.000495s ]
---------------------------------------------------------------
[ 2020-01-05T22:02:50+08:00 ] 127.0.0.1 GET 127.0.0.1/tp5/public/static/index/style/jquery.error.js
[运行时间：0.032001s] [吞吐率：31.25req/s] [内存消耗：1,048.20kb] [文件加载：30]
[ info ] [ LANG ] C:\xampp\htdocs\tp5\thinkphp\lang\zh-cn.php
[ info ] [ ROUTE ] array (
  'type' => 'module',
  'module' => 
  array (
    0 => 'static',
    1 => 'index',
    2 => 'style',
  ),
)
[ info ] [ HEADER ] array (
  'host' => '127.0.0.1',
  'user-agent' => 'Mozilla/5.0 (Windows NT 10.0; Win64; x64; rv:71.0) Gecko/20100101 Firefox/71.0',
  'accept' => '*/*',
  'accept-language' => 'zh-CN,zh;q=0.8,zh-TW;q=0.7,zh-HK;q=0.5,en-US;q=0.3,en;q=0.2',
  'accept-encoding' => 'gzip, deflate',
  'connection' => 'keep-alive',
  'referer' => 'http://127.0.0.1/tp5/public/index.php/index/article/article/artid/16.html',
)
[ info ] [ PARAM ] array (
)
[ info ] [ LOG ] INIT File
---------------------------------------------------------------
[ 2020-01-05T22:02:50+08:00 ] 127.0.0.1 GET 127.0.0.1/tp5/public/static/index/style/jquery.form.js
[运行时间：0.033548s] [吞吐率：29.81req/s] [内存消耗：1,048.20kb] [文件加载：30]
[ info ] [ LANG ] C:\xampp\htdocs\tp5\thinkphp\lang\zh-cn.php
[ info ] [ ROUTE ] array (
  'type' => 'module',
  'module' => 
  array (
    0 => 'static',
    1 => 'index',
    2 => 'style',
  ),
)
[ info ] [ HEADER ] array (
  'host' => '127.0.0.1',
  'user-agent' => 'Mozilla/5.0 (Windows NT 10.0; Win64; x64; rv:71.0) Gecko/20100101 Firefox/71.0',
  'accept' => '*/*',
  'accept-language' => 'zh-CN,zh;q=0.8,zh-TW;q=0.7,zh-HK;q=0.5,en-US;q=0.3,en;q=0.2',
  'accept-encoding' => 'gzip, deflate',
  'connection' => 'keep-alive',
  'referer' => 'http://127.0.0.1/tp5/public/index.php/index/article/article/artid/16.html',
)
[ info ] [ PARAM ] array (
)
[ info ] [ LOG ] INIT File
---------------------------------------------------------------
[ 2020-01-05T22:02:50+08:00 ] 127.0.0.1 GET 127.0.0.1/tp5/public/static/index/images/body_bg.jpg
[运行时间：0.021489s] [吞吐率：46.54req/s] [内存消耗：1,048.13kb] [文件加载：30]
[ info ] [ LANG ] C:\xampp\htdocs\tp5\thinkphp\lang\zh-cn.php
[ info ] [ ROUTE ] array (
  'type' => 'module',
  'module' => 
  array (
    0 => 'static',
    1 => 'index',
    2 => 'images',
  ),
)
[ info ] [ HEADER ] array (
  'host' => '127.0.0.1',
  'user-agent' => 'Mozilla/5.0 (Windows NT 10.0; Win64; x64; rv:71.0) Gecko/20100101 Firefox/71.0',
  'accept' => 'image/webp,*/*',
  'accept-language' => 'zh-CN,zh;q=0.8,zh-TW;q=0.7,zh-HK;q=0.5,en-US;q=0.3,en;q=0.2',
  'accept-encoding' => 'gzip, deflate',
  'connection' => 'keep-alive',
  'referer' => 'http://127.0.0.1/tp5/public/static/index/style/style.css',
)
[ info ] [ PARAM ] array (
)
[ info ] [ LOG ] INIT File
---------------------------------------------------------------
[ 2020-01-05T22:02:50+08:00 ] 127.0.0.1 GET 127.0.0.1/tp5/public/static/index/style/jquery.form.js
[运行时间：0.022725s] [吞吐率：44.00req/s] [内存消耗：1,048.20kb] [文件加载：30]
[ info ] [ LANG ] C:\xampp\htdocs\tp5\thinkphp\lang\zh-cn.php
[ info ] [ ROUTE ] array (
  'type' => 'module',
  'module' => 
  array (
    0 => 'static',
    1 => 'index',
    2 => 'style',
  ),
)
[ info ] [ HEADER ] array (
  'host' => '127.0.0.1',
  'user-agent' => 'Mozilla/5.0 (Windows NT 10.0; Win64; x64; rv:71.0) Gecko/20100101 Firefox/71.0',
  'accept' => '*/*',
  'accept-language' => 'zh-CN,zh;q=0.8,zh-TW;q=0.7,zh-HK;q=0.5,en-US;q=0.3,en;q=0.2',
  'accept-encoding' => 'gzip, deflate',
  'connection' => 'keep-alive',
  'referer' => 'http://127.0.0.1/tp5/public/index.php/index/article/article/artid/16.html',
)
[ info ] [ PARAM ] array (
)
[ info ] [ LOG ] INIT File
---------------------------------------------------------------
[ 2020-01-05T22:03:14+08:00 ] 127.0.0.1 GET 127.0.0.1/tp5/public/static/index/images/scroll.png
[运行时间：0.036589s] [吞吐率：27.33req/s] [内存消耗：1,048.12kb] [文件加载：30]
[ info ] [ LANG ] C:\xampp\htdocs\tp5\thinkphp\lang\zh-cn.php
[ info ] [ ROUTE ] array (
  'type' => 'module',
  'module' => 
  array (
    0 => 'static',
    1 => 'index',
    2 => 'images',
  ),
)
[ info ] [ HEADER ] array (
  'host' => '127.0.0.1',
  'user-agent' => 'Mozilla/5.0 (Windows NT 10.0; Win64; x64; rv:71.0) Gecko/20100101 Firefox/71.0',
  'accept' => 'image/webp,*/*',
  'accept-language' => 'zh-CN,zh;q=0.8,zh-TW;q=0.7,zh-HK;q=0.5,en-US;q=0.3,en;q=0.2',
  'accept-encoding' => 'gzip, deflate',
  'connection' => 'keep-alive',
  'referer' => 'http://127.0.0.1/tp5/public/static/index/style/style.css',
)
[ info ] [ PARAM ] array (
)
[ info ] [ LOG ] INIT File
---------------------------------------------------------------
[ 2020-01-05T22:03:18+08:00 ] 127.0.0.1 GET 127.0.0.1/tp5/public/index.php/index/zpadmin/index.html
[运行时间：0.064594s] [吞吐率：15.48req/s] [内存消耗：2,314.21kb] [文件加载：49]
[ info ] [ LANG ] C:\xampp\htdocs\tp5\thinkphp\lang\zh-cn.php
[ info ] [ ROUTE ] array (
  'type' => 'module',
  'module' => 
  array (
    0 => 'index',
    1 => 'zpadmin',
    2 => 'index',
  ),
)
[ info ] [ HEADER ] array (
  'host' => '127.0.0.1',
  'user-agent' => 'Mozilla/5.0 (Windows NT 10.0; Win64; x64; rv:71.0) Gecko/20100101 Firefox/71.0',
  'accept' => 'text/html,application/xhtml+xml,application/xml;q=0.9,*/*;q=0.8',
  'accept-language' => 'zh-CN,zh;q=0.8,zh-TW;q=0.7,zh-HK;q=0.5,en-US;q=0.3,en;q=0.2',
  'accept-encoding' => 'gzip, deflate',
  'connection' => 'keep-alive',
  'referer' => 'http://127.0.0.1/tp5/public/index.php/index/article/article/artid/16.html',
  'upgrade-insecure-requests' => '1',
)
[ info ] [ PARAM ] array (
)
[ info ] [ DB ] INIT mysql
[ info ] [ RUN ] app\index\controller\Zpadmin->index[ C:\xampp\htdocs\tp5\application\index\controller\Zpadmin.php ]
[ info ] [ VIEW ] C:\xampp\htdocs\tp5\public/../application/index\view\zpadmin\zpadmin.htm [ array (
  0 => 'confres',
  1 => 'cateres',
  2 => 'cates',
  3 => 'zpres',
) ]
[ info ] [ LOG ] INIT File
[ sql ] [ DB ] CONNECT:[ UseTime:0.001417s ] mysql:host=127.0.0.1;port=3306;dbname=bick;charset=utf8
[ sql ] [ SQL ] SHOW COLUMNS FROM `bk_conf` [ RunTime:0.006060s ]
[ sql ] [ SQL ] SELECT `enname`,`cnname` FROM `bk_conf` [ RunTime:0.000526s ]
[ sql ] [ SQL ] SHOW COLUMNS FROM `bk_cate` [ RunTime:0.005416s ]
[ sql ] [ SQL ] SELECT * FROM `bk_cate` WHERE  `pid` = 0 [ RunTime:0.000520s ]
[ sql ] [ SQL ] SELECT * FROM `bk_cate` WHERE  `pid` = 28 [ RunTime:0.000439s ]
[ sql ] [ SQL ] SELECT * FROM `bk_cate` WHERE  `pid` = 31 [ RunTime:0.000422s ]
[ sql ] [ SQL ] SELECT * FROM `bk_cate` WHERE  `pid` = 34 [ RunTime:0.000457s ]
[ sql ] [ SQL ] SELECT * FROM `bk_cate` WHERE  `pid` = 35 [ RunTime:0.000533s ]
[ sql ] [ SQL ] SELECT * FROM `bk_cate` WHERE  `pid` = 37 [ RunTime:0.000670s ]
[ sql ] [ SQL ] SHOW COLUMNS FROM `bk_zpadmin` [ RunTime:0.005732s ]
[ sql ] [ SQL ] SELECT `id`,`pid`,`xing`,`ming`,`xingb` FROM `bk_zpadmin` ORDER BY `id` [ RunTime:0.000465s ]
[ sql ] [ SQL ] SELECT * FROM `bk_cate` LIMIT 1 [ RunTime:0.000403s ]
---------------------------------------------------------------
[ 2020-01-05T22:03:18+08:00 ] 127.0.0.1 GET 127.0.0.1/tp5/public/static/index/style/jquery.form.js
[运行时间：0.029286s] [吞吐率：34.15req/s] [内存消耗：1,048.15kb] [文件加载：30]
[ info ] [ LANG ] C:\xampp\htdocs\tp5\thinkphp\lang\zh-cn.php
[ info ] [ ROUTE ] array (
  'type' => 'module',
  'module' => 
  array (
    0 => 'static',
    1 => 'index',
    2 => 'style',
  ),
)
[ info ] [ HEADER ] array (
  'host' => '127.0.0.1',
  'user-agent' => 'Mozilla/5.0 (Windows NT 10.0; Win64; x64; rv:71.0) Gecko/20100101 Firefox/71.0',
  'accept' => '*/*',
  'accept-language' => 'zh-CN,zh;q=0.8,zh-TW;q=0.7,zh-HK;q=0.5,en-US;q=0.3,en;q=0.2',
  'accept-encoding' => 'gzip, deflate',
  'connection' => 'keep-alive',
  'referer' => 'http://127.0.0.1/tp5/public/index.php/index/zpadmin/index.html',
)
[ info ] [ PARAM ] array (
)
[ info ] [ LOG ] INIT File
---------------------------------------------------------------
[ 2020-01-05T22:03:18+08:00 ] 127.0.0.1 GET 127.0.0.1/tp5/public/static/index/style/jquery.error.js
[运行时间：0.038805s] [吞吐率：25.77req/s] [内存消耗：1,048.15kb] [文件加载：30]
[ info ] [ LANG ] C:\xampp\htdocs\tp5\thinkphp\lang\zh-cn.php
[ info ] [ ROUTE ] array (
  'type' => 'module',
  'module' => 
  array (
    0 => 'static',
    1 => 'index',
    2 => 'style',
  ),
)
[ info ] [ HEADER ] array (
  'host' => '127.0.0.1',
  'user-agent' => 'Mozilla/5.0 (Windows NT 10.0; Win64; x64; rv:71.0) Gecko/20100101 Firefox/71.0',
  'accept' => '*/*',
  'accept-language' => 'zh-CN,zh;q=0.8,zh-TW;q=0.7,zh-HK;q=0.5,en-US;q=0.3,en;q=0.2',
  'accept-encoding' => 'gzip, deflate',
  'connection' => 'keep-alive',
  'referer' => 'http://127.0.0.1/tp5/public/index.php/index/zpadmin/index.html',
)
[ info ] [ PARAM ] array (
)
[ info ] [ LOG ] INIT File
---------------------------------------------------------------
[ 2020-01-05T22:03:18+08:00 ] 127.0.0.1 GET 127.0.0.1/tp5/public/static/index/style/jquery.form.js
[运行时间：0.019191s] [吞吐率：52.11req/s] [内存消耗：1,048.15kb] [文件加载：30]
[ info ] [ LANG ] C:\xampp\htdocs\tp5\thinkphp\lang\zh-cn.php
[ info ] [ ROUTE ] array (
  'type' => 'module',
  'module' => 
  array (
    0 => 'static',
    1 => 'index',
    2 => 'style',
  ),
)
[ info ] [ HEADER ] array (
  'host' => '127.0.0.1',
  'user-agent' => 'Mozilla/5.0 (Windows NT 10.0; Win64; x64; rv:71.0) Gecko/20100101 Firefox/71.0',
  'accept' => '*/*',
  'accept-language' => 'zh-CN,zh;q=0.8,zh-TW;q=0.7,zh-HK;q=0.5,en-US;q=0.3,en;q=0.2',
  'accept-encoding' => 'gzip, deflate',
  'connection' => 'keep-alive',
  'referer' => 'http://127.0.0.1/tp5/public/index.php/index/zpadmin/index.html',
)
[ info ] [ PARAM ] array (
)
[ info ] [ LOG ] INIT File
---------------------------------------------------------------
[ 2020-01-05T22:03:18+08:00 ] 127.0.0.1 GET 127.0.0.1/tp5/public/static/index/images/body_bg.jpg
[运行时间：0.021628s] [吞吐率：46.24req/s] [内存消耗：1,048.13kb] [文件加载：30]
[ info ] [ LANG ] C:\xampp\htdocs\tp5\thinkphp\lang\zh-cn.php
[ info ] [ ROUTE ] array (
  'type' => 'module',
  'module' => 
  array (
    0 => 'static',
    1 => 'index',
    2 => 'images',
  ),
)
[ info ] [ HEADER ] array (
  'host' => '127.0.0.1',
  'user-agent' => 'Mozilla/5.0 (Windows NT 10.0; Win64; x64; rv:71.0) Gecko/20100101 Firefox/71.0',
  'accept' => 'image/webp,*/*',
  'accept-language' => 'zh-CN,zh;q=0.8,zh-TW;q=0.7,zh-HK;q=0.5,en-US;q=0.3,en;q=0.2',
  'accept-encoding' => 'gzip, deflate',
  'connection' => 'keep-alive',
  'referer' => 'http://127.0.0.1/tp5/public/static/index/style/style.css',
)
[ info ] [ PARAM ] array (
)
[ info ] [ LOG ] INIT File
---------------------------------------------------------------
[ 2020-01-05T22:03:18+08:00 ] 127.0.0.1 GET 127.0.0.1/tp5/public/static/index/css/bg.gif
[运行时间：0.026376s] [吞吐率：37.91req/s] [内存消耗：1,048.02kb] [文件加载：30]
[ info ] [ LANG ] C:\xampp\htdocs\tp5\thinkphp\lang\zh-cn.php
[ info ] [ ROUTE ] array (
  'type' => 'module',
  'module' => 
  array (
    0 => 'static',
    1 => 'index',
    2 => 'css',
  ),
)
[ info ] [ HEADER ] array (
  'host' => '127.0.0.1',
  'user-agent' => 'Mozilla/5.0 (Windows NT 10.0; Win64; x64; rv:71.0) Gecko/20100101 Firefox/71.0',
  'accept' => 'image/webp,*/*',
  'accept-language' => 'zh-CN,zh;q=0.8,zh-TW;q=0.7,zh-HK;q=0.5,en-US;q=0.3,en;q=0.2',
  'accept-encoding' => 'gzip, deflate',
  'connection' => 'keep-alive',
  'referer' => 'http://127.0.0.1/tp5/public/static/index/css/screen.css',
)
[ info ] [ PARAM ] array (
)
[ info ] [ LOG ] INIT File
