---------------------------------------------------------------
[ 2020-01-13T19:07:30+08:00 ] 0.0.0.0 GET localhost/tp5/public/admin/admin/lst.html
[运行时间：0.111506s] [吞吐率：8.97req/s] [内存消耗：2,399.42kb] [文件加载：54]
[ info ] [ LANG ] C:\xampp\htdocs\tp5\thinkphp\lang\zh-cn.php
[ info ] [ ROUTE ] array (
  'type' => 'module',
  'module' => 
  array (
    0 => 'admin',
    1 => 'admin',
    2 => 'lst',
  ),
)
[ info ] [ HEADER ] array (
  'host' => 'localhost',
  'user-agent' => 'Mozilla/5.0 (Windows NT 10.0; Win64; x64; rv:72.0) Gecko/20100101 Firefox/72.0',
  'accept' => 'text/html,application/xhtml+xml,application/xml;q=0.9,image/webp,*/*;q=0.8',
  'accept-language' => 'zh-CN,zh;q=0.8,zh-TW;q=0.7,zh-HK;q=0.5,en-US;q=0.3,en;q=0.2',
  'accept-encoding' => 'gzip, deflate',
  'connection' => 'keep-alive',
  'cookie' => 'Phpstorm-59ffdf3e=e127ade4-15d2-4b73-8f5b-d070b30676c2; Webstorm-bbf7ba1a=4adf1af4-7758-46da-b7ef-784892210ecd; _ga=GA1.1.1339423825.1565618129; PHPSESSID=v86g75pa16er3jj18886km0bks',
  'upgrade-insecure-requests' => '1',
)
[ info ] [ PARAM ] array (
)
[ info ] [ SESSION ] INIT array (
  'id' => '',
  'var_session_id' => '',
  'prefix' => 'think',
  'type' => '',
  'auto_start' => true,
)
[ info ] [ RUN ] app\admin\controller\Admin->lst[ C:\xampp\htdocs\tp5\application\admin\controller\Admin.php ]
[ info ] [ DB ] INIT mysql
[ info ] [ VIEW ] C:\xampp\htdocs\tp5\public/../application/admin\view\admin\lst.htm [ array (
  0 => 'adminres',
) ]
[ info ] [ LOG ] INIT File
[ sql ] [ DB ] CONNECT:[ UseTime:0.001232s ] mysql:host=127.0.0.1;port=3306;dbname=bick;charset=utf8
[ sql ] [ SQL ] SHOW COLUMNS FROM `bk_admin` [ RunTime:0.006271s ]
[ sql ] [ SQL ] SELECT COUNT(*) AS tp_count FROM `bk_admin` LIMIT 1 [ RunTime:0.000439s ]
[ sql ] [ SQL ] SELECT * FROM `bk_admin` LIMIT 0,5 [ RunTime:0.000351s ]
[ sql ] [ SQL ] SHOW COLUMNS FROM `bk_auth_group_access` [ RunTime:0.008776s ]
[ sql ] [ SQL ] SELECT `auth_group_access`.`uid`,`auth_group_access`.`group_id`,`auth_group`.`title`,`auth_group`.`rules` FROM `bk_auth_group_access` `auth_group_access` INNER JOIN `bk_auth_group` `auth_group` ON `auth_group_access`.`group_id`=`auth_group`.`id` WHERE  `status` = 1  AND `auth_group_access`.`uid` = 21 [ RunTime:0.000647s ]
[ sql ] [ SQL ] SELECT `auth_group_access`.`uid`,`auth_group_access`.`group_id`,`auth_group`.`title`,`auth_group`.`rules` FROM `bk_auth_group_access` `auth_group_access` INNER JOIN `bk_auth_group` `auth_group` ON `auth_group_access`.`group_id`=`auth_group`.`id` WHERE  `status` = 1  AND `auth_group_access`.`uid` = 22 [ RunTime:0.000404s ]
[ sql ] [ SQL ] SELECT `auth_group_access`.`uid`,`auth_group_access`.`group_id`,`auth_group`.`title`,`auth_group`.`rules` FROM `bk_auth_group_access` `auth_group_access` INNER JOIN `bk_auth_group` `auth_group` ON `auth_group_access`.`group_id`=`auth_group`.`id` WHERE  `status` = 1  AND `auth_group_access`.`uid` = 23 [ RunTime:0.000470s ]
