---------------------------------------------------------------
[ 2020-01-14T20:59:27+08:00 ] 0.0.0.0 GET localhost/tp5/public/admin/admin/lst.html
[运行时间：0.209895s] [吞吐率：4.76req/s] [内存消耗：2,399.42kb] [文件加载：54]
[ info ] [ LANG ] C:\xampp\htdocs\tp5\thinkphp\lang\zh-cn.php
[ info ] [ ROUTE ] array (
  'type' => 'module',
  'module' => 
  array (
    0 => 'admin',
    1 => 'admin',
    2 => 'lst',
  ),
)
[ info ] [ HEADER ] array (
  'host' => 'localhost',
  'user-agent' => 'Mozilla/5.0 (Windows NT 10.0; Win64; x64; rv:72.0) Gecko/20100101 Firefox/72.0',
  'accept' => 'text/html,application/xhtml+xml,application/xml;q=0.9,image/webp,*/*;q=0.8',
  'accept-language' => 'zh-CN,zh;q=0.8,zh-TW;q=0.7,zh-HK;q=0.5,en-US;q=0.3,en;q=0.2',
  'accept-encoding' => 'gzip, deflate',
  'connection' => 'keep-alive',
  'cookie' => 'Phpstorm-59ffdf3e=e127ade4-15d2-4b73-8f5b-d070b30676c2; Webstorm-bbf7ba1a=4adf1af4-7758-46da-b7ef-784892210ecd; _ga=GA1.1.1339423825.1565618129; PHPSESSID=v86g75pa16er3jj18886km0bks',
  'upgrade-insecure-requests' => '1',
)
[ info ] [ PARAM ] array (
)
[ info ] [ SESSION ] INIT array (
  'id' => '',
  'var_session_id' => '',
  'prefix' => 'think',
  'type' => '',
  'auto_start' => true,
)
[ info ] [ RUN ] app\admin\controller\Admin->lst[ C:\xampp\htdocs\tp5\application\admin\controller\Admin.php ]
[ info ] [ DB ] INIT mysql
[ info ] [ VIEW ] C:\xampp\htdocs\tp5\public/../application/admin\view\admin\lst.htm [ array (
  0 => 'adminres',
) ]
[ info ] [ LOG ] INIT File
[ sql ] [ DB ] CONNECT:[ UseTime:0.022491s ] mysql:host=127.0.0.1;port=3306;dbname=bick;charset=utf8
[ sql ] [ SQL ] SHOW COLUMNS FROM `bk_admin` [ RunTime:0.045024s ]
[ sql ] [ SQL ] SELECT COUNT(*) AS tp_count FROM `bk_admin` LIMIT 1 [ RunTime:0.003128s ]
[ sql ] [ SQL ] SELECT * FROM `bk_admin` LIMIT 0,5 [ RunTime:0.001090s ]
[ sql ] [ SQL ] SHOW COLUMNS FROM `bk_auth_group_access` [ RunTime:0.020571s ]
[ sql ] [ SQL ] SELECT `auth_group_access`.`uid`,`auth_group_access`.`group_id`,`auth_group`.`title`,`auth_group`.`rules` FROM `bk_auth_group_access` `auth_group_access` INNER JOIN `bk_auth_group` `auth_group` ON `auth_group_access`.`group_id`=`auth_group`.`id` WHERE  `status` = 1  AND `auth_group_access`.`uid` = 21 [ RunTime:0.012840s ]
[ sql ] [ SQL ] SELECT `auth_group_access`.`uid`,`auth_group_access`.`group_id`,`auth_group`.`title`,`auth_group`.`rules` FROM `bk_auth_group_access` `auth_group_access` INNER JOIN `bk_auth_group` `auth_group` ON `auth_group_access`.`group_id`=`auth_group`.`id` WHERE  `status` = 1  AND `auth_group_access`.`uid` = 22 [ RunTime:0.000979s ]
[ sql ] [ SQL ] SELECT `auth_group_access`.`uid`,`auth_group_access`.`group_id`,`auth_group`.`title`,`auth_group`.`rules` FROM `bk_auth_group_access` `auth_group_access` INNER JOIN `bk_auth_group` `auth_group` ON `auth_group_access`.`group_id`=`auth_group`.`id` WHERE  `status` = 1  AND `auth_group_access`.`uid` = 23 [ RunTime:0.000715s ]
---------------------------------------------------------------
[ 2020-01-14T20:59:39+08:00 ] 0.0.0.0 GET localhost/tp5/public/index/index/index.html
[运行时间：0.097063s] [吞吐率：10.30req/s] [内存消耗：2,351.59kb] [文件加载：49]
[ info ] [ LANG ] C:\xampp\htdocs\tp5\thinkphp\lang\zh-cn.php
[ info ] [ ROUTE ] array (
  'type' => 'module',
  'module' => 
  array (
    0 => 'index',
    1 => 'index',
    2 => 'index',
  ),
)
[ info ] [ HEADER ] array (
  'host' => 'localhost',
  'user-agent' => 'Mozilla/5.0 (Windows NT 10.0; Win64; x64; rv:72.0) Gecko/20100101 Firefox/72.0',
  'accept' => 'text/html,application/xhtml+xml,application/xml;q=0.9,image/webp,*/*;q=0.8',
  'accept-language' => 'zh-CN,zh;q=0.8,zh-TW;q=0.7,zh-HK;q=0.5,en-US;q=0.3,en;q=0.2',
  'accept-encoding' => 'gzip, deflate',
  'connection' => 'keep-alive',
  'cookie' => 'Phpstorm-59ffdf3e=e127ade4-15d2-4b73-8f5b-d070b30676c2; Webstorm-bbf7ba1a=4adf1af4-7758-46da-b7ef-784892210ecd; _ga=GA1.1.1339423825.1565618129; PHPSESSID=v86g75pa16er3jj18886km0bks',
  'upgrade-insecure-requests' => '1',
)
[ info ] [ PARAM ] array (
)
[ info ] [ DB ] INIT mysql
[ info ] [ RUN ] app\index\controller\Index->index[ C:\xampp\htdocs\tp5\application\index\controller\Index.php ]
[ info ] [ VIEW ] C:\xampp\htdocs\tp5\public/../application/index\view\index\index.htm [ array (
  0 => 'confres',
  1 => 'cateres',
  2 => 'newarticleres',
  3 => 'sitehotres',
  4 => 'linkres',
  5 => 'recartres',
) ]
[ info ] [ LOG ] INIT File
[ sql ] [ DB ] CONNECT:[ UseTime:0.001120s ] mysql:host=127.0.0.1;port=3306;dbname=bick;charset=utf8
[ sql ] [ SQL ] SHOW COLUMNS FROM `bk_conf` [ RunTime:0.007649s ]
[ sql ] [ SQL ] SELECT `enname`,`cnname` FROM `bk_conf` [ RunTime:0.000462s ]
[ sql ] [ SQL ] SHOW COLUMNS FROM `bk_cate` [ RunTime:0.008077s ]
[ sql ] [ SQL ] SELECT * FROM `bk_cate` WHERE  `pid` = 0 [ RunTime:0.000799s ]
[ sql ] [ SQL ] SELECT * FROM `bk_cate` WHERE  `pid` = 28 [ RunTime:0.000648s ]
[ sql ] [ SQL ] SELECT * FROM `bk_cate` WHERE  `pid` = 31 [ RunTime:0.000580s ]
[ sql ] [ SQL ] SELECT * FROM `bk_cate` WHERE  `pid` = 34 [ RunTime:0.000466s ]
[ sql ] [ SQL ] SELECT * FROM `bk_cate` WHERE  `pid` = 35 [ RunTime:0.000479s ]
[ sql ] [ SQL ] SELECT * FROM `bk_cate` WHERE  `pid` = 37 [ RunTime:0.000483s ]
[ sql ] [ SQL ] SHOW COLUMNS FROM `bk_article` [ RunTime:0.008163s ]
[ sql ] [ SQL ] SELECT `a`.`id`,`a`.`title`,`a`.`desc`,`a`.`thumb`,`a`.`click`,`a`.`zan`,`a`.`time`,`c`.`catename`,`a`.`cateid` FROM `bk_article` `a` INNER JOIN `bk_cate` `c` ON `a`.`cateid`=`c`.`id` ORDER BY `a`.`id` DESC LIMIT 5 [ RunTime:0.000611s ]
[ sql ] [ SQL ] SELECT `id`,`title`,`thumb` FROM `bk_article` ORDER BY `click` DESC LIMIT 5 [ RunTime:0.000602s ]
[ sql ] [ SQL ] SELECT `id`,`thumb`,`title` FROM `bk_article` WHERE  `rec` = 1 ORDER BY `id` DESC LIMIT 4 [ RunTime:0.000887s ]
[ sql ] [ SQL ] SHOW COLUMNS FROM `bk_link` [ RunTime:0.008878s ]
[ sql ] [ SQL ] SELECT * FROM `bk_link` ORDER BY `sortn` DESC [ RunTime:0.000645s ]
---------------------------------------------------------------
[ 2020-01-14T20:59:39+08:00 ] 0.0.0.0 GET localhost/tp5/public/static/index/style/jquery.form.js
[运行时间：0.035433s] [吞吐率：28.22req/s] [内存消耗：1,049.33kb] [文件加载：30]
[ info ] [ LANG ] C:\xampp\htdocs\tp5\thinkphp\lang\zh-cn.php
[ info ] [ ROUTE ] array (
  'type' => 'module',
  'module' => 
  array (
    0 => 'static',
    1 => 'index',
    2 => 'style',
  ),
)
[ info ] [ HEADER ] array (
  'host' => 'localhost',
  'user-agent' => 'Mozilla/5.0 (Windows NT 10.0; Win64; x64; rv:72.0) Gecko/20100101 Firefox/72.0',
  'accept' => '*/*',
  'accept-language' => 'zh-CN,zh;q=0.8,zh-TW;q=0.7,zh-HK;q=0.5,en-US;q=0.3,en;q=0.2',
  'accept-encoding' => 'gzip, deflate',
  'connection' => 'keep-alive',
  'referer' => 'http://localhost/tp5/public/index/index/index.html',
  'cookie' => 'Phpstorm-59ffdf3e=e127ade4-15d2-4b73-8f5b-d070b30676c2; Webstorm-bbf7ba1a=4adf1af4-7758-46da-b7ef-784892210ecd; _ga=GA1.1.1339423825.1565618129; PHPSESSID=v86g75pa16er3jj18886km0bks',
)
[ info ] [ PARAM ] array (
)
[ info ] [ LOG ] INIT File
---------------------------------------------------------------
[ 2020-01-14T20:59:39+08:00 ] 0.0.0.0 GET localhost/tp5/public/static/index/style/jquery.error.js
[运行时间：0.035354s] [吞吐率：28.29req/s] [内存消耗：1,049.33kb] [文件加载：30]
[ info ] [ LANG ] C:\xampp\htdocs\tp5\thinkphp\lang\zh-cn.php
[ info ] [ ROUTE ] array (
  'type' => 'module',
  'module' => 
  array (
    0 => 'static',
    1 => 'index',
    2 => 'style',
  ),
)
[ info ] [ HEADER ] array (
  'host' => 'localhost',
  'user-agent' => 'Mozilla/5.0 (Windows NT 10.0; Win64; x64; rv:72.0) Gecko/20100101 Firefox/72.0',
  'accept' => '*/*',
  'accept-language' => 'zh-CN,zh;q=0.8,zh-TW;q=0.7,zh-HK;q=0.5,en-US;q=0.3,en;q=0.2',
  'accept-encoding' => 'gzip, deflate',
  'connection' => 'keep-alive',
  'referer' => 'http://localhost/tp5/public/index/index/index.html',
  'cookie' => 'Phpstorm-59ffdf3e=e127ade4-15d2-4b73-8f5b-d070b30676c2; Webstorm-bbf7ba1a=4adf1af4-7758-46da-b7ef-784892210ecd; _ga=GA1.1.1339423825.1565618129; PHPSESSID=v86g75pa16er3jj18886km0bks',
)
[ info ] [ PARAM ] array (
)
[ info ] [ LOG ] INIT File
---------------------------------------------------------------
[ 2020-01-14T20:59:39+08:00 ] 0.0.0.0 GET localhost/tp5/public/static/index/style/img/tg.jpg
[运行时间：0.031430s] [吞吐率：31.82req/s] [内存消耗：1,049.52kb] [文件加载：30]
[ info ] [ LANG ] C:\xampp\htdocs\tp5\thinkphp\lang\zh-cn.php
[ info ] [ ROUTE ] array (
  'type' => 'module',
  'module' => 
  array (
    0 => 'static',
    1 => 'index',
    2 => 'style',
  ),
)
[ info ] [ HEADER ] array (
  'host' => 'localhost',
  'user-agent' => 'Mozilla/5.0 (Windows NT 10.0; Win64; x64; rv:72.0) Gecko/20100101 Firefox/72.0',
  'accept' => 'image/webp,*/*',
  'accept-language' => 'zh-CN,zh;q=0.8,zh-TW;q=0.7,zh-HK;q=0.5,en-US;q=0.3,en;q=0.2',
  'accept-encoding' => 'gzip, deflate',
  'connection' => 'keep-alive',
  'referer' => 'http://localhost/tp5/public/index/index/index.html',
  'cookie' => 'Phpstorm-59ffdf3e=e127ade4-15d2-4b73-8f5b-d070b30676c2; Webstorm-bbf7ba1a=4adf1af4-7758-46da-b7ef-784892210ecd; _ga=GA1.1.1339423825.1565618129; PHPSESSID=v86g75pa16er3jj18886km0bks',
)
[ info ] [ PARAM ] array (
  'img' => 'tg.jpg',
)
[ info ] [ LOG ] INIT File
---------------------------------------------------------------
[ 2020-01-14T20:59:39+08:00 ] 0.0.0.0 GET localhost/tp5/public/static/index/style/jquery.form.js
[运行时间：0.017908s] [吞吐率：55.84req/s] [内存消耗：1,049.33kb] [文件加载：30]
[ info ] [ LANG ] C:\xampp\htdocs\tp5\thinkphp\lang\zh-cn.php
[ info ] [ ROUTE ] array (
  'type' => 'module',
  'module' => 
  array (
    0 => 'static',
    1 => 'index',
    2 => 'style',
  ),
)
[ info ] [ HEADER ] array (
  'host' => 'localhost',
  'user-agent' => 'Mozilla/5.0 (Windows NT 10.0; Win64; x64; rv:72.0) Gecko/20100101 Firefox/72.0',
  'accept' => '*/*',
  'accept-language' => 'zh-CN,zh;q=0.8,zh-TW;q=0.7,zh-HK;q=0.5,en-US;q=0.3,en;q=0.2',
  'accept-encoding' => 'gzip, deflate',
  'connection' => 'keep-alive',
  'referer' => 'http://localhost/tp5/public/index/index/index.html',
  'cookie' => 'Phpstorm-59ffdf3e=e127ade4-15d2-4b73-8f5b-d070b30676c2; Webstorm-bbf7ba1a=4adf1af4-7758-46da-b7ef-784892210ecd; _ga=GA1.1.1339423825.1565618129; PHPSESSID=v86g75pa16er3jj18886km0bks',
)
[ info ] [ PARAM ] array (
)
[ info ] [ LOG ] INIT File
---------------------------------------------------------------
[ 2020-01-14T20:59:39+08:00 ] 0.0.0.0 GET localhost/tp5/public/static/index/style/img/tg.jpg
[运行时间：0.024529s] [吞吐率：40.77req/s] [内存消耗：1,049.52kb] [文件加载：30]
[ info ] [ LANG ] C:\xampp\htdocs\tp5\thinkphp\lang\zh-cn.php
[ info ] [ ROUTE ] array (
  'type' => 'module',
  'module' => 
  array (
    0 => 'static',
    1 => 'index',
    2 => 'style',
  ),
)
[ info ] [ HEADER ] array (
  'host' => 'localhost',
  'user-agent' => 'Mozilla/5.0 (Windows NT 10.0; Win64; x64; rv:72.0) Gecko/20100101 Firefox/72.0',
  'accept' => 'image/webp,*/*',
  'accept-language' => 'zh-CN,zh;q=0.8,zh-TW;q=0.7,zh-HK;q=0.5,en-US;q=0.3,en;q=0.2',
  'accept-encoding' => 'gzip, deflate',
  'connection' => 'keep-alive',
  'referer' => 'http://localhost/tp5/public/index/index/index.html',
  'cookie' => 'Phpstorm-59ffdf3e=e127ade4-15d2-4b73-8f5b-d070b30676c2; Webstorm-bbf7ba1a=4adf1af4-7758-46da-b7ef-784892210ecd; _ga=GA1.1.1339423825.1565618129; PHPSESSID=v86g75pa16er3jj18886km0bks',
)
[ info ] [ PARAM ] array (
  'img' => 'tg.jpg',
)
[ info ] [ LOG ] INIT File
---------------------------------------------------------------
[ 2020-01-14T20:59:39+08:00 ] 0.0.0.0 GET localhost/tp5/public/static/index/images/focus-bg2.png
[运行时间：0.027746s] [吞吐率：36.04req/s] [内存消耗：1,049.35kb] [文件加载：30]
[ info ] [ LANG ] C:\xampp\htdocs\tp5\thinkphp\lang\zh-cn.php
[ info ] [ ROUTE ] array (
  'type' => 'module',
  'module' => 
  array (
    0 => 'static',
    1 => 'index',
    2 => 'images',
  ),
)
[ info ] [ HEADER ] array (
  'host' => 'localhost',
  'user-agent' => 'Mozilla/5.0 (Windows NT 10.0; Win64; x64; rv:72.0) Gecko/20100101 Firefox/72.0',
  'accept' => 'image/webp,*/*',
  'accept-language' => 'zh-CN,zh;q=0.8,zh-TW;q=0.7,zh-HK;q=0.5,en-US;q=0.3,en;q=0.2',
  'accept-encoding' => 'gzip, deflate',
  'connection' => 'keep-alive',
  'referer' => 'http://localhost/tp5/public/static/index/style/style.css',
  'cookie' => 'Phpstorm-59ffdf3e=e127ade4-15d2-4b73-8f5b-d070b30676c2; Webstorm-bbf7ba1a=4adf1af4-7758-46da-b7ef-784892210ecd; _ga=GA1.1.1339423825.1565618129; PHPSESSID=v86g75pa16er3jj18886km0bks',
)
[ info ] [ PARAM ] array (
)
[ info ] [ LOG ] INIT File
---------------------------------------------------------------
[ 2020-01-14T20:59:39+08:00 ] 0.0.0.0 GET localhost/tp5/public/static/index/images/loading.gif
[运行时间：0.041953s] [吞吐率：23.84req/s] [内存消耗：1,049.31kb] [文件加载：30]
[ info ] [ LANG ] C:\xampp\htdocs\tp5\thinkphp\lang\zh-cn.php
[ info ] [ ROUTE ] array (
  'type' => 'module',
  'module' => 
  array (
    0 => 'static',
    1 => 'index',
    2 => 'images',
  ),
)
[ info ] [ HEADER ] array (
  'host' => 'localhost',
  'user-agent' => 'Mozilla/5.0 (Windows NT 10.0; Win64; x64; rv:72.0) Gecko/20100101 Firefox/72.0',
  'accept' => 'image/webp,*/*',
  'accept-language' => 'zh-CN,zh;q=0.8,zh-TW;q=0.7,zh-HK;q=0.5,en-US;q=0.3,en;q=0.2',
  'accept-encoding' => 'gzip, deflate',
  'connection' => 'keep-alive',
  'referer' => 'http://localhost/tp5/public/static/index/style/style.css',
  'cookie' => 'Phpstorm-59ffdf3e=e127ade4-15d2-4b73-8f5b-d070b30676c2; Webstorm-bbf7ba1a=4adf1af4-7758-46da-b7ef-784892210ecd; _ga=GA1.1.1339423825.1565618129; PHPSESSID=v86g75pa16er3jj18886km0bks',
)
[ info ] [ PARAM ] array (
)
[ info ] [ LOG ] INIT File
---------------------------------------------------------------
[ 2020-01-14T20:59:39+08:00 ] 0.0.0.0 GET localhost/tp5/public/static/index/images/sitemap-dot.gif
[运行时间：0.026721s] [吞吐率：37.42req/s] [内存消耗：1,049.35kb] [文件加载：30]
[ info ] [ LANG ] C:\xampp\htdocs\tp5\thinkphp\lang\zh-cn.php
[ info ] [ ROUTE ] array (
  'type' => 'module',
  'module' => 
  array (
    0 => 'static',
    1 => 'index',
    2 => 'images',
  ),
)
[ info ] [ HEADER ] array (
  'host' => 'localhost',
  'user-agent' => 'Mozilla/5.0 (Windows NT 10.0; Win64; x64; rv:72.0) Gecko/20100101 Firefox/72.0',
  'accept' => 'image/webp,*/*',
  'accept-language' => 'zh-CN,zh;q=0.8,zh-TW;q=0.7,zh-HK;q=0.5,en-US;q=0.3,en;q=0.2',
  'accept-encoding' => 'gzip, deflate',
  'connection' => 'keep-alive',
  'referer' => 'http://localhost/tp5/public/static/index/style/style.css',
  'cookie' => 'Phpstorm-59ffdf3e=e127ade4-15d2-4b73-8f5b-d070b30676c2; Webstorm-bbf7ba1a=4adf1af4-7758-46da-b7ef-784892210ecd; _ga=GA1.1.1339423825.1565618129; PHPSESSID=v86g75pa16er3jj18886km0bks',
)
[ info ] [ PARAM ] array (
)
[ info ] [ LOG ] INIT File
---------------------------------------------------------------
[ 2020-01-14T20:59:39+08:00 ] 0.0.0.0 GET localhost/tp5/public/index/index/images/focus-left-bg.png
[运行时间：0.073503s] [吞吐率：13.60req/s] [内存消耗：2,258.12kb] [文件加载：48]
[ info ] [ LANG ] C:\xampp\htdocs\tp5\thinkphp\lang\zh-cn.php
[ info ] [ ROUTE ] array (
  'type' => 'module',
  'module' => 
  array (
    0 => 'index',
    1 => 'index',
    2 => 'images',
  ),
)
[ info ] [ HEADER ] array (
  'host' => 'localhost',
  'user-agent' => 'Mozilla/5.0 (Windows NT 10.0; Win64; x64; rv:72.0) Gecko/20100101 Firefox/72.0',
  'accept' => 'image/webp,*/*',
  'accept-language' => 'zh-CN,zh;q=0.8,zh-TW;q=0.7,zh-HK;q=0.5,en-US;q=0.3,en;q=0.2',
  'accept-encoding' => 'gzip, deflate',
  'connection' => 'keep-alive',
  'referer' => 'http://localhost/tp5/public/index/index/index.html',
  'cookie' => 'Phpstorm-59ffdf3e=e127ade4-15d2-4b73-8f5b-d070b30676c2; Webstorm-bbf7ba1a=4adf1af4-7758-46da-b7ef-784892210ecd; _ga=GA1.1.1339423825.1565618129; PHPSESSID=v86g75pa16er3jj18886km0bks',
)
[ info ] [ PARAM ] array (
)
[ info ] [ DB ] INIT mysql
[ info ] [ LOG ] INIT File
[ sql ] [ DB ] CONNECT:[ UseTime:0.000933s ] mysql:host=127.0.0.1;port=3306;dbname=bick;charset=utf8
[ sql ] [ SQL ] SHOW COLUMNS FROM `bk_conf` [ RunTime:0.006574s ]
[ sql ] [ SQL ] SELECT `enname`,`cnname` FROM `bk_conf` [ RunTime:0.000687s ]
[ sql ] [ SQL ] SHOW COLUMNS FROM `bk_cate` [ RunTime:0.005509s ]
[ sql ] [ SQL ] SELECT * FROM `bk_cate` WHERE  `pid` = 0 [ RunTime:0.000663s ]
[ sql ] [ SQL ] SELECT * FROM `bk_cate` WHERE  `pid` = 28 [ RunTime:0.000590s ]
[ sql ] [ SQL ] SELECT * FROM `bk_cate` WHERE  `pid` = 31 [ RunTime:0.000481s ]
[ sql ] [ SQL ] SELECT * FROM `bk_cate` WHERE  `pid` = 34 [ RunTime:0.000485s ]
[ sql ] [ SQL ] SELECT * FROM `bk_cate` WHERE  `pid` = 35 [ RunTime:0.000442s ]
[ sql ] [ SQL ] SELECT * FROM `bk_cate` WHERE  `pid` = 37 [ RunTime:0.000485s ]
---------------------------------------------------------------
[ 2020-01-14T20:59:40+08:00 ] 0.0.0.0 GET localhost/tp5/public/index/zpadmin/index.html
[运行时间：0.067996s] [吞吐率：14.71req/s] [内存消耗：2,331.64kb] [文件加载：49]
[ info ] [ LANG ] C:\xampp\htdocs\tp5\thinkphp\lang\zh-cn.php
[ info ] [ ROUTE ] array (
  'type' => 'module',
  'module' => 
  array (
    0 => 'index',
    1 => 'zpadmin',
    2 => 'index',
  ),
)
[ info ] [ HEADER ] array (
  'host' => 'localhost',
  'user-agent' => 'Mozilla/5.0 (Windows NT 10.0; Win64; x64; rv:72.0) Gecko/20100101 Firefox/72.0',
  'accept' => 'text/html,application/xhtml+xml,application/xml;q=0.9,image/webp,*/*;q=0.8',
  'accept-language' => 'zh-CN,zh;q=0.8,zh-TW;q=0.7,zh-HK;q=0.5,en-US;q=0.3,en;q=0.2',
  'accept-encoding' => 'gzip, deflate',
  'connection' => 'keep-alive',
  'referer' => 'http://localhost/tp5/public/index/index/index.html',
  'cookie' => 'Phpstorm-59ffdf3e=e127ade4-15d2-4b73-8f5b-d070b30676c2; Webstorm-bbf7ba1a=4adf1af4-7758-46da-b7ef-784892210ecd; _ga=GA1.1.1339423825.1565618129; PHPSESSID=v86g75pa16er3jj18886km0bks',
  'upgrade-insecure-requests' => '1',
)
[ info ] [ PARAM ] array (
)
[ info ] [ DB ] INIT mysql
[ info ] [ RUN ] app\index\controller\Zpadmin->index[ C:\xampp\htdocs\tp5\application\index\controller\Zpadmin.php ]
[ info ] [ VIEW ] C:\xampp\htdocs\tp5\public/../application/index\view\zpadmin\zpadmin.htm [ array (
  0 => 'confres',
  1 => 'cateres',
  2 => 'cates',
  3 => 'zptreeres',
) ]
[ info ] [ LOG ] INIT File
[ sql ] [ DB ] CONNECT:[ UseTime:0.010922s ] mysql:host=127.0.0.1;port=3306;dbname=bick;charset=utf8
[ sql ] [ SQL ] SHOW COLUMNS FROM `bk_conf` [ RunTime:0.005125s ]
[ sql ] [ SQL ] SELECT `enname`,`cnname` FROM `bk_conf` [ RunTime:0.000423s ]
[ sql ] [ SQL ] SHOW COLUMNS FROM `bk_cate` [ RunTime:0.004391s ]
[ sql ] [ SQL ] SELECT * FROM `bk_cate` WHERE  `pid` = 0 [ RunTime:0.000482s ]
[ sql ] [ SQL ] SELECT * FROM `bk_cate` WHERE  `pid` = 28 [ RunTime:0.000441s ]
[ sql ] [ SQL ] SELECT * FROM `bk_cate` WHERE  `pid` = 31 [ RunTime:0.000419s ]
[ sql ] [ SQL ] SELECT * FROM `bk_cate` WHERE  `pid` = 34 [ RunTime:0.000449s ]
[ sql ] [ SQL ] SELECT * FROM `bk_cate` WHERE  `pid` = 35 [ RunTime:0.000488s ]
[ sql ] [ SQL ] SELECT * FROM `bk_cate` WHERE  `pid` = 37 [ RunTime:0.000496s ]
[ sql ] [ SQL ] SHOW COLUMNS FROM `bk_zpadmin` [ RunTime:0.006370s ]
[ sql ] [ SQL ] SELECT `id`,`pId`,`name` FROM `bk_zpadmin` [ RunTime:0.000671s ]
[ sql ] [ SQL ] SELECT * FROM `bk_cate` LIMIT 1 [ RunTime:0.000480s ]
---------------------------------------------------------------
[ 2020-01-14T20:59:40+08:00 ] 0.0.0.0 GET localhost/tp5/public/static/index/style/jquery.error.js
[运行时间：0.024437s] [吞吐率：40.92req/s] [内存消耗：1,049.33kb] [文件加载：30]
[ info ] [ LANG ] C:\xampp\htdocs\tp5\thinkphp\lang\zh-cn.php
[ info ] [ ROUTE ] array (
  'type' => 'module',
  'module' => 
  array (
    0 => 'static',
    1 => 'index',
    2 => 'style',
  ),
)
[ info ] [ HEADER ] array (
  'host' => 'localhost',
  'user-agent' => 'Mozilla/5.0 (Windows NT 10.0; Win64; x64; rv:72.0) Gecko/20100101 Firefox/72.0',
  'accept' => '*/*',
  'accept-language' => 'zh-CN,zh;q=0.8,zh-TW;q=0.7,zh-HK;q=0.5,en-US;q=0.3,en;q=0.2',
  'accept-encoding' => 'gzip, deflate',
  'connection' => 'keep-alive',
  'referer' => 'http://localhost/tp5/public/index/zpadmin/index.html',
  'cookie' => 'Phpstorm-59ffdf3e=e127ade4-15d2-4b73-8f5b-d070b30676c2; Webstorm-bbf7ba1a=4adf1af4-7758-46da-b7ef-784892210ecd; _ga=GA1.1.1339423825.1565618129; PHPSESSID=v86g75pa16er3jj18886km0bks',
)
[ info ] [ PARAM ] array (
)
[ info ] [ LOG ] INIT File
---------------------------------------------------------------
[ 2020-01-14T20:59:40+08:00 ] 0.0.0.0 GET localhost/tp5/public/static/index/style/jquery.form.js
[运行时间：0.025227s] [吞吐率：39.64req/s] [内存消耗：1,049.33kb] [文件加载：30]
[ info ] [ LANG ] C:\xampp\htdocs\tp5\thinkphp\lang\zh-cn.php
[ info ] [ ROUTE ] array (
  'type' => 'module',
  'module' => 
  array (
    0 => 'static',
    1 => 'index',
    2 => 'style',
  ),
)
[ info ] [ HEADER ] array (
  'host' => 'localhost',
  'user-agent' => 'Mozilla/5.0 (Windows NT 10.0; Win64; x64; rv:72.0) Gecko/20100101 Firefox/72.0',
  'accept' => '*/*',
  'accept-language' => 'zh-CN,zh;q=0.8,zh-TW;q=0.7,zh-HK;q=0.5,en-US;q=0.3,en;q=0.2',
  'accept-encoding' => 'gzip, deflate',
  'connection' => 'keep-alive',
  'referer' => 'http://localhost/tp5/public/index/zpadmin/index.html',
  'cookie' => 'Phpstorm-59ffdf3e=e127ade4-15d2-4b73-8f5b-d070b30676c2; Webstorm-bbf7ba1a=4adf1af4-7758-46da-b7ef-784892210ecd; _ga=GA1.1.1339423825.1565618129; PHPSESSID=v86g75pa16er3jj18886km0bks',
)
[ info ] [ PARAM ] array (
)
[ info ] [ LOG ] INIT File
---------------------------------------------------------------
[ 2020-01-14T20:59:40+08:00 ] 0.0.0.0 GET localhost/tp5/public/static/index/style/jquery.form.js
[运行时间：0.016196s] [吞吐率：61.74req/s] [内存消耗：1,049.33kb] [文件加载：30]
[ info ] [ LANG ] C:\xampp\htdocs\tp5\thinkphp\lang\zh-cn.php
[ info ] [ ROUTE ] array (
  'type' => 'module',
  'module' => 
  array (
    0 => 'static',
    1 => 'index',
    2 => 'style',
  ),
)
[ info ] [ HEADER ] array (
  'host' => 'localhost',
  'user-agent' => 'Mozilla/5.0 (Windows NT 10.0; Win64; x64; rv:72.0) Gecko/20100101 Firefox/72.0',
  'accept' => '*/*',
  'accept-language' => 'zh-CN,zh;q=0.8,zh-TW;q=0.7,zh-HK;q=0.5,en-US;q=0.3,en;q=0.2',
  'accept-encoding' => 'gzip, deflate',
  'connection' => 'keep-alive',
  'referer' => 'http://localhost/tp5/public/index/zpadmin/index.html',
  'cookie' => 'Phpstorm-59ffdf3e=e127ade4-15d2-4b73-8f5b-d070b30676c2; Webstorm-bbf7ba1a=4adf1af4-7758-46da-b7ef-784892210ecd; _ga=GA1.1.1339423825.1565618129; PHPSESSID=v86g75pa16er3jj18886km0bks',
)
[ info ] [ PARAM ] array (
)
[ info ] [ LOG ] INIT File
---------------------------------------------------------------
[ 2020-01-14T20:59:41+08:00 ] 0.0.0.0 GET localhost/tp5/public/static/index/images/body_bg.jpg
[运行时间：0.017781s] [吞吐率：56.24req/s] [内存消耗：1,049.31kb] [文件加载：30]
[ info ] [ LANG ] C:\xampp\htdocs\tp5\thinkphp\lang\zh-cn.php
[ info ] [ ROUTE ] array (
  'type' => 'module',
  'module' => 
  array (
    0 => 'static',
    1 => 'index',
    2 => 'images',
  ),
)
[ info ] [ HEADER ] array (
  'host' => 'localhost',
  'user-agent' => 'Mozilla/5.0 (Windows NT 10.0; Win64; x64; rv:72.0) Gecko/20100101 Firefox/72.0',
  'accept' => 'image/webp,*/*',
  'accept-language' => 'zh-CN,zh;q=0.8,zh-TW;q=0.7,zh-HK;q=0.5,en-US;q=0.3,en;q=0.2',
  'accept-encoding' => 'gzip, deflate',
  'connection' => 'keep-alive',
  'referer' => 'http://localhost/tp5/public/static/index/style/style.css',
  'cookie' => 'Phpstorm-59ffdf3e=e127ade4-15d2-4b73-8f5b-d070b30676c2; Webstorm-bbf7ba1a=4adf1af4-7758-46da-b7ef-784892210ecd; _ga=GA1.1.1339423825.1565618129; PHPSESSID=v86g75pa16er3jj18886km0bks',
)
[ info ] [ PARAM ] array (
)
[ info ] [ LOG ] INIT File
---------------------------------------------------------------
[ 2020-01-14T21:48:47+08:00 ] 0.0.0.0 GET localhost/tp5/public/admin/admin/lst.html
[运行时间：0.144711s] [吞吐率：6.91req/s] [内存消耗：2,399.43kb] [文件加载：54]
[ info ] [ LANG ] C:\xampp\htdocs\tp5\thinkphp\lang\zh-cn.php
[ info ] [ ROUTE ] array (
  'type' => 'module',
  'module' => 
  array (
    0 => 'admin',
    1 => 'admin',
    2 => 'lst',
  ),
)
[ info ] [ HEADER ] array (
  'host' => 'localhost',
  'user-agent' => 'Mozilla/5.0 (Windows NT 10.0; Win64; x64; rv:72.0) Gecko/20100101 Firefox/72.0',
  'accept' => 'text/html,application/xhtml+xml,application/xml;q=0.9,image/webp,*/*;q=0.8',
  'accept-language' => 'zh-CN,zh;q=0.8,zh-TW;q=0.7,zh-HK;q=0.5,en-US;q=0.3,en;q=0.2',
  'accept-encoding' => 'gzip, deflate',
  'connection' => 'keep-alive',
  'cookie' => 'Phpstorm-59ffdf3e=e127ade4-15d2-4b73-8f5b-d070b30676c2; Webstorm-bbf7ba1a=4adf1af4-7758-46da-b7ef-784892210ecd; _ga=GA1.1.1339423825.1565618129; PHPSESSID=v86g75pa16er3jj18886km0bks',
  'upgrade-insecure-requests' => '1',
)
[ info ] [ PARAM ] array (
)
[ info ] [ SESSION ] INIT array (
  'id' => '',
  'var_session_id' => '',
  'prefix' => 'think',
  'type' => '',
  'auto_start' => true,
)
[ info ] [ RUN ] app\admin\controller\Admin->lst[ C:\xampp\htdocs\tp5\application\admin\controller\Admin.php ]
[ info ] [ DB ] INIT mysql
[ info ] [ VIEW ] C:\xampp\htdocs\tp5\public/../application/admin\view\admin\lst.htm [ array (
  0 => 'adminres',
) ]
[ info ] [ LOG ] INIT File
[ sql ] [ DB ] CONNECT:[ UseTime:0.003705s ] mysql:host=127.0.0.1;port=3306;dbname=bick;charset=utf8
[ sql ] [ SQL ] SHOW COLUMNS FROM `bk_admin` [ RunTime:0.007367s ]
[ sql ] [ SQL ] SELECT COUNT(*) AS tp_count FROM `bk_admin` LIMIT 1 [ RunTime:0.000643s ]
[ sql ] [ SQL ] SELECT * FROM `bk_admin` LIMIT 0,5 [ RunTime:0.000439s ]
[ sql ] [ SQL ] SHOW COLUMNS FROM `bk_auth_group_access` [ RunTime:0.008019s ]
[ sql ] [ SQL ] SELECT `auth_group_access`.`uid`,`auth_group_access`.`group_id`,`auth_group`.`title`,`auth_group`.`rules` FROM `bk_auth_group_access` `auth_group_access` INNER JOIN `bk_auth_group` `auth_group` ON `auth_group_access`.`group_id`=`auth_group`.`id` WHERE  `status` = 1  AND `auth_group_access`.`uid` = 21 [ RunTime:0.000864s ]
[ sql ] [ SQL ] SELECT `auth_group_access`.`uid`,`auth_group_access`.`group_id`,`auth_group`.`title`,`auth_group`.`rules` FROM `bk_auth_group_access` `auth_group_access` INNER JOIN `bk_auth_group` `auth_group` ON `auth_group_access`.`group_id`=`auth_group`.`id` WHERE  `status` = 1  AND `auth_group_access`.`uid` = 22 [ RunTime:0.001072s ]
[ sql ] [ SQL ] SELECT `auth_group_access`.`uid`,`auth_group_access`.`group_id`,`auth_group`.`title`,`auth_group`.`rules` FROM `bk_auth_group_access` `auth_group_access` INNER JOIN `bk_auth_group` `auth_group` ON `auth_group_access`.`group_id`=`auth_group`.`id` WHERE  `status` = 1  AND `auth_group_access`.`uid` = 23 [ RunTime:0.000670s ]
