---------------------------------------------------------------
[ 2019-10-29T19:49:43+08:00 ] 0.0.0.0 GET localhost:8080/admin/index/index/name/xzq
[è¿è¡Œæ—¶é—´ï¼š0.091737s] [åžåçŽ‡ï¼š10.90req/s] [å†…å­˜æ¶ˆè€—ï¼š1,800.71kb] [æ–‡ä»¶åŠ è½½ï¼š42]
[ info ] [ LANG ] C:\xampp\htdocs\tp5\thinkphp\lang\zh-cn.php
[ info ] [ ROUTE ] array (
  'type' => 'module',
  'module' => 
  array (
    0 => 'admin',
    1 => 'index',
    2 => 'index',
  ),
)
[ info ] [ HEADER ] array (
  'accept' => 'text/html, application/xhtml+xml, image/jxr, */*',
  'accept-language' => 'zh-CN',
  'user-agent' => 'Mozilla/5.0 (Windows NT 10.0; WOW64; Trident/7.0; rv:11.0) like Gecko',
  'accept-encoding' => 'gzip, deflate',
  'host' => 'localhost:8080',
  'connection' => 'Keep-Alive',
)
[ info ] [ PARAM ] array (
  'name' => 'xzq',
)
[ info ] [ RUN ] app\admin\controller\Index->index[ C:\xampp\htdocs\tp5\application\admin\controller\Index.php ]
[ info ] [ DB ] INIT mysql
[ info ] [ VIEW ] C:\xampp\htdocs\tp5\public/../application/admin\view\index\index.html [ array (
  0 => 'data',
  1 => 'name',
) ]
[ info ] [ LOG ] INIT File
[ sql ] [ DB ] CONNECT:[ UseTime:0.001944s ] mysql:host=127.0.0.1;port=3306;dbname=tp;charset=utf8
[ sql ] [ SQL ] SHOW COLUMNS FROM `users` [ RunTime:0.009138s ]
[ sql ] [ SQL ] SELECT * FROM `users` LIMIT 1 [ RunTime:0.001515s ]
---------------------------------------------------------------
[ 2019-10-29T19:50:22+08:00 ] 0.0.0.0 GET localhost:8080/phpgjx
[è¿è¡Œæ—¶é—´ï¼š0.031050s] [åžåçŽ‡ï¼š32.21req/s] [å†…å­˜æ¶ˆè€—ï¼š856.17kb] [æ–‡ä»¶åŠ è½½ï¼š30]
[ info ] [ LANG ] C:\xampp\htdocs\tp5\thinkphp\lang\zh-cn.php
[ info ] [ ROUTE ] array (
  'type' => 'module',
  'module' => 
  array (
    0 => 'phpgjx',
    1 => NULL,
    2 => NULL,
  ),
)
[ info ] [ HEADER ] array (
  'accept' => 'text/html, application/xhtml+xml, image/jxr, */*',
  'accept-language' => 'zh-CN',
  'user-agent' => 'Mozilla/5.0 (Windows NT 10.0; WOW64; Trident/7.0; rv:11.0) like Gecko',
  'accept-encoding' => 'gzip, deflate',
  'host' => 'localhost:8080',
  'connection' => 'Keep-Alive',
)
[ info ] [ PARAM ] array (
)
[ info ] [ LOG ] INIT File
---------------------------------------------------------------
[ 2019-10-29T19:51:27+08:00 ] 0.0.0.0 GET localhost:8080/phpgjx/index
[è¿è¡Œæ—¶é—´ï¼š0.018186s] [åžåçŽ‡ï¼š54.99req/s] [å†…å­˜æ¶ˆè€—ï¼š856.29kb] [æ–‡ä»¶åŠ è½½ï¼š30]
[ info ] [ LANG ] C:\xampp\htdocs\tp5\thinkphp\lang\zh-cn.php
[ info ] [ ROUTE ] array (
  'type' => 'module',
  'module' => 
  array (
    0 => 'phpgjx',
    1 => 'index',
    2 => NULL,
  ),
)
[ info ] [ HEADER ] array (
  'accept' => 'text/html, application/xhtml+xml, image/jxr, */*',
  'accept-language' => 'zh-CN',
  'user-agent' => 'Mozilla/5.0 (Windows NT 10.0; WOW64; Trident/7.0; rv:11.0) like Gecko',
  'accept-encoding' => 'gzip, deflate',
  'host' => 'localhost:8080',
  'connection' => 'Keep-Alive',
)
[ info ] [ PARAM ] array (
)
[ info ] [ LOG ] INIT File
---------------------------------------------------------------
[ 2019-10-29T19:51:31+08:00 ] 0.0.0.0 GET localhost:8080/phpgjx/index
[è¿è¡Œæ—¶é—´ï¼š0.017645s] [åžåçŽ‡ï¼š56.67req/s] [å†…å­˜æ¶ˆè€—ï¼š856.29kb] [æ–‡ä»¶åŠ è½½ï¼š30]
[ info ] [ LANG ] C:\xampp\htdocs\tp5\thinkphp\lang\zh-cn.php
[ info ] [ ROUTE ] array (
  'type' => 'module',
  'module' => 
  array (
    0 => 'phpgjx',
    1 => 'index',
    2 => NULL,
  ),
)
[ info ] [ HEADER ] array (
  'accept' => 'text/html, application/xhtml+xml, image/jxr, */*',
  'accept-language' => 'zh-CN',
  'user-agent' => 'Mozilla/5.0 (Windows NT 10.0; WOW64; Trident/7.0; rv:11.0) like Gecko',
  'accept-encoding' => 'gzip, deflate',
  'host' => 'localhost:8080',
  'connection' => 'Keep-Alive',
)
[ info ] [ PARAM ] array (
)
[ info ] [ LOG ] INIT File
---------------------------------------------------------------
[ 2019-10-29T19:51:38+08:00 ] 0.0.0.0 GET localhost:8080/
[è¿è¡Œæ—¶é—´ï¼š0.020234s] [åžåçŽ‡ï¼š49.42req/s] [å†…å­˜æ¶ˆè€—ï¼š1,089.74kb] [æ–‡ä»¶åŠ è½½ï¼š32]
[ info ] [ LANG ] C:\xampp\htdocs\tp5\thinkphp\lang\zh-cn.php
[ info ] [ ROUTE ] array (
  'type' => 'module',
  'module' => 
  array (
    0 => '',
    1 => NULL,
    2 => NULL,
  ),
)
[ info ] [ HEADER ] array (
  'accept' => 'text/html, application/xhtml+xml, image/jxr, */*',
  'accept-language' => 'zh-CN',
  'user-agent' => 'Mozilla/5.0 (Windows NT 10.0; WOW64; Trident/7.0; rv:11.0) like Gecko',
  'accept-encoding' => 'gzip, deflate',
  'host' => 'localhost:8080',
  'connection' => 'Keep-Alive',
)
[ info ] [ PARAM ] array (
)
[ info ] [ RUN ] app\index\controller\Index->index[ C:\xampp\htdocs\tp5\application\index\controller\Index.php ]
[ info ] [ LOG ] INIT File
---------------------------------------------------------------
[ 2019-10-29T19:51:46+08:00 ] 0.0.0.0 GET localhost:8080/admin
[è¿è¡Œæ—¶é—´ï¼š0.066114s] [åžåçŽ‡ï¼š15.13req/s] [å†…å­˜æ¶ˆè€—ï¼š1,800.28kb] [æ–‡ä»¶åŠ è½½ï¼š42]
[ info ] [ LANG ] C:\xampp\htdocs\tp5\thinkphp\lang\zh-cn.php
[ info ] [ ROUTE ] array (
  'type' => 'module',
  'module' => 
  array (
    0 => 'admin',
    1 => NULL,
    2 => NULL,
  ),
)
[ info ] [ HEADER ] array (
  'accept' => 'text/html, application/xhtml+xml, image/jxr, */*',
  'accept-language' => 'zh-CN',
  'user-agent' => 'Mozilla/5.0 (Windows NT 10.0; WOW64; Trident/7.0; rv:11.0) like Gecko',
  'accept-encoding' => 'gzip, deflate',
  'host' => 'localhost:8080',
  'connection' => 'Keep-Alive',
)
[ info ] [ PARAM ] array (
)
[ info ] [ RUN ] app\admin\controller\Index->index[ C:\xampp\htdocs\tp5\application\admin\controller\Index.php ]
[ info ] [ DB ] INIT mysql
[ info ] [ VIEW ] C:\xampp\htdocs\tp5\public/../application/admin\view\index\index.html [ array (
  0 => 'data',
  1 => 'name',
) ]
[ info ] [ LOG ] INIT File
[ sql ] [ DB ] CONNECT:[ UseTime:0.011342s ] mysql:host=127.0.0.1;port=3306;dbname=tp;charset=utf8
[ sql ] [ SQL ] SHOW COLUMNS FROM `users` [ RunTime:0.005665s ]
[ sql ] [ SQL ] SELECT * FROM `users` LIMIT 1 [ RunTime:0.000408s ]
---------------------------------------------------------------
[ 2019-10-29T19:56:55+08:00 ] 0.0.0.0 GET localhost:8080/
[è¿è¡Œæ—¶é—´ï¼š0.025536s] [åžåçŽ‡ï¼š39.16req/s] [å†…å­˜æ¶ˆè€—ï¼š1,089.74kb] [æ–‡ä»¶åŠ è½½ï¼š32]
[ info ] [ LANG ] C:\xampp\htdocs\tp5\thinkphp\lang\zh-cn.php
[ info ] [ ROUTE ] array (
  'type' => 'module',
  'module' => 
  array (
    0 => '',
    1 => NULL,
    2 => NULL,
  ),
)
[ info ] [ HEADER ] array (
  'accept' => 'text/html, application/xhtml+xml, image/jxr, */*',
  'accept-language' => 'zh-CN',
  'user-agent' => 'Mozilla/5.0 (Windows NT 10.0; WOW64; Trident/7.0; rv:11.0) like Gecko',
  'accept-encoding' => 'gzip, deflate',
  'host' => 'localhost:8080',
  'connection' => 'Keep-Alive',
)
[ info ] [ PARAM ] array (
)
[ info ] [ RUN ] app\index\controller\Index->index[ C:\xampp\htdocs\tp5\application\index\controller\Index.php ]
[ info ] [ LOG ] INIT File
---------------------------------------------------------------
[ 2019-10-29T20:10:35+08:00 ] 127.0.0.1 GET www.tp.com/
[è¿è¡Œæ—¶é—´ï¼š0.030743s] [åžåçŽ‡ï¼š32.53req/s] [å†…å­˜æ¶ˆè€—ï¼š1,090.41kb] [æ–‡ä»¶åŠ è½½ï¼š32]
[ info ] [ LANG ] C:\xampp\htdocs\tp5\thinkphp\lang\zh-cn.php
[ info ] [ ROUTE ] array (
  'type' => 'module',
  'module' => 
  array (
    0 => '',
    1 => NULL,
    2 => NULL,
  ),
)
[ info ] [ HEADER ] array (
  'host' => 'www.tp.com',
  'connection' => 'keep-alive',
  'upgrade-insecure-requests' => '1',
  'user-agent' => 'Mozilla/5.0 (Windows NT 10.0; WOW64) AppleWebKit/537.36 (KHTML, like Gecko) Chrome/55.0.2883.87 Safari/537.36',
  'accept' => 'text/html,application/xhtml+xml,application/xml;q=0.9,image/webp,*/*;q=0.8',
  'accept-encoding' => 'gzip, deflate, sdch',
  'accept-language' => 'zh-CN,zh;q=0.8',
)
[ info ] [ PARAM ] array (
)
[ info ] [ RUN ] app\index\controller\Index->index[ C:\xampp\htdocs\tp5\application\index\controller\Index.php ]
[ info ] [ LOG ] INIT File
---------------------------------------------------------------
[ 2019-10-29T20:10:46+08:00 ] 127.0.0.1 GET www.sql.com/
[è¿è¡Œæ—¶é—´ï¼š0.025709s] [åžåçŽ‡ï¼š38.90req/s] [å†…å­˜æ¶ˆè€—ï¼š1,090.44kb] [æ–‡ä»¶åŠ è½½ï¼š32]
[ info ] [ LANG ] C:\xampp\htdocs\tp5\thinkphp\lang\zh-cn.php
[ info ] [ ROUTE ] array (
  'type' => 'module',
  'module' => 
  array (
    0 => '',
    1 => NULL,
    2 => NULL,
  ),
)
[ info ] [ HEADER ] array (
  'host' => 'www.sql.com',
  'connection' => 'keep-alive',
  'upgrade-insecure-requests' => '1',
  'user-agent' => 'Mozilla/5.0 (Windows NT 10.0; WOW64) AppleWebKit/537.36 (KHTML, like Gecko) Chrome/55.0.2883.87 Safari/537.36',
  'accept' => 'text/html,application/xhtml+xml,application/xml;q=0.9,image/webp,*/*;q=0.8',
  'accept-encoding' => 'gzip, deflate, sdch',
  'accept-language' => 'zh-CN,zh;q=0.8',
)
[ info ] [ PARAM ] array (
)
[ info ] [ RUN ] app\index\controller\Index->index[ C:\xampp\htdocs\tp5\application\index\controller\Index.php ]
[ info ] [ LOG ] INIT File
---------------------------------------------------------------
[ 2019-10-29T20:10:53+08:00 ] 127.0.0.1 GET www.sql.com/
[è¿è¡Œæ—¶é—´ï¼š0.019539s] [åžåçŽ‡ï¼š51.18req/s] [å†…å­˜æ¶ˆè€—ï¼š1,091.51kb] [æ–‡ä»¶åŠ è½½ï¼š32]
[ info ] [ LANG ] C:\xampp\htdocs\tp5\thinkphp\lang\zh-cn.php
[ info ] [ ROUTE ] array (
  'type' => 'module',
  'module' => 
  array (
    0 => '',
    1 => NULL,
    2 => NULL,
  ),
)
[ info ] [ HEADER ] array (
  'host' => 'www.sql.com',
  'connection' => 'keep-alive',
  'cache-control' => 'max-age=0',
  'upgrade-insecure-requests' => '1',
  'user-agent' => 'Mozilla/5.0 (Windows NT 10.0; WOW64) AppleWebKit/537.36 (KHTML, like Gecko) Chrome/55.0.2883.87 Safari/537.36',
  'accept' => 'text/html,application/xhtml+xml,application/xml;q=0.9,image/webp,*/*;q=0.8',
  'accept-encoding' => 'gzip, deflate, sdch',
  'accept-language' => 'zh-CN,zh;q=0.8',
  'cookie' => 'pgv_pvi=8281097216; pgv_si=s7969444864',
)
[ info ] [ PARAM ] array (
)
[ info ] [ RUN ] app\index\controller\Index->index[ C:\xampp\htdocs\tp5\application\index\controller\Index.php ]
[ info ] [ LOG ] INIT File
---------------------------------------------------------------
[ 2019-10-29T20:10:54+08:00 ] 127.0.0.1 GET www.sql.com/
[è¿è¡Œæ—¶é—´ï¼š0.019083s] [åžåçŽ‡ï¼š52.40req/s] [å†…å­˜æ¶ˆè€—ï¼š1,091.51kb] [æ–‡ä»¶åŠ è½½ï¼š32]
[ info ] [ LANG ] C:\xampp\htdocs\tp5\thinkphp\lang\zh-cn.php
[ info ] [ ROUTE ] array (
  'type' => 'module',
  'module' => 
  array (
    0 => '',
    1 => NULL,
    2 => NULL,
  ),
)
[ info ] [ HEADER ] array (
  'host' => 'www.sql.com',
  'connection' => 'keep-alive',
  'cache-control' => 'max-age=0',
  'upgrade-insecure-requests' => '1',
  'user-agent' => 'Mozilla/5.0 (Windows NT 10.0; WOW64) AppleWebKit/537.36 (KHTML, like Gecko) Chrome/55.0.2883.87 Safari/537.36',
  'accept' => 'text/html,application/xhtml+xml,application/xml;q=0.9,image/webp,*/*;q=0.8',
  'accept-encoding' => 'gzip, deflate, sdch',
  'accept-language' => 'zh-CN,zh;q=0.8',
  'cookie' => 'pgv_pvi=8281097216; pgv_si=s7969444864',
)
[ info ] [ PARAM ] array (
)
[ info ] [ RUN ] app\index\controller\Index->index[ C:\xampp\htdocs\tp5\application\index\controller\Index.php ]
[ info ] [ LOG ] INIT File
---------------------------------------------------------------
[ 2019-10-29T20:10:55+08:00 ] 127.0.0.1 GET www.sql.com/
[è¿è¡Œæ—¶é—´ï¼š0.019389s] [åžåçŽ‡ï¼š51.58req/s] [å†…å­˜æ¶ˆè€—ï¼š1,091.51kb] [æ–‡ä»¶åŠ è½½ï¼š32]
[ info ] [ LANG ] C:\xampp\htdocs\tp5\thinkphp\lang\zh-cn.php
[ info ] [ ROUTE ] array (
  'type' => 'module',
  'module' => 
  array (
    0 => '',
    1 => NULL,
    2 => NULL,
  ),
)
[ info ] [ HEADER ] array (
  'host' => 'www.sql.com',
  'connection' => 'keep-alive',
  'cache-control' => 'max-age=0',
  'upgrade-insecure-requests' => '1',
  'user-agent' => 'Mozilla/5.0 (Windows NT 10.0; WOW64) AppleWebKit/537.36 (KHTML, like Gecko) Chrome/55.0.2883.87 Safari/537.36',
  'accept' => 'text/html,application/xhtml+xml,application/xml;q=0.9,image/webp,*/*;q=0.8',
  'accept-encoding' => 'gzip, deflate, sdch',
  'accept-language' => 'zh-CN,zh;q=0.8',
  'cookie' => 'pgv_pvi=8281097216; pgv_si=s7969444864',
)
[ info ] [ PARAM ] array (
)
[ info ] [ RUN ] app\index\controller\Index->index[ C:\xampp\htdocs\tp5\application\index\controller\Index.php ]
[ info ] [ LOG ] INIT File
---------------------------------------------------------------
[ 2019-10-29T20:10:56+08:00 ] 127.0.0.1 GET www.sql.com/
[è¿è¡Œæ—¶é—´ï¼š0.019176s] [åžåçŽ‡ï¼š52.15req/s] [å†…å­˜æ¶ˆè€—ï¼š1,091.51kb] [æ–‡ä»¶åŠ è½½ï¼š32]
[ info ] [ LANG ] C:\xampp\htdocs\tp5\thinkphp\lang\zh-cn.php
[ info ] [ ROUTE ] array (
  'type' => 'module',
  'module' => 
  array (
    0 => '',
    1 => NULL,
    2 => NULL,
  ),
)
[ info ] [ HEADER ] array (
  'host' => 'www.sql.com',
  'connection' => 'keep-alive',
  'cache-control' => 'max-age=0',
  'upgrade-insecure-requests' => '1',
  'user-agent' => 'Mozilla/5.0 (Windows NT 10.0; WOW64) AppleWebKit/537.36 (KHTML, like Gecko) Chrome/55.0.2883.87 Safari/537.36',
  'accept' => 'text/html,application/xhtml+xml,application/xml;q=0.9,image/webp,*/*;q=0.8',
  'accept-encoding' => 'gzip, deflate, sdch',
  'accept-language' => 'zh-CN,zh;q=0.8',
  'cookie' => 'pgv_pvi=8281097216; pgv_si=s7969444864',
)
[ info ] [ PARAM ] array (
)
[ info ] [ RUN ] app\index\controller\Index->index[ C:\xampp\htdocs\tp5\application\index\controller\Index.php ]
[ info ] [ LOG ] INIT File
---------------------------------------------------------------
[ 2019-10-29T20:10:58+08:00 ] 127.0.0.1 GET www.sql.com/
[è¿è¡Œæ—¶é—´ï¼š0.018641s] [åžåçŽ‡ï¼š53.65req/s] [å†…å­˜æ¶ˆè€—ï¼š1,091.51kb] [æ–‡ä»¶åŠ è½½ï¼š32]
[ info ] [ LANG ] C:\xampp\htdocs\tp5\thinkphp\lang\zh-cn.php
[ info ] [ ROUTE ] array (
  'type' => 'module',
  'module' => 
  array (
    0 => '',
    1 => NULL,
    2 => NULL,
  ),
)
[ info ] [ HEADER ] array (
  'host' => 'www.sql.com',
  'connection' => 'keep-alive',
  'cache-control' => 'max-age=0',
  'upgrade-insecure-requests' => '1',
  'user-agent' => 'Mozilla/5.0 (Windows NT 10.0; WOW64) AppleWebKit/537.36 (KHTML, like Gecko) Chrome/55.0.2883.87 Safari/537.36',
  'accept' => 'text/html,application/xhtml+xml,application/xml;q=0.9,image/webp,*/*;q=0.8',
  'accept-encoding' => 'gzip, deflate, sdch',
  'accept-language' => 'zh-CN,zh;q=0.8',
  'cookie' => 'pgv_pvi=8281097216; pgv_si=s7969444864',
)
[ info ] [ PARAM ] array (
)
[ info ] [ RUN ] app\index\controller\Index->index[ C:\xampp\htdocs\tp5\application\index\controller\Index.php ]
[ info ] [ LOG ] INIT File
---------------------------------------------------------------
[ 2019-10-29T20:10:58+08:00 ] 127.0.0.1 GET www.sql.com/
[è¿è¡Œæ—¶é—´ï¼š0.019666s] [åžåçŽ‡ï¼š50.85req/s] [å†…å­˜æ¶ˆè€—ï¼š1,091.51kb] [æ–‡ä»¶åŠ è½½ï¼š32]
[ info ] [ LANG ] C:\xampp\htdocs\tp5\thinkphp\lang\zh-cn.php
[ info ] [ ROUTE ] array (
  'type' => 'module',
  'module' => 
  array (
    0 => '',
    1 => NULL,
    2 => NULL,
  ),
)
[ info ] [ HEADER ] array (
  'host' => 'www.sql.com',
  'connection' => 'keep-alive',
  'cache-control' => 'max-age=0',
  'upgrade-insecure-requests' => '1',
  'user-agent' => 'Mozilla/5.0 (Windows NT 10.0; WOW64) AppleWebKit/537.36 (KHTML, like Gecko) Chrome/55.0.2883.87 Safari/537.36',
  'accept' => 'text/html,application/xhtml+xml,application/xml;q=0.9,image/webp,*/*;q=0.8',
  'accept-encoding' => 'gzip, deflate, sdch',
  'accept-language' => 'zh-CN,zh;q=0.8',
  'cookie' => 'pgv_pvi=8281097216; pgv_si=s7969444864',
)
[ info ] [ PARAM ] array (
)
[ info ] [ RUN ] app\index\controller\Index->index[ C:\xampp\htdocs\tp5\application\index\controller\Index.php ]
[ info ] [ LOG ] INIT File
---------------------------------------------------------------
[ 2019-10-29T20:11:00+08:00 ] 127.0.0.1 GET www.sql.com/
[è¿è¡Œæ—¶é—´ï¼š0.019403s] [åžåçŽ‡ï¼š51.54req/s] [å†…å­˜æ¶ˆè€—ï¼š1,091.51kb] [æ–‡ä»¶åŠ è½½ï¼š32]
[ info ] [ LANG ] C:\xampp\htdocs\tp5\thinkphp\lang\zh-cn.php
[ info ] [ ROUTE ] array (
  'type' => 'module',
  'module' => 
  array (
    0 => '',
    1 => NULL,
    2 => NULL,
  ),
)
[ info ] [ HEADER ] array (
  'host' => 'www.sql.com',
  'connection' => 'keep-alive',
  'cache-control' => 'max-age=0',
  'upgrade-insecure-requests' => '1',
  'user-agent' => 'Mozilla/5.0 (Windows NT 10.0; WOW64) AppleWebKit/537.36 (KHTML, like Gecko) Chrome/55.0.2883.87 Safari/537.36',
  'accept' => 'text/html,application/xhtml+xml,application/xml;q=0.9,image/webp,*/*;q=0.8',
  'accept-encoding' => 'gzip, deflate, sdch',
  'accept-language' => 'zh-CN,zh;q=0.8',
  'cookie' => 'pgv_pvi=8281097216; pgv_si=s7969444864',
)
[ info ] [ PARAM ] array (
)
[ info ] [ RUN ] app\index\controller\Index->index[ C:\xampp\htdocs\tp5\application\index\controller\Index.php ]
[ info ] [ LOG ] INIT File
---------------------------------------------------------------
[ 2019-10-29T20:11:01+08:00 ] 127.0.0.1 GET www.sql.com/
[è¿è¡Œæ—¶é—´ï¼š0.019068s] [åžåçŽ‡ï¼š52.44req/s] [å†…å­˜æ¶ˆè€—ï¼š1,091.51kb] [æ–‡ä»¶åŠ è½½ï¼š32]
[ info ] [ LANG ] C:\xampp\htdocs\tp5\thinkphp\lang\zh-cn.php
[ info ] [ ROUTE ] array (
  'type' => 'module',
  'module' => 
  array (
    0 => '',
    1 => NULL,
    2 => NULL,
  ),
)
[ info ] [ HEADER ] array (
  'host' => 'www.sql.com',
  'connection' => 'keep-alive',
  'cache-control' => 'max-age=0',
  'upgrade-insecure-requests' => '1',
  'user-agent' => 'Mozilla/5.0 (Windows NT 10.0; WOW64) AppleWebKit/537.36 (KHTML, like Gecko) Chrome/55.0.2883.87 Safari/537.36',
  'accept' => 'text/html,application/xhtml+xml,application/xml;q=0.9,image/webp,*/*;q=0.8',
  'accept-encoding' => 'gzip, deflate, sdch',
  'accept-language' => 'zh-CN,zh;q=0.8',
  'cookie' => 'pgv_pvi=8281097216; pgv_si=s7969444864',
)
[ info ] [ PARAM ] array (
)
[ info ] [ RUN ] app\index\controller\Index->index[ C:\xampp\htdocs\tp5\application\index\controller\Index.php ]
[ info ] [ LOG ] INIT File
---------------------------------------------------------------
[ 2019-10-29T20:11:03+08:00 ] 127.0.0.1 GET www.sql.com/
[è¿è¡Œæ—¶é—´ï¼š0.028258s] [åžåçŽ‡ï¼š35.39req/s] [å†…å­˜æ¶ˆè€—ï¼š1,091.51kb] [æ–‡ä»¶åŠ è½½ï¼š32]
[ info ] [ LANG ] C:\xampp\htdocs\tp5\thinkphp\lang\zh-cn.php
[ info ] [ ROUTE ] array (
  'type' => 'module',
  'module' => 
  array (
    0 => '',
    1 => NULL,
    2 => NULL,
  ),
)
[ info ] [ HEADER ] array (
  'host' => 'www.sql.com',
  'connection' => 'keep-alive',
  'cache-control' => 'max-age=0',
  'upgrade-insecure-requests' => '1',
  'user-agent' => 'Mozilla/5.0 (Windows NT 10.0; WOW64) AppleWebKit/537.36 (KHTML, like Gecko) Chrome/55.0.2883.87 Safari/537.36',
  'accept' => 'text/html,application/xhtml+xml,application/xml;q=0.9,image/webp,*/*;q=0.8',
  'accept-encoding' => 'gzip, deflate, sdch',
  'accept-language' => 'zh-CN,zh;q=0.8',
  'cookie' => 'pgv_pvi=8281097216; pgv_si=s7969444864',
)
[ info ] [ PARAM ] array (
)
[ info ] [ RUN ] app\index\controller\Index->index[ C:\xampp\htdocs\tp5\application\index\controller\Index.php ]
[ info ] [ LOG ] INIT File
---------------------------------------------------------------
[ 2019-10-29T20:11:04+08:00 ] 127.0.0.1 GET www.sql.com/
[è¿è¡Œæ—¶é—´ï¼š0.018971s] [åžåçŽ‡ï¼š52.71req/s] [å†…å­˜æ¶ˆè€—ï¼š1,091.51kb] [æ–‡ä»¶åŠ è½½ï¼š32]
[ info ] [ LANG ] C:\xampp\htdocs\tp5\thinkphp\lang\zh-cn.php
[ info ] [ ROUTE ] array (
  'type' => 'module',
  'module' => 
  array (
    0 => '',
    1 => NULL,
    2 => NULL,
  ),
)
[ info ] [ HEADER ] array (
  'host' => 'www.sql.com',
  'connection' => 'keep-alive',
  'cache-control' => 'max-age=0',
  'upgrade-insecure-requests' => '1',
  'user-agent' => 'Mozilla/5.0 (Windows NT 10.0; WOW64) AppleWebKit/537.36 (KHTML, like Gecko) Chrome/55.0.2883.87 Safari/537.36',
  'accept' => 'text/html,application/xhtml+xml,application/xml;q=0.9,image/webp,*/*;q=0.8',
  'accept-encoding' => 'gzip, deflate, sdch',
  'accept-language' => 'zh-CN,zh;q=0.8',
  'cookie' => 'pgv_pvi=8281097216; pgv_si=s7969444864',
)
[ info ] [ PARAM ] array (
)
[ info ] [ RUN ] app\index\controller\Index->index[ C:\xampp\htdocs\tp5\application\index\controller\Index.php ]
[ info ] [ LOG ] INIT File
---------------------------------------------------------------
[ 2019-10-29T20:11:06+08:00 ] 127.0.0.1 GET www.sql.com/
[è¿è¡Œæ—¶é—´ï¼š0.028144s] [åžåçŽ‡ï¼š35.53req/s] [å†…å­˜æ¶ˆè€—ï¼š1,091.51kb] [æ–‡ä»¶åŠ è½½ï¼š32]
[ info ] [ LANG ] C:\xampp\htdocs\tp5\thinkphp\lang\zh-cn.php
[ info ] [ ROUTE ] array (
  'type' => 'module',
  'module' => 
  array (
    0 => '',
    1 => NULL,
    2 => NULL,
  ),
)
[ info ] [ HEADER ] array (
  'host' => 'www.sql.com',
  'connection' => 'keep-alive',
  'cache-control' => 'max-age=0',
  'upgrade-insecure-requests' => '1',
  'user-agent' => 'Mozilla/5.0 (Windows NT 10.0; WOW64) AppleWebKit/537.36 (KHTML, like Gecko) Chrome/55.0.2883.87 Safari/537.36',
  'accept' => 'text/html,application/xhtml+xml,application/xml;q=0.9,image/webp,*/*;q=0.8',
  'accept-encoding' => 'gzip, deflate, sdch',
  'accept-language' => 'zh-CN,zh;q=0.8',
  'cookie' => 'pgv_pvi=8281097216; pgv_si=s7969444864',
)
[ info ] [ PARAM ] array (
)
[ info ] [ RUN ] app\index\controller\Index->index[ C:\xampp\htdocs\tp5\application\index\controller\Index.php ]
[ info ] [ LOG ] INIT File
---------------------------------------------------------------
[ 2019-10-29T20:11:08+08:00 ] 127.0.0.1 GET www.sql.com/
[è¿è¡Œæ—¶é—´ï¼š0.018931s] [åžåçŽ‡ï¼š52.82req/s] [å†…å­˜æ¶ˆè€—ï¼š1,091.51kb] [æ–‡ä»¶åŠ è½½ï¼š32]
[ info ] [ LANG ] C:\xampp\htdocs\tp5\thinkphp\lang\zh-cn.php
[ info ] [ ROUTE ] array (
  'type' => 'module',
  'module' => 
  array (
    0 => '',
    1 => NULL,
    2 => NULL,
  ),
)
[ info ] [ HEADER ] array (
  'host' => 'www.sql.com',
  'connection' => 'keep-alive',
  'cache-control' => 'max-age=0',
  'upgrade-insecure-requests' => '1',
  'user-agent' => 'Mozilla/5.0 (Windows NT 10.0; WOW64) AppleWebKit/537.36 (KHTML, like Gecko) Chrome/55.0.2883.87 Safari/537.36',
  'accept' => 'text/html,application/xhtml+xml,application/xml;q=0.9,image/webp,*/*;q=0.8',
  'accept-encoding' => 'gzip, deflate, sdch',
  'accept-language' => 'zh-CN,zh;q=0.8',
  'cookie' => 'pgv_pvi=8281097216; pgv_si=s7969444864',
)
[ info ] [ PARAM ] array (
)
[ info ] [ RUN ] app\index\controller\Index->index[ C:\xampp\htdocs\tp5\application\index\controller\Index.php ]
[ info ] [ LOG ] INIT File
---------------------------------------------------------------
[ 2019-10-29T20:11:57+08:00 ] 127.0.0.1 GET www.sql.com/
[è¿è¡Œæ—¶é—´ï¼š0.024531s] [åžåçŽ‡ï¼š40.76req/s] [å†…å­˜æ¶ˆè€—ï¼š1,091.51kb] [æ–‡ä»¶åŠ è½½ï¼š32]
[ info ] [ LANG ] C:\xampp\htdocs\tp5\thinkphp\lang\zh-cn.php
[ info ] [ ROUTE ] array (
  'type' => 'module',
  'module' => 
  array (
    0 => '',
    1 => NULL,
    2 => NULL,
  ),
)
[ info ] [ HEADER ] array (
  'host' => 'www.sql.com',
  'connection' => 'keep-alive',
  'cache-control' => 'max-age=0',
  'upgrade-insecure-requests' => '1',
  'user-agent' => 'Mozilla/5.0 (Windows NT 10.0; WOW64) AppleWebKit/537.36 (KHTML, like Gecko) Chrome/55.0.2883.87 Safari/537.36',
  'accept' => 'text/html,application/xhtml+xml,application/xml;q=0.9,image/webp,*/*;q=0.8',
  'accept-encoding' => 'gzip, deflate, sdch',
  'accept-language' => 'zh-CN,zh;q=0.8',
  'cookie' => 'pgv_pvi=8281097216; pgv_si=s7969444864',
)
[ info ] [ PARAM ] array (
)
[ info ] [ RUN ] app\index\controller\Index->index[ C:\xampp\htdocs\tp5\application\index\controller\Index.php ]
[ info ] [ LOG ] INIT File
---------------------------------------------------------------
[ 2019-10-29T20:13:31+08:00 ] 127.0.0.1 GET www.tp.com/
[è¿è¡Œæ—¶é—´ï¼š0.028417s] [åžåçŽ‡ï¼š35.19req/s] [å†…å­˜æ¶ˆè€—ï¼š1,090.69kb] [æ–‡ä»¶åŠ è½½ï¼š32]
[ info ] [ LANG ] C:\xampp\htdocs\tp5\thinkphp\lang\zh-cn.php
[ info ] [ ROUTE ] array (
  'type' => 'module',
  'module' => 
  array (
    0 => '',
    1 => NULL,
    2 => NULL,
  ),
)
[ info ] [ HEADER ] array (
  'host' => 'www.tp.com',
  'connection' => 'keep-alive',
  'upgrade-insecure-requests' => '1',
  'user-agent' => 'Mozilla/5.0 (Windows NT 10.0; WOW64) AppleWebKit/537.36 (KHTML, like Gecko) Chrome/55.0.2883.87 Safari/537.36',
  'accept' => 'text/html,application/xhtml+xml,application/xml;q=0.9,image/webp,*/*;q=0.8',
  'accept-encoding' => 'gzip, deflate, sdch',
  'accept-language' => 'zh-CN,zh;q=0.8',
  'cookie' => 'pgv_pvi=1522984960; pgv_si=s1258307584',
)
[ info ] [ PARAM ] array (
)
[ info ] [ RUN ] app\index\controller\Index->index[ C:\xampp\htdocs\tp5\application\index\controller\Index.php ]
[ info ] [ LOG ] INIT File
---------------------------------------------------------------
[ 2019-10-29T20:23:24+08:00 ] 127.0.0.1 GET www.tp.com/
[è¿è¡Œæ—¶é—´ï¼š0.023995s] [åžåçŽ‡ï¼š41.68req/s] [å†…å­˜æ¶ˆè€—ï¼š1,090.69kb] [æ–‡ä»¶åŠ è½½ï¼š32]
[ info ] [ LANG ] C:\xampp\htdocs\tp5\thinkphp\lang\zh-cn.php
[ info ] [ ROUTE ] array (
  'type' => 'module',
  'module' => 
  array (
    0 => '',
    1 => NULL,
    2 => NULL,
  ),
)
[ info ] [ HEADER ] array (
  'host' => 'www.tp.com',
  'connection' => 'keep-alive',
  'upgrade-insecure-requests' => '1',
  'user-agent' => 'Mozilla/5.0 (Windows NT 10.0; WOW64) AppleWebKit/537.36 (KHTML, like Gecko) Chrome/55.0.2883.87 Safari/537.36',
  'accept' => 'text/html,application/xhtml+xml,application/xml;q=0.9,image/webp,*/*;q=0.8',
  'accept-encoding' => 'gzip, deflate, sdch',
  'accept-language' => 'zh-CN,zh;q=0.8',
  'cookie' => 'pgv_pvi=1522984960; pgv_si=s1258307584',
)
[ info ] [ PARAM ] array (
)
[ info ] [ RUN ] app\index\controller\Index->index[ C:\xampp\htdocs\tp5\application\index\controller\Index.php ]
[ info ] [ LOG ] INIT File
---------------------------------------------------------------
[ 2019-10-29T20:23:29+08:00 ] 127.0.0.1 GET www.tp.com/index
[è¿è¡Œæ—¶é—´ï¼š0.019330s] [åžåçŽ‡ï¼š51.73req/s] [å†…å­˜æ¶ˆè€—ï¼š1,091.73kb] [æ–‡ä»¶åŠ è½½ï¼š32]
[ info ] [ LANG ] C:\xampp\htdocs\tp5\thinkphp\lang\zh-cn.php
[ info ] [ ROUTE ] array (
  'type' => 'module',
  'module' => 
  array (
    0 => 'index',
    1 => NULL,
    2 => NULL,
  ),
)
[ info ] [ HEADER ] array (
  'host' => 'www.tp.com',
  'connection' => 'keep-alive',
  'upgrade-insecure-requests' => '1',
  'user-agent' => 'Mozilla/5.0 (Windows NT 10.0; WOW64) AppleWebKit/537.36 (KHTML, like Gecko) Chrome/55.0.2883.87 Safari/537.36',
  'accept' => 'text/html,application/xhtml+xml,application/xml;q=0.9,image/webp,*/*;q=0.8',
  'accept-encoding' => 'gzip, deflate, sdch',
  'accept-language' => 'zh-CN,zh;q=0.8',
  'cookie' => 'pgv_pvi=1522984960; pgv_si=s1258307584',
)
[ info ] [ PARAM ] array (
)
[ info ] [ RUN ] app\index\controller\Index->index[ C:\xampp\htdocs\tp5\application\index\controller\Index.php ]
[ info ] [ LOG ] INIT File
---------------------------------------------------------------
[ 2019-10-29T20:23:38+08:00 ] 127.0.0.1 GET www.tp.com/index/index2
[è¿è¡Œæ—¶é—´ï¼š0.029147s] [åžåçŽ‡ï¼š34.31req/s] [å†…å­˜æ¶ˆè€—ï¼š854.47kb] [æ–‡ä»¶åŠ è½½ï¼š29]
[ info ] [ LANG ] C:\xampp\htdocs\tp5\thinkphp\lang\zh-cn.php
[ info ] [ ROUTE ] array (
  'type' => 'module',
  'module' => 
  array (
    0 => 'index',
    1 => 'index2',
    2 => NULL,
  ),
)
[ info ] [ HEADER ] array (
  'host' => 'www.tp.com',
  'connection' => 'keep-alive',
  'upgrade-insecure-requests' => '1',
  'user-agent' => 'Mozilla/5.0 (Windows NT 10.0; WOW64) AppleWebKit/537.36 (KHTML, like Gecko) Chrome/55.0.2883.87 Safari/537.36',
  'accept' => 'text/html,application/xhtml+xml,application/xml;q=0.9,image/webp,*/*;q=0.8',
  'accept-encoding' => 'gzip, deflate, sdch',
  'accept-language' => 'zh-CN,zh;q=0.8',
  'cookie' => 'pgv_pvi=1522984960; pgv_si=s1258307584',
)
[ info ] [ PARAM ] array (
)
[ info ] [ LOG ] INIT File
---------------------------------------------------------------
[ 2019-10-29T20:23:46+08:00 ] 127.0.0.1 GET www.tp.com/index/index1
[è¿è¡Œæ—¶é—´ï¼š0.040024s] [åžåçŽ‡ï¼š24.99req/s] [å†…å­˜æ¶ˆè€—ï¼š854.47kb] [æ–‡ä»¶åŠ è½½ï¼š29]
[ info ] [ LANG ] C:\xampp\htdocs\tp5\thinkphp\lang\zh-cn.php
[ info ] [ ROUTE ] array (
  'type' => 'module',
  'module' => 
  array (
    0 => 'index',
    1 => 'index1',
    2 => NULL,
  ),
)
[ info ] [ HEADER ] array (
  'host' => 'www.tp.com',
  'connection' => 'keep-alive',
  'upgrade-insecure-requests' => '1',
  'user-agent' => 'Mozilla/5.0 (Windows NT 10.0; WOW64) AppleWebKit/537.36 (KHTML, like Gecko) Chrome/55.0.2883.87 Safari/537.36',
  'accept' => 'text/html,application/xhtml+xml,application/xml;q=0.9,image/webp,*/*;q=0.8',
  'accept-encoding' => 'gzip, deflate, sdch',
  'accept-language' => 'zh-CN,zh;q=0.8',
  'cookie' => 'pgv_pvi=1522984960; pgv_si=s1258307584',
)
[ info ] [ PARAM ] array (
)
[ info ] [ LOG ] INIT File
---------------------------------------------------------------
[ 2019-10-29T21:00:15+08:00 ] 0.0.0.0 GET localhost/tp5/public/
[è¿è¡Œæ—¶é—´ï¼š0.024946s] [åžåçŽ‡ï¼š40.09req/s] [å†…å­˜æ¶ˆè€—ï¼š1,089.89kb] [æ–‡ä»¶åŠ è½½ï¼š32]
[ info ] [ LANG ] C:\xampp\htdocs\tp5\thinkphp\lang\zh-cn.php
[ info ] [ ROUTE ] array (
  'type' => 'module',
  'module' => 
  array (
    0 => '',
    1 => NULL,
    2 => NULL,
  ),
)
[ info ] [ HEADER ] array (
  'accept' => 'text/html, application/xhtml+xml, image/jxr, */*',
  'accept-language' => 'zh-CN',
  'user-agent' => 'Mozilla/5.0 (Windows NT 10.0; WOW64; Trident/7.0; rv:11.0) like Gecko',
  'accept-encoding' => 'gzip, deflate',
  'host' => 'localhost',
  'connection' => 'Keep-Alive',
)
[ info ] [ PARAM ] array (
)
[ info ] [ RUN ] app\index\controller\Index->index[ C:\xampp\htdocs\tp5\application\index\controller\Index.php ]
[ info ] [ LOG ] INIT File
---------------------------------------------------------------
[ 2019-10-29T21:02:43+08:00 ] 127.0.0.1 GET www.sql.com/tp5/public/
[è¿è¡Œæ—¶é—´ï¼š0.023884s] [åžåçŽ‡ï¼š41.87req/s] [å†…å­˜æ¶ˆè€—ï¼š1,091.66kb] [æ–‡ä»¶åŠ è½½ï¼š32]
[ info ] [ LANG ] C:\xampp\htdocs\tp5\thinkphp\lang\zh-cn.php
[ info ] [ ROUTE ] array (
  'type' => 'module',
  'module' => 
  array (
    0 => '',
    1 => NULL,
    2 => NULL,
  ),
)
[ info ] [ HEADER ] array (
  'host' => 'www.sql.com',
  'connection' => 'keep-alive',
  'upgrade-insecure-requests' => '1',
  'user-agent' => 'Mozilla/5.0 (Windows NT 10.0; WOW64) AppleWebKit/537.36 (KHTML, like Gecko) Chrome/55.0.2883.87 Safari/537.36',
  'accept' => 'text/html,application/xhtml+xml,application/xml;q=0.9,image/webp,*/*;q=0.8',
  'referer' => 'http://www.sql.com/tp5/',
  'accept-encoding' => 'gzip, deflate, sdch',
  'accept-language' => 'zh-CN,zh;q=0.8',
  'cookie' => 'pgv_pvi=8281097216; pgv_si=s7969444864',
)
[ info ] [ PARAM ] array (
)
[ info ] [ RUN ] app\index\controller\Index->index[ C:\xampp\htdocs\tp5\application\index\controller\Index.php ]
[ info ] [ LOG ] INIT File
---------------------------------------------------------------
[ 2019-10-29T21:21:21+08:00 ] 127.0.0.1 GET www.tp.com:8081/
[è¿è¡Œæ—¶é—´ï¼š0.024809s] [åžåçŽ‡ï¼š40.31req/s] [å†…å­˜æ¶ˆè€—ï¼š1,090.84kb] [æ–‡ä»¶åŠ è½½ï¼š32]
[ info ] [ LANG ] C:\xampp\htdocs\tp5\thinkphp\lang\zh-cn.php
[ info ] [ ROUTE ] array (
  'type' => 'module',
  'module' => 
  array (
    0 => '',
    1 => NULL,
    2 => NULL,
  ),
)
[ info ] [ HEADER ] array (
  'host' => 'www.tp.com:8081',
  'connection' => 'keep-alive',
  'upgrade-insecure-requests' => '1',
  'user-agent' => 'Mozilla/5.0 (Windows NT 10.0; WOW64) AppleWebKit/537.36 (KHTML, like Gecko) Chrome/55.0.2883.87 Safari/537.36',
  'accept' => 'text/html,application/xhtml+xml,application/xml;q=0.9,image/webp,*/*;q=0.8',
  'accept-encoding' => 'gzip, deflate, sdch',
  'accept-language' => 'zh-CN,zh;q=0.8',
  'cookie' => 'pgv_pvi=1522984960; pgv_si=s1258307584',
)
[ info ] [ PARAM ] array (
)
[ info ] [ RUN ] app\index\controller\Index->index[ C:\xampp\htdocs\tp5\application\index\controller\Index.php ]
[ info ] [ LOG ] INIT File
---------------------------------------------------------------
[ 2019-10-29T21:23:00+08:00 ] 127.0.0.1 GET www.tp.com:8080/
[è¿è¡Œæ—¶é—´ï¼š0.054549s] [åžåçŽ‡ï¼š18.33req/s] [å†…å­˜æ¶ˆè€—ï¼š1,090.84kb] [æ–‡ä»¶åŠ è½½ï¼š32]
[ info ] [ LANG ] C:\xampp\htdocs\tp5\thinkphp\lang\zh-cn.php
[ info ] [ ROUTE ] array (
  'type' => 'module',
  'module' => 
  array (
    0 => '',
    1 => NULL,
    2 => NULL,
  ),
)
[ info ] [ HEADER ] array (
  'host' => 'www.tp.com:8080',
  'connection' => 'keep-alive',
  'upgrade-insecure-requests' => '1',
  'user-agent' => 'Mozilla/5.0 (Windows NT 10.0; WOW64) AppleWebKit/537.36 (KHTML, like Gecko) Chrome/55.0.2883.87 Safari/537.36',
  'accept' => 'text/html,application/xhtml+xml,application/xml;q=0.9,image/webp,*/*;q=0.8',
  'accept-encoding' => 'gzip, deflate, sdch',
  'accept-language' => 'zh-CN,zh;q=0.8',
  'cookie' => 'pgv_pvi=1522984960; pgv_si=s1258307584',
)
[ info ] [ PARAM ] array (
)
[ info ] [ RUN ] app\index\controller\Index->index[ C:\xampp\htdocs\tp5\application\index\controller\Index.php ]
[ info ] [ LOG ] INIT File
---------------------------------------------------------------
[ 2019-10-29T21:37:34+08:00 ] 127.0.0.1 GET www.tp.com:8080/
[è¿è¡Œæ—¶é—´ï¼š0.025171s] [åžåçŽ‡ï¼š39.73req/s] [å†…å­˜æ¶ˆè€—ï¼š1,090.84kb] [æ–‡ä»¶åŠ è½½ï¼š32]
[ info ] [ LANG ] C:\xampp\htdocs\tp5\thinkphp\lang\zh-cn.php
[ info ] [ ROUTE ] array (
  'type' => 'module',
  'module' => 
  array (
    0 => '',
    1 => NULL,
    2 => NULL,
  ),
)
[ info ] [ HEADER ] array (
  'host' => 'www.tp.com:8080',
  'connection' => 'keep-alive',
  'upgrade-insecure-requests' => '1',
  'user-agent' => 'Mozilla/5.0 (Windows NT 10.0; WOW64) AppleWebKit/537.36 (KHTML, like Gecko) Chrome/55.0.2883.87 Safari/537.36',
  'accept' => 'text/html,application/xhtml+xml,application/xml;q=0.9,image/webp,*/*;q=0.8',
  'accept-encoding' => 'gzip, deflate, sdch',
  'accept-language' => 'zh-CN,zh;q=0.8',
  'cookie' => 'pgv_pvi=1522984960; pgv_si=s1258307584',
)
[ info ] [ PARAM ] array (
)
[ info ] [ RUN ] app\index\controller\Index->index[ C:\xampp\htdocs\tp5\application\index\controller\Index.php ]
[ info ] [ LOG ] INIT File
---------------------------------------------------------------
[ 2019-10-29T21:38:45+08:00 ] 127.0.0.1 GET www.tp.com:8080/
[è¿è¡Œæ—¶é—´ï¼š0.042341s] [åžåçŽ‡ï¼š23.62req/s] [å†…å­˜æ¶ˆè€—ï¼š1,091.51kb] [æ–‡ä»¶åŠ è½½ï¼š32]
[ info ] [ LANG ] C:\xampp\htdocs\tp5\thinkphp\lang\zh-cn.php
[ info ] [ ROUTE ] array (
  'type' => 'module',
  'module' => 
  array (
    0 => '',
    1 => NULL,
    2 => NULL,
  ),
)
[ info ] [ HEADER ] array (
  'host' => 'www.tp.com:8080',
  'connection' => 'keep-alive',
  'cache-control' => 'max-age=0',
  'upgrade-insecure-requests' => '1',
  'user-agent' => 'Mozilla/5.0 (Windows NT 10.0; WOW64) AppleWebKit/537.36 (KHTML, like Gecko) Chrome/55.0.2883.87 Safari/537.36',
  'accept' => 'text/html,application/xhtml+xml,application/xml;q=0.9,image/webp,*/*;q=0.8',
  'accept-encoding' => 'gzip, deflate, sdch',
  'accept-language' => 'zh-CN,zh;q=0.8',
  'cookie' => 'pgv_pvi=1522984960; pgv_si=s1258307584',
)
[ info ] [ PARAM ] array (
)
[ info ] [ RUN ] app\index\controller\Index->index[ C:\xampp\htdocs\tp5\application\index\controller\Index.php ]
[ info ] [ LOG ] INIT File
---------------------------------------------------------------
[ 2019-10-29T21:40:24+08:00 ] 127.0.0.1 GET www.tp.com:8080/
[è¿è¡Œæ—¶é—´ï¼š0.026451s] [åžåçŽ‡ï¼š37.81req/s] [å†…å­˜æ¶ˆè€—ï¼š1,090.84kb] [æ–‡ä»¶åŠ è½½ï¼š32]
[ info ] [ LANG ] C:\xampp\htdocs\tp5\thinkphp\lang\zh-cn.php
[ info ] [ ROUTE ] array (
  'type' => 'module',
  'module' => 
  array (
    0 => '',
    1 => NULL,
    2 => NULL,
  ),
)
[ info ] [ HEADER ] array (
  'host' => 'www.tp.com:8080',
  'connection' => 'keep-alive',
  'upgrade-insecure-requests' => '1',
  'user-agent' => 'Mozilla/5.0 (Windows NT 10.0; WOW64) AppleWebKit/537.36 (KHTML, like Gecko) Chrome/55.0.2883.87 Safari/537.36',
  'accept' => 'text/html,application/xhtml+xml,application/xml;q=0.9,image/webp,*/*;q=0.8',
  'accept-encoding' => 'gzip, deflate, sdch',
  'accept-language' => 'zh-CN,zh;q=0.8',
  'cookie' => 'pgv_pvi=1522984960; pgv_si=s1258307584',
)
[ info ] [ PARAM ] array (
)
[ info ] [ RUN ] app\index\controller\Index->index[ C:\xampp\htdocs\tp5\application\index\controller\Index.php ]
[ info ] [ LOG ] INIT File
---------------------------------------------------------------
[ 2019-10-29T22:02:23+08:00 ] 127.0.0.1 GET www.tp.com:8080/
[è¿è¡Œæ—¶é—´ï¼š0.028020s] [åžåçŽ‡ï¼š35.69req/s] [å†…å­˜æ¶ˆè€—ï¼š1,090.67kb] [æ–‡ä»¶åŠ è½½ï¼š32]
[ info ] [ LANG ] C:\xampp\htdocs\tp5\thinkphp\lang\zh-cn.php
[ info ] [ ROUTE ] array (
  'type' => 'module',
  'module' => 
  array (
    0 => '',
    1 => NULL,
    2 => NULL,
  ),
)
[ info ] [ HEADER ] array (
  'host' => 'www.tp.com:8080',
  'connection' => 'keep-alive',
  'upgrade-insecure-requests' => '1',
  'user-agent' => 'Mozilla/5.0 (Windows NT 10.0; WOW64) AppleWebKit/537.36 (KHTML, like Gecko) Chrome/55.0.2883.87 Safari/537.36',
  'accept' => 'text/html,application/xhtml+xml,application/xml;q=0.9,image/webp,*/*;q=0.8',
  'accept-encoding' => 'gzip, deflate, sdch',
  'accept-language' => 'zh-CN,zh;q=0.8',
  'cookie' => 'pgv_pvi=1522984960',
)
[ info ] [ PARAM ] array (
)
[ info ] [ RUN ] app\index\controller\Index->index[ C:\xampp\htdocs\tp5\application\index\controller\Index.php ]
[ info ] [ LOG ] INIT File
---------------------------------------------------------------
[ 2019-10-29T22:05:19+08:00 ] 127.0.0.1 GET www.tp.com:8080/
[è¿è¡Œæ—¶é—´ï¼š0.024585s] [åžåçŽ‡ï¼š40.68req/s] [å†…å­˜æ¶ˆè€—ï¼š1,090.67kb] [æ–‡ä»¶åŠ è½½ï¼š32]
[ info ] [ LANG ] C:\xampp\htdocs\tp5\thinkphp\lang\zh-cn.php
[ info ] [ ROUTE ] array (
  'type' => 'module',
  'module' => 
  array (
    0 => '',
    1 => NULL,
    2 => NULL,
  ),
)
[ info ] [ HEADER ] array (
  'host' => 'www.tp.com:8080',
  'connection' => 'keep-alive',
  'upgrade-insecure-requests' => '1',
  'user-agent' => 'Mozilla/5.0 (Windows NT 10.0; WOW64) AppleWebKit/537.36 (KHTML, like Gecko) Chrome/55.0.2883.87 Safari/537.36',
  'accept' => 'text/html,application/xhtml+xml,application/xml;q=0.9,image/webp,*/*;q=0.8',
  'accept-encoding' => 'gzip, deflate, sdch',
  'accept-language' => 'zh-CN,zh;q=0.8',
  'cookie' => 'pgv_pvi=1522984960',
)
[ info ] [ PARAM ] array (
)
[ info ] [ RUN ] app\index\controller\Index->index[ C:\xampp\htdocs\tp5\application\index\controller\Index.php ]
[ info ] [ LOG ] INIT File
---------------------------------------------------------------
[ 2019-10-29T22:16:46+08:00 ] 127.0.0.1 GET www.tp.com/admin
[è¿è¡Œæ—¶é—´ï¼š1.052614s] [åžåçŽ‡ï¼š0.95req/s] [å†…å­˜æ¶ˆè€—ï¼š1,717.79kb] [æ–‡ä»¶åŠ è½½ï¼š42]
[ info ] [ LANG ] C:\xampp\htdocs\tp5\thinkphp\lang\zh-cn.php
[ info ] [ ROUTE ] array (
  'type' => 'module',
  'module' => 
  array (
    0 => 'admin',
    1 => NULL,
    2 => NULL,
  ),
)
[ info ] [ HEADER ] array (
  'host' => 'www.tp.com',
  'connection' => 'keep-alive',
  'upgrade-insecure-requests' => '1',
  'user-agent' => 'Mozilla/5.0 (Windows NT 10.0; WOW64) AppleWebKit/537.36 (KHTML, like Gecko) Chrome/55.0.2883.87 Safari/537.36',
  'accept' => 'text/html,application/xhtml+xml,application/xml;q=0.9,image/webp,*/*;q=0.8',
  'accept-encoding' => 'gzip, deflate, sdch',
  'accept-language' => 'zh-CN,zh;q=0.8',
  'cookie' => 'pgv_pvi=1522984960',
)
[ info ] [ PARAM ] array (
)
[ info ] [ RUN ] app\admin\controller\Index->index[ C:\xampp\htdocs\tp5\application\admin\controller\Index.php ]
[ info ] [ DB ] INIT mysql
[ info ] [ LOG ] INIT File
[ error ] [2002]SQLSTATE[HY000] [2002] ÓÉÓÚÄ¿±ê¼ÆËã»ú»ý¼«¾Ü¾ø£¬ÎÞ·¨Á¬½Ó¡£
[C:\xampp\htdocs\tp5\thinkphp\library\think\db\Connection.php:295]
---------------------------------------------------------------
[ 2019-10-29T22:17:07+08:00 ] 127.0.0.1 GET www.tp.com/admin/index
[è¿è¡Œæ—¶é—´ï¼š1.056090s] [åžåçŽ‡ï¼š0.95req/s] [å†…å­˜æ¶ˆè€—ï¼š1,717.91kb] [æ–‡ä»¶åŠ è½½ï¼š42]
[ info ] [ LANG ] C:\xampp\htdocs\tp5\thinkphp\lang\zh-cn.php
[ info ] [ ROUTE ] array (
  'type' => 'module',
  'module' => 
  array (
    0 => 'admin',
    1 => 'index',
    2 => NULL,
  ),
)
[ info ] [ HEADER ] array (
  'host' => 'www.tp.com',
  'connection' => 'keep-alive',
  'upgrade-insecure-requests' => '1',
  'user-agent' => 'Mozilla/5.0 (Windows NT 10.0; WOW64) AppleWebKit/537.36 (KHTML, like Gecko) Chrome/55.0.2883.87 Safari/537.36',
  'accept' => 'text/html,application/xhtml+xml,application/xml;q=0.9,image/webp,*/*;q=0.8',
  'accept-encoding' => 'gzip, deflate, sdch',
  'accept-language' => 'zh-CN,zh;q=0.8',
  'cookie' => 'pgv_pvi=1522984960',
)
[ info ] [ PARAM ] array (
)
[ info ] [ RUN ] app\admin\controller\Index->index[ C:\xampp\htdocs\tp5\application\admin\controller\Index.php ]
[ info ] [ DB ] INIT mysql
[ info ] [ LOG ] INIT File
[ error ] [2002]SQLSTATE[HY000] [2002] ÓÉÓÚÄ¿±ê¼ÆËã»ú»ý¼«¾Ü¾ø£¬ÎÞ·¨Á¬½Ó¡£
[C:\xampp\htdocs\tp5\thinkphp\library\think\db\Connection.php:295]
---------------------------------------------------------------
[ 2019-10-29T22:17:24+08:00 ] 127.0.0.1 GET www.tp.com/admin/index
[è¿è¡Œæ—¶é—´ï¼š0.048803s] [åžåçŽ‡ï¼š20.49req/s] [å†…å­˜æ¶ˆè€—ï¼š1,802.21kb] [æ–‡ä»¶åŠ è½½ï¼š42]
[ info ] [ LANG ] C:\xampp\htdocs\tp5\thinkphp\lang\zh-cn.php
[ info ] [ ROUTE ] array (
  'type' => 'module',
  'module' => 
  array (
    0 => 'admin',
    1 => 'index',
    2 => NULL,
  ),
)
[ info ] [ HEADER ] array (
  'host' => 'www.tp.com',
  'connection' => 'keep-alive',
  'cache-control' => 'max-age=0',
  'upgrade-insecure-requests' => '1',
  'user-agent' => 'Mozilla/5.0 (Windows NT 10.0; WOW64) AppleWebKit/537.36 (KHTML, like Gecko) Chrome/55.0.2883.87 Safari/537.36',
  'accept' => 'text/html,application/xhtml+xml,application/xml;q=0.9,image/webp,*/*;q=0.8',
  'accept-encoding' => 'gzip, deflate, sdch',
  'accept-language' => 'zh-CN,zh;q=0.8',
  'cookie' => 'pgv_pvi=1522984960',
)
[ info ] [ PARAM ] array (
)
[ info ] [ RUN ] app\admin\controller\Index->index[ C:\xampp\htdocs\tp5\application\admin\controller\Index.php ]
[ info ] [ DB ] INIT mysql
[ info ] [ VIEW ] C:\xampp\htdocs\tp5\public/../application/admin\view\index\index.html [ array (
  0 => 'data',
  1 => 'name',
) ]
[ info ] [ LOG ] INIT File
[ sql ] [ DB ] CONNECT:[ UseTime:0.001389s ] mysql:host=127.0.0.1;port=3306;dbname=tp;charset=utf8
[ sql ] [ SQL ] SHOW COLUMNS FROM `users` [ RunTime:0.007944s ]
[ sql ] [ SQL ] SELECT * FROM `users` LIMIT 1 [ RunTime:0.001202s ]
---------------------------------------------------------------
[ 2019-10-29T22:18:20+08:00 ] 127.0.0.1 GET www.tp.com/admin/index
[è¿è¡Œæ—¶é—´ï¼š0.063999s] [åžåçŽ‡ï¼š15.63req/s] [å†…å­˜æ¶ˆè€—ï¼š1,802.21kb] [æ–‡ä»¶åŠ è½½ï¼š42]
[ info ] [ LANG ] C:\xampp\htdocs\tp5\thinkphp\lang\zh-cn.php
[ info ] [ ROUTE ] array (
  'type' => 'module',
  'module' => 
  array (
    0 => 'admin',
    1 => 'index',
    2 => NULL,
  ),
)
[ info ] [ HEADER ] array (
  'host' => 'www.tp.com',
  'connection' => 'keep-alive',
  'cache-control' => 'max-age=0',
  'upgrade-insecure-requests' => '1',
  'user-agent' => 'Mozilla/5.0 (Windows NT 10.0; WOW64) AppleWebKit/537.36 (KHTML, like Gecko) Chrome/55.0.2883.87 Safari/537.36',
  'accept' => 'text/html,application/xhtml+xml,application/xml;q=0.9,image/webp,*/*;q=0.8',
  'accept-encoding' => 'gzip, deflate, sdch',
  'accept-language' => 'zh-CN,zh;q=0.8',
  'cookie' => 'pgv_pvi=1522984960',
)
[ info ] [ PARAM ] array (
)
[ info ] [ RUN ] app\admin\controller\Index->index[ C:\xampp\htdocs\tp5\application\admin\controller\Index.php ]
[ info ] [ DB ] INIT mysql
[ info ] [ VIEW ] C:\xampp\htdocs\tp5\public/../application/admin\view\index\index.html [ array (
  0 => 'data',
  1 => 'name',
) ]
[ info ] [ LOG ] INIT File
[ sql ] [ DB ] CONNECT:[ UseTime:0.011443s ] mysql:host=127.0.0.1;port=3306;dbname=tp;charset=utf8
[ sql ] [ SQL ] SHOW COLUMNS FROM `users` [ RunTime:0.006078s ]
[ sql ] [ SQL ] SELECT * FROM `users` LIMIT 1 [ RunTime:0.000455s ]
---------------------------------------------------------------
[ 2019-10-29T22:19:35+08:00 ] 127.0.0.1 GET www.tp.com/admin/index
[è¿è¡Œæ—¶é—´ï¼š0.054281s] [åžåçŽ‡ï¼š18.42req/s] [å†…å­˜æ¶ˆè€—ï¼š1,802.21kb] [æ–‡ä»¶åŠ è½½ï¼š42]
[ info ] [ LANG ] C:\xampp\htdocs\tp5\thinkphp\lang\zh-cn.php
[ info ] [ ROUTE ] array (
  'type' => 'module',
  'module' => 
  array (
    0 => 'admin',
    1 => 'index',
    2 => NULL,
  ),
)
[ info ] [ HEADER ] array (
  'host' => 'www.tp.com',
  'connection' => 'keep-alive',
  'cache-control' => 'max-age=0',
  'upgrade-insecure-requests' => '1',
  'user-agent' => 'Mozilla/5.0 (Windows NT 10.0; WOW64) AppleWebKit/537.36 (KHTML, like Gecko) Chrome/55.0.2883.87 Safari/537.36',
  'accept' => 'text/html,application/xhtml+xml,application/xml;q=0.9,image/webp,*/*;q=0.8',
  'accept-encoding' => 'gzip, deflate, sdch',
  'accept-language' => 'zh-CN,zh;q=0.8',
  'cookie' => 'pgv_pvi=1522984960',
)
[ info ] [ PARAM ] array (
)
[ info ] [ RUN ] app\admin\controller\Index->index[ C:\xampp\htdocs\tp5\application\admin\controller\Index.php ]
[ info ] [ DB ] INIT mysql
[ info ] [ VIEW ] C:\xampp\htdocs\tp5\public/../application/admin\view\index\index.html [ array (
  0 => 'data',
  1 => 'name',
) ]
[ info ] [ LOG ] INIT File
[ sql ] [ DB ] CONNECT:[ UseTime:0.011663s ] mysql:host=127.0.0.1;port=3306;dbname=tp;charset=utf8
[ sql ] [ SQL ] SHOW COLUMNS FROM `users` [ RunTime:0.007308s ]
[ sql ] [ SQL ] SELECT * FROM `users` LIMIT 1 [ RunTime:0.001133s ]
---------------------------------------------------------------
[ 2019-10-29T22:19:39+08:00 ] 127.0.0.1 GET www.tp.com/admin/index
[è¿è¡Œæ—¶é—´ï¼š0.048553s] [åžåçŽ‡ï¼š20.60req/s] [å†…å­˜æ¶ˆè€—ï¼š1,802.21kb] [æ–‡ä»¶åŠ è½½ï¼š42]
[ info ] [ LANG ] C:\xampp\htdocs\tp5\thinkphp\lang\zh-cn.php
[ info ] [ ROUTE ] array (
  'type' => 'module',
  'module' => 
  array (
    0 => 'admin',
    1 => 'index',
    2 => NULL,
  ),
)
[ info ] [ HEADER ] array (
  'host' => 'www.tp.com',
  'connection' => 'keep-alive',
  'cache-control' => 'max-age=0',
  'upgrade-insecure-requests' => '1',
  'user-agent' => 'Mozilla/5.0 (Windows NT 10.0; WOW64) AppleWebKit/537.36 (KHTML, like Gecko) Chrome/55.0.2883.87 Safari/537.36',
  'accept' => 'text/html,application/xhtml+xml,application/xml;q=0.9,image/webp,*/*;q=0.8',
  'accept-encoding' => 'gzip, deflate, sdch',
  'accept-language' => 'zh-CN,zh;q=0.8',
  'cookie' => 'pgv_pvi=1522984960',
)
[ info ] [ PARAM ] array (
)
[ info ] [ RUN ] app\admin\controller\Index->index[ C:\xampp\htdocs\tp5\application\admin\controller\Index.php ]
[ info ] [ DB ] INIT mysql
[ info ] [ VIEW ] C:\xampp\htdocs\tp5\public/../application/admin\view\index\index.html [ array (
  0 => 'data',
  1 => 'name',
) ]
[ info ] [ LOG ] INIT File
[ sql ] [ DB ] CONNECT:[ UseTime:0.011700s ] mysql:host=127.0.0.1;port=3306;dbname=tp;charset=utf8
[ sql ] [ SQL ] SHOW COLUMNS FROM `users` [ RunTime:0.005786s ]
[ sql ] [ SQL ] SELECT * FROM `users` LIMIT 1 [ RunTime:0.000444s ]
---------------------------------------------------------------
[ 2019-10-29T22:19:40+08:00 ] 127.0.0.1 GET www.tp.com/admin/index
[è¿è¡Œæ—¶é—´ï¼š0.047400s] [åžåçŽ‡ï¼š21.10req/s] [å†…å­˜æ¶ˆè€—ï¼š1,802.21kb] [æ–‡ä»¶åŠ è½½ï¼š42]
[ info ] [ LANG ] C:\xampp\htdocs\tp5\thinkphp\lang\zh-cn.php
[ info ] [ ROUTE ] array (
  'type' => 'module',
  'module' => 
  array (
    0 => 'admin',
    1 => 'index',
    2 => NULL,
  ),
)
[ info ] [ HEADER ] array (
  'host' => 'www.tp.com',
  'connection' => 'keep-alive',
  'cache-control' => 'max-age=0',
  'upgrade-insecure-requests' => '1',
  'user-agent' => 'Mozilla/5.0 (Windows NT 10.0; WOW64) AppleWebKit/537.36 (KHTML, like Gecko) Chrome/55.0.2883.87 Safari/537.36',
  'accept' => 'text/html,application/xhtml+xml,application/xml;q=0.9,image/webp,*/*;q=0.8',
  'accept-encoding' => 'gzip, deflate, sdch',
  'accept-language' => 'zh-CN,zh;q=0.8',
  'cookie' => 'pgv_pvi=1522984960',
)
[ info ] [ PARAM ] array (
)
[ info ] [ RUN ] app\admin\controller\Index->index[ C:\xampp\htdocs\tp5\application\admin\controller\Index.php ]
[ info ] [ DB ] INIT mysql
[ info ] [ VIEW ] C:\xampp\htdocs\tp5\public/../application/admin\view\index\index.html [ array (
  0 => 'data',
  1 => 'name',
) ]
[ info ] [ LOG ] INIT File
[ sql ] [ DB ] CONNECT:[ UseTime:0.011788s ] mysql:host=127.0.0.1;port=3306;dbname=tp;charset=utf8
[ sql ] [ SQL ] SHOW COLUMNS FROM `users` [ RunTime:0.005709s ]
[ sql ] [ SQL ] SELECT * FROM `users` LIMIT 1 [ RunTime:0.000420s ]
---------------------------------------------------------------
[ 2019-10-29T22:19:40+08:00 ] 127.0.0.1 GET www.tp.com/admin/index
[è¿è¡Œæ—¶é—´ï¼š0.035391s] [åžåçŽ‡ï¼š28.26req/s] [å†…å­˜æ¶ˆè€—ï¼š1,802.21kb] [æ–‡ä»¶åŠ è½½ï¼š42]
[ info ] [ LANG ] C:\xampp\htdocs\tp5\thinkphp\lang\zh-cn.php
[ info ] [ ROUTE ] array (
  'type' => 'module',
  'module' => 
  array (
    0 => 'admin',
    1 => 'index',
    2 => NULL,
  ),
)
[ info ] [ HEADER ] array (
  'host' => 'www.tp.com',
  'connection' => 'keep-alive',
  'cache-control' => 'max-age=0',
  'upgrade-insecure-requests' => '1',
  'user-agent' => 'Mozilla/5.0 (Windows NT 10.0; WOW64) AppleWebKit/537.36 (KHTML, like Gecko) Chrome/55.0.2883.87 Safari/537.36',
  'accept' => 'text/html,application/xhtml+xml,application/xml;q=0.9,image/webp,*/*;q=0.8',
  'accept-encoding' => 'gzip, deflate, sdch',
  'accept-language' => 'zh-CN,zh;q=0.8',
  'cookie' => 'pgv_pvi=1522984960',
)
[ info ] [ PARAM ] array (
)
[ info ] [ RUN ] app\admin\controller\Index->index[ C:\xampp\htdocs\tp5\application\admin\controller\Index.php ]
[ info ] [ DB ] INIT mysql
[ info ] [ VIEW ] C:\xampp\htdocs\tp5\public/../application/admin\view\index\index.html [ array (
  0 => 'data',
  1 => 'name',
) ]
[ info ] [ LOG ] INIT File
[ sql ] [ DB ] CONNECT:[ UseTime:0.001058s ] mysql:host=127.0.0.1;port=3306;dbname=tp;charset=utf8
[ sql ] [ SQL ] SHOW COLUMNS FROM `users` [ RunTime:0.005689s ]
[ sql ] [ SQL ] SELECT * FROM `users` LIMIT 1 [ RunTime:0.000438s ]
---------------------------------------------------------------
[ 2019-10-29T22:19:41+08:00 ] 127.0.0.1 GET www.tp.com/admin/index
[è¿è¡Œæ—¶é—´ï¼š0.035805s] [åžåçŽ‡ï¼š27.93req/s] [å†…å­˜æ¶ˆè€—ï¼š1,802.21kb] [æ–‡ä»¶åŠ è½½ï¼š42]
[ info ] [ LANG ] C:\xampp\htdocs\tp5\thinkphp\lang\zh-cn.php
[ info ] [ ROUTE ] array (
  'type' => 'module',
  'module' => 
  array (
    0 => 'admin',
    1 => 'index',
    2 => NULL,
  ),
)
[ info ] [ HEADER ] array (
  'host' => 'www.tp.com',
  'connection' => 'keep-alive',
  'cache-control' => 'max-age=0',
  'upgrade-insecure-requests' => '1',
  'user-agent' => 'Mozilla/5.0 (Windows NT 10.0; WOW64) AppleWebKit/537.36 (KHTML, like Gecko) Chrome/55.0.2883.87 Safari/537.36',
  'accept' => 'text/html,application/xhtml+xml,application/xml;q=0.9,image/webp,*/*;q=0.8',
  'accept-encoding' => 'gzip, deflate, sdch',
  'accept-language' => 'zh-CN,zh;q=0.8',
  'cookie' => 'pgv_pvi=1522984960',
)
[ info ] [ PARAM ] array (
)
[ info ] [ RUN ] app\admin\controller\Index->index[ C:\xampp\htdocs\tp5\application\admin\controller\Index.php ]
[ info ] [ DB ] INIT mysql
[ info ] [ VIEW ] C:\xampp\htdocs\tp5\public/../application/admin\view\index\index.html [ array (
  0 => 'data',
  1 => 'name',
) ]
[ info ] [ LOG ] INIT File
[ sql ] [ DB ] CONNECT:[ UseTime:0.001009s ] mysql:host=127.0.0.1;port=3306;dbname=tp;charset=utf8
[ sql ] [ SQL ] SHOW COLUMNS FROM `users` [ RunTime:0.005540s ]
[ sql ] [ SQL ] SELECT * FROM `users` LIMIT 1 [ RunTime:0.000430s ]
---------------------------------------------------------------
[ 2019-10-29T22:19:41+08:00 ] 127.0.0.1 GET www.tp.com/admin/index
[è¿è¡Œæ—¶é—´ï¼š0.035365s] [åžåçŽ‡ï¼š28.28req/s] [å†…å­˜æ¶ˆè€—ï¼š1,802.21kb] [æ–‡ä»¶åŠ è½½ï¼š42]
[ info ] [ LANG ] C:\xampp\htdocs\tp5\thinkphp\lang\zh-cn.php
[ info ] [ ROUTE ] array (
  'type' => 'module',
  'module' => 
  array (
    0 => 'admin',
    1 => 'index',
    2 => NULL,
  ),
)
[ info ] [ HEADER ] array (
  'host' => 'www.tp.com',
  'connection' => 'keep-alive',
  'cache-control' => 'max-age=0',
  'upgrade-insecure-requests' => '1',
  'user-agent' => 'Mozilla/5.0 (Windows NT 10.0; WOW64) AppleWebKit/537.36 (KHTML, like Gecko) Chrome/55.0.2883.87 Safari/537.36',
  'accept' => 'text/html,application/xhtml+xml,application/xml;q=0.9,image/webp,*/*;q=0.8',
  'accept-encoding' => 'gzip, deflate, sdch',
  'accept-language' => 'zh-CN,zh;q=0.8',
  'cookie' => 'pgv_pvi=1522984960',
)
[ info ] [ PARAM ] array (
)
[ info ] [ RUN ] app\admin\controller\Index->index[ C:\xampp\htdocs\tp5\application\admin\controller\Index.php ]
[ info ] [ DB ] INIT mysql
[ info ] [ VIEW ] C:\xampp\htdocs\tp5\public/../application/admin\view\index\index.html [ array (
  0 => 'data',
  1 => 'name',
) ]
[ info ] [ LOG ] INIT File
[ sql ] [ DB ] CONNECT:[ UseTime:0.001200s ] mysql:host=127.0.0.1;port=3306;dbname=tp;charset=utf8
[ sql ] [ SQL ] SHOW COLUMNS FROM `users` [ RunTime:0.005854s ]
[ sql ] [ SQL ] SELECT * FROM `users` LIMIT 1 [ RunTime:0.000465s ]
---------------------------------------------------------------
[ 2019-10-29T22:19:41+08:00 ] 127.0.0.1 GET www.tp.com/admin/index
[è¿è¡Œæ—¶é—´ï¼š0.035571s] [åžåçŽ‡ï¼š28.11req/s] [å†…å­˜æ¶ˆè€—ï¼š1,802.21kb] [æ–‡ä»¶åŠ è½½ï¼š42]
[ info ] [ LANG ] C:\xampp\htdocs\tp5\thinkphp\lang\zh-cn.php
[ info ] [ ROUTE ] array (
  'type' => 'module',
  'module' => 
  array (
    0 => 'admin',
    1 => 'index',
    2 => NULL,
  ),
)
[ info ] [ HEADER ] array (
  'host' => 'www.tp.com',
  'connection' => 'keep-alive',
  'cache-control' => 'max-age=0',
  'upgrade-insecure-requests' => '1',
  'user-agent' => 'Mozilla/5.0 (Windows NT 10.0; WOW64) AppleWebKit/537.36 (KHTML, like Gecko) Chrome/55.0.2883.87 Safari/537.36',
  'accept' => 'text/html,application/xhtml+xml,application/xml;q=0.9,image/webp,*/*;q=0.8',
  'accept-encoding' => 'gzip, deflate, sdch',
  'accept-language' => 'zh-CN,zh;q=0.8',
  'cookie' => 'pgv_pvi=1522984960',
)
[ info ] [ PARAM ] array (
)
[ info ] [ RUN ] app\admin\controller\Index->index[ C:\xampp\htdocs\tp5\application\admin\controller\Index.php ]
[ info ] [ DB ] INIT mysql
[ info ] [ VIEW ] C:\xampp\htdocs\tp5\public/../application/admin\view\index\index.html [ array (
  0 => 'data',
  1 => 'name',
) ]
[ info ] [ LOG ] INIT File
[ sql ] [ DB ] CONNECT:[ UseTime:0.001348s ] mysql:host=127.0.0.1;port=3306;dbname=tp;charset=utf8
[ sql ] [ SQL ] SHOW COLUMNS FROM `users` [ RunTime:0.006013s ]
[ sql ] [ SQL ] SELECT * FROM `users` LIMIT 1 [ RunTime:0.000468s ]
---------------------------------------------------------------
[ 2019-10-29T22:19:41+08:00 ] 127.0.0.1 GET www.tp.com/admin/index
[è¿è¡Œæ—¶é—´ï¼š0.036940s] [åžåçŽ‡ï¼š27.07req/s] [å†…å­˜æ¶ˆè€—ï¼š1,802.21kb] [æ–‡ä»¶åŠ è½½ï¼š42]
[ info ] [ LANG ] C:\xampp\htdocs\tp5\thinkphp\lang\zh-cn.php
[ info ] [ ROUTE ] array (
  'type' => 'module',
  'module' => 
  array (
    0 => 'admin',
    1 => 'index',
    2 => NULL,
  ),
)
[ info ] [ HEADER ] array (
  'host' => 'www.tp.com',
  'connection' => 'keep-alive',
  'cache-control' => 'max-age=0',
  'upgrade-insecure-requests' => '1',
  'user-agent' => 'Mozilla/5.0 (Windows NT 10.0; WOW64) AppleWebKit/537.36 (KHTML, like Gecko) Chrome/55.0.2883.87 Safari/537.36',
  'accept' => 'text/html,application/xhtml+xml,application/xml;q=0.9,image/webp,*/*;q=0.8',
  'accept-encoding' => 'gzip, deflate, sdch',
  'accept-language' => 'zh-CN,zh;q=0.8',
  'cookie' => 'pgv_pvi=1522984960',
)
[ info ] [ PARAM ] array (
)
[ info ] [ RUN ] app\admin\controller\Index->index[ C:\xampp\htdocs\tp5\application\admin\controller\Index.php ]
[ info ] [ DB ] INIT mysql
[ info ] [ VIEW ] C:\xampp\htdocs\tp5\public/../application/admin\view\index\index.html [ array (
  0 => 'data',
  1 => 'name',
) ]
[ info ] [ LOG ] INIT File
[ sql ] [ DB ] CONNECT:[ UseTime:0.001103s ] mysql:host=127.0.0.1;port=3306;dbname=tp;charset=utf8
[ sql ] [ SQL ] SHOW COLUMNS FROM `users` [ RunTime:0.006594s ]
[ sql ] [ SQL ] SELECT * FROM `users` LIMIT 1 [ RunTime:0.000480s ]
---------------------------------------------------------------
[ 2019-10-29T22:19:42+08:00 ] 127.0.0.1 GET www.tp.com/admin/index
[è¿è¡Œæ—¶é—´ï¼š0.035933s] [åžåçŽ‡ï¼š27.83req/s] [å†…å­˜æ¶ˆè€—ï¼š1,802.21kb] [æ–‡ä»¶åŠ è½½ï¼š42]
[ info ] [ LANG ] C:\xampp\htdocs\tp5\thinkphp\lang\zh-cn.php
[ info ] [ ROUTE ] array (
  'type' => 'module',
  'module' => 
  array (
    0 => 'admin',
    1 => 'index',
    2 => NULL,
  ),
)
[ info ] [ HEADER ] array (
  'host' => 'www.tp.com',
  'connection' => 'keep-alive',
  'cache-control' => 'max-age=0',
  'upgrade-insecure-requests' => '1',
  'user-agent' => 'Mozilla/5.0 (Windows NT 10.0; WOW64) AppleWebKit/537.36 (KHTML, like Gecko) Chrome/55.0.2883.87 Safari/537.36',
  'accept' => 'text/html,application/xhtml+xml,application/xml;q=0.9,image/webp,*/*;q=0.8',
  'accept-encoding' => 'gzip, deflate, sdch',
  'accept-language' => 'zh-CN,zh;q=0.8',
  'cookie' => 'pgv_pvi=1522984960',
)
[ info ] [ PARAM ] array (
)
[ info ] [ RUN ] app\admin\controller\Index->index[ C:\xampp\htdocs\tp5\application\admin\controller\Index.php ]
[ info ] [ DB ] INIT mysql
[ info ] [ VIEW ] C:\xampp\htdocs\tp5\public/../application/admin\view\index\index.html [ array (
  0 => 'data',
  1 => 'name',
) ]
[ info ] [ LOG ] INIT File
[ sql ] [ DB ] CONNECT:[ UseTime:0.001147s ] mysql:host=127.0.0.1;port=3306;dbname=tp;charset=utf8
[ sql ] [ SQL ] SHOW COLUMNS FROM `users` [ RunTime:0.005818s ]
[ sql ] [ SQL ] SELECT * FROM `users` LIMIT 1 [ RunTime:0.000456s ]
---------------------------------------------------------------
[ 2019-10-29T22:19:42+08:00 ] 127.0.0.1 GET www.tp.com/admin/index
[è¿è¡Œæ—¶é—´ï¼š0.035733s] [åžåçŽ‡ï¼š27.99req/s] [å†…å­˜æ¶ˆè€—ï¼š1,802.21kb] [æ–‡ä»¶åŠ è½½ï¼š42]
[ info ] [ LANG ] C:\xampp\htdocs\tp5\thinkphp\lang\zh-cn.php
[ info ] [ ROUTE ] array (
  'type' => 'module',
  'module' => 
  array (
    0 => 'admin',
    1 => 'index',
    2 => NULL,
  ),
)
[ info ] [ HEADER ] array (
  'host' => 'www.tp.com',
  'connection' => 'keep-alive',
  'cache-control' => 'max-age=0',
  'upgrade-insecure-requests' => '1',
  'user-agent' => 'Mozilla/5.0 (Windows NT 10.0; WOW64) AppleWebKit/537.36 (KHTML, like Gecko) Chrome/55.0.2883.87 Safari/537.36',
  'accept' => 'text/html,application/xhtml+xml,application/xml;q=0.9,image/webp,*/*;q=0.8',
  'accept-encoding' => 'gzip, deflate, sdch',
  'accept-language' => 'zh-CN,zh;q=0.8',
  'cookie' => 'pgv_pvi=1522984960',
)
[ info ] [ PARAM ] array (
)
[ info ] [ RUN ] app\admin\controller\Index->index[ C:\xampp\htdocs\tp5\application\admin\controller\Index.php ]
[ info ] [ DB ] INIT mysql
[ info ] [ VIEW ] C:\xampp\htdocs\tp5\public/../application/admin\view\index\index.html [ array (
  0 => 'data',
  1 => 'name',
) ]
[ info ] [ LOG ] INIT File
[ sql ] [ DB ] CONNECT:[ UseTime:0.001214s ] mysql:host=127.0.0.1;port=3306;dbname=tp;charset=utf8
[ sql ] [ SQL ] SHOW COLUMNS FROM `users` [ RunTime:0.005643s ]
[ sql ] [ SQL ] SELECT * FROM `users` LIMIT 1 [ RunTime:0.000522s ]
---------------------------------------------------------------
[ 2019-10-29T22:19:42+08:00 ] 127.0.0.1 GET www.tp.com/admin/index
[è¿è¡Œæ—¶é—´ï¼š0.043052s] [åžåçŽ‡ï¼š23.23req/s] [å†…å­˜æ¶ˆè€—ï¼š1,802.21kb] [æ–‡ä»¶åŠ è½½ï¼š42]
[ info ] [ LANG ] C:\xampp\htdocs\tp5\thinkphp\lang\zh-cn.php
[ info ] [ ROUTE ] array (
  'type' => 'module',
  'module' => 
  array (
    0 => 'admin',
    1 => 'index',
    2 => NULL,
  ),
)
[ info ] [ HEADER ] array (
  'host' => 'www.tp.com',
  'connection' => 'keep-alive',
  'cache-control' => 'max-age=0',
  'upgrade-insecure-requests' => '1',
  'user-agent' => 'Mozilla/5.0 (Windows NT 10.0; WOW64) AppleWebKit/537.36 (KHTML, like Gecko) Chrome/55.0.2883.87 Safari/537.36',
  'accept' => 'text/html,application/xhtml+xml,application/xml;q=0.9,image/webp,*/*;q=0.8',
  'accept-encoding' => 'gzip, deflate, sdch',
  'accept-language' => 'zh-CN,zh;q=0.8',
  'cookie' => 'pgv_pvi=1522984960',
)
[ info ] [ PARAM ] array (
)
[ info ] [ RUN ] app\admin\controller\Index->index[ C:\xampp\htdocs\tp5\application\admin\controller\Index.php ]
[ info ] [ DB ] INIT mysql
[ info ] [ VIEW ] C:\xampp\htdocs\tp5\public/../application/admin\view\index\index.html [ array (
  0 => 'data',
  1 => 'name',
) ]
[ info ] [ LOG ] INIT File
[ sql ] [ DB ] CONNECT:[ UseTime:0.001264s ] mysql:host=127.0.0.1;port=3306;dbname=tp;charset=utf8
[ sql ] [ SQL ] SHOW COLUMNS FROM `users` [ RunTime:0.005854s ]
[ sql ] [ SQL ] SELECT * FROM `users` LIMIT 1 [ RunTime:0.000521s ]
---------------------------------------------------------------
[ 2019-10-29T22:19:42+08:00 ] 127.0.0.1 GET www.tp.com/admin/index
[è¿è¡Œæ—¶é—´ï¼š0.035284s] [åžåçŽ‡ï¼š28.34req/s] [å†…å­˜æ¶ˆè€—ï¼š1,802.21kb] [æ–‡ä»¶åŠ è½½ï¼š42]
[ info ] [ LANG ] C:\xampp\htdocs\tp5\thinkphp\lang\zh-cn.php
[ info ] [ ROUTE ] array (
  'type' => 'module',
  'module' => 
  array (
    0 => 'admin',
    1 => 'index',
    2 => NULL,
  ),
)
[ info ] [ HEADER ] array (
  'host' => 'www.tp.com',
  'connection' => 'keep-alive',
  'cache-control' => 'max-age=0',
  'upgrade-insecure-requests' => '1',
  'user-agent' => 'Mozilla/5.0 (Windows NT 10.0; WOW64) AppleWebKit/537.36 (KHTML, like Gecko) Chrome/55.0.2883.87 Safari/537.36',
  'accept' => 'text/html,application/xhtml+xml,application/xml;q=0.9,image/webp,*/*;q=0.8',
  'accept-encoding' => 'gzip, deflate, sdch',
  'accept-language' => 'zh-CN,zh;q=0.8',
  'cookie' => 'pgv_pvi=1522984960',
)
[ info ] [ PARAM ] array (
)
[ info ] [ RUN ] app\admin\controller\Index->index[ C:\xampp\htdocs\tp5\application\admin\controller\Index.php ]
[ info ] [ DB ] INIT mysql
[ info ] [ VIEW ] C:\xampp\htdocs\tp5\public/../application/admin\view\index\index.html [ array (
  0 => 'data',
  1 => 'name',
) ]
[ info ] [ LOG ] INIT File
[ sql ] [ DB ] CONNECT:[ UseTime:0.001201s ] mysql:host=127.0.0.1;port=3306;dbname=tp;charset=utf8
[ sql ] [ SQL ] SHOW COLUMNS FROM `users` [ RunTime:0.005649s ]
[ sql ] [ SQL ] SELECT * FROM `users` LIMIT 1 [ RunTime:0.000492s ]
---------------------------------------------------------------
[ 2019-10-29T22:19:42+08:00 ] 127.0.0.1 GET www.tp.com/admin/index
[è¿è¡Œæ—¶é—´ï¼š0.035702s] [åžåçŽ‡ï¼š28.01req/s] [å†…å­˜æ¶ˆè€—ï¼š1,802.21kb] [æ–‡ä»¶åŠ è½½ï¼š42]
[ info ] [ LANG ] C:\xampp\htdocs\tp5\thinkphp\lang\zh-cn.php
[ info ] [ ROUTE ] array (
  'type' => 'module',
  'module' => 
  array (
    0 => 'admin',
    1 => 'index',
    2 => NULL,
  ),
)
[ info ] [ HEADER ] array (
  'host' => 'www.tp.com',
  'connection' => 'keep-alive',
  'cache-control' => 'max-age=0',
  'upgrade-insecure-requests' => '1',
  'user-agent' => 'Mozilla/5.0 (Windows NT 10.0; WOW64) AppleWebKit/537.36 (KHTML, like Gecko) Chrome/55.0.2883.87 Safari/537.36',
  'accept' => 'text/html,application/xhtml+xml,application/xml;q=0.9,image/webp,*/*;q=0.8',
  'accept-encoding' => 'gzip, deflate, sdch',
  'accept-language' => 'zh-CN,zh;q=0.8',
  'cookie' => 'pgv_pvi=1522984960',
)
[ info ] [ PARAM ] array (
)
[ info ] [ RUN ] app\admin\controller\Index->index[ C:\xampp\htdocs\tp5\application\admin\controller\Index.php ]
[ info ] [ DB ] INIT mysql
[ info ] [ VIEW ] C:\xampp\htdocs\tp5\public/../application/admin\view\index\index.html [ array (
  0 => 'data',
  1 => 'name',
) ]
[ info ] [ LOG ] INIT File
[ sql ] [ DB ] CONNECT:[ UseTime:0.001214s ] mysql:host=127.0.0.1;port=3306;dbname=tp;charset=utf8
[ sql ] [ SQL ] SHOW COLUMNS FROM `users` [ RunTime:0.005996s ]
[ sql ] [ SQL ] SELECT * FROM `users` LIMIT 1 [ RunTime:0.000477s ]
---------------------------------------------------------------
[ 2019-10-29T22:19:43+08:00 ] 127.0.0.1 GET www.tp.com/admin/index
[è¿è¡Œæ—¶é—´ï¼š0.046370s] [åžåçŽ‡ï¼š21.57req/s] [å†…å­˜æ¶ˆè€—ï¼š1,802.21kb] [æ–‡ä»¶åŠ è½½ï¼š42]
[ info ] [ LANG ] C:\xampp\htdocs\tp5\thinkphp\lang\zh-cn.php
[ info ] [ ROUTE ] array (
  'type' => 'module',
  'module' => 
  array (
    0 => 'admin',
    1 => 'index',
    2 => NULL,
  ),
)
[ info ] [ HEADER ] array (
  'host' => 'www.tp.com',
  'connection' => 'keep-alive',
  'cache-control' => 'max-age=0',
  'upgrade-insecure-requests' => '1',
  'user-agent' => 'Mozilla/5.0 (Windows NT 10.0; WOW64) AppleWebKit/537.36 (KHTML, like Gecko) Chrome/55.0.2883.87 Safari/537.36',
  'accept' => 'text/html,application/xhtml+xml,application/xml;q=0.9,image/webp,*/*;q=0.8',
  'accept-encoding' => 'gzip, deflate, sdch',
  'accept-language' => 'zh-CN,zh;q=0.8',
  'cookie' => 'pgv_pvi=1522984960',
)
[ info ] [ PARAM ] array (
)
[ info ] [ RUN ] app\admin\controller\Index->index[ C:\xampp\htdocs\tp5\application\admin\controller\Index.php ]
[ info ] [ DB ] INIT mysql
[ info ] [ VIEW ] C:\xampp\htdocs\tp5\public/../application/admin\view\index\index.html [ array (
  0 => 'data',
  1 => 'name',
) ]
[ info ] [ LOG ] INIT File
[ sql ] [ DB ] CONNECT:[ UseTime:0.011610s ] mysql:host=127.0.0.1;port=3306;dbname=tp;charset=utf8
[ sql ] [ SQL ] SHOW COLUMNS FROM `users` [ RunTime:0.006139s ]
[ sql ] [ SQL ] SELECT * FROM `users` LIMIT 1 [ RunTime:0.000487s ]
---------------------------------------------------------------
[ 2019-10-29T22:19:43+08:00 ] 127.0.0.1 GET www.tp.com/admin/index
[è¿è¡Œæ—¶é—´ï¼š0.042197s] [åžåçŽ‡ï¼š23.70req/s] [å†…å­˜æ¶ˆè€—ï¼š1,802.21kb] [æ–‡ä»¶åŠ è½½ï¼š42]
[ info ] [ LANG ] C:\xampp\htdocs\tp5\thinkphp\lang\zh-cn.php
[ info ] [ ROUTE ] array (
  'type' => 'module',
  'module' => 
  array (
    0 => 'admin',
    1 => 'index',
    2 => NULL,
  ),
)
[ info ] [ HEADER ] array (
  'host' => 'www.tp.com',
  'connection' => 'keep-alive',
  'cache-control' => 'max-age=0',
  'upgrade-insecure-requests' => '1',
  'user-agent' => 'Mozilla/5.0 (Windows NT 10.0; WOW64) AppleWebKit/537.36 (KHTML, like Gecko) Chrome/55.0.2883.87 Safari/537.36',
  'accept' => 'text/html,application/xhtml+xml,application/xml;q=0.9,image/webp,*/*;q=0.8',
  'accept-encoding' => 'gzip, deflate, sdch',
  'accept-language' => 'zh-CN,zh;q=0.8',
  'cookie' => 'pgv_pvi=1522984960',
)
[ info ] [ PARAM ] array (
)
[ info ] [ RUN ] app\admin\controller\Index->index[ C:\xampp\htdocs\tp5\application\admin\controller\Index.php ]
[ info ] [ DB ] INIT mysql
[ info ] [ VIEW ] C:\xampp\htdocs\tp5\public/../application/admin\view\index\index.html [ array (
  0 => 'data',
  1 => 'name',
) ]
[ info ] [ LOG ] INIT File
[ sql ] [ DB ] CONNECT:[ UseTime:0.001101s ] mysql:host=127.0.0.1;port=3306;dbname=tp;charset=utf8
[ sql ] [ SQL ] SHOW COLUMNS FROM `users` [ RunTime:0.005826s ]
[ sql ] [ SQL ] SELECT * FROM `users` LIMIT 1 [ RunTime:0.000427s ]
---------------------------------------------------------------
[ 2019-10-29T22:19:43+08:00 ] 127.0.0.1 GET www.tp.com/admin/index
[è¿è¡Œæ—¶é—´ï¼š0.035851s] [åžåçŽ‡ï¼š27.89req/s] [å†…å­˜æ¶ˆè€—ï¼š1,802.21kb] [æ–‡ä»¶åŠ è½½ï¼š42]
[ info ] [ LANG ] C:\xampp\htdocs\tp5\thinkphp\lang\zh-cn.php
[ info ] [ ROUTE ] array (
  'type' => 'module',
  'module' => 
  array (
    0 => 'admin',
    1 => 'index',
    2 => NULL,
  ),
)
[ info ] [ HEADER ] array (
  'host' => 'www.tp.com',
  'connection' => 'keep-alive',
  'cache-control' => 'max-age=0',
  'upgrade-insecure-requests' => '1',
  'user-agent' => 'Mozilla/5.0 (Windows NT 10.0; WOW64) AppleWebKit/537.36 (KHTML, like Gecko) Chrome/55.0.2883.87 Safari/537.36',
  'accept' => 'text/html,application/xhtml+xml,application/xml;q=0.9,image/webp,*/*;q=0.8',
  'accept-encoding' => 'gzip, deflate, sdch',
  'accept-language' => 'zh-CN,zh;q=0.8',
  'cookie' => 'pgv_pvi=1522984960',
)
[ info ] [ PARAM ] array (
)
[ info ] [ RUN ] app\admin\controller\Index->index[ C:\xampp\htdocs\tp5\application\admin\controller\Index.php ]
[ info ] [ DB ] INIT mysql
[ info ] [ VIEW ] C:\xampp\htdocs\tp5\public/../application/admin\view\index\index.html [ array (
  0 => 'data',
  1 => 'name',
) ]
[ info ] [ LOG ] INIT File
[ sql ] [ DB ] CONNECT:[ UseTime:0.001084s ] mysql:host=127.0.0.1;port=3306;dbname=tp;charset=utf8
[ sql ] [ SQL ] SHOW COLUMNS FROM `users` [ RunTime:0.005590s ]
[ sql ] [ SQL ] SELECT * FROM `users` LIMIT 1 [ RunTime:0.000407s ]
---------------------------------------------------------------
[ 2019-10-29T22:19:43+08:00 ] 127.0.0.1 GET www.tp.com/admin/index
[è¿è¡Œæ—¶é—´ï¼š0.035825s] [åžåçŽ‡ï¼š27.91req/s] [å†…å­˜æ¶ˆè€—ï¼š1,802.21kb] [æ–‡ä»¶åŠ è½½ï¼š42]
[ info ] [ LANG ] C:\xampp\htdocs\tp5\thinkphp\lang\zh-cn.php
[ info ] [ ROUTE ] array (
  'type' => 'module',
  'module' => 
  array (
    0 => 'admin',
    1 => 'index',
    2 => NULL,
  ),
)
[ info ] [ HEADER ] array (
  'host' => 'www.tp.com',
  'connection' => 'keep-alive',
  'cache-control' => 'max-age=0',
  'upgrade-insecure-requests' => '1',
  'user-agent' => 'Mozilla/5.0 (Windows NT 10.0; WOW64) AppleWebKit/537.36 (KHTML, like Gecko) Chrome/55.0.2883.87 Safari/537.36',
  'accept' => 'text/html,application/xhtml+xml,application/xml;q=0.9,image/webp,*/*;q=0.8',
  'accept-encoding' => 'gzip, deflate, sdch',
  'accept-language' => 'zh-CN,zh;q=0.8',
  'cookie' => 'pgv_pvi=1522984960',
)
[ info ] [ PARAM ] array (
)
[ info ] [ RUN ] app\admin\controller\Index->index[ C:\xampp\htdocs\tp5\application\admin\controller\Index.php ]
[ info ] [ DB ] INIT mysql
[ info ] [ VIEW ] C:\xampp\htdocs\tp5\public/../application/admin\view\index\index.html [ array (
  0 => 'data',
  1 => 'name',
) ]
[ info ] [ LOG ] INIT File
[ sql ] [ DB ] CONNECT:[ UseTime:0.001050s ] mysql:host=127.0.0.1;port=3306;dbname=tp;charset=utf8
[ sql ] [ SQL ] SHOW COLUMNS FROM `users` [ RunTime:0.005708s ]
[ sql ] [ SQL ] SELECT * FROM `users` LIMIT 1 [ RunTime:0.000454s ]
---------------------------------------------------------------
[ 2019-10-29T22:21:29+08:00 ] 127.0.0.1 GET www.sql.com/
[è¿è¡Œæ—¶é—´ï¼š0.023864s] [åžåçŽ‡ï¼š41.90req/s] [å†…å­˜æ¶ˆè€—ï¼š1,090.67kb] [æ–‡ä»¶åŠ è½½ï¼š32]
[ info ] [ LANG ] C:\xampp\htdocs\tp5\thinkphp\lang\zh-cn.php
[ info ] [ ROUTE ] array (
  'type' => 'module',
  'module' => 
  array (
    0 => '',
    1 => NULL,
    2 => NULL,
  ),
)
[ info ] [ HEADER ] array (
  'host' => 'www.sql.com',
  'connection' => 'keep-alive',
  'upgrade-insecure-requests' => '1',
  'user-agent' => 'Mozilla/5.0 (Windows NT 10.0; WOW64) AppleWebKit/537.36 (KHTML, like Gecko) Chrome/55.0.2883.87 Safari/537.36',
  'accept' => 'text/html,application/xhtml+xml,application/xml;q=0.9,image/webp,*/*;q=0.8',
  'accept-encoding' => 'gzip, deflate, sdch',
  'accept-language' => 'zh-CN,zh;q=0.8',
  'cookie' => 'pgv_pvi=8281097216',
)
[ info ] [ PARAM ] array (
)
[ info ] [ RUN ] app\index\controller\Index->index[ C:\xampp\htdocs\tp5\application\index\controller\Index.php ]
[ info ] [ LOG ] INIT File
---------------------------------------------------------------
[ 2019-10-29T22:21:52+08:00 ] 127.0.0.1 GET www.sql.com/phpgjx
[è¿è¡Œæ—¶é—´ï¼š0.018317s] [åžåçŽ‡ï¼š54.59req/s] [å†…å­˜æ¶ˆè€—ï¼š851.98kb] [æ–‡ä»¶åŠ è½½ï¼š28]
[ info ] [ LANG ] C:\xampp\htdocs\tp5\thinkphp\lang\zh-cn.php
[ info ] [ ROUTE ] array (
  'type' => 'module',
  'module' => 
  array (
    0 => 'phpgjx',
    1 => NULL,
    2 => NULL,
  ),
)
[ info ] [ HEADER ] array (
  'host' => 'www.sql.com',
  'connection' => 'keep-alive',
  'upgrade-insecure-requests' => '1',
  'user-agent' => 'Mozilla/5.0 (Windows NT 10.0; WOW64) AppleWebKit/537.36 (KHTML, like Gecko) Chrome/55.0.2883.87 Safari/537.36',
  'accept' => 'text/html,application/xhtml+xml,application/xml;q=0.9,image/webp,*/*;q=0.8',
  'accept-encoding' => 'gzip, deflate, sdch',
  'accept-language' => 'zh-CN,zh;q=0.8',
  'cookie' => 'pgv_pvi=8281097216; pgv_si=s3651591168',
)
[ info ] [ PARAM ] array (
)
[ info ] [ LOG ] INIT File
---------------------------------------------------------------
[ 2019-10-29T22:22:25+08:00 ] 127.0.0.1 GET www.sql.com/phpgjx
[è¿è¡Œæ—¶é—´ï¼š0.029129s] [åžåçŽ‡ï¼š34.33req/s] [å†…å­˜æ¶ˆè€—ï¼š857.95kb] [æ–‡ä»¶åŠ è½½ï¼š30]
[ info ] [ LANG ] C:\xampp\htdocs\tp5\thinkphp\lang\zh-cn.php
[ info ] [ ROUTE ] array (
  'type' => 'module',
  'module' => 
  array (
    0 => 'phpgjx',
    1 => NULL,
    2 => NULL,
  ),
)
[ info ] [ HEADER ] array (
  'host' => 'www.sql.com',
  'connection' => 'keep-alive',
  'cache-control' => 'max-age=0',
  'upgrade-insecure-requests' => '1',
  'user-agent' => 'Mozilla/5.0 (Windows NT 10.0; WOW64) AppleWebKit/537.36 (KHTML, like Gecko) Chrome/55.0.2883.87 Safari/537.36',
  'accept' => 'text/html,application/xhtml+xml,application/xml;q=0.9,image/webp,*/*;q=0.8',
  'accept-encoding' => 'gzip, deflate, sdch',
  'accept-language' => 'zh-CN,zh;q=0.8',
  'cookie' => 'pgv_pvi=8281097216; pgv_si=s3651591168',
)
[ info ] [ PARAM ] array (
)
[ info ] [ LOG ] INIT File
---------------------------------------------------------------
[ 2019-10-29T22:22:26+08:00 ] 127.0.0.1 GET www.sql.com/phpgjx
[è¿è¡Œæ—¶é—´ï¼š0.018732s] [åžåçŽ‡ï¼š53.39req/s] [å†…å­˜æ¶ˆè€—ï¼š857.95kb] [æ–‡ä»¶åŠ è½½ï¼š30]
[ info ] [ LANG ] C:\xampp\htdocs\tp5\thinkphp\lang\zh-cn.php
[ info ] [ ROUTE ] array (
  'type' => 'module',
  'module' => 
  array (
    0 => 'phpgjx',
    1 => NULL,
    2 => NULL,
  ),
)
[ info ] [ HEADER ] array (
  'host' => 'www.sql.com',
  'connection' => 'keep-alive',
  'cache-control' => 'max-age=0',
  'upgrade-insecure-requests' => '1',
  'user-agent' => 'Mozilla/5.0 (Windows NT 10.0; WOW64) AppleWebKit/537.36 (KHTML, like Gecko) Chrome/55.0.2883.87 Safari/537.36',
  'accept' => 'text/html,application/xhtml+xml,application/xml;q=0.9,image/webp,*/*;q=0.8',
  'accept-encoding' => 'gzip, deflate, sdch',
  'accept-language' => 'zh-CN,zh;q=0.8',
  'cookie' => 'pgv_pvi=8281097216; pgv_si=s3651591168',
)
[ info ] [ PARAM ] array (
)
[ info ] [ LOG ] INIT File
---------------------------------------------------------------
[ 2019-10-29T22:23:06+08:00 ] 127.0.0.1 GET www.sql.com/phpgjx
[è¿è¡Œæ—¶é—´ï¼š0.030622s] [åžåçŽ‡ï¼š32.66req/s] [å†…å­˜æ¶ˆè€—ï¼š855.13kb] [æ–‡ä»¶åŠ è½½ï¼š29]
[ info ] [ LANG ] C:\xampp\htdocs\tp5\thinkphp\lang\zh-cn.php
[ info ] [ ROUTE ] array (
  'type' => 'module',
  'module' => 
  array (
    0 => 'phpgjx',
    1 => NULL,
    2 => NULL,
  ),
)
[ info ] [ HEADER ] array (
  'host' => 'www.sql.com',
  'connection' => 'keep-alive',
  'cache-control' => 'max-age=0',
  'upgrade-insecure-requests' => '1',
  'user-agent' => 'Mozilla/5.0 (Windows NT 10.0; WOW64) AppleWebKit/537.36 (KHTML, like Gecko) Chrome/55.0.2883.87 Safari/537.36',
  'accept' => 'text/html,application/xhtml+xml,application/xml;q=0.9,image/webp,*/*;q=0.8',
  'accept-encoding' => 'gzip, deflate, sdch',
  'accept-language' => 'zh-CN,zh;q=0.8',
  'cookie' => 'pgv_pvi=8281097216; pgv_si=s3651591168',
)
[ info ] [ PARAM ] array (
)
[ info ] [ LOG ] INIT File
---------------------------------------------------------------
[ 2019-10-29T22:23:41+08:00 ] 127.0.0.1 GET www.sql.com/phpgjx
[è¿è¡Œæ—¶é—´ï¼š0.019887s] [åžåçŽ‡ï¼š50.28req/s] [å†…å­˜æ¶ˆè€—ï¼š860.84kb] [æ–‡ä»¶åŠ è½½ï¼š32]
[ info ] [ LANG ] C:\xampp\htdocs\tp5\thinkphp\lang\zh-cn.php
[ info ] [ ROUTE ] array (
  'type' => 'module',
  'module' => 
  array (
    0 => 'phpgjx',
    1 => NULL,
    2 => NULL,
  ),
)
[ info ] [ HEADER ] array (
  'host' => 'www.sql.com',
  'connection' => 'keep-alive',
  'cache-control' => 'max-age=0',
  'upgrade-insecure-requests' => '1',
  'user-agent' => 'Mozilla/5.0 (Windows NT 10.0; WOW64) AppleWebKit/537.36 (KHTML, like Gecko) Chrome/55.0.2883.87 Safari/537.36',
  'accept' => 'text/html,application/xhtml+xml,application/xml;q=0.9,image/webp,*/*;q=0.8',
  'accept-encoding' => 'gzip, deflate, sdch',
  'accept-language' => 'zh-CN,zh;q=0.8',
  'cookie' => 'pgv_pvi=8281097216; pgv_si=s3651591168',
)
[ info ] [ PARAM ] array (
)
[ info ] [ LOG ] INIT File
---------------------------------------------------------------
[ 2019-10-29T22:23:42+08:00 ] 127.0.0.1 GET www.sql.com/js/fn.js
[è¿è¡Œæ—¶é—´ï¼š0.025910s] [åžåçŽ‡ï¼š38.59req/s] [å†…å­˜æ¶ˆè€—ï¼š851.79kb] [æ–‡ä»¶åŠ è½½ï¼š28]
[ info ] [ LANG ] C:\xampp\htdocs\tp5\thinkphp\lang\zh-cn.php
[ info ] [ ROUTE ] array (
  'type' => 'module',
  'module' => 
  array (
    0 => 'js',
    1 => 'fn.js',
    2 => NULL,
  ),
)
[ info ] [ HEADER ] array (
  'host' => 'www.sql.com',
  'connection' => 'keep-alive',
  'user-agent' => 'Mozilla/5.0 (Windows NT 10.0; WOW64) AppleWebKit/537.36 (KHTML, like Gecko) Chrome/55.0.2883.87 Safari/537.36',
  'accept' => '*/*',
  'referer' => 'http://www.sql.com/phpgjx',
  'accept-encoding' => 'gzip, deflate, sdch',
  'accept-language' => 'zh-CN,zh;q=0.8',
  'cookie' => 'pgv_pvi=8281097216; pgv_si=s3651591168',
)
[ info ] [ PARAM ] array (
)
[ info ] [ LOG ] INIT File
---------------------------------------------------------------
[ 2019-10-29T22:23:42+08:00 ] 127.0.0.1 GET www.sql.com/js/jquery-1.11.1.js
[è¿è¡Œæ—¶é—´ï¼š0.029323s] [åžåçŽ‡ï¼š34.10req/s] [å†…å­˜æ¶ˆè€—ï¼š851.92kb] [æ–‡ä»¶åŠ è½½ï¼š28]
[ info ] [ LANG ] C:\xampp\htdocs\tp5\thinkphp\lang\zh-cn.php
[ info ] [ ROUTE ] array (
  'type' => 'module',
  'module' => 
  array (
    0 => 'js',
    1 => 'jquery-1.11.1.js',
    2 => NULL,
  ),
)
[ info ] [ HEADER ] array (
  'host' => 'www.sql.com',
  'connection' => 'keep-alive',
  'user-agent' => 'Mozilla/5.0 (Windows NT 10.0; WOW64) AppleWebKit/537.36 (KHTML, like Gecko) Chrome/55.0.2883.87 Safari/537.36',
  'accept' => '*/*',
  'referer' => 'http://www.sql.com/phpgjx',
  'accept-encoding' => 'gzip, deflate, sdch',
  'accept-language' => 'zh-CN,zh;q=0.8',
  'cookie' => 'pgv_pvi=8281097216; pgv_si=s3651591168',
)
[ info ] [ PARAM ] array (
)
[ info ] [ LOG ] INIT File
---------------------------------------------------------------
[ 2019-10-29T22:23:42+08:00 ] 127.0.0.1 GET www.sql.com/images/gj4.jpg
[è¿è¡Œæ—¶é—´ï¼š0.031663s] [åžåçŽ‡ï¼š31.58req/s] [å†…å­˜æ¶ˆè€—ï¼š852.02kb] [æ–‡ä»¶åŠ è½½ï¼š28]
[ info ] [ LANG ] C:\xampp\htdocs\tp5\thinkphp\lang\zh-cn.php
[ info ] [ ROUTE ] array (
  'type' => 'module',
  'module' => 
  array (
    0 => 'images',
    1 => 'gj4.jpg',
    2 => NULL,
  ),
)
[ info ] [ HEADER ] array (
  'host' => 'www.sql.com',
  'connection' => 'keep-alive',
  'user-agent' => 'Mozilla/5.0 (Windows NT 10.0; WOW64) AppleWebKit/537.36 (KHTML, like Gecko) Chrome/55.0.2883.87 Safari/537.36',
  'accept' => 'image/webp,image/*,*/*;q=0.8',
  'referer' => 'http://www.sql.com/phpgjx',
  'accept-encoding' => 'gzip, deflate, sdch',
  'accept-language' => 'zh-CN,zh;q=0.8',
  'cookie' => 'pgv_pvi=8281097216; pgv_si=s3651591168',
)
[ info ] [ PARAM ] array (
)
[ info ] [ LOG ] INIT File
---------------------------------------------------------------
[ 2019-10-29T22:23:42+08:00 ] 127.0.0.1 GET www.sql.com/images/gj1.jpg
[è¿è¡Œæ—¶é—´ï¼š0.041705s] [åžåçŽ‡ï¼š23.98req/s] [å†…å­˜æ¶ˆè€—ï¼š852.02kb] [æ–‡ä»¶åŠ è½½ï¼š28]
[ info ] [ LANG ] C:\xampp\htdocs\tp5\thinkphp\lang\zh-cn.php
[ info ] [ ROUTE ] array (
  'type' => 'module',
  'module' => 
  array (
    0 => 'images',
    1 => 'gj1.jpg',
    2 => NULL,
  ),
)
[ info ] [ HEADER ] array (
  'host' => 'www.sql.com',
  'connection' => 'keep-alive',
  'user-agent' => 'Mozilla/5.0 (Windows NT 10.0; WOW64) AppleWebKit/537.36 (KHTML, like Gecko) Chrome/55.0.2883.87 Safari/537.36',
  'accept' => 'image/webp,image/*,*/*;q=0.8',
  'referer' => 'http://www.sql.com/phpgjx',
  'accept-encoding' => 'gzip, deflate, sdch',
  'accept-language' => 'zh-CN,zh;q=0.8',
  'cookie' => 'pgv_pvi=8281097216; pgv_si=s3651591168',
)
[ info ] [ PARAM ] array (
)
[ info ] [ LOG ] INIT File
---------------------------------------------------------------
[ 2019-10-29T22:23:42+08:00 ] 127.0.0.1 GET www.sql.com/images/gj2.jpg
[è¿è¡Œæ—¶é—´ï¼š0.041844s] [åžåçŽ‡ï¼š23.90req/s] [å†…å­˜æ¶ˆè€—ï¼š852.02kb] [æ–‡ä»¶åŠ è½½ï¼š28]
[ info ] [ LANG ] C:\xampp\htdocs\tp5\thinkphp\lang\zh-cn.php
[ info ] [ ROUTE ] array (
  'type' => 'module',
  'module' => 
  array (
    0 => 'images',
    1 => 'gj2.jpg',
    2 => NULL,
  ),
)
[ info ] [ HEADER ] array (
  'host' => 'www.sql.com',
  'connection' => 'keep-alive',
  'user-agent' => 'Mozilla/5.0 (Windows NT 10.0; WOW64) AppleWebKit/537.36 (KHTML, like Gecko) Chrome/55.0.2883.87 Safari/537.36',
  'accept' => 'image/webp,image/*,*/*;q=0.8',
  'referer' => 'http://www.sql.com/phpgjx',
  'accept-encoding' => 'gzip, deflate, sdch',
  'accept-language' => 'zh-CN,zh;q=0.8',
  'cookie' => 'pgv_pvi=8281097216; pgv_si=s3651591168',
)
[ info ] [ PARAM ] array (
)
[ info ] [ LOG ] INIT File
---------------------------------------------------------------
[ 2019-10-29T22:23:42+08:00 ] 127.0.0.1 GET www.sql.com/css/style.css
[è¿è¡Œæ—¶é—´ï¼š0.045153s] [åžåçŽ‡ï¼š22.15req/s] [å†…å­˜æ¶ˆè€—ï¼š852.00kb] [æ–‡ä»¶åŠ è½½ï¼š28]
[ info ] [ LANG ] C:\xampp\htdocs\tp5\thinkphp\lang\zh-cn.php
[ info ] [ ROUTE ] array (
  'type' => 'module',
  'module' => 
  array (
    0 => 'css',
    1 => 'style.css',
    2 => NULL,
  ),
)
[ info ] [ HEADER ] array (
  'host' => 'www.sql.com',
  'connection' => 'keep-alive',
  'user-agent' => 'Mozilla/5.0 (Windows NT 10.0; WOW64) AppleWebKit/537.36 (KHTML, like Gecko) Chrome/55.0.2883.87 Safari/537.36',
  'accept' => 'text/css,*/*;q=0.1',
  'referer' => 'http://www.sql.com/phpgjx',
  'accept-encoding' => 'gzip, deflate, sdch',
  'accept-language' => 'zh-CN,zh;q=0.8',
  'cookie' => 'pgv_pvi=8281097216; pgv_si=s3651591168',
)
[ info ] [ PARAM ] array (
)
[ info ] [ LOG ] INIT File
---------------------------------------------------------------
[ 2019-10-29T22:23:42+08:00 ] 127.0.0.1 GET www.sql.com/js/fn.js
[è¿è¡Œæ—¶é—´ï¼š0.021138s] [åžåçŽ‡ï¼š47.31req/s] [å†…å­˜æ¶ˆè€—ï¼š851.79kb] [æ–‡ä»¶åŠ è½½ï¼š28]
[ info ] [ LANG ] C:\xampp\htdocs\tp5\thinkphp\lang\zh-cn.php
[ info ] [ ROUTE ] array (
  'type' => 'module',
  'module' => 
  array (
    0 => 'js',
    1 => 'fn.js',
    2 => NULL,
  ),
)
[ info ] [ HEADER ] array (
  'host' => 'www.sql.com',
  'connection' => 'keep-alive',
  'user-agent' => 'Mozilla/5.0 (Windows NT 10.0; WOW64) AppleWebKit/537.36 (KHTML, like Gecko) Chrome/55.0.2883.87 Safari/537.36',
  'accept' => '*/*',
  'referer' => 'http://www.sql.com/phpgjx',
  'accept-encoding' => 'gzip, deflate, sdch',
  'accept-language' => 'zh-CN,zh;q=0.8',
  'cookie' => 'pgv_pvi=8281097216; pgv_si=s3651591168',
)
[ info ] [ PARAM ] array (
)
[ info ] [ LOG ] INIT File
---------------------------------------------------------------
[ 2019-10-29T22:23:42+08:00 ] 127.0.0.1 GET www.sql.com/css/style.css
[è¿è¡Œæ—¶é—´ï¼š0.019102s] [åžåçŽ‡ï¼š52.35req/s] [å†…å­˜æ¶ˆè€—ï¼š852.00kb] [æ–‡ä»¶åŠ è½½ï¼š28]
[ info ] [ LANG ] C:\xampp\htdocs\tp5\thinkphp\lang\zh-cn.php
[ info ] [ ROUTE ] array (
  'type' => 'module',
  'module' => 
  array (
    0 => 'css',
    1 => 'style.css',
    2 => NULL,
  ),
)
[ info ] [ HEADER ] array (
  'host' => 'www.sql.com',
  'connection' => 'keep-alive',
  'user-agent' => 'Mozilla/5.0 (Windows NT 10.0; WOW64) AppleWebKit/537.36 (KHTML, like Gecko) Chrome/55.0.2883.87 Safari/537.36',
  'accept' => 'text/css,*/*;q=0.1',
  'referer' => 'http://www.sql.com/phpgjx',
  'accept-encoding' => 'gzip, deflate, sdch',
  'accept-language' => 'zh-CN,zh;q=0.8',
  'cookie' => 'pgv_pvi=8281097216; pgv_si=s3651591168',
)
[ info ] [ PARAM ] array (
)
[ info ] [ LOG ] INIT File
 INIT File
---------------------------------------------------------------
[ 2019-10-29T22:23:42+08:00 ] 127.0.0.1 GET www.sql.com/images/gj4.jpg
[è¿è¡Œæ—¶é—´ï¼š0.018296s] [åžåçŽ‡ï¼š54.66req/s] [å†…å­˜æ¶ˆè€—ï¼š852.02kb] [æ–‡ä»¶åŠ è½½ï¼š28]
[ info ] [ LANG ] C:\xampp\htdocs\tp5\thinkphp\lang\zh-cn.php
[ info ] [ ROUTE ] array (
  'type' => 'module',
  'module' => 
  array (
    0 => 'images',
    1 => 'gj4.jpg',
    2 => NULL,
  ),
)
[ info ] [ HEADER ] array (
  'host' => 'www.sql.com',
  'connection' => 'keep-alive',
  'user-agent' => 'Mozilla/5.0 (Windows NT 10.0; WOW64) AppleWebKit/537.36 (KHTML, like Gecko) Chrome/55.0.2883.87 Safari/537.36',
  'accept' => 'image/webp,image/*,*/*;q=0.8',
  'referer' => 'http://www.sql.com/phpgjx',
  'accept-encoding' => 'gzip, deflate, sdch',
  'accept-language' => 'zh-CN,zh;q=0.8',
  'cookie' => 'pgv_pvi=8281097216; pgv_si=s3651591168',
)
[ info ] [ PARAM ] array (
)
[ info ] [ LOG ] INIT File
---------------------------------------------------------------
[ 2019-10-29T22:23:42+08:00 ] 127.0.0.1 GET www.sql.com/control_panel.php
[è¿è¡Œæ—¶é—´ï¼š0.018607s] [åžåçŽ‡ï¼š53.74req/s] [å†…å­˜æ¶ˆè€—ï¼š852.94kb] [æ–‡ä»¶åŠ è½½ï¼š28]
[ info ] [ LANG ] C:\xampp\htdocs\tp5\thinkphp\lang\zh-cn.php
[ info ] [ ROUTE ] array (
  'type' => 'module',
  'module' => 
  array (
    0 => 'control_panel.php',
    1 => NULL,
    2 => NULL,
  ),
)
[ info ] [ HEADER ] array (
  'host' => 'www.sql.com',
  'connection' => 'keep-alive',
  'upgrade-insecure-requests' => '1',
  'user-agent' => 'Mozilla/5.0 (Windows NT 10.0; WOW64) AppleWebKit/537.36 (KHTML, like Gecko) Chrome/55.0.2883.87 Safari/537.36',
  'accept' => 'text/html,application/xhtml+xml,application/xml;q=0.9,image/webp,*/*;q=0.8',
  'referer' => 'http://www.sql.com/phpgjx',
  'accept-encoding' => 'gzip, deflate, sdch',
  'accept-language' => 'zh-CN,zh;q=0.8',
  'cookie' => 'pgv_pvi=8281097216; pgv_si=s3651591168',
)
[ info ] [ PARAM ] array (
)
[ info ] [ LOG ] INIT File
---------------------------------------------------------------
[ 2019-10-29T22:23:48+08:00 ] 127.0.0.1 GET www.sql.com/phpgjx
[è¿è¡Œæ—¶é—´ï¼š0.029217s] [åžåçŽ‡ï¼š34.23req/s] [å†…å­˜æ¶ˆè€—ï¼š855.13kb] [æ–‡ä»¶åŠ è½½ï¼š29]
[ info ] [ LANG ] C:\xampp\htdocs\tp5\thinkphp\lang\zh-cn.php
[ info ] [ ROUTE ] array (
  'type' => 'module',
  'module' => 
  array (
    0 => 'phpgjx',
    1 => NULL,
    2 => NULL,
  ),
)
[ info ] [ HEADER ] array (
  'host' => 'www.sql.com',
  'connection' => 'keep-alive',
  'cache-control' => 'max-age=0',
  'upgrade-insecure-requests' => '1',
  'user-agent' => 'Mozilla/5.0 (Windows NT 10.0; WOW64) AppleWebKit/537.36 (KHTML, like Gecko) Chrome/55.0.2883.87 Safari/537.36',
  'accept' => 'text/html,application/xhtml+xml,application/xml;q=0.9,image/webp,*/*;q=0.8',
  'accept-encoding' => 'gzip, deflate, sdch',
  'accept-language' => 'zh-CN,zh;q=0.8',
  'cookie' => 'pgv_pvi=8281097216; pgv_si=s3651591168',
)
[ info ] [ PARAM ] array (
)
[ info ] [ LOG ] INIT File
---------------------------------------------------------------
[ 2019-10-29T22:23:51+08:00 ] 127.0.0.1 GET www.sql.com/phpgjx
[è¿è¡Œæ—¶é—´ï¼š0.018522s] [åžåçŽ‡ï¼š53.99req/s] [å†…å­˜æ¶ˆè€—ï¼š855.13kb] [æ–‡ä»¶åŠ è½½ï¼š29]
[ info ] [ LANG ] C:\xampp\htdocs\tp5\thinkphp\lang\zh-cn.php
[ info ] [ ROUTE ] array (
  'type' => 'module',
  'module' => 
  array (
    0 => 'phpgjx',
    1 => NULL,
    2 => NULL,
  ),
)
[ info ] [ HEADER ] array (
  'host' => 'www.sql.com',
  'connection' => 'keep-alive',
  'cache-control' => 'max-age=0',
  'upgrade-insecure-requests' => '1',
  'user-agent' => 'Mozilla/5.0 (Windows NT 10.0; WOW64) AppleWebKit/537.36 (KHTML, like Gecko) Chrome/55.0.2883.87 Safari/537.36',
  'accept' => 'text/html,application/xhtml+xml,application/xml;q=0.9,image/webp,*/*;q=0.8',
  'accept-encoding' => 'gzip, deflate, sdch',
  'accept-language' => 'zh-CN,zh;q=0.8',
  'cookie' => 'pgv_pvi=8281097216; pgv_si=s3651591168',
)
[ info ] [ PARAM ] array (
)
[ info ] [ LOG ] INIT File
---------------------------------------------------------------
[ 2019-10-29T22:23:51+08:00 ] 127.0.0.1 GET www.sql.com/phpgjx
[è¿è¡Œæ—¶é—´ï¼š0.019163s] [åžåçŽ‡ï¼š52.18req/s] [å†…å­˜æ¶ˆè€—ï¼š855.13kb] [æ–‡ä»¶åŠ è½½ï¼š29]
[ info ] [ LANG ] C:\xampp\htdocs\tp5\thinkphp\lang\zh-cn.php
[ info ] [ ROUTE ] array (
  'type' => 'module',
  'module' => 
  array (
    0 => 'phpgjx',
    1 => NULL,
    2 => NULL,
  ),
)
[ info ] [ HEADER ] array (
  'host' => 'www.sql.com',
  'connection' => 'keep-alive',
  'cache-control' => 'max-age=0',
  'upgrade-insecure-requests' => '1',
  'user-agent' => 'Mozilla/5.0 (Windows NT 10.0; WOW64) AppleWebKit/537.36 (KHTML, like Gecko) Chrome/55.0.2883.87 Safari/537.36',
  'accept' => 'text/html,application/xhtml+xml,application/xml;q=0.9,image/webp,*/*;q=0.8',
  'accept-encoding' => 'gzip, deflate, sdch',
  'accept-language' => 'zh-CN,zh;q=0.8',
  'cookie' => 'pgv_pvi=8281097216; pgv_si=s3651591168',
)
[ info ] [ PARAM ] array (
)
[ info ] [ LOG ] INIT File
---------------------------------------------------------------
[ 2019-10-29T22:23:52+08:00 ] 127.0.0.1 GET www.sql.com/phpgjx
[è¿è¡Œæ—¶é—´ï¼š0.018216s] [åžåçŽ‡ï¼š54.90req/s] [å†…å­˜æ¶ˆè€—ï¼š855.13kb] [æ–‡ä»¶åŠ è½½ï¼š29]
[ info ] [ LANG ] C:\xampp\htdocs\tp5\thinkphp\lang\zh-cn.php
[ info ] [ ROUTE ] array (
  'type' => 'module',
  'module' => 
  array (
    0 => 'phpgjx',
    1 => NULL,
    2 => NULL,
  ),
)
[ info ] [ HEADER ] array (
  'host' => 'www.sql.com',
  'connection' => 'keep-alive',
  'cache-control' => 'max-age=0',
  'upgrade-insecure-requests' => '1',
  'user-agent' => 'Mozilla/5.0 (Windows NT 10.0; WOW64) AppleWebKit/537.36 (KHTML, like Gecko) Chrome/55.0.2883.87 Safari/537.36',
  'accept' => 'text/html,application/xhtml+xml,application/xml;q=0.9,image/webp,*/*;q=0.8',
  'accept-encoding' => 'gzip, deflate, sdch',
  'accept-language' => 'zh-CN,zh;q=0.8',
  'cookie' => 'pgv_pvi=8281097216; pgv_si=s3651591168',
)
[ info ] [ PARAM ] array (
)
[ info ] [ LOG ] INIT File
