---------------------------------------------------------------
[ 2019-11-15T19:56:43+08:00 ] 0.0.0.0 GET localhost/tp5/public/admin
[运行时间：0.040327s] [吞吐率：24.80req/s] [内存消耗：1,154.48kb] [文件加载：37]
[ info ] [ LANG ] C:\xampp\htdocs\tp5\thinkphp\lang\zh-cn.php
[ info ] [ ROUTE ] array (
  'type' => 'module',
  'module' => 
  array (
    0 => 'admin',
    1 => NULL,
    2 => NULL,
  ),
)
[ info ] [ HEADER ] array (
  'host' => 'localhost',
  'connection' => 'keep-alive',
  'upgrade-insecure-requests' => '1',
  'user-agent' => 'Mozilla/5.0 (Windows NT 10.0; Win64; x64) AppleWebKit/537.36 (KHTML, like Gecko) Chrome/78.0.3904.97 Safari/537.36',
  'sec-fetch-user' => '?1',
  'accept' => 'text/html,application/xhtml+xml,application/xml;q=0.9,image/webp,image/apng,*/*;q=0.8,application/signed-exchange;v=b3',
  'sec-fetch-site' => 'none',
  'sec-fetch-mode' => 'navigate',
  'accept-encoding' => 'gzip, deflate, br',
  'accept-language' => 'zh-CN,zh;q=0.9,en;q=0.8',
  'cookie' => 'Webstorm-bbf7ba1a=4adf1af4-7758-46da-b7ef-784892210ecd; _ga=GA1.1.1847825167.1565618075; Phpstorm-59ffdf3e=4f9c2124-f037-4135-ab85-dd17671ecb82; pgv_pvi=4210754560',
)
[ info ] [ PARAM ] array (
)
[ info ] [ RUN ] app\admin\controller\Index->index[ C:\xampp\htdocs\tp5\application\admin\controller\Index.php ]
[ info ] [ VIEW ] C:\xampp\htdocs\tp5\public/../application/admin\view\index\index.htm [ array (
) ]
[ info ] [ LOG ] INIT File
---------------------------------------------------------------
[ 2019-11-15T19:56:53+08:00 ] 0.0.0.0 GET localhost/tp5/public/admin/admin/lst.html
[运行时间：0.047442s] [吞吐率：21.08req/s] [内存消耗：1,161.47kb] [文件加载：37]
[ info ] [ LANG ] C:\xampp\htdocs\tp5\thinkphp\lang\zh-cn.php
[ info ] [ ROUTE ] array (
  'type' => 'module',
  'module' => 
  array (
    0 => 'admin',
    1 => 'admin',
    2 => 'lst',
  ),
)
[ info ] [ HEADER ] array (
  'host' => 'localhost',
  'connection' => 'keep-alive',
  'upgrade-insecure-requests' => '1',
  'user-agent' => 'Mozilla/5.0 (Windows NT 10.0; Win64; x64) AppleWebKit/537.36 (KHTML, like Gecko) Chrome/78.0.3904.97 Safari/537.36',
  'sec-fetch-user' => '?1',
  'accept' => 'text/html,application/xhtml+xml,application/xml;q=0.9,image/webp,image/apng,*/*;q=0.8,application/signed-exchange;v=b3',
  'sec-fetch-site' => 'same-origin',
  'sec-fetch-mode' => 'navigate',
  'referer' => 'http://localhost/tp5/public/admin',
  'accept-encoding' => 'gzip, deflate, br',
  'accept-language' => 'zh-CN,zh;q=0.9,en;q=0.8',
  'cookie' => 'Webstorm-bbf7ba1a=4adf1af4-7758-46da-b7ef-784892210ecd; _ga=GA1.1.1847825167.1565618075; Phpstorm-59ffdf3e=4f9c2124-f037-4135-ab85-dd17671ecb82; pgv_pvi=4210754560',
)
[ info ] [ PARAM ] array (
)
[ info ] [ RUN ] app\admin\controller\Admin->lst[ C:\xampp\htdocs\tp5\application\admin\controller\Admin.php ]
[ info ] [ VIEW ] C:\xampp\htdocs\tp5\public/../application/admin\view\admin\lst.htm [ array (
) ]
[ info ] [ LOG ] INIT File
---------------------------------------------------------------
[ 2019-11-15T19:56:55+08:00 ] 0.0.0.0 GET localhost/tp5/public/admin/admin/add.html
[运行时间：0.023712s] [吞吐率：42.17req/s] [内存消耗：1,160.45kb] [文件加载：37]
[ info ] [ LANG ] C:\xampp\htdocs\tp5\thinkphp\lang\zh-cn.php
[ info ] [ ROUTE ] array (
  'type' => 'module',
  'module' => 
  array (
    0 => 'admin',
    1 => 'admin',
    2 => 'add',
  ),
)
[ info ] [ HEADER ] array (
  'host' => 'localhost',
  'connection' => 'keep-alive',
  'upgrade-insecure-requests' => '1',
  'user-agent' => 'Mozilla/5.0 (Windows NT 10.0; Win64; x64) AppleWebKit/537.36 (KHTML, like Gecko) Chrome/78.0.3904.97 Safari/537.36',
  'sec-fetch-user' => '?1',
  'accept' => 'text/html,application/xhtml+xml,application/xml;q=0.9,image/webp,image/apng,*/*;q=0.8,application/signed-exchange;v=b3',
  'sec-fetch-site' => 'same-origin',
  'sec-fetch-mode' => 'navigate',
  'referer' => 'http://localhost/tp5/public/admin/admin/lst.html',
  'accept-encoding' => 'gzip, deflate, br',
  'accept-language' => 'zh-CN,zh;q=0.9,en;q=0.8',
  'cookie' => 'Webstorm-bbf7ba1a=4adf1af4-7758-46da-b7ef-784892210ecd; _ga=GA1.1.1847825167.1565618075; Phpstorm-59ffdf3e=4f9c2124-f037-4135-ab85-dd17671ecb82; pgv_pvi=4210754560',
)
[ info ] [ PARAM ] array (
)
[ info ] [ RUN ] app\admin\controller\Admin->add[ C:\xampp\htdocs\tp5\application\admin\controller\Admin.php ]
[ info ] [ VIEW ] C:\xampp\htdocs\tp5\public/../application/admin\view\admin\add.htm [ array (
) ]
[ info ] [ LOG ] INIT File
---------------------------------------------------------------
[ 2019-11-15T19:56:56+08:00 ] 0.0.0.0 GET localhost/tp5/public/admin/admin/lst.html
[运行时间：0.021567s] [吞吐率：46.37req/s] [内存消耗：1,161.54kb] [文件加载：37]
[ info ] [ LANG ] C:\xampp\htdocs\tp5\thinkphp\lang\zh-cn.php
[ info ] [ ROUTE ] array (
  'type' => 'module',
  'module' => 
  array (
    0 => 'admin',
    1 => 'admin',
    2 => 'lst',
  ),
)
[ info ] [ HEADER ] array (
  'host' => 'localhost',
  'connection' => 'keep-alive',
  'upgrade-insecure-requests' => '1',
  'user-agent' => 'Mozilla/5.0 (Windows NT 10.0; Win64; x64) AppleWebKit/537.36 (KHTML, like Gecko) Chrome/78.0.3904.97 Safari/537.36',
  'sec-fetch-user' => '?1',
  'accept' => 'text/html,application/xhtml+xml,application/xml;q=0.9,image/webp,image/apng,*/*;q=0.8,application/signed-exchange;v=b3',
  'sec-fetch-site' => 'same-origin',
  'sec-fetch-mode' => 'navigate',
  'referer' => 'http://localhost/tp5/public/admin/admin/add.html',
  'accept-encoding' => 'gzip, deflate, br',
  'accept-language' => 'zh-CN,zh;q=0.9,en;q=0.8',
  'cookie' => 'Webstorm-bbf7ba1a=4adf1af4-7758-46da-b7ef-784892210ecd; _ga=GA1.1.1847825167.1565618075; Phpstorm-59ffdf3e=4f9c2124-f037-4135-ab85-dd17671ecb82; pgv_pvi=4210754560',
)
[ info ] [ PARAM ] array (
)
[ info ] [ RUN ] app\admin\controller\Admin->lst[ C:\xampp\htdocs\tp5\application\admin\controller\Admin.php ]
[ info ] [ VIEW ] C:\xampp\htdocs\tp5\public/../application/admin\view\admin\lst.htm [ array (
) ]
[ info ] [ LOG ] INIT File
---------------------------------------------------------------
[ 2019-11-15T19:56:57+08:00 ] 0.0.0.0 GET localhost/tp5/public/admin/admin/add.html
[运行时间：0.023438s] [吞吐率：42.67req/s] [内存消耗：1,160.45kb] [文件加载：37]
[ info ] [ LANG ] C:\xampp\htdocs\tp5\thinkphp\lang\zh-cn.php
[ info ] [ ROUTE ] array (
  'type' => 'module',
  'module' => 
  array (
    0 => 'admin',
    1 => 'admin',
    2 => 'add',
  ),
)
[ info ] [ HEADER ] array (
  'host' => 'localhost',
  'connection' => 'keep-alive',
  'upgrade-insecure-requests' => '1',
  'user-agent' => 'Mozilla/5.0 (Windows NT 10.0; Win64; x64) AppleWebKit/537.36 (KHTML, like Gecko) Chrome/78.0.3904.97 Safari/537.36',
  'sec-fetch-user' => '?1',
  'accept' => 'text/html,application/xhtml+xml,application/xml;q=0.9,image/webp,image/apng,*/*;q=0.8,application/signed-exchange;v=b3',
  'sec-fetch-site' => 'same-origin',
  'sec-fetch-mode' => 'navigate',
  'referer' => 'http://localhost/tp5/public/admin/admin/lst.html',
  'accept-encoding' => 'gzip, deflate, br',
  'accept-language' => 'zh-CN,zh;q=0.9,en;q=0.8',
  'cookie' => 'Webstorm-bbf7ba1a=4adf1af4-7758-46da-b7ef-784892210ecd; _ga=GA1.1.1847825167.1565618075; Phpstorm-59ffdf3e=4f9c2124-f037-4135-ab85-dd17671ecb82; pgv_pvi=4210754560',
)
[ info ] [ PARAM ] array (
)
[ info ] [ RUN ] app\admin\controller\Admin->add[ C:\xampp\htdocs\tp5\application\admin\controller\Admin.php ]
[ info ] [ VIEW ] C:\xampp\htdocs\tp5\public/../application/admin\view\admin\add.htm [ array (
) ]
[ info ] [ LOG ] INIT File
---------------------------------------------------------------
[ 2019-11-15T19:56:59+08:00 ] 0.0.0.0 GET localhost/tp5/public/admin/admin/lst.html
[运行时间：0.021065s] [吞吐率：47.47req/s] [内存消耗：1,161.54kb] [文件加载：37]
[ info ] [ LANG ] C:\xampp\htdocs\tp5\thinkphp\lang\zh-cn.php
[ info ] [ ROUTE ] array (
  'type' => 'module',
  'module' => 
  array (
    0 => 'admin',
    1 => 'admin',
    2 => 'lst',
  ),
)
[ info ] [ HEADER ] array (
  'host' => 'localhost',
  'connection' => 'keep-alive',
  'upgrade-insecure-requests' => '1',
  'user-agent' => 'Mozilla/5.0 (Windows NT 10.0; Win64; x64) AppleWebKit/537.36 (KHTML, like Gecko) Chrome/78.0.3904.97 Safari/537.36',
  'sec-fetch-user' => '?1',
  'accept' => 'text/html,application/xhtml+xml,application/xml;q=0.9,image/webp,image/apng,*/*;q=0.8,application/signed-exchange;v=b3',
  'sec-fetch-site' => 'same-origin',
  'sec-fetch-mode' => 'navigate',
  'referer' => 'http://localhost/tp5/public/admin/admin/add.html',
  'accept-encoding' => 'gzip, deflate, br',
  'accept-language' => 'zh-CN,zh;q=0.9,en;q=0.8',
  'cookie' => 'Webstorm-bbf7ba1a=4adf1af4-7758-46da-b7ef-784892210ecd; _ga=GA1.1.1847825167.1565618075; Phpstorm-59ffdf3e=4f9c2124-f037-4135-ab85-dd17671ecb82; pgv_pvi=4210754560',
)
[ info ] [ PARAM ] array (
)
[ info ] [ RUN ] app\admin\controller\Admin->lst[ C:\xampp\htdocs\tp5\application\admin\controller\Admin.php ]
[ info ] [ VIEW ] C:\xampp\htdocs\tp5\public/../application/admin\view\admin\lst.htm [ array (
) ]
[ info ] [ LOG ] INIT File
---------------------------------------------------------------
[ 2019-11-15T20:17:20+08:00 ] 0.0.0.0 GET localhost/tp5/public/admin
[运行时间：0.030180s] [吞吐率：33.13req/s] [内存消耗：1,154.48kb] [文件加载：37]
[ info ] [ LANG ] C:\xampp\htdocs\tp5\thinkphp\lang\zh-cn.php
[ info ] [ ROUTE ] array (
  'type' => 'module',
  'module' => 
  array (
    0 => 'admin',
    1 => NULL,
    2 => NULL,
  ),
)
[ info ] [ HEADER ] array (
  'host' => 'localhost',
  'connection' => 'keep-alive',
  'upgrade-insecure-requests' => '1',
  'user-agent' => 'Mozilla/5.0 (Windows NT 10.0; Win64; x64) AppleWebKit/537.36 (KHTML, like Gecko) Chrome/78.0.3904.97 Safari/537.36',
  'sec-fetch-user' => '?1',
  'accept' => 'text/html,application/xhtml+xml,application/xml;q=0.9,image/webp,image/apng,*/*;q=0.8,application/signed-exchange;v=b3',
  'sec-fetch-site' => 'none',
  'sec-fetch-mode' => 'navigate',
  'accept-encoding' => 'gzip, deflate, br',
  'accept-language' => 'zh-CN,zh;q=0.9,en;q=0.8',
  'cookie' => 'Webstorm-bbf7ba1a=4adf1af4-7758-46da-b7ef-784892210ecd; _ga=GA1.1.1847825167.1565618075; Phpstorm-59ffdf3e=4f9c2124-f037-4135-ab85-dd17671ecb82; pgv_pvi=4210754560',
)
[ info ] [ PARAM ] array (
)
[ info ] [ RUN ] app\admin\controller\Index->index[ C:\xampp\htdocs\tp5\application\admin\controller\Index.php ]
[ info ] [ VIEW ] C:\xampp\htdocs\tp5\public/../application/admin\view\index\index.htm [ array (
) ]
[ info ] [ LOG ] INIT File
---------------------------------------------------------------
[ 2019-11-15T20:17:22+08:00 ] 0.0.0.0 GET localhost/tp5/public/admin
[运行时间：0.044906s] [吞吐率：22.27req/s] [内存消耗：1,154.90kb] [文件加载：37]
[ info ] [ LANG ] C:\xampp\htdocs\tp5\thinkphp\lang\zh-cn.php
[ info ] [ ROUTE ] array (
  'type' => 'module',
  'module' => 
  array (
    0 => 'admin',
    1 => NULL,
    2 => NULL,
  ),
)
[ info ] [ HEADER ] array (
  'host' => 'localhost',
  'connection' => 'keep-alive',
  'cache-control' => 'max-age=0',
  'upgrade-insecure-requests' => '1',
  'user-agent' => 'Mozilla/5.0 (Windows NT 10.0; Win64; x64) AppleWebKit/537.36 (KHTML, like Gecko) Chrome/78.0.3904.97 Safari/537.36',
  'sec-fetch-user' => '?1',
  'accept' => 'text/html,application/xhtml+xml,application/xml;q=0.9,image/webp,image/apng,*/*;q=0.8,application/signed-exchange;v=b3',
  'sec-fetch-site' => 'none',
  'sec-fetch-mode' => 'navigate',
  'accept-encoding' => 'gzip, deflate, br',
  'accept-language' => 'zh-CN,zh;q=0.9,en;q=0.8',
  'cookie' => 'Webstorm-bbf7ba1a=4adf1af4-7758-46da-b7ef-784892210ecd; _ga=GA1.1.1847825167.1565618075; Phpstorm-59ffdf3e=4f9c2124-f037-4135-ab85-dd17671ecb82; pgv_pvi=4210754560',
)
[ info ] [ PARAM ] array (
)
[ info ] [ RUN ] app\admin\controller\Index->index[ C:\xampp\htdocs\tp5\application\admin\controller\Index.php ]
[ info ] [ VIEW ] C:\xampp\htdocs\tp5\public/../application/admin\view\index\index.htm [ array (
) ]
[ info ] [ LOG ] INIT File
---------------------------------------------------------------
[ 2019-11-15T20:17:25+08:00 ] 0.0.0.0 GET localhost/tp5/public/admin/admin/lst.html
[运行时间：0.035960s] [吞吐率：27.81req/s] [内存消耗：1,161.47kb] [文件加载：37]
[ info ] [ LANG ] C:\xampp\htdocs\tp5\thinkphp\lang\zh-cn.php
[ info ] [ ROUTE ] array (
  'type' => 'module',
  'module' => 
  array (
    0 => 'admin',
    1 => 'admin',
    2 => 'lst',
  ),
)
[ info ] [ HEADER ] array (
  'host' => 'localhost',
  'connection' => 'keep-alive',
  'upgrade-insecure-requests' => '1',
  'user-agent' => 'Mozilla/5.0 (Windows NT 10.0; Win64; x64) AppleWebKit/537.36 (KHTML, like Gecko) Chrome/78.0.3904.97 Safari/537.36',
  'sec-fetch-user' => '?1',
  'accept' => 'text/html,application/xhtml+xml,application/xml;q=0.9,image/webp,image/apng,*/*;q=0.8,application/signed-exchange;v=b3',
  'sec-fetch-site' => 'same-origin',
  'sec-fetch-mode' => 'navigate',
  'referer' => 'http://localhost/tp5/public/admin',
  'accept-encoding' => 'gzip, deflate, br',
  'accept-language' => 'zh-CN,zh;q=0.9,en;q=0.8',
  'cookie' => 'Webstorm-bbf7ba1a=4adf1af4-7758-46da-b7ef-784892210ecd; _ga=GA1.1.1847825167.1565618075; Phpstorm-59ffdf3e=4f9c2124-f037-4135-ab85-dd17671ecb82; pgv_pvi=4210754560',
)
[ info ] [ PARAM ] array (
)
[ info ] [ RUN ] app\admin\controller\Admin->lst[ C:\xampp\htdocs\tp5\application\admin\controller\Admin.php ]
[ info ] [ VIEW ] C:\xampp\htdocs\tp5\public/../application/admin\view\admin\lst.htm [ array (
) ]
[ info ] [ LOG ] INIT File
---------------------------------------------------------------
[ 2019-11-15T20:17:27+08:00 ] 0.0.0.0 GET localhost/tp5/public/admin/admin/add.html
[运行时间：0.022730s] [吞吐率：43.99req/s] [内存消耗：1,160.45kb] [文件加载：37]
[ info ] [ LANG ] C:\xampp\htdocs\tp5\thinkphp\lang\zh-cn.php
[ info ] [ ROUTE ] array (
  'type' => 'module',
  'module' => 
  array (
    0 => 'admin',
    1 => 'admin',
    2 => 'add',
  ),
)
[ info ] [ HEADER ] array (
  'host' => 'localhost',
  'connection' => 'keep-alive',
  'upgrade-insecure-requests' => '1',
  'user-agent' => 'Mozilla/5.0 (Windows NT 10.0; Win64; x64) AppleWebKit/537.36 (KHTML, like Gecko) Chrome/78.0.3904.97 Safari/537.36',
  'sec-fetch-user' => '?1',
  'accept' => 'text/html,application/xhtml+xml,application/xml;q=0.9,image/webp,image/apng,*/*;q=0.8,application/signed-exchange;v=b3',
  'sec-fetch-site' => 'same-origin',
  'sec-fetch-mode' => 'navigate',
  'referer' => 'http://localhost/tp5/public/admin/admin/lst.html',
  'accept-encoding' => 'gzip, deflate, br',
  'accept-language' => 'zh-CN,zh;q=0.9,en;q=0.8',
  'cookie' => 'Webstorm-bbf7ba1a=4adf1af4-7758-46da-b7ef-784892210ecd; _ga=GA1.1.1847825167.1565618075; Phpstorm-59ffdf3e=4f9c2124-f037-4135-ab85-dd17671ecb82; pgv_pvi=4210754560',
)
[ info ] [ PARAM ] array (
)
[ info ] [ RUN ] app\admin\controller\Admin->add[ C:\xampp\htdocs\tp5\application\admin\controller\Admin.php ]
[ info ] [ VIEW ] C:\xampp\htdocs\tp5\public/../application/admin\view\admin\add.htm [ array (
) ]
[ info ] [ LOG ] INIT File
---------------------------------------------------------------
[ 2019-11-15T20:17:34+08:00 ] 0.0.0.0 POST localhost/tp5/public/admin/admin/add.html
[运行时间：0.067987s] [吞吐率：14.71req/s] [内存消耗：1,824.73kb] [文件加载：44]
[ info ] [ LANG ] C:\xampp\htdocs\tp5\thinkphp\lang\zh-cn.php
[ info ] [ ROUTE ] array (
  'type' => 'module',
  'module' => 
  array (
    0 => 'admin',
    1 => 'admin',
    2 => 'add',
  ),
)
[ info ] [ HEADER ] array (
  'host' => 'localhost',
  'connection' => 'keep-alive',
  'content-length' => '42',
  'cache-control' => 'max-age=0',
  'origin' => 'http://localhost',
  'upgrade-insecure-requests' => '1',
  'content-type' => 'application/x-www-form-urlencoded',
  'user-agent' => 'Mozilla/5.0 (Windows NT 10.0; Win64; x64) AppleWebKit/537.36 (KHTML, like Gecko) Chrome/78.0.3904.97 Safari/537.36',
  'sec-fetch-user' => '?1',
  'accept' => 'text/html,application/xhtml+xml,application/xml;q=0.9,image/webp,image/apng,*/*;q=0.8,application/signed-exchange;v=b3',
  'sec-fetch-site' => 'same-origin',
  'sec-fetch-mode' => 'navigate',
  'referer' => 'http://localhost/tp5/public/admin/admin/add.html',
  'accept-encoding' => 'gzip, deflate, br',
  'accept-language' => 'zh-CN,zh;q=0.9,en;q=0.8',
  'cookie' => 'Webstorm-bbf7ba1a=4adf1af4-7758-46da-b7ef-784892210ecd; _ga=GA1.1.1847825167.1565618075; Phpstorm-59ffdf3e=4f9c2124-f037-4135-ab85-dd17671ecb82; pgv_pvi=4210754560',
)
[ info ] [ PARAM ] array (
  'name' => '的',
  'password' => '问问',
)
[ info ] [ RUN ] app\admin\controller\Admin->add[ C:\xampp\htdocs\tp5\application\admin\controller\Admin.php ]
[ info ] [ DB ] INIT mysql
[ info ] [ VIEW ] C:\xampp\htdocs\tp5\thinkphp\tpl\dispatch_jump.tpl [ array (
  0 => 'code',
  1 => 'msg',
  2 => 'data',
  3 => 'url',
  4 => 'wait',
) ]
[ info ] [ LOG ] INIT File
[ sql ] [ DB ] CONNECT:[ UseTime:0.010293s ] mysql:host=127.0.0.1;port=3306;dbname=bick;charset=utf8
[ sql ] [ SQL ] SHOW COLUMNS FROM `bk_admin` [ RunTime:0.006096s ]
[ sql ] [ SQL ] INSERT INTO `bk_admin` (`name` , `password`) VALUES ('的' , '问问') [ RunTime:0.001524s ]
---------------------------------------------------------------
[ 2019-11-15T20:17:37+08:00 ] 0.0.0.0 GET localhost/tp5/public/admin/admin/lst.html
[运行时间：0.021509s] [吞吐率：46.49req/s] [内存消耗：1,161.40kb] [文件加载：37]
[ info ] [ LANG ] C:\xampp\htdocs\tp5\thinkphp\lang\zh-cn.php
[ info ] [ ROUTE ] array (
  'type' => 'module',
  'module' => 
  array (
    0 => 'admin',
    1 => 'admin',
    2 => 'lst',
  ),
)
[ info ] [ HEADER ] array (
  'host' => 'localhost',
  'connection' => 'keep-alive',
  'upgrade-insecure-requests' => '1',
  'user-agent' => 'Mozilla/5.0 (Windows NT 10.0; Win64; x64) AppleWebKit/537.36 (KHTML, like Gecko) Chrome/78.0.3904.97 Safari/537.36',
  'accept' => 'text/html,application/xhtml+xml,application/xml;q=0.9,image/webp,image/apng,*/*;q=0.8,application/signed-exchange;v=b3',
  'sec-fetch-site' => 'same-origin',
  'sec-fetch-mode' => 'navigate',
  'referer' => 'http://localhost/tp5/public/admin/admin/add.html',
  'accept-encoding' => 'gzip, deflate, br',
  'accept-language' => 'zh-CN,zh;q=0.9,en;q=0.8',
  'cookie' => 'Webstorm-bbf7ba1a=4adf1af4-7758-46da-b7ef-784892210ecd; _ga=GA1.1.1847825167.1565618075; Phpstorm-59ffdf3e=4f9c2124-f037-4135-ab85-dd17671ecb82; pgv_pvi=4210754560',
)
[ info ] [ PARAM ] array (
)
[ info ] [ RUN ] app\admin\controller\Admin->lst[ C:\xampp\htdocs\tp5\application\admin\controller\Admin.php ]
[ info ] [ VIEW ] C:\xampp\htdocs\tp5\public/../application/admin\view\admin\lst.htm [ array (
) ]
[ info ] [ LOG ] INIT File
---------------------------------------------------------------
[ 2019-11-15T20:57:18+08:00 ] 0.0.0.0 GET localhost/tp5/public/admin
[运行时间：0.029302s] [吞吐率：34.13req/s] [内存消耗：1,154.48kb] [文件加载：37]
[ info ] [ LANG ] C:\xampp\htdocs\tp5\thinkphp\lang\zh-cn.php
[ info ] [ ROUTE ] array (
  'type' => 'module',
  'module' => 
  array (
    0 => 'admin',
    1 => NULL,
    2 => NULL,
  ),
)
[ info ] [ HEADER ] array (
  'host' => 'localhost',
  'connection' => 'keep-alive',
  'upgrade-insecure-requests' => '1',
  'user-agent' => 'Mozilla/5.0 (Windows NT 10.0; Win64; x64) AppleWebKit/537.36 (KHTML, like Gecko) Chrome/78.0.3904.97 Safari/537.36',
  'sec-fetch-user' => '?1',
  'accept' => 'text/html,application/xhtml+xml,application/xml;q=0.9,image/webp,image/apng,*/*;q=0.8,application/signed-exchange;v=b3',
  'sec-fetch-site' => 'none',
  'sec-fetch-mode' => 'navigate',
  'accept-encoding' => 'gzip, deflate, br',
  'accept-language' => 'zh-CN,zh;q=0.9,en;q=0.8',
  'cookie' => 'Webstorm-bbf7ba1a=4adf1af4-7758-46da-b7ef-784892210ecd; _ga=GA1.1.1847825167.1565618075; Phpstorm-59ffdf3e=4f9c2124-f037-4135-ab85-dd17671ecb82; pgv_pvi=4210754560',
)
[ info ] [ PARAM ] array (
)
[ info ] [ RUN ] app\admin\controller\Index->index[ C:\xampp\htdocs\tp5\application\admin\controller\Index.php ]
[ info ] [ VIEW ] C:\xampp\htdocs\tp5\public/../application/admin\view\index\index.htm [ array (
) ]
[ info ] [ LOG ] INIT File
---------------------------------------------------------------
[ 2019-11-15T20:57:27+08:00 ] 0.0.0.0 GET localhost/tp5/public/admin/admin/lst
[运行时间：0.057357s] [吞吐率：17.43req/s] [内存消耗：1,161.25kb] [文件加载：37]
[ info ] [ LANG ] C:\xampp\htdocs\tp5\thinkphp\lang\zh-cn.php
[ info ] [ ROUTE ] array (
  'type' => 'module',
  'module' => 
  array (
    0 => 'admin',
    1 => 'admin',
    2 => 'lst',
  ),
)
[ info ] [ HEADER ] array (
  'host' => 'localhost',
  'connection' => 'keep-alive',
  'upgrade-insecure-requests' => '1',
  'user-agent' => 'Mozilla/5.0 (Windows NT 10.0; Win64; x64) AppleWebKit/537.36 (KHTML, like Gecko) Chrome/78.0.3904.97 Safari/537.36',
  'sec-fetch-user' => '?1',
  'accept' => 'text/html,application/xhtml+xml,application/xml;q=0.9,image/webp,image/apng,*/*;q=0.8,application/signed-exchange;v=b3',
  'purpose' => 'prefetch',
  'sec-fetch-site' => 'none',
  'sec-fetch-mode' => 'navigate',
  'accept-encoding' => 'gzip, deflate, br',
  'accept-language' => 'zh-CN,zh;q=0.9,en;q=0.8',
  'cookie' => 'Webstorm-bbf7ba1a=4adf1af4-7758-46da-b7ef-784892210ecd; _ga=GA1.1.1847825167.1565618075; Phpstorm-59ffdf3e=4f9c2124-f037-4135-ab85-dd17671ecb82; pgv_pvi=4210754560',
)
[ info ] [ PARAM ] array (
)
[ info ] [ RUN ] app\admin\controller\Admin->lst[ C:\xampp\htdocs\tp5\application\admin\controller\Admin.php ]
[ info ] [ VIEW ] C:\xampp\htdocs\tp5\public/../application/admin\view\admin\lst.htm [ array (
) ]
[ info ] [ LOG ] INIT File
---------------------------------------------------------------
[ 2019-11-15T20:57:54+08:00 ] 0.0.0.0 GET localhost/tp5/public/admin/admin/add
[运行时间：0.023325s] [吞吐率：42.87req/s] [内存消耗：1,160.01kb] [文件加载：37]
[ info ] [ LANG ] C:\xampp\htdocs\tp5\thinkphp\lang\zh-cn.php
[ info ] [ ROUTE ] array (
  'type' => 'module',
  'module' => 
  array (
    0 => 'admin',
    1 => 'admin',
    2 => 'add',
  ),
)
[ info ] [ HEADER ] array (
  'host' => 'localhost',
  'connection' => 'keep-alive',
  'upgrade-insecure-requests' => '1',
  'user-agent' => 'Mozilla/5.0 (Windows NT 10.0; Win64; x64) AppleWebKit/537.36 (KHTML, like Gecko) Chrome/78.0.3904.97 Safari/537.36',
  'sec-fetch-user' => '?1',
  'accept' => 'text/html,application/xhtml+xml,application/xml;q=0.9,image/webp,image/apng,*/*;q=0.8,application/signed-exchange;v=b3',
  'sec-fetch-site' => 'none',
  'sec-fetch-mode' => 'navigate',
  'accept-encoding' => 'gzip, deflate, br',
  'accept-language' => 'zh-CN,zh;q=0.9,en;q=0.8',
  'cookie' => 'Webstorm-bbf7ba1a=4adf1af4-7758-46da-b7ef-784892210ecd; _ga=GA1.1.1847825167.1565618075; Phpstorm-59ffdf3e=4f9c2124-f037-4135-ab85-dd17671ecb82; pgv_pvi=4210754560',
)
[ info ] [ PARAM ] array (
)
[ info ] [ RUN ] app\admin\controller\Admin->add[ C:\xampp\htdocs\tp5\application\admin\controller\Admin.php ]
[ info ] [ VIEW ] C:\xampp\htdocs\tp5\public/../application/admin\view\admin\add.htm [ array (
) ]
[ info ] [ LOG ] INIT File
---------------------------------------------------------------
[ 2019-11-15T20:58:02+08:00 ] 0.0.0.0 POST localhost/tp5/public/admin/admin/add.html
[运行时间：0.033048s] [吞吐率：30.26req/s] [内存消耗：1,865.35kb] [文件加载：41]
[ info ] [ LANG ] C:\xampp\htdocs\tp5\thinkphp\lang\zh-cn.php
[ info ] [ ROUTE ] array (
  'type' => 'module',
  'module' => 
  array (
    0 => 'admin',
    1 => 'admin',
    2 => 'add',
  ),
)
[ info ] [ HEADER ] array (
  'host' => 'localhost',
  'connection' => 'keep-alive',
  'content-length' => '46',
  'cache-control' => 'max-age=0',
  'origin' => 'http://localhost',
  'upgrade-insecure-requests' => '1',
  'content-type' => 'application/x-www-form-urlencoded',
  'user-agent' => 'Mozilla/5.0 (Windows NT 10.0; Win64; x64) AppleWebKit/537.36 (KHTML, like Gecko) Chrome/78.0.3904.97 Safari/537.36',
  'sec-fetch-user' => '?1',
  'accept' => 'text/html,application/xhtml+xml,application/xml;q=0.9,image/webp,image/apng,*/*;q=0.8,application/signed-exchange;v=b3',
  'sec-fetch-site' => 'same-origin',
  'sec-fetch-mode' => 'navigate',
  'referer' => 'http://localhost/tp5/public/admin/admin/add',
  'accept-encoding' => 'gzip, deflate, br',
  'accept-language' => 'zh-CN,zh;q=0.9,en;q=0.8',
  'cookie' => 'Webstorm-bbf7ba1a=4adf1af4-7758-46da-b7ef-784892210ecd; _ga=GA1.1.1847825167.1565618075; Phpstorm-59ffdf3e=4f9c2124-f037-4135-ab85-dd17671ecb82; pgv_pvi=4210754560',
)
[ info ] [ PARAM ] array (
  'name' => '3333',
  'password' => '哈哈哈',
)
[ info ] [ RUN ] app\admin\controller\Admin->add[ C:\xampp\htdocs\tp5\application\admin\controller\Admin.php ]
[ info ] [ DB ] INIT mysql
[ info ] [ LOG ] INIT File
---------------------------------------------------------------
[ 2019-11-15T20:58:43+08:00 ] 0.0.0.0 POST localhost/tp5/public/admin/admin/add.html
[运行时间：0.030600s] [吞吐率：32.68req/s] [内存消耗：1,865.42kb] [文件加载：41]
[ info ] [ LANG ] C:\xampp\htdocs\tp5\thinkphp\lang\zh-cn.php
[ info ] [ ROUTE ] array (
  'type' => 'module',
  'module' => 
  array (
    0 => 'admin',
    1 => 'admin',
    2 => 'add',
  ),
)
[ info ] [ HEADER ] array (
  'host' => 'localhost',
  'connection' => 'keep-alive',
  'content-length' => '46',
  'cache-control' => 'max-age=0',
  'upgrade-insecure-requests' => '1',
  'user-agent' => 'Mozilla/5.0 (Windows NT 10.0; Win64; x64) AppleWebKit/537.36 (KHTML, like Gecko) Chrome/78.0.3904.97 Safari/537.36',
  'sec-fetch-user' => '?1',
  'origin' => 'http://localhost',
  'content-type' => 'application/x-www-form-urlencoded',
  'accept' => 'text/html,application/xhtml+xml,application/xml;q=0.9,image/webp,image/apng,*/*;q=0.8,application/signed-exchange;v=b3',
  'sec-fetch-site' => 'same-origin',
  'sec-fetch-mode' => 'navigate',
  'referer' => 'http://localhost/tp5/public/admin/admin/add',
  'accept-encoding' => 'gzip, deflate, br',
  'accept-language' => 'zh-CN,zh;q=0.9,en;q=0.8',
  'cookie' => 'Webstorm-bbf7ba1a=4adf1af4-7758-46da-b7ef-784892210ecd; _ga=GA1.1.1847825167.1565618075; Phpstorm-59ffdf3e=4f9c2124-f037-4135-ab85-dd17671ecb82; pgv_pvi=4210754560',
)
[ info ] [ PARAM ] array (
  'name' => '3333',
  'password' => '哈哈哈',
)
[ info ] [ RUN ] app\admin\controller\Admin->add[ C:\xampp\htdocs\tp5\application\admin\controller\Admin.php ]
[ info ] [ DB ] INIT mysql
[ info ] [ LOG ] INIT File
---------------------------------------------------------------
[ 2019-11-15T21:02:51+08:00 ] 0.0.0.0 POST localhost/tp5/public/admin/admin/add.html
[运行时间：0.036256s] [吞吐率：27.58req/s] [内存消耗：1,865.42kb] [文件加载：41]
[ info ] [ LANG ] C:\xampp\htdocs\tp5\thinkphp\lang\zh-cn.php
[ info ] [ ROUTE ] array (
  'type' => 'module',
  'module' => 
  array (
    0 => 'admin',
    1 => 'admin',
    2 => 'add',
  ),
)
[ info ] [ HEADER ] array (
  'host' => 'localhost',
  'connection' => 'keep-alive',
  'content-length' => '46',
  'cache-control' => 'max-age=0',
  'upgrade-insecure-requests' => '1',
  'user-agent' => 'Mozilla/5.0 (Windows NT 10.0; Win64; x64) AppleWebKit/537.36 (KHTML, like Gecko) Chrome/78.0.3904.97 Safari/537.36',
  'sec-fetch-user' => '?1',
  'origin' => 'http://localhost',
  'content-type' => 'application/x-www-form-urlencoded',
  'accept' => 'text/html,application/xhtml+xml,application/xml;q=0.9,image/webp,image/apng,*/*;q=0.8,application/signed-exchange;v=b3',
  'sec-fetch-site' => 'same-origin',
  'sec-fetch-mode' => 'navigate',
  'referer' => 'http://localhost/tp5/public/admin/admin/add',
  'accept-encoding' => 'gzip, deflate, br',
  'accept-language' => 'zh-CN,zh;q=0.9,en;q=0.8',
  'cookie' => 'Webstorm-bbf7ba1a=4adf1af4-7758-46da-b7ef-784892210ecd; _ga=GA1.1.1847825167.1565618075; Phpstorm-59ffdf3e=4f9c2124-f037-4135-ab85-dd17671ecb82; pgv_pvi=4210754560',
)
[ info ] [ PARAM ] array (
  'name' => '3333',
  'password' => '哈哈哈',
)
[ info ] [ RUN ] app\admin\controller\Admin->add[ C:\xampp\htdocs\tp5\application\admin\controller\Admin.php ]
[ info ] [ DB ] INIT mysql
[ info ] [ LOG ] INIT File
---------------------------------------------------------------
[ 2019-11-15T21:02:54+08:00 ] 0.0.0.0 POST localhost/tp5/public/admin/admin/add.html
[运行时间：0.029369s] [吞吐率：34.05req/s] [内存消耗：1,865.42kb] [文件加载：41]
[ info ] [ LANG ] C:\xampp\htdocs\tp5\thinkphp\lang\zh-cn.php
[ info ] [ ROUTE ] array (
  'type' => 'module',
  'module' => 
  array (
    0 => 'admin',
    1 => 'admin',
    2 => 'add',
  ),
)
[ info ] [ HEADER ] array (
  'host' => 'localhost',
  'connection' => 'keep-alive',
  'content-length' => '46',
  'cache-control' => 'max-age=0',
  'origin' => 'http://localhost',
  'upgrade-insecure-requests' => '1',
  'content-type' => 'application/x-www-form-urlencoded',
  'user-agent' => 'Mozilla/5.0 (Windows NT 10.0; Win64; x64) AppleWebKit/537.36 (KHTML, like Gecko) Chrome/78.0.3904.97 Safari/537.36',
  'sec-fetch-user' => '?1',
  'accept' => 'text/html,application/xhtml+xml,application/xml;q=0.9,image/webp,image/apng,*/*;q=0.8,application/signed-exchange;v=b3',
  'sec-fetch-site' => 'same-origin',
  'sec-fetch-mode' => 'navigate',
  'referer' => 'http://localhost/tp5/public/admin/admin/add',
  'accept-encoding' => 'gzip, deflate, br',
  'accept-language' => 'zh-CN,zh;q=0.9,en;q=0.8',
  'cookie' => 'Webstorm-bbf7ba1a=4adf1af4-7758-46da-b7ef-784892210ecd; _ga=GA1.1.1847825167.1565618075; Phpstorm-59ffdf3e=4f9c2124-f037-4135-ab85-dd17671ecb82; pgv_pvi=4210754560',
)
[ info ] [ PARAM ] array (
  'name' => '3333',
  'password' => '哈哈哈',
)
[ info ] [ RUN ] app\admin\controller\Admin->add[ C:\xampp\htdocs\tp5\application\admin\controller\Admin.php ]
[ info ] [ DB ] INIT mysql
[ info ] [ LOG ] INIT File
---------------------------------------------------------------
[ 2019-11-15T21:07:25+08:00 ] 0.0.0.0 POST localhost/tp5/public/admin/admin/add.html
[运行时间：0.047473s] [吞吐率：21.06req/s] [内存消耗：1,926.63kb] [文件加载：41]
[ info ] [ LANG ] C:\xampp\htdocs\tp5\thinkphp\lang\zh-cn.php
[ info ] [ ROUTE ] array (
  'type' => 'module',
  'module' => 
  array (
    0 => 'admin',
    1 => 'admin',
    2 => 'add',
  ),
)
[ info ] [ HEADER ] array (
  'host' => 'localhost',
  'connection' => 'keep-alive',
  'content-length' => '46',
  'cache-control' => 'max-age=0',
  'origin' => 'http://localhost',
  'upgrade-insecure-requests' => '1',
  'content-type' => 'application/x-www-form-urlencoded',
  'user-agent' => 'Mozilla/5.0 (Windows NT 10.0; Win64; x64) AppleWebKit/537.36 (KHTML, like Gecko) Chrome/78.0.3904.97 Safari/537.36',
  'sec-fetch-user' => '?1',
  'accept' => 'text/html,application/xhtml+xml,application/xml;q=0.9,image/webp,image/apng,*/*;q=0.8,application/signed-exchange;v=b3',
  'sec-fetch-site' => 'same-origin',
  'sec-fetch-mode' => 'navigate',
  'referer' => 'http://localhost/tp5/public/admin/admin/add',
  'accept-encoding' => 'gzip, deflate, br',
  'accept-language' => 'zh-CN,zh;q=0.9,en;q=0.8',
  'cookie' => 'Webstorm-bbf7ba1a=4adf1af4-7758-46da-b7ef-784892210ecd; _ga=GA1.1.1847825167.1565618075; Phpstorm-59ffdf3e=4f9c2124-f037-4135-ab85-dd17671ecb82; pgv_pvi=4210754560',
)
[ info ] [ PARAM ] array (
  'name' => '3333',
  'password' => '哈哈哈',
)
[ info ] [ RUN ] app\admin\controller\Admin->add[ C:\xampp\htdocs\tp5\application\admin\controller\Admin.php ]
[ info ] [ DB ] INIT mysql
[ info ] [ LOG ] INIT File
[ sql ] [ DB ] CONNECT:[ UseTime:0.002298s ] mysql:host=127.0.0.1;port=3306;dbname=bick;charset=utf8
[ sql ] [ SQL ] SHOW COLUMNS FROM `bk_admin` [ RunTime:0.006592s ]
[ sql ] [ SQL ] INSERT INTO `bk_admin` (`name` , `password`) VALUES ('3333' , '哈哈哈') [ RunTime:0.001746s ]
---------------------------------------------------------------
[ 2019-11-15T21:07:46+08:00 ] 0.0.0.0 GET localhost/tp5/public/admin
[运行时间：0.046185s] [吞吐率：21.65req/s] [内存消耗：1,154.48kb] [文件加载：37]
[ info ] [ LANG ] C:\xampp\htdocs\tp5\thinkphp\lang\zh-cn.php
[ info ] [ ROUTE ] array (
  'type' => 'module',
  'module' => 
  array (
    0 => 'admin',
    1 => NULL,
    2 => NULL,
  ),
)
[ info ] [ HEADER ] array (
  'host' => 'localhost',
  'connection' => 'keep-alive',
  'upgrade-insecure-requests' => '1',
  'user-agent' => 'Mozilla/5.0 (Windows NT 10.0; Win64; x64) AppleWebKit/537.36 (KHTML, like Gecko) Chrome/78.0.3904.97 Safari/537.36',
  'sec-fetch-user' => '?1',
  'accept' => 'text/html,application/xhtml+xml,application/xml;q=0.9,image/webp,image/apng,*/*;q=0.8,application/signed-exchange;v=b3',
  'sec-fetch-site' => 'none',
  'sec-fetch-mode' => 'navigate',
  'accept-encoding' => 'gzip, deflate, br',
  'accept-language' => 'zh-CN,zh;q=0.9,en;q=0.8',
  'cookie' => 'Webstorm-bbf7ba1a=4adf1af4-7758-46da-b7ef-784892210ecd; _ga=GA1.1.1847825167.1565618075; Phpstorm-59ffdf3e=4f9c2124-f037-4135-ab85-dd17671ecb82; pgv_pvi=4210754560',
)
[ info ] [ PARAM ] array (
)
[ info ] [ RUN ] app\admin\controller\Index->index[ C:\xampp\htdocs\tp5\application\admin\controller\Index.php ]
[ info ] [ VIEW ] C:\xampp\htdocs\tp5\public/../application/admin\view\index\index.htm [ array (
) ]
[ info ] [ LOG ] INIT File
---------------------------------------------------------------
[ 2019-11-15T21:07:49+08:00 ] 0.0.0.0 GET localhost/tp5/public/admin/admin/lst.html
[运行时间：0.026008s] [吞吐率：38.45req/s] [内存消耗：1,161.96kb] [文件加载：37]
[ info ] [ LANG ] C:\xampp\htdocs\tp5\thinkphp\lang\zh-cn.php
[ info ] [ ROUTE ] array (
  'type' => 'module',
  'module' => 
  array (
    0 => 'admin',
    1 => 'admin',
    2 => 'lst',
  ),
)
[ info ] [ HEADER ] array (
  'host' => 'localhost',
  'connection' => 'keep-alive',
  'upgrade-insecure-requests' => '1',
  'user-agent' => 'Mozilla/5.0 (Windows NT 10.0; Win64; x64) AppleWebKit/537.36 (KHTML, like Gecko) Chrome/78.0.3904.97 Safari/537.36',
  'sec-fetch-user' => '?1',
  'accept' => 'text/html,application/xhtml+xml,application/xml;q=0.9,image/webp,image/apng,*/*;q=0.8,application/signed-exchange;v=b3',
  'sec-fetch-site' => 'same-origin',
  'sec-fetch-mode' => 'navigate',
  'referer' => 'http://localhost/tp5/public/admin',
  'accept-encoding' => 'gzip, deflate, br',
  'accept-language' => 'zh-CN,zh;q=0.9,en;q=0.8',
  'cookie' => 'Webstorm-bbf7ba1a=4adf1af4-7758-46da-b7ef-784892210ecd; _ga=GA1.1.1847825167.1565618075; Phpstorm-59ffdf3e=4f9c2124-f037-4135-ab85-dd17671ecb82; pgv_pvi=4210754560',
)
[ info ] [ PARAM ] array (
)
[ info ] [ RUN ] app\admin\controller\Admin->lst[ C:\xampp\htdocs\tp5\application\admin\controller\Admin.php ]
[ info ] [ VIEW ] C:\xampp\htdocs\tp5\public/../application/admin\view\admin\lst.htm [ array (
) ]
[ info ] [ LOG ] INIT File
---------------------------------------------------------------
[ 2019-11-15T21:07:54+08:00 ] 0.0.0.0 GET localhost/tp5/public/admin/admin/add.html
[运行时间：0.029499s] [吞吐率：33.90req/s] [内存消耗：1,160.94kb] [文件加载：37]
[ info ] [ LANG ] C:\xampp\htdocs\tp5\thinkphp\lang\zh-cn.php
[ info ] [ ROUTE ] array (
  'type' => 'module',
  'module' => 
  array (
    0 => 'admin',
    1 => 'admin',
    2 => 'add',
  ),
)
[ info ] [ HEADER ] array (
  'host' => 'localhost',
  'connection' => 'keep-alive',
  'upgrade-insecure-requests' => '1',
  'user-agent' => 'Mozilla/5.0 (Windows NT 10.0; Win64; x64) AppleWebKit/537.36 (KHTML, like Gecko) Chrome/78.0.3904.97 Safari/537.36',
  'sec-fetch-user' => '?1',
  'accept' => 'text/html,application/xhtml+xml,application/xml;q=0.9,image/webp,image/apng,*/*;q=0.8,application/signed-exchange;v=b3',
  'sec-fetch-site' => 'same-origin',
  'sec-fetch-mode' => 'navigate',
  'referer' => 'http://localhost/tp5/public/admin/admin/lst.html',
  'accept-encoding' => 'gzip, deflate, br',
  'accept-language' => 'zh-CN,zh;q=0.9,en;q=0.8',
  'cookie' => 'Webstorm-bbf7ba1a=4adf1af4-7758-46da-b7ef-784892210ecd; _ga=GA1.1.1847825167.1565618075; Phpstorm-59ffdf3e=4f9c2124-f037-4135-ab85-dd17671ecb82; pgv_pvi=4210754560',
)
[ info ] [ PARAM ] array (
)
[ info ] [ RUN ] app\admin\controller\Admin->add[ C:\xampp\htdocs\tp5\application\admin\controller\Admin.php ]
[ info ] [ VIEW ] C:\xampp\htdocs\tp5\public/../application/admin\view\admin\add.htm [ array (
) ]
[ info ] [ LOG ] INIT File
---------------------------------------------------------------
[ 2019-11-15T21:08:01+08:00 ] 0.0.0.0 POST localhost/tp5/public/admin/admin/add.html
[运行时间：0.053122s] [吞吐率：18.82req/s] [内存消耗：1,926.70kb] [文件加载：41]
[ info ] [ LANG ] C:\xampp\htdocs\tp5\thinkphp\lang\zh-cn.php
[ info ] [ ROUTE ] array (
  'type' => 'module',
  'module' => 
  array (
    0 => 'admin',
    1 => 'admin',
    2 => 'add',
  ),
)
[ info ] [ HEADER ] array (
  'host' => 'localhost',
  'connection' => 'keep-alive',
  'content-length' => '43',
  'cache-control' => 'max-age=0',
  'origin' => 'http://localhost',
  'upgrade-insecure-requests' => '1',
  'content-type' => 'application/x-www-form-urlencoded',
  'user-agent' => 'Mozilla/5.0 (Windows NT 10.0; Win64; x64) AppleWebKit/537.36 (KHTML, like Gecko) Chrome/78.0.3904.97 Safari/537.36',
  'sec-fetch-user' => '?1',
  'accept' => 'text/html,application/xhtml+xml,application/xml;q=0.9,image/webp,image/apng,*/*;q=0.8,application/signed-exchange;v=b3',
  'sec-fetch-site' => 'same-origin',
  'sec-fetch-mode' => 'navigate',
  'referer' => 'http://localhost/tp5/public/admin/admin/add.html',
  'accept-encoding' => 'gzip, deflate, br',
  'accept-language' => 'zh-CN,zh;q=0.9,en;q=0.8',
  'cookie' => 'Webstorm-bbf7ba1a=4adf1af4-7758-46da-b7ef-784892210ecd; _ga=GA1.1.1847825167.1565618075; Phpstorm-59ffdf3e=4f9c2124-f037-4135-ab85-dd17671ecb82; pgv_pvi=4210754560',
)
[ info ] [ PARAM ] array (
  'name' => '3333444',
  'password' => '问问444',
)
[ info ] [ RUN ] app\admin\controller\Admin->add[ C:\xampp\htdocs\tp5\application\admin\controller\Admin.php ]
[ info ] [ DB ] INIT mysql
[ info ] [ LOG ] INIT File
[ sql ] [ DB ] CONNECT:[ UseTime:0.011572s ] mysql:host=127.0.0.1;port=3306;dbname=bick;charset=utf8
[ sql ] [ SQL ] SHOW COLUMNS FROM `bk_admin` [ RunTime:0.005923s ]
[ sql ] [ SQL ] INSERT INTO `bk_admin` (`name` , `password`) VALUES ('3333444' , '问问444') [ RunTime:0.001790s ]
---------------------------------------------------------------
[ 2019-11-15T21:08:04+08:00 ] 0.0.0.0 GET localhost/tp5/public/admin
[运行时间：0.022082s] [吞吐率：45.29req/s] [内存消耗：1,154.48kb] [文件加载：37]
[ info ] [ LANG ] C:\xampp\htdocs\tp5\thinkphp\lang\zh-cn.php
[ info ] [ ROUTE ] array (
  'type' => 'module',
  'module' => 
  array (
    0 => 'admin',
    1 => NULL,
    2 => NULL,
  ),
)
[ info ] [ HEADER ] array (
  'host' => 'localhost',
  'connection' => 'keep-alive',
  'upgrade-insecure-requests' => '1',
  'user-agent' => 'Mozilla/5.0 (Windows NT 10.0; Win64; x64) AppleWebKit/537.36 (KHTML, like Gecko) Chrome/78.0.3904.97 Safari/537.36',
  'sec-fetch-user' => '?1',
  'accept' => 'text/html,application/xhtml+xml,application/xml;q=0.9,image/webp,image/apng,*/*;q=0.8,application/signed-exchange;v=b3',
  'sec-fetch-site' => 'none',
  'sec-fetch-mode' => 'navigate',
  'accept-encoding' => 'gzip, deflate, br',
  'accept-language' => 'zh-CN,zh;q=0.9,en;q=0.8',
  'cookie' => 'Webstorm-bbf7ba1a=4adf1af4-7758-46da-b7ef-784892210ecd; _ga=GA1.1.1847825167.1565618075; Phpstorm-59ffdf3e=4f9c2124-f037-4135-ab85-dd17671ecb82; pgv_pvi=4210754560',
)
[ info ] [ PARAM ] array (
)
[ info ] [ RUN ] app\admin\controller\Index->index[ C:\xampp\htdocs\tp5\application\admin\controller\Index.php ]
[ info ] [ VIEW ] C:\xampp\htdocs\tp5\public/../application/admin\view\index\index.htm [ array (
) ]
[ info ] [ LOG ] INIT File
---------------------------------------------------------------
[ 2019-11-15T21:08:10+08:00 ] 0.0.0.0 GET localhost/tp5/public/admin
[运行时间：0.025079s] [吞吐率：39.87req/s] [内存消耗：1,154.48kb] [文件加载：37]
[ info ] [ LANG ] C:\xampp\htdocs\tp5\thinkphp\lang\zh-cn.php
[ info ] [ ROUTE ] array (
  'type' => 'module',
  'module' => 
  array (
    0 => 'admin',
    1 => NULL,
    2 => NULL,
  ),
)
[ info ] [ HEADER ] array (
  'host' => 'localhost',
  'connection' => 'keep-alive',
  'upgrade-insecure-requests' => '1',
  'user-agent' => 'Mozilla/5.0 (Windows NT 10.0; Win64; x64) AppleWebKit/537.36 (KHTML, like Gecko) Chrome/78.0.3904.97 Safari/537.36',
  'sec-fetch-user' => '?1',
  'accept' => 'text/html,application/xhtml+xml,application/xml;q=0.9,image/webp,image/apng,*/*;q=0.8,application/signed-exchange;v=b3',
  'sec-fetch-site' => 'none',
  'sec-fetch-mode' => 'navigate',
  'accept-encoding' => 'gzip, deflate, br',
  'accept-language' => 'zh-CN,zh;q=0.9,en;q=0.8',
  'cookie' => 'Webstorm-bbf7ba1a=4adf1af4-7758-46da-b7ef-784892210ecd; _ga=GA1.1.1847825167.1565618075; Phpstorm-59ffdf3e=4f9c2124-f037-4135-ab85-dd17671ecb82; pgv_pvi=4210754560',
)
[ info ] [ PARAM ] array (
)
[ info ] [ RUN ] app\admin\controller\Index->index[ C:\xampp\htdocs\tp5\application\admin\controller\Index.php ]
[ info ] [ VIEW ] C:\xampp\htdocs\tp5\public/../application/admin\view\index\index.htm [ array (
) ]
[ info ] [ LOG ] INIT File
---------------------------------------------------------------
[ 2019-11-15T21:08:13+08:00 ] 0.0.0.0 GET localhost/tp5/public/admin/admin/lst.html
[运行时间：0.030998s] [吞吐率：32.26req/s] [内存消耗：1,161.96kb] [文件加载：37]
[ info ] [ LANG ] C:\xampp\htdocs\tp5\thinkphp\lang\zh-cn.php
[ info ] [ ROUTE ] array (
  'type' => 'module',
  'module' => 
  array (
    0 => 'admin',
    1 => 'admin',
    2 => 'lst',
  ),
)
[ info ] [ HEADER ] array (
  'host' => 'localhost',
  'connection' => 'keep-alive',
  'upgrade-insecure-requests' => '1',
  'user-agent' => 'Mozilla/5.0 (Windows NT 10.0; Win64; x64) AppleWebKit/537.36 (KHTML, like Gecko) Chrome/78.0.3904.97 Safari/537.36',
  'sec-fetch-user' => '?1',
  'accept' => 'text/html,application/xhtml+xml,application/xml;q=0.9,image/webp,image/apng,*/*;q=0.8,application/signed-exchange;v=b3',
  'sec-fetch-site' => 'same-origin',
  'sec-fetch-mode' => 'navigate',
  'referer' => 'http://localhost/tp5/public/admin',
  'accept-encoding' => 'gzip, deflate, br',
  'accept-language' => 'zh-CN,zh;q=0.9,en;q=0.8',
  'cookie' => 'Webstorm-bbf7ba1a=4adf1af4-7758-46da-b7ef-784892210ecd; _ga=GA1.1.1847825167.1565618075; Phpstorm-59ffdf3e=4f9c2124-f037-4135-ab85-dd17671ecb82; pgv_pvi=4210754560',
)
[ info ] [ PARAM ] array (
)
[ info ] [ RUN ] app\admin\controller\Admin->lst[ C:\xampp\htdocs\tp5\application\admin\controller\Admin.php ]
[ info ] [ VIEW ] C:\xampp\htdocs\tp5\public/../application/admin\view\admin\lst.htm [ array (
) ]
[ info ] [ LOG ] INIT File
---------------------------------------------------------------
[ 2019-11-15T21:11:08+08:00 ] 0.0.0.0 GET localhost/tp5/public/admin
[运行时间：0.026747s] [吞吐率：37.39req/s] [内存消耗：1,154.48kb] [文件加载：37]
[ info ] [ LANG ] C:\xampp\htdocs\tp5\thinkphp\lang\zh-cn.php
[ info ] [ ROUTE ] array (
  'type' => 'module',
  'module' => 
  array (
    0 => 'admin',
    1 => NULL,
    2 => NULL,
  ),
)
[ info ] [ HEADER ] array (
  'host' => 'localhost',
  'connection' => 'keep-alive',
  'upgrade-insecure-requests' => '1',
  'user-agent' => 'Mozilla/5.0 (Windows NT 10.0; Win64; x64) AppleWebKit/537.36 (KHTML, like Gecko) Chrome/78.0.3904.97 Safari/537.36',
  'sec-fetch-user' => '?1',
  'accept' => 'text/html,application/xhtml+xml,application/xml;q=0.9,image/webp,image/apng,*/*;q=0.8,application/signed-exchange;v=b3',
  'sec-fetch-site' => 'none',
  'sec-fetch-mode' => 'navigate',
  'accept-encoding' => 'gzip, deflate, br',
  'accept-language' => 'zh-CN,zh;q=0.9,en;q=0.8',
  'cookie' => 'Webstorm-bbf7ba1a=4adf1af4-7758-46da-b7ef-784892210ecd; _ga=GA1.1.1847825167.1565618075; Phpstorm-59ffdf3e=4f9c2124-f037-4135-ab85-dd17671ecb82; pgv_pvi=4210754560',
)
[ info ] [ PARAM ] array (
)
[ info ] [ RUN ] app\admin\controller\Index->index[ C:\xampp\htdocs\tp5\application\admin\controller\Index.php ]
[ info ] [ VIEW ] C:\xampp\htdocs\tp5\public/../application/admin\view\index\index.htm [ array (
) ]
[ info ] [ LOG ] INIT File
---------------------------------------------------------------
[ 2019-11-15T21:11:11+08:00 ] 0.0.0.0 GET localhost/tp5/public/admin/admin/lst.html
[运行时间：0.026874s] [吞吐率：37.21req/s] [内存消耗：1,161.96kb] [文件加载：37]
[ info ] [ LANG ] C:\xampp\htdocs\tp5\thinkphp\lang\zh-cn.php
[ info ] [ ROUTE ] array (
  'type' => 'module',
  'module' => 
  array (
    0 => 'admin',
    1 => 'admin',
    2 => 'lst',
  ),
)
[ info ] [ HEADER ] array (
  'host' => 'localhost',
  'connection' => 'keep-alive',
  'upgrade-insecure-requests' => '1',
  'user-agent' => 'Mozilla/5.0 (Windows NT 10.0; Win64; x64) AppleWebKit/537.36 (KHTML, like Gecko) Chrome/78.0.3904.97 Safari/537.36',
  'sec-fetch-user' => '?1',
  'accept' => 'text/html,application/xhtml+xml,application/xml;q=0.9,image/webp,image/apng,*/*;q=0.8,application/signed-exchange;v=b3',
  'sec-fetch-site' => 'same-origin',
  'sec-fetch-mode' => 'navigate',
  'referer' => 'http://localhost/tp5/public/admin',
  'accept-encoding' => 'gzip, deflate, br',
  'accept-language' => 'zh-CN,zh;q=0.9,en;q=0.8',
  'cookie' => 'Webstorm-bbf7ba1a=4adf1af4-7758-46da-b7ef-784892210ecd; _ga=GA1.1.1847825167.1565618075; Phpstorm-59ffdf3e=4f9c2124-f037-4135-ab85-dd17671ecb82; pgv_pvi=4210754560',
)
[ info ] [ PARAM ] array (
)
[ info ] [ RUN ] app\admin\controller\Admin->lst[ C:\xampp\htdocs\tp5\application\admin\controller\Admin.php ]
[ info ] [ VIEW ] C:\xampp\htdocs\tp5\public/../application/admin\view\admin\lst.htm [ array (
) ]
[ info ] [ LOG ] INIT File
---------------------------------------------------------------
[ 2019-11-15T21:11:13+08:00 ] 0.0.0.0 GET localhost/tp5/public/admin/admin/add.html
[运行时间：0.035020s] [吞吐率：28.56req/s] [内存消耗：1,160.94kb] [文件加载：37]
[ info ] [ LANG ] C:\xampp\htdocs\tp5\thinkphp\lang\zh-cn.php
[ info ] [ ROUTE ] array (
  'type' => 'module',
  'module' => 
  array (
    0 => 'admin',
    1 => 'admin',
    2 => 'add',
  ),
)
[ info ] [ HEADER ] array (
  'host' => 'localhost',
  'connection' => 'keep-alive',
  'upgrade-insecure-requests' => '1',
  'user-agent' => 'Mozilla/5.0 (Windows NT 10.0; Win64; x64) AppleWebKit/537.36 (KHTML, like Gecko) Chrome/78.0.3904.97 Safari/537.36',
  'sec-fetch-user' => '?1',
  'accept' => 'text/html,application/xhtml+xml,application/xml;q=0.9,image/webp,image/apng,*/*;q=0.8,application/signed-exchange;v=b3',
  'sec-fetch-site' => 'same-origin',
  'sec-fetch-mode' => 'navigate',
  'referer' => 'http://localhost/tp5/public/admin/admin/lst.html',
  'accept-encoding' => 'gzip, deflate, br',
  'accept-language' => 'zh-CN,zh;q=0.9,en;q=0.8',
  'cookie' => 'Webstorm-bbf7ba1a=4adf1af4-7758-46da-b7ef-784892210ecd; _ga=GA1.1.1847825167.1565618075; Phpstorm-59ffdf3e=4f9c2124-f037-4135-ab85-dd17671ecb82; pgv_pvi=4210754560',
)
[ info ] [ PARAM ] array (
)
[ info ] [ RUN ] app\admin\controller\Admin->add[ C:\xampp\htdocs\tp5\application\admin\controller\Admin.php ]
[ info ] [ VIEW ] C:\xampp\htdocs\tp5\public/../application/admin\view\admin\add.htm [ array (
) ]
[ info ] [ LOG ] INIT File
---------------------------------------------------------------
[ 2019-11-15T21:11:16+08:00 ] 0.0.0.0 POST localhost/tp5/public/admin/admin/add.html
[运行时间：0.044353s] [吞吐率：22.55req/s] [内存消耗：2,029.25kb] [文件加载：46]
[ info ] [ LANG ] C:\xampp\htdocs\tp5\thinkphp\lang\zh-cn.php
[ info ] [ ROUTE ] array (
  'type' => 'module',
  'module' => 
  array (
    0 => 'admin',
    1 => 'admin',
    2 => 'add',
  ),
)
[ info ] [ HEADER ] array (
  'host' => 'localhost',
  'connection' => 'keep-alive',
  'content-length' => '37',
  'cache-control' => 'max-age=0',
  'origin' => 'http://localhost',
  'upgrade-insecure-requests' => '1',
  'content-type' => 'application/x-www-form-urlencoded',
  'user-agent' => 'Mozilla/5.0 (Windows NT 10.0; Win64; x64) AppleWebKit/537.36 (KHTML, like Gecko) Chrome/78.0.3904.97 Safari/537.36',
  'sec-fetch-user' => '?1',
  'accept' => 'text/html,application/xhtml+xml,application/xml;q=0.9,image/webp,image/apng,*/*;q=0.8,application/signed-exchange;v=b3',
  'sec-fetch-site' => 'same-origin',
  'sec-fetch-mode' => 'navigate',
  'referer' => 'http://localhost/tp5/public/admin/admin/add.html',
  'accept-encoding' => 'gzip, deflate, br',
  'accept-language' => 'zh-CN,zh;q=0.9,en;q=0.8',
  'cookie' => 'Webstorm-bbf7ba1a=4adf1af4-7758-46da-b7ef-784892210ecd; _ga=GA1.1.1847825167.1565618075; Phpstorm-59ffdf3e=4f9c2124-f037-4135-ab85-dd17671ecb82; pgv_pvi=4210754560',
)
[ info ] [ PARAM ] array (
  'name' => '3333',
  'password' => '问问',
)
[ info ] [ RUN ] app\admin\controller\Admin->add[ C:\xampp\htdocs\tp5\application\admin\controller\Admin.php ]
[ info ] [ DB ] INIT mysql
[ info ] [ VIEW ] C:\xampp\htdocs\tp5\thinkphp\tpl\dispatch_jump.tpl [ array (
  0 => 'code',
  1 => 'msg',
  2 => 'data',
  3 => 'url',
  4 => 'wait',
) ]
[ info ] [ LOG ] INIT File
[ sql ] [ DB ] CONNECT:[ UseTime:0.001071s ] mysql:host=127.0.0.1;port=3306;dbname=bick;charset=utf8
[ sql ] [ SQL ] SHOW COLUMNS FROM `bk_admin` [ RunTime:0.005652s ]
[ sql ] [ SQL ] INSERT INTO `bk_admin` (`name` , `password`) VALUES ('3333' , '问问') [ RunTime:0.001569s ]
[ sql ] [ SQL ] INSERT INTO `bk_admin` (`name` , `password`) VALUES ('3333' , '问问') [ RunTime:0.001341s ]
---------------------------------------------------------------
[ 2019-11-15T21:11:19+08:00 ] 0.0.0.0 GET localhost/tp5/public/admin/admin/lst.html
[运行时间：0.031560s] [吞吐率：31.69req/s] [内存消耗：1,161.89kb] [文件加载：37]
[ info ] [ LANG ] C:\xampp\htdocs\tp5\thinkphp\lang\zh-cn.php
[ info ] [ ROUTE ] array (
  'type' => 'module',
  'module' => 
  array (
    0 => 'admin',
    1 => 'admin',
    2 => 'lst',
  ),
)
[ info ] [ HEADER ] array (
  'host' => 'localhost',
  'connection' => 'keep-alive',
  'upgrade-insecure-requests' => '1',
  'user-agent' => 'Mozilla/5.0 (Windows NT 10.0; Win64; x64) AppleWebKit/537.36 (KHTML, like Gecko) Chrome/78.0.3904.97 Safari/537.36',
  'accept' => 'text/html,application/xhtml+xml,application/xml;q=0.9,image/webp,image/apng,*/*;q=0.8,application/signed-exchange;v=b3',
  'sec-fetch-site' => 'same-origin',
  'sec-fetch-mode' => 'navigate',
  'referer' => 'http://localhost/tp5/public/admin/admin/add.html',
  'accept-encoding' => 'gzip, deflate, br',
  'accept-language' => 'zh-CN,zh;q=0.9,en;q=0.8',
  'cookie' => 'Webstorm-bbf7ba1a=4adf1af4-7758-46da-b7ef-784892210ecd; _ga=GA1.1.1847825167.1565618075; Phpstorm-59ffdf3e=4f9c2124-f037-4135-ab85-dd17671ecb82; pgv_pvi=4210754560',
)
[ info ] [ PARAM ] array (
)
[ info ] [ RUN ] app\admin\controller\Admin->lst[ C:\xampp\htdocs\tp5\application\admin\controller\Admin.php ]
[ info ] [ VIEW ] C:\xampp\htdocs\tp5\public/../application/admin\view\admin\lst.htm [ array (
) ]
[ info ] [ LOG ] INIT File
---------------------------------------------------------------
[ 2019-11-15T21:18:45+08:00 ] 0.0.0.0 GET localhost/tp5/public/admin
[运行时间：0.027798s] [吞吐率：35.97req/s] [内存消耗：1,154.48kb] [文件加载：37]
[ info ] [ LANG ] C:\xampp\htdocs\tp5\thinkphp\lang\zh-cn.php
[ info ] [ ROUTE ] array (
  'type' => 'module',
  'module' => 
  array (
    0 => 'admin',
    1 => NULL,
    2 => NULL,
  ),
)
[ info ] [ HEADER ] array (
  'host' => 'localhost',
  'connection' => 'keep-alive',
  'upgrade-insecure-requests' => '1',
  'user-agent' => 'Mozilla/5.0 (Windows NT 10.0; Win64; x64) AppleWebKit/537.36 (KHTML, like Gecko) Chrome/78.0.3904.97 Safari/537.36',
  'sec-fetch-user' => '?1',
  'accept' => 'text/html,application/xhtml+xml,application/xml;q=0.9,image/webp,image/apng,*/*;q=0.8,application/signed-exchange;v=b3',
  'sec-fetch-site' => 'none',
  'sec-fetch-mode' => 'navigate',
  'accept-encoding' => 'gzip, deflate, br',
  'accept-language' => 'zh-CN,zh;q=0.9,en;q=0.8',
  'cookie' => 'Webstorm-bbf7ba1a=4adf1af4-7758-46da-b7ef-784892210ecd; _ga=GA1.1.1847825167.1565618075; Phpstorm-59ffdf3e=4f9c2124-f037-4135-ab85-dd17671ecb82; pgv_pvi=4210754560',
)
[ info ] [ PARAM ] array (
)
[ info ] [ RUN ] app\admin\controller\Index->index[ C:\xampp\htdocs\tp5\application\admin\controller\Index.php ]
[ info ] [ VIEW ] C:\xampp\htdocs\tp5\public/../application/admin\view\index\index.htm [ array (
) ]
[ info ] [ LOG ] INIT File
---------------------------------------------------------------
[ 2019-11-15T21:18:48+08:00 ] 0.0.0.0 GET localhost/tp5/public/admin/admin/lst.html
[运行时间：0.045080s] [吞吐率：22.18req/s] [内存消耗：1,161.48kb] [文件加载：37]
[ info ] [ LANG ] C:\xampp\htdocs\tp5\thinkphp\lang\zh-cn.php
[ info ] [ ROUTE ] array (
  'type' => 'module',
  'module' => 
  array (
    0 => 'admin',
    1 => 'admin',
    2 => 'lst',
  ),
)
[ info ] [ HEADER ] array (
  'host' => 'localhost',
  'connection' => 'keep-alive',
  'upgrade-insecure-requests' => '1',
  'user-agent' => 'Mozilla/5.0 (Windows NT 10.0; Win64; x64) AppleWebKit/537.36 (KHTML, like Gecko) Chrome/78.0.3904.97 Safari/537.36',
  'sec-fetch-user' => '?1',
  'accept' => 'text/html,application/xhtml+xml,application/xml;q=0.9,image/webp,image/apng,*/*;q=0.8,application/signed-exchange;v=b3',
  'sec-fetch-site' => 'same-origin',
  'sec-fetch-mode' => 'navigate',
  'referer' => 'http://localhost/tp5/public/admin',
  'accept-encoding' => 'gzip, deflate, br',
  'accept-language' => 'zh-CN,zh;q=0.9,en;q=0.8',
  'cookie' => 'Webstorm-bbf7ba1a=4adf1af4-7758-46da-b7ef-784892210ecd; _ga=GA1.1.1847825167.1565618075; Phpstorm-59ffdf3e=4f9c2124-f037-4135-ab85-dd17671ecb82; pgv_pvi=4210754560',
)
[ info ] [ PARAM ] array (
)
[ info ] [ RUN ] app\admin\controller\Admin->lst[ C:\xampp\htdocs\tp5\application\admin\controller\Admin.php ]
[ info ] [ VIEW ] C:\xampp\htdocs\tp5\public/../application/admin\view\admin\lst.htm [ array (
) ]
[ info ] [ LOG ] INIT File
---------------------------------------------------------------
[ 2019-11-15T21:18:49+08:00 ] 0.0.0.0 GET localhost/tp5/public/admin/admin/add.html
[运行时间：0.022055s] [吞吐率：45.34req/s] [内存消耗：1,160.46kb] [文件加载：37]
[ info ] [ LANG ] C:\xampp\htdocs\tp5\thinkphp\lang\zh-cn.php
[ info ] [ ROUTE ] array (
  'type' => 'module',
  'module' => 
  array (
    0 => 'admin',
    1 => 'admin',
    2 => 'add',
  ),
)
[ info ] [ HEADER ] array (
  'host' => 'localhost',
  'connection' => 'keep-alive',
  'upgrade-insecure-requests' => '1',
  'user-agent' => 'Mozilla/5.0 (Windows NT 10.0; Win64; x64) AppleWebKit/537.36 (KHTML, like Gecko) Chrome/78.0.3904.97 Safari/537.36',
  'sec-fetch-user' => '?1',
  'accept' => 'text/html,application/xhtml+xml,application/xml;q=0.9,image/webp,image/apng,*/*;q=0.8,application/signed-exchange;v=b3',
  'sec-fetch-site' => 'same-origin',
  'sec-fetch-mode' => 'navigate',
  'referer' => 'http://localhost/tp5/public/admin/admin/lst.html',
  'accept-encoding' => 'gzip, deflate, br',
  'accept-language' => 'zh-CN,zh;q=0.9,en;q=0.8',
  'cookie' => 'Webstorm-bbf7ba1a=4adf1af4-7758-46da-b7ef-784892210ecd; _ga=GA1.1.1847825167.1565618075; Phpstorm-59ffdf3e=4f9c2124-f037-4135-ab85-dd17671ecb82; pgv_pvi=4210754560',
)
[ info ] [ PARAM ] array (
)
[ info ] [ RUN ] app\admin\controller\Admin->add[ C:\xampp\htdocs\tp5\application\admin\controller\Admin.php ]
[ info ] [ VIEW ] C:\xampp\htdocs\tp5\public/../application/admin\view\admin\add.htm [ array (
) ]
[ info ] [ LOG ] INIT File
---------------------------------------------------------------
[ 2019-11-15T21:18:56+08:00 ] 0.0.0.0 POST localhost/tp5/public/admin/admin/add.html
[运行时间：0.069255s] [吞吐率：14.44req/s] [内存消耗：2,028.07kb] [文件加载：46]
[ info ] [ LANG ] C:\xampp\htdocs\tp5\thinkphp\lang\zh-cn.php
[ info ] [ ROUTE ] array (
  'type' => 'module',
  'module' => 
  array (
    0 => 'admin',
    1 => 'admin',
    2 => 'add',
  ),
)
[ info ] [ HEADER ] array (
  'host' => 'localhost',
  'connection' => 'keep-alive',
  'content-length' => '33',
  'cache-control' => 'max-age=0',
  'origin' => 'http://localhost',
  'upgrade-insecure-requests' => '1',
  'content-type' => 'application/x-www-form-urlencoded',
  'user-agent' => 'Mozilla/5.0 (Windows NT 10.0; Win64; x64) AppleWebKit/537.36 (KHTML, like Gecko) Chrome/78.0.3904.97 Safari/537.36',
  'sec-fetch-user' => '?1',
  'accept' => 'text/html,application/xhtml+xml,application/xml;q=0.9,image/webp,image/apng,*/*;q=0.8,application/signed-exchange;v=b3',
  'sec-fetch-site' => 'same-origin',
  'sec-fetch-mode' => 'navigate',
  'referer' => 'http://localhost/tp5/public/admin/admin/add.html',
  'accept-encoding' => 'gzip, deflate, br',
  'accept-language' => 'zh-CN,zh;q=0.9,en;q=0.8',
  'cookie' => 'Webstorm-bbf7ba1a=4adf1af4-7758-46da-b7ef-784892210ecd; _ga=GA1.1.1847825167.1565618075; Phpstorm-59ffdf3e=4f9c2124-f037-4135-ab85-dd17671ecb82; pgv_pvi=4210754560',
)
[ info ] [ PARAM ] array (
  'name' => '0000000',
  'password' => '88888888888',
)
[ info ] [ RUN ] app\admin\controller\Admin->add[ C:\xampp\htdocs\tp5\application\admin\controller\Admin.php ]
[ info ] [ DB ] INIT mysql
[ info ] [ VIEW ] C:\xampp\htdocs\tp5\thinkphp\tpl\dispatch_jump.tpl [ array (
  0 => 'code',
  1 => 'msg',
  2 => 'data',
  3 => 'url',
  4 => 'wait',
) ]
[ info ] [ LOG ] INIT File
[ sql ] [ DB ] CONNECT:[ UseTime:0.011345s ] mysql:host=127.0.0.1;port=3306;dbname=bick;charset=utf8
[ sql ] [ SQL ] SHOW COLUMNS FROM `bk_admin` [ RunTime:0.006462s ]
[ sql ] [ SQL ] INSERT INTO `bk_admin` (`name` , `password`) VALUES ('0000000' , '88888888888') [ RunTime:0.001605s ]
