---------------------------------------------------------------
[ 2020-07-12T14:58:17+08:00 ] 127.0.0.1 GET localhost/tp5/public/index/index/index.html
[运行时间：0.199083s] [吞吐率：5.02req/s] [内存消耗：3,062.25kb] [文件加载：49]
[ info ] [ LANG ] /Applications/XAMPP/xamppfiles/htdocs/tp5/thinkphp/lang/zh-cn.php
[ info ] [ ROUTE ] array (
  'type' => 'module',
  'module' => 
  array (
    0 => 'index',
    1 => 'index',
    2 => 'index',
  ),
)
[ info ] [ HEADER ] array (
  'host' => 'localhost',
  'user-agent' => 'Mozilla/5.0 (Macintosh; Intel Mac OS X 10.13; rv:78.0) Gecko/20100101 Firefox/78.0',
  'accept' => 'text/html,application/xhtml+xml,application/xml;q=0.9,image/webp,*/*;q=0.8',
  'accept-language' => 'zh-CN,zh;q=0.8,zh-TW;q=0.7,zh-HK;q=0.5,en-US;q=0.3,en;q=0.2',
  'accept-encoding' => 'gzip, deflate',
  'connection' => 'keep-alive',
  'cookie' => 'Phpstorm-1c598e3f=7b0d8230-4d2d-48e8-abd4-f822f77f098d; _ga=GA1.1.840218633.1586699117',
  'upgrade-insecure-requests' => '1',
)
[ info ] [ PARAM ] array (
)
[ info ] [ DB ] INIT mysql
[ info ] [ RUN ] app\index\controller\Index->index[ /Applications/XAMPP/xamppfiles/htdocs/tp5/application/index/controller/Index.php ]
[ info ] [ VIEW ] /Applications/XAMPP/xamppfiles/htdocs/tp5/public/../application/index/view/index/index.htm [ array (
  0 => 'confres',
  1 => 'cateres',
  2 => 'newarticleres',
  3 => 'sitehotres',
  4 => 'linkres',
  5 => 'recartres',
) ]
[ info ] [ LOG ] INIT File
[ sql ] [ DB ] CONNECT:[ UseTime:0.004799s ] mysql:host=127.0.0.1;port=3306;dbname=bick;charset=utf8
[ sql ] [ SQL ] SHOW COLUMNS FROM `bk_conf` [ RunTime:0.030104s ]
[ sql ] [ SQL ] SELECT `enname`,`cnname` FROM `bk_conf` [ RunTime:0.006842s ]
[ sql ] [ SQL ] SHOW COLUMNS FROM `bk_cate` [ RunTime:0.005681s ]
[ sql ] [ SQL ] SELECT * FROM `bk_cate` WHERE  `pid` = 0 [ RunTime:0.003533s ]
[ sql ] [ SQL ] SELECT * FROM `bk_cate` WHERE  `pid` = 28 [ RunTime:0.001942s ]
[ sql ] [ SQL ] SELECT * FROM `bk_cate` WHERE  `pid` = 31 [ RunTime:0.000927s ]
[ sql ] [ SQL ] SELECT * FROM `bk_cate` WHERE  `pid` = 34 [ RunTime:0.000749s ]
[ sql ] [ SQL ] SELECT * FROM `bk_cate` WHERE  `pid` = 35 [ RunTime:0.000801s ]
[ sql ] [ SQL ] SELECT * FROM `bk_cate` WHERE  `pid` = 37 [ RunTime:0.000976s ]
[ sql ] [ SQL ] SHOW COLUMNS FROM `bk_article` [ RunTime:0.005464s ]
[ sql ] [ SQL ] SELECT `a`.`id`,`a`.`title`,`a`.`desc`,`a`.`thumb`,`a`.`click`,`a`.`zan`,`a`.`time`,`c`.`catename`,`a`.`cateid` FROM `bk_article` `a` INNER JOIN `bk_cate` `c` ON `a`.`cateid`=`c`.`id` ORDER BY `a`.`id` DESC LIMIT 5 [ RunTime:0.001501s ]
[ sql ] [ SQL ] SELECT `id`,`title`,`thumb` FROM `bk_article` ORDER BY `click` DESC LIMIT 5 [ RunTime:0.000497s ]
[ sql ] [ SQL ] SELECT `id`,`thumb`,`title` FROM `bk_article` WHERE  `rec` = 1 ORDER BY `id` DESC LIMIT 4 [ RunTime:0.000575s ]
[ sql ] [ SQL ] SHOW COLUMNS FROM `bk_link` [ RunTime:0.004200s ]
[ sql ] [ SQL ] SELECT * FROM `bk_link` ORDER BY `sortn` DESC [ RunTime:0.000572s ]
---------------------------------------------------------------
[ 2020-07-12T14:58:18+08:00 ] 127.0.0.1 GET localhost/tp5/public/static/index/style/jquery.error.js
[运行时间：0.037278s] [吞吐率：26.83req/s] [内存消耗：1,326.06kb] [文件加载：30]
[ info ] [ LANG ] /Applications/XAMPP/xamppfiles/htdocs/tp5/thinkphp/lang/zh-cn.php
[ info ] [ ROUTE ] array (
  'type' => 'module',
  'module' => 
  array (
    0 => 'static',
    1 => 'index',
    2 => 'style',
  ),
)
[ info ] [ HEADER ] array (
  'host' => 'localhost',
  'user-agent' => 'Mozilla/5.0 (Macintosh; Intel Mac OS X 10.13; rv:78.0) Gecko/20100101 Firefox/78.0',
  'accept' => '*/*',
  'accept-language' => 'zh-CN,zh;q=0.8,zh-TW;q=0.7,zh-HK;q=0.5,en-US;q=0.3,en;q=0.2',
  'accept-encoding' => 'gzip, deflate',
  'connection' => 'keep-alive',
  'referer' => 'http://localhost/tp5/public/index/index/index.html',
  'cookie' => 'Phpstorm-1c598e3f=7b0d8230-4d2d-48e8-abd4-f822f77f098d; _ga=GA1.1.840218633.1586699117',
)
[ info ] [ PARAM ] array (
)
[ info ] [ LOG ] INIT File
---------------------------------------------------------------
[ 2020-07-12T14:58:18+08:00 ] 127.0.0.1 GET localhost/tp5/public/static/index/style/jquery.form.js
[运行时间：0.070872s] [吞吐率：14.11req/s] [内存消耗：1,326.06kb] [文件加载：30]
[ info ] [ LANG ] /Applications/XAMPP/xamppfiles/htdocs/tp5/thinkphp/lang/zh-cn.php
[ info ] [ ROUTE ] array (
  'type' => 'module',
  'module' => 
  array (
    0 => 'static',
    1 => 'index',
    2 => 'style',
  ),
)
[ info ] [ HEADER ] array (
  'host' => 'localhost',
  'user-agent' => 'Mozilla/5.0 (Macintosh; Intel Mac OS X 10.13; rv:78.0) Gecko/20100101 Firefox/78.0',
  'accept' => '*/*',
  'accept-language' => 'zh-CN,zh;q=0.8,zh-TW;q=0.7,zh-HK;q=0.5,en-US;q=0.3,en;q=0.2',
  'accept-encoding' => 'gzip, deflate',
  'connection' => 'keep-alive',
  'referer' => 'http://localhost/tp5/public/index/index/index.html',
  'cookie' => 'Phpstorm-1c598e3f=7b0d8230-4d2d-48e8-abd4-f822f77f098d; _ga=GA1.1.840218633.1586699117',
)
[ info ] [ PARAM ] array (
)
[ info ] [ LOG ] INIT File
---------------------------------------------------------------
[ 2020-07-12T14:58:18+08:00 ] 127.0.0.1 GET localhost/tp5/public/static/index/style/jquery.error.js
[运行时间：0.018607s] [吞吐率：53.74req/s] [内存消耗：1,325.48kb] [文件加载：30]
[ info ] [ LANG ] /Applications/XAMPP/xamppfiles/htdocs/tp5/thinkphp/lang/zh-cn.php
[ info ] [ ROUTE ] array (
  'type' => 'module',
  'module' => 
  array (
    0 => 'static',
    1 => 'index',
    2 => 'style',
  ),
)
[ info ] [ HEADER ] array (
  'host' => 'localhost',
  'user-agent' => 'Mozilla/5.0 (Macintosh; Intel Mac OS X 10.13; rv:78.0) Gecko/20100101 Firefox/78.0',
  'accept' => '*/*',
  'accept-language' => 'zh-CN,zh;q=0.8,zh-TW;q=0.7,zh-HK;q=0.5,en-US;q=0.3,en;q=0.2',
  'accept-encoding' => 'gzip, deflate',
  'connection' => 'keep-alive',
  'referer' => 'http://localhost/tp5/public/index/index/index.html',
  'cookie' => 'Phpstorm-1c598e3f=7b0d8230-4d2d-48e8-abd4-f822f77f098d; _ga=GA1.1.840218633.1586699117',
)
[ info ] [ PARAM ] array (
)
[ info ] [ LOG ] INIT File
---------------------------------------------------------------
[ 2020-07-12T14:58:18+08:00 ] 127.0.0.1 GET localhost/tp5/public/static/index/style/img/tg.jpg
[运行时间：0.027351s] [吞吐率：36.56req/s] [内存消耗：1,326.55kb] [文件加载：30]
[ info ] [ LANG ] /Applications/XAMPP/xamppfiles/htdocs/tp5/thinkphp/lang/zh-cn.php
[ info ] [ ROUTE ] array (
  'type' => 'module',
  'module' => 
  array (
    0 => 'static',
    1 => 'index',
    2 => 'style',
  ),
)
[ info ] [ HEADER ] array (
  'host' => 'localhost',
  'user-agent' => 'Mozilla/5.0 (Macintosh; Intel Mac OS X 10.13; rv:78.0) Gecko/20100101 Firefox/78.0',
  'accept' => 'image/webp,*/*',
  'accept-language' => 'zh-CN,zh;q=0.8,zh-TW;q=0.7,zh-HK;q=0.5,en-US;q=0.3,en;q=0.2',
  'accept-encoding' => 'gzip, deflate',
  'connection' => 'keep-alive',
  'referer' => 'http://localhost/tp5/public/index/index/index.html',
  'cookie' => 'Phpstorm-1c598e3f=7b0d8230-4d2d-48e8-abd4-f822f77f098d; _ga=GA1.1.840218633.1586699117',
)
[ info ] [ PARAM ] array (
  'img' => 'tg.jpg',
)
[ info ] [ LOG ] INIT File
---------------------------------------------------------------
[ 2020-07-12T14:58:18+08:00 ] 127.0.0.1 GET localhost/tp5/public/static/index/style/jquery.form.js
[运行时间：0.016415s] [吞吐率：60.92req/s] [内存消耗：1,325.48kb] [文件加载：30]
[ info ] [ LANG ] /Applications/XAMPP/xamppfiles/htdocs/tp5/thinkphp/lang/zh-cn.php
[ info ] [ ROUTE ] array (
  'type' => 'module',
  'module' => 
  array (
    0 => 'static',
    1 => 'index',
    2 => 'style',
  ),
)
[ info ] [ HEADER ] array (
  'host' => 'localhost',
  'user-agent' => 'Mozilla/5.0 (Macintosh; Intel Mac OS X 10.13; rv:78.0) Gecko/20100101 Firefox/78.0',
  'accept' => '*/*',
  'accept-language' => 'zh-CN,zh;q=0.8,zh-TW;q=0.7,zh-HK;q=0.5,en-US;q=0.3,en;q=0.2',
  'accept-encoding' => 'gzip, deflate',
  'connection' => 'keep-alive',
  'referer' => 'http://localhost/tp5/public/index/index/index.html',
  'cookie' => 'Phpstorm-1c598e3f=7b0d8230-4d2d-48e8-abd4-f822f77f098d; _ga=GA1.1.840218633.1586699117',
)
[ info ] [ PARAM ] array (
)
[ info ] [ LOG ] INIT File
---------------------------------------------------------------
[ 2020-07-12T14:58:18+08:00 ] 127.0.0.1 GET localhost/tp5/public/static/index/images/focus-bg2.png
[运行时间：0.037799s] [吞吐率：26.46req/s] [内存消耗：1,325.53kb] [文件加载：30]
[ info ] [ LANG ] /Applications/XAMPP/xamppfiles/htdocs/tp5/thinkphp/lang/zh-cn.php
[ info ] [ ROUTE ] array (
  'type' => 'module',
  'module' => 
  array (
    0 => 'static',
    1 => 'index',
    2 => 'images',
  ),
)
[ info ] [ HEADER ] array (
  'host' => 'localhost',
  'user-agent' => 'Mozilla/5.0 (Macintosh; Intel Mac OS X 10.13; rv:78.0) Gecko/20100101 Firefox/78.0',
  'accept' => 'image/webp,*/*',
  'accept-language' => 'zh-CN,zh;q=0.8,zh-TW;q=0.7,zh-HK;q=0.5,en-US;q=0.3,en;q=0.2',
  'accept-encoding' => 'gzip, deflate',
  'connection' => 'keep-alive',
  'referer' => 'http://localhost/tp5/public/static/index/style/style.css',
  'cookie' => 'Phpstorm-1c598e3f=7b0d8230-4d2d-48e8-abd4-f822f77f098d; _ga=GA1.1.840218633.1586699117',
)
[ info ] [ PARAM ] array (
)
[ info ] [ LOG ] INIT File
---------------------------------------------------------------
[ 2020-07-12T14:58:18+08:00 ] 127.0.0.1 GET localhost/tp5/public/static/index/images/loading.gif
[运行时间：0.054855s] [吞吐率：18.23req/s] [内存消耗：1,326.11kb] [文件加载：30]
[ info ] [ LANG ] /Applications/XAMPP/xamppfiles/htdocs/tp5/thinkphp/lang/zh-cn.php
[ info ] [ ROUTE ] array (
  'type' => 'module',
  'module' => 
  array (
    0 => 'static',
    1 => 'index',
    2 => 'images',
  ),
)
[ info ] [ HEADER ] array (
  'host' => 'localhost',
  'user-agent' => 'Mozilla/5.0 (Macintosh; Intel Mac OS X 10.13; rv:78.0) Gecko/20100101 Firefox/78.0',
  'accept' => 'image/webp,*/*',
  'accept-language' => 'zh-CN,zh;q=0.8,zh-TW;q=0.7,zh-HK;q=0.5,en-US;q=0.3,en;q=0.2',
  'accept-encoding' => 'gzip, deflate',
  'connection' => 'keep-alive',
  'referer' => 'http://localhost/tp5/public/static/index/style/style.css',
  'cookie' => 'Phpstorm-1c598e3f=7b0d8230-4d2d-48e8-abd4-f822f77f098d; _ga=GA1.1.840218633.1586699117',
)
[ info ] [ PARAM ] array (
)
[ info ] [ LOG ] INIT File
---------------------------------------------------------------
[ 2020-07-12T14:58:18+08:00 ] 127.0.0.1 GET localhost/tp5/public/static/index/images/sitemap-dot.gif
[运行时间：0.034745s] [吞吐率：28.78req/s] [内存消耗：1,326.12kb] [文件加载：30]
[ info ] [ LANG ] /Applications/XAMPP/xamppfiles/htdocs/tp5/thinkphp/lang/zh-cn.php
[ info ] [ ROUTE ] array (
  'type' => 'module',
  'module' => 
  array (
    0 => 'static',
    1 => 'index',
    2 => 'images',
  ),
)
[ info ] [ HEADER ] array (
  'host' => 'localhost',
  'user-agent' => 'Mozilla/5.0 (Macintosh; Intel Mac OS X 10.13; rv:78.0) Gecko/20100101 Firefox/78.0',
  'accept' => 'image/webp,*/*',
  'accept-language' => 'zh-CN,zh;q=0.8,zh-TW;q=0.7,zh-HK;q=0.5,en-US;q=0.3,en;q=0.2',
  'accept-encoding' => 'gzip, deflate',
  'connection' => 'keep-alive',
  'referer' => 'http://localhost/tp5/public/static/index/style/style.css',
  'cookie' => 'Phpstorm-1c598e3f=7b0d8230-4d2d-48e8-abd4-f822f77f098d; _ga=GA1.1.840218633.1586699117',
)
[ info ] [ PARAM ] array (
)
[ info ] [ LOG ] INIT File
---------------------------------------------------------------
[ 2020-07-12T14:58:18+08:00 ] 127.0.0.1 GET localhost/tp5/public/static/index/style/img/tg.jpg
[运行时间：0.135202s] [吞吐率：7.40req/s] [内存消耗：1,325.96kb] [文件加载：30]
[ info ] [ LANG ] /Applications/XAMPP/xamppfiles/htdocs/tp5/thinkphp/lang/zh-cn.php
[ info ] [ ROUTE ] array (
  'type' => 'module',
  'module' => 
  array (
    0 => 'static',
    1 => 'index',
    2 => 'style',
  ),
)
[ info ] [ HEADER ] array (
  'host' => 'localhost',
  'user-agent' => 'Mozilla/5.0 (Macintosh; Intel Mac OS X 10.13; rv:78.0) Gecko/20100101 Firefox/78.0',
  'accept' => 'image/webp,*/*',
  'accept-language' => 'zh-CN,zh;q=0.8,zh-TW;q=0.7,zh-HK;q=0.5,en-US;q=0.3,en;q=0.2',
  'accept-encoding' => 'gzip, deflate',
  'connection' => 'keep-alive',
  'referer' => 'http://localhost/tp5/public/index/index/index.html',
  'cookie' => 'Phpstorm-1c598e3f=7b0d8230-4d2d-48e8-abd4-f822f77f098d; _ga=GA1.1.840218633.1586699117',
)
[ info ] [ PARAM ] array (
  'img' => 'tg.jpg',
)
[ info ] [ LOG ] INIT File
---------------------------------------------------------------
[ 2020-07-12T14:58:18+08:00 ] 127.0.0.1 GET localhost/tp5/public/index/index/images/focus-left-bg.png
[运行时间：0.111912s] [吞吐率：8.94req/s] [内存消耗：2,954.80kb] [文件加载：48]
[ info ] [ LANG ] /Applications/XAMPP/xamppfiles/htdocs/tp5/thinkphp/lang/zh-cn.php
[ info ] [ ROUTE ] array (
  'type' => 'module',
  'module' => 
  array (
    0 => 'index',
    1 => 'index',
    2 => 'images',
  ),
)
[ info ] [ HEADER ] array (
  'host' => 'localhost',
  'user-agent' => 'Mozilla/5.0 (Macintosh; Intel Mac OS X 10.13; rv:78.0) Gecko/20100101 Firefox/78.0',
  'accept' => 'image/webp,*/*',
  'accept-language' => 'zh-CN,zh;q=0.8,zh-TW;q=0.7,zh-HK;q=0.5,en-US;q=0.3,en;q=0.2',
  'accept-encoding' => 'gzip, deflate',
  'connection' => 'keep-alive',
  'referer' => 'http://localhost/tp5/public/index/index/index.html',
  'cookie' => 'Phpstorm-1c598e3f=7b0d8230-4d2d-48e8-abd4-f822f77f098d; _ga=GA1.1.840218633.1586699117',
)
[ info ] [ PARAM ] array (
)
[ info ] [ DB ] INIT mysql
[ info ] [ LOG ] INIT File
[ sql ] [ DB ] CONNECT:[ UseTime:0.001007s ] mysql:host=127.0.0.1;port=3306;dbname=bick;charset=utf8
[ sql ] [ SQL ] SHOW COLUMNS FROM `bk_conf` [ RunTime:0.006775s ]
[ sql ] [ SQL ] SELECT `enname`,`cnname` FROM `bk_conf` [ RunTime:0.000964s ]
[ sql ] [ SQL ] SHOW COLUMNS FROM `bk_cate` [ RunTime:0.009209s ]
[ sql ] [ SQL ] SELECT * FROM `bk_cate` WHERE  `pid` = 0 [ RunTime:0.019988s ]
[ sql ] [ SQL ] SELECT * FROM `bk_cate` WHERE  `pid` = 28 [ RunTime:0.001595s ]
[ sql ] [ SQL ] SELECT * FROM `bk_cate` WHERE  `pid` = 31 [ RunTime:0.001683s ]
[ sql ] [ SQL ] SELECT * FROM `bk_cate` WHERE  `pid` = 34 [ RunTime:0.000811s ]
[ sql ] [ SQL ] SELECT * FROM `bk_cate` WHERE  `pid` = 35 [ RunTime:0.001307s ]
[ sql ] [ SQL ] SELECT * FROM `bk_cate` WHERE  `pid` = 37 [ RunTime:0.001320s ]
---------------------------------------------------------------
[ 2020-07-12T14:58:19+08:00 ] 127.0.0.1 GET localhost/tp5/public/static/index/images/scroll.png
[运行时间：0.016529s] [吞吐率：60.50req/s] [内存消耗：1,325.52kb] [文件加载：30]
[ info ] [ LANG ] /Applications/XAMPP/xamppfiles/htdocs/tp5/thinkphp/lang/zh-cn.php
[ info ] [ ROUTE ] array (
  'type' => 'module',
  'module' => 
  array (
    0 => 'static',
    1 => 'index',
    2 => 'images',
  ),
)
[ info ] [ HEADER ] array (
  'host' => 'localhost',
  'user-agent' => 'Mozilla/5.0 (Macintosh; Intel Mac OS X 10.13; rv:78.0) Gecko/20100101 Firefox/78.0',
  'accept' => 'image/webp,*/*',
  'accept-language' => 'zh-CN,zh;q=0.8,zh-TW;q=0.7,zh-HK;q=0.5,en-US;q=0.3,en;q=0.2',
  'accept-encoding' => 'gzip, deflate',
  'connection' => 'keep-alive',
  'referer' => 'http://localhost/tp5/public/static/index/style/style.css',
  'cookie' => 'Phpstorm-1c598e3f=7b0d8230-4d2d-48e8-abd4-f822f77f098d; _ga=GA1.1.840218633.1586699117',
)
[ info ] [ PARAM ] array (
)
[ info ] [ LOG ] INIT File
---------------------------------------------------------------
[ 2020-07-12T14:58:22+08:00 ] 127.0.0.1 GET localhost/tp5/public/index/article/article/artid/17.html
[运行时间：0.090815s] [吞吐率：11.01req/s] [内存消耗：3,149.02kb] [文件加载：54]
[ info ] [ LANG ] /Applications/XAMPP/xamppfiles/htdocs/tp5/thinkphp/lang/zh-cn.php
[ info ] [ ROUTE ] array (
  'type' => 'module',
  'module' => 
  array (
    0 => 'index',
    1 => 'article',
    2 => 'article',
  ),
)
[ info ] [ HEADER ] array (
  'host' => 'localhost',
  'user-agent' => 'Mozilla/5.0 (Macintosh; Intel Mac OS X 10.13; rv:78.0) Gecko/20100101 Firefox/78.0',
  'accept' => 'text/html,application/xhtml+xml,application/xml;q=0.9,image/webp,*/*;q=0.8',
  'accept-language' => 'zh-CN,zh;q=0.8,zh-TW;q=0.7,zh-HK;q=0.5,en-US;q=0.3,en;q=0.2',
  'accept-encoding' => 'gzip, deflate',
  'connection' => 'keep-alive',
  'referer' => 'http://localhost/tp5/public/index/index/index.html',
  'cookie' => 'Phpstorm-1c598e3f=7b0d8230-4d2d-48e8-abd4-f822f77f098d; _ga=GA1.1.840218633.1586699117',
  'upgrade-insecure-requests' => '1',
)
[ info ] [ PARAM ] array (
  'artid' => '17',
)
[ info ] [ DB ] INIT mysql
[ info ] [ RUN ] app\index\controller\Article->article[ /Applications/XAMPP/xamppfiles/htdocs/tp5/application/index/controller/Article.php ]
[ info ] [ CACHE ] INIT File
[ info ] [ VIEW ] /Applications/XAMPP/xamppfiles/htdocs/tp5/public/../application/index/view/article/article.htm [ array (
  0 => 'posArr',
  1 => 'confres',
  2 => 'cateres',
  3 => 'articles',
  4 => 'hotres',
) ]
[ info ] [ LOG ] INIT File
[ sql ] [ DB ] CONNECT:[ UseTime:0.000957s ] mysql:host=127.0.0.1;port=3306;dbname=bick;charset=utf8
[ sql ] [ SQL ] SHOW COLUMNS FROM `bk_article` [ RunTime:0.021923s ]
[ sql ] [ SQL ] SELECT `cateid` FROM `bk_article` WHERE  `id` = 17 LIMIT 1 [ RunTime:0.001342s ]
[ sql ] [ SQL ] SHOW COLUMNS FROM `bk_cate` [ RunTime:0.003319s ]
[ sql ] [ SQL ] SELECT `id`,`pid`,`catename` FROM `bk_cate` [ RunTime:0.000445s ]
[ sql ] [ SQL ] SELECT `id`,`pid`,`catename` FROM `bk_cate` WHERE  `id` = 36 LIMIT 1 [ RunTime:0.000897s ]
[ sql ] [ SQL ] SHOW COLUMNS FROM `bk_conf` [ RunTime:0.003665s ]
[ sql ] [ SQL ] SELECT `enname`,`cnname` FROM `bk_conf` [ RunTime:0.000471s ]
[ sql ] [ SQL ] SELECT * FROM `bk_cate` WHERE  `pid` = 0 [ RunTime:0.000516s ]
[ sql ] [ SQL ] SELECT * FROM `bk_cate` WHERE  `pid` = 28 [ RunTime:0.000684s ]
[ sql ] [ SQL ] SELECT * FROM `bk_cate` WHERE  `pid` = 31 [ RunTime:0.000749s ]
[ sql ] [ SQL ] SELECT * FROM `bk_cate` WHERE  `pid` = 34 [ RunTime:0.000632s ]
[ sql ] [ SQL ] SELECT * FROM `bk_cate` WHERE  `pid` = 35 [ RunTime:0.000639s ]
[ sql ] [ SQL ] SELECT * FROM `bk_cate` WHERE  `pid` = 37 [ RunTime:0.000464s ]
[ sql ] [ SQL ] UPDATE `bk_article`  SET `click`=`click`+1  WHERE  `id` = 17 [ RunTime:0.003087s ]
[ sql ] [ SQL ] SELECT * FROM `bk_article` WHERE  `id` = 17 LIMIT 1 [ RunTime:0.000544s ]
[ sql ] [ SQL ] SELECT * FROM `bk_cate` [ RunTime:0.000453s ]
[ sql ] [ SQL ] SELECT * FROM `bk_article` WHERE  (  cateid IN(36) ) ORDER BY `click` DESC LIMIT 5 [ RunTime:0.000595s ]
---------------------------------------------------------------
[ 2020-07-12T14:58:22+08:00 ] 127.0.0.1 GET localhost/tp5/public/static/index/style/jquery.form.js
[运行时间：0.054792s] [吞吐率：18.25req/s] [内存消耗：1,325.49kb] [文件加载：30]
[ info ] [ LANG ] /Applications/XAMPP/xamppfiles/htdocs/tp5/thinkphp/lang/zh-cn.php
[ info ] [ ROUTE ] array (
  'type' => 'module',
  'module' => 
  array (
    0 => 'static',
    1 => 'index',
    2 => 'style',
  ),
)
[ info ] [ HEADER ] array (
  'host' => 'localhost',
  'user-agent' => 'Mozilla/5.0 (Macintosh; Intel Mac OS X 10.13; rv:78.0) Gecko/20100101 Firefox/78.0',
  'accept' => '*/*',
  'accept-language' => 'zh-CN,zh;q=0.8,zh-TW;q=0.7,zh-HK;q=0.5,en-US;q=0.3,en;q=0.2',
  'accept-encoding' => 'gzip, deflate',
  'connection' => 'keep-alive',
  'referer' => 'http://localhost/tp5/public/index/article/article/artid/17.html',
  'cookie' => 'Phpstorm-1c598e3f=7b0d8230-4d2d-48e8-abd4-f822f77f098d; _ga=GA1.1.840218633.1586699117',
)
[ info ] [ PARAM ] array (
)
[ info ] [ LOG ] INIT File
---------------------------------------------------------------
[ 2020-07-12T14:58:22+08:00 ] 127.0.0.1 GET localhost/tp5/public/static/index/style/jquery.error.js
[运行时间：0.065754s] [吞吐率：15.21req/s] [内存消耗：1,325.49kb] [文件加载：30]
[ info ] [ LANG ] /Applications/XAMPP/xamppfiles/htdocs/tp5/thinkphp/lang/zh-cn.php
[ info ] [ ROUTE ] array (
  'type' => 'module',
  'module' => 
  array (
    0 => 'static',
    1 => 'index',
    2 => 'style',
  ),
)
[ info ] [ HEADER ] array (
  'host' => 'localhost',
  'user-agent' => 'Mozilla/5.0 (Macintosh; Intel Mac OS X 10.13; rv:78.0) Gecko/20100101 Firefox/78.0',
  'accept' => '*/*',
  'accept-language' => 'zh-CN,zh;q=0.8,zh-TW;q=0.7,zh-HK;q=0.5,en-US;q=0.3,en;q=0.2',
  'accept-encoding' => 'gzip, deflate',
  'connection' => 'keep-alive',
  'referer' => 'http://localhost/tp5/public/index/article/article/artid/17.html',
  'cookie' => 'Phpstorm-1c598e3f=7b0d8230-4d2d-48e8-abd4-f822f77f098d; _ga=GA1.1.840218633.1586699117',
)
[ info ] [ PARAM ] array (
)
[ info ] [ LOG ] INIT File
---------------------------------------------------------------
[ 2020-07-12T14:58:22+08:00 ] 127.0.0.1 GET localhost/tp5/public/static/index/images/body_bg.jpg
[运行时间：0.023489s] [吞吐率：42.57req/s] [内存消耗：1,325.52kb] [文件加载：30]
[ info ] [ LANG ] /Applications/XAMPP/xamppfiles/htdocs/tp5/thinkphp/lang/zh-cn.php
[ info ] [ ROUTE ] array (
  'type' => 'module',
  'module' => 
  array (
    0 => 'static',
    1 => 'index',
    2 => 'images',
  ),
)
[ info ] [ HEADER ] array (
  'host' => 'localhost',
  'user-agent' => 'Mozilla/5.0 (Macintosh; Intel Mac OS X 10.13; rv:78.0) Gecko/20100101 Firefox/78.0',
  'accept' => 'image/webp,*/*',
  'accept-language' => 'zh-CN,zh;q=0.8,zh-TW;q=0.7,zh-HK;q=0.5,en-US;q=0.3,en;q=0.2',
  'accept-encoding' => 'gzip, deflate',
  'connection' => 'keep-alive',
  'referer' => 'http://localhost/tp5/public/static/index/style/style.css',
  'cookie' => 'Phpstorm-1c598e3f=7b0d8230-4d2d-48e8-abd4-f822f77f098d; _ga=GA1.1.840218633.1586699117',
)
[ info ] [ PARAM ] array (
)
[ info ] [ LOG ] INIT File
---------------------------------------------------------------
[ 2020-07-12T14:58:22+08:00 ] 127.0.0.1 GET localhost/tp5/public/static/index/style/jquery.form.js
[运行时间：0.016226s] [吞吐率：61.63req/s] [内存消耗：1,325.49kb] [文件加载：30]
[ info ] [ LANG ] /Applications/XAMPP/xamppfiles/htdocs/tp5/thinkphp/lang/zh-cn.php
[ info ] [ ROUTE ] array (
  'type' => 'module',
  'module' => 
  array (
    0 => 'static',
    1 => 'index',
    2 => 'style',
  ),
)
[ info ] [ HEADER ] array (
  'host' => 'localhost',
  'user-agent' => 'Mozilla/5.0 (Macintosh; Intel Mac OS X 10.13; rv:78.0) Gecko/20100101 Firefox/78.0',
  'accept' => '*/*',
  'accept-language' => 'zh-CN,zh;q=0.8,zh-TW;q=0.7,zh-HK;q=0.5,en-US;q=0.3,en;q=0.2',
  'accept-encoding' => 'gzip, deflate',
  'connection' => 'keep-alive',
  'referer' => 'http://localhost/tp5/public/index/article/article/artid/17.html',
  'cookie' => 'Phpstorm-1c598e3f=7b0d8230-4d2d-48e8-abd4-f822f77f098d; _ga=GA1.1.840218633.1586699117',
)
[ info ] [ PARAM ] array (
)
[ info ] [ LOG ] INIT File
---------------------------------------------------------------
[ 2020-07-12T14:58:23+08:00 ] 127.0.0.1 GET localhost/tp5/public/static/index/images/scroll.png
[运行时间：0.015259s] [吞吐率：65.53req/s] [内存消耗：1,325.52kb] [文件加载：30]
[ info ] [ LANG ] /Applications/XAMPP/xamppfiles/htdocs/tp5/thinkphp/lang/zh-cn.php
[ info ] [ ROUTE ] array (
  'type' => 'module',
  'module' => 
  array (
    0 => 'static',
    1 => 'index',
    2 => 'images',
  ),
)
[ info ] [ HEADER ] array (
  'host' => 'localhost',
  'user-agent' => 'Mozilla/5.0 (Macintosh; Intel Mac OS X 10.13; rv:78.0) Gecko/20100101 Firefox/78.0',
  'accept' => 'image/webp,*/*',
  'accept-language' => 'zh-CN,zh;q=0.8,zh-TW;q=0.7,zh-HK;q=0.5,en-US;q=0.3,en;q=0.2',
  'accept-encoding' => 'gzip, deflate',
  'connection' => 'keep-alive',
  'referer' => 'http://localhost/tp5/public/static/index/style/style.css',
  'cookie' => 'Phpstorm-1c598e3f=7b0d8230-4d2d-48e8-abd4-f822f77f098d; _ga=GA1.1.840218633.1586699117',
)
[ info ] [ PARAM ] array (
)
[ info ] [ LOG ] INIT File
---------------------------------------------------------------
[ 2020-07-12T15:22:50+08:00 ] 127.0.0.1 GET localhost/tp5/public/index/index/index.html
[运行时间：0.088415s] [吞吐率：11.31req/s] [内存消耗：3,062.23kb] [文件加载：49]
[ info ] [ LANG ] /Applications/XAMPP/xamppfiles/htdocs/tp5/thinkphp/lang/zh-cn.php
[ info ] [ ROUTE ] array (
  'type' => 'module',
  'module' => 
  array (
    0 => 'index',
    1 => 'index',
    2 => 'index',
  ),
)
[ info ] [ HEADER ] array (
  'host' => 'localhost',
  'user-agent' => 'Mozilla/5.0 (Macintosh; Intel Mac OS X 10.13; rv:78.0) Gecko/20100101 Firefox/78.0',
  'accept' => 'text/html,application/xhtml+xml,application/xml;q=0.9,image/webp,*/*;q=0.8',
  'accept-language' => 'zh-CN,zh;q=0.8,zh-TW;q=0.7,zh-HK;q=0.5,en-US;q=0.3,en;q=0.2',
  'accept-encoding' => 'gzip, deflate',
  'connection' => 'keep-alive',
  'cookie' => 'Phpstorm-1c598e3f=7b0d8230-4d2d-48e8-abd4-f822f77f098d; _ga=GA1.1.840218633.1586699117',
  'upgrade-insecure-requests' => '1',
)
[ info ] [ PARAM ] array (
)
[ info ] [ DB ] INIT mysql
[ info ] [ RUN ] app\index\controller\Index->index[ /Applications/XAMPP/xamppfiles/htdocs/tp5/application/index/controller/Index.php ]
[ info ] [ VIEW ] /Applications/XAMPP/xamppfiles/htdocs/tp5/public/../application/index/view/index/index.htm [ array (
  0 => 'confres',
  1 => 'cateres',
  2 => 'newarticleres',
  3 => 'sitehotres',
  4 => 'linkres',
  5 => 'recartres',
) ]
[ info ] [ LOG ] INIT File
[ sql ] [ DB ] CONNECT:[ UseTime:0.000694s ] mysql:host=127.0.0.1;port=3306;dbname=bick;charset=utf8
[ sql ] [ SQL ] SHOW COLUMNS FROM `bk_conf` [ RunTime:0.003652s ]
[ sql ] [ SQL ] SELECT `enname`,`cnname` FROM `bk_conf` [ RunTime:0.001482s ]
[ sql ] [ SQL ] SHOW COLUMNS FROM `bk_cate` [ RunTime:0.003864s ]
[ sql ] [ SQL ] SELECT * FROM `bk_cate` WHERE  `pid` = 0 [ RunTime:0.000763s ]
[ sql ] [ SQL ] SELECT * FROM `bk_cate` WHERE  `pid` = 28 [ RunTime:0.000660s ]
[ sql ] [ SQL ] SELECT * FROM `bk_cate` WHERE  `pid` = 31 [ RunTime:0.000748s ]
[ sql ] [ SQL ] SELECT * FROM `bk_cate` WHERE  `pid` = 34 [ RunTime:0.000877s ]
[ sql ] [ SQL ] SELECT * FROM `bk_cate` WHERE  `pid` = 35 [ RunTime:0.000599s ]
[ sql ] [ SQL ] SELECT * FROM `bk_cate` WHERE  `pid` = 37 [ RunTime:0.000594s ]
[ sql ] [ SQL ] SHOW COLUMNS FROM `bk_article` [ RunTime:0.004315s ]
[ sql ] [ SQL ] SELECT `a`.`id`,`a`.`title`,`a`.`desc`,`a`.`thumb`,`a`.`click`,`a`.`zan`,`a`.`time`,`c`.`catename`,`a`.`cateid` FROM `bk_article` `a` INNER JOIN `bk_cate` `c` ON `a`.`cateid`=`c`.`id` ORDER BY `a`.`id` DESC LIMIT 5 [ RunTime:0.000782s ]
[ sql ] [ SQL ] SELECT `id`,`title`,`thumb` FROM `bk_article` ORDER BY `click` DESC LIMIT 5 [ RunTime:0.001302s ]
[ sql ] [ SQL ] SELECT `id`,`thumb`,`title` FROM `bk_article` WHERE  `rec` = 1 ORDER BY `id` DESC LIMIT 4 [ RunTime:0.000695s ]
[ sql ] [ SQL ] SHOW COLUMNS FROM `bk_link` [ RunTime:0.004754s ]
[ sql ] [ SQL ] SELECT * FROM `bk_link` ORDER BY `sortn` DESC [ RunTime:0.001440s ]
---------------------------------------------------------------
[ 2020-07-12T15:22:50+08:00 ] 127.0.0.1 GET localhost/tp5/public/static/index/style/jquery.form.js
[运行时间：0.042203s] [吞吐率：23.70req/s] [内存消耗：1,325.48kb] [文件加载：30]
[ info ] [ LANG ] /Applications/XAMPP/xamppfiles/htdocs/tp5/thinkphp/lang/zh-cn.php
[ info ] [ ROUTE ] array (
  'type' => 'module',
  'module' => 
  array (
    0 => 'static',
    1 => 'index',
    2 => 'style',
  ),
)
[ info ] [ HEADER ] array (
  'host' => 'localhost',
  'user-agent' => 'Mozilla/5.0 (Macintosh; Intel Mac OS X 10.13; rv:78.0) Gecko/20100101 Firefox/78.0',
  'accept' => '*/*',
  'accept-language' => 'zh-CN,zh;q=0.8,zh-TW;q=0.7,zh-HK;q=0.5,en-US;q=0.3,en;q=0.2',
  'accept-encoding' => 'gzip, deflate',
  'connection' => 'keep-alive',
  'referer' => 'http://localhost/tp5/public/index/index/index.html',
  'cookie' => 'Phpstorm-1c598e3f=7b0d8230-4d2d-48e8-abd4-f822f77f098d; _ga=GA1.1.840218633.1586699117',
)
[ info ] [ PARAM ] array (
)
[ info ] [ LOG ] INIT File
---------------------------------------------------------------
[ 2020-07-12T15:22:50+08:00 ] 127.0.0.1 GET localhost/tp5/public/static/index/style/jquery.error.js
[运行时间：0.058668s] [吞吐率：17.05req/s] [内存消耗：1,325.48kb] [文件加载：30]
[ info ] [ LANG ] /Applications/XAMPP/xamppfiles/htdocs/tp5/thinkphp/lang/zh-cn.php
[ info ] [ ROUTE ] array (
  'type' => 'module',
  'module' => 
  array (
    0 => 'static',
    1 => 'index',
    2 => 'style',
  ),
)
[ info ] [ HEADER ] array (
  'host' => 'localhost',
  'user-agent' => 'Mozilla/5.0 (Macintosh; Intel Mac OS X 10.13; rv:78.0) Gecko/20100101 Firefox/78.0',
  'accept' => '*/*',
  'accept-language' => 'zh-CN,zh;q=0.8,zh-TW;q=0.7,zh-HK;q=0.5,en-US;q=0.3,en;q=0.2',
  'accept-encoding' => 'gzip, deflate',
  'connection' => 'keep-alive',
  'referer' => 'http://localhost/tp5/public/index/index/index.html',
  'cookie' => 'Phpstorm-1c598e3f=7b0d8230-4d2d-48e8-abd4-f822f77f098d; _ga=GA1.1.840218633.1586699117',
)
[ info ] [ PARAM ] array (
)
[ info ] [ LOG ] INIT File
---------------------------------------------------------------
[ 2020-07-12T15:22:50+08:00 ] 127.0.0.1 GET localhost/tp5/public/static/index/style/img/tg.jpg
[运行时间：0.030562s] [吞吐率：32.72req/s] [内存消耗：1,325.96kb] [文件加载：30]
[ info ] [ LANG ] /Applications/XAMPP/xamppfiles/htdocs/tp5/thinkphp/lang/zh-cn.php
[ info ] [ ROUTE ] array (
  'type' => 'module',
  'module' => 
  array (
    0 => 'static',
    1 => 'index',
    2 => 'style',
  ),
)
[ info ] [ HEADER ] array (
  'host' => 'localhost',
  'user-agent' => 'Mozilla/5.0 (Macintosh; Intel Mac OS X 10.13; rv:78.0) Gecko/20100101 Firefox/78.0',
  'accept' => 'image/webp,*/*',
  'accept-language' => 'zh-CN,zh;q=0.8,zh-TW;q=0.7,zh-HK;q=0.5,en-US;q=0.3,en;q=0.2',
  'accept-encoding' => 'gzip, deflate',
  'connection' => 'keep-alive',
  'referer' => 'http://localhost/tp5/public/index/index/index.html',
  'cookie' => 'Phpstorm-1c598e3f=7b0d8230-4d2d-48e8-abd4-f822f77f098d; _ga=GA1.1.840218633.1586699117',
)
[ info ] [ PARAM ] array (
  'img' => 'tg.jpg',
)
[ info ] [ LOG ] INIT File
---------------------------------------------------------------
[ 2020-07-12T15:22:50+08:00 ] 127.0.0.1 GET localhost/tp5/public/static/index/style/jquery.form.js
[运行时间：0.029011s] [吞吐率：34.47req/s] [内存消耗：1,326.06kb] [文件加载：30]
[ info ] [ LANG ] /Applications/XAMPP/xamppfiles/htdocs/tp5/thinkphp/lang/zh-cn.php
[ info ] [ ROUTE ] array (
  'type' => 'module',
  'module' => 
  array (
    0 => 'static',
    1 => 'index',
    2 => 'style',
  ),
)
[ info ] [ HEADER ] array (
  'host' => 'localhost',
  'user-agent' => 'Mozilla/5.0 (Macintosh; Intel Mac OS X 10.13; rv:78.0) Gecko/20100101 Firefox/78.0',
  'accept' => '*/*',
  'accept-language' => 'zh-CN,zh;q=0.8,zh-TW;q=0.7,zh-HK;q=0.5,en-US;q=0.3,en;q=0.2',
  'accept-encoding' => 'gzip, deflate',
  'connection' => 'keep-alive',
  'referer' => 'http://localhost/tp5/public/index/index/index.html',
  'cookie' => 'Phpstorm-1c598e3f=7b0d8230-4d2d-48e8-abd4-f822f77f098d; _ga=GA1.1.840218633.1586699117',
)
[ info ] [ PARAM ] array (
)
[ info ] [ LOG ] INIT File
---------------------------------------------------------------
[ 2020-07-12T15:22:50+08:00 ] 127.0.0.1 GET localhost/tp5/public/static/index/images/loading.gif
[运行时间：0.038002s] [吞吐率：26.31req/s] [内存消耗：1,325.52kb] [文件加载：30]
[ info ] [ LANG ] /Applications/XAMPP/xamppfiles/htdocs/tp5/thinkphp/lang/zh-cn.php
[ info ] [ ROUTE ] array (
  'type' => 'module',
  'module' => 
  array (
    0 => 'static',
    1 => 'index',
    2 => 'images',
  ),
)
[ info ] [ HEADER ] array (
  'host' => 'localhost',
  'user-agent' => 'Mozilla/5.0 (Macintosh; Intel Mac OS X 10.13; rv:78.0) Gecko/20100101 Firefox/78.0',
  'accept' => 'image/webp,*/*',
  'accept-language' => 'zh-CN,zh;q=0.8,zh-TW;q=0.7,zh-HK;q=0.5,en-US;q=0.3,en;q=0.2',
  'accept-encoding' => 'gzip, deflate',
  'connection' => 'keep-alive',
  'referer' => 'http://localhost/tp5/public/static/index/style/style.css',
  'cookie' => 'Phpstorm-1c598e3f=7b0d8230-4d2d-48e8-abd4-f822f77f098d; _ga=GA1.1.840218633.1586699117',
)
[ info ] [ PARAM ] array (
)
[ info ] [ LOG ] INIT File
---------------------------------------------------------------
[ 2020-07-12T15:22:50+08:00 ] 127.0.0.1 GET localhost/tp5/public/static/index/style/img/tg.jpg
[运行时间：0.069039s] [吞吐率：14.48req/s] [内存消耗：1,325.96kb] [文件加载：30]
[ info ] [ LANG ] /Applications/XAMPP/xamppfiles/htdocs/tp5/thinkphp/lang/zh-cn.php
[ info ] [ ROUTE ] array (
  'type' => 'module',
  'module' => 
  array (
    0 => 'static',
    1 => 'index',
    2 => 'style',
  ),
)
[ info ] [ HEADER ] array (
  'host' => 'localhost',
  'user-agent' => 'Mozilla/5.0 (Macintosh; Intel Mac OS X 10.13; rv:78.0) Gecko/20100101 Firefox/78.0',
  'accept' => 'image/webp,*/*',
  'accept-language' => 'zh-CN,zh;q=0.8,zh-TW;q=0.7,zh-HK;q=0.5,en-US;q=0.3,en;q=0.2',
  'accept-encoding' => 'gzip, deflate',
  'connection' => 'keep-alive',
  'referer' => 'http://localhost/tp5/public/index/index/index.html',
  'cookie' => 'Phpstorm-1c598e3f=7b0d8230-4d2d-48e8-abd4-f822f77f098d; _ga=GA1.1.840218633.1586699117',
)
[ info ] [ PARAM ] array (
  'img' => 'tg.jpg',
)
[ info ] [ LOG ] INIT File
---------------------------------------------------------------
[ 2020-07-12T15:22:50+08:00 ] 127.0.0.1 GET localhost/tp5/public/static/index/images/sitemap-dot.gif
[运行时间：0.043056s] [吞吐率：23.23req/s] [内存消耗：1,326.12kb] [文件加载：30]
[ info ] [ LANG ] /Applications/XAMPP/xamppfiles/htdocs/tp5/thinkphp/lang/zh-cn.php
[ info ] [ ROUTE ] array (
  'type' => 'module',
  'module' => 
  array (
    0 => 'static',
    1 => 'index',
    2 => 'images',
  ),
)
[ info ] [ HEADER ] array (
  'host' => 'localhost',
  'user-agent' => 'Mozilla/5.0 (Macintosh; Intel Mac OS X 10.13; rv:78.0) Gecko/20100101 Firefox/78.0',
  'accept' => 'image/webp,*/*',
  'accept-language' => 'zh-CN,zh;q=0.8,zh-TW;q=0.7,zh-HK;q=0.5,en-US;q=0.3,en;q=0.2',
  'accept-encoding' => 'gzip, deflate',
  'connection' => 'keep-alive',
  'referer' => 'http://localhost/tp5/public/static/index/style/style.css',
  'cookie' => 'Phpstorm-1c598e3f=7b0d8230-4d2d-48e8-abd4-f822f77f098d; _ga=GA1.1.840218633.1586699117',
)
[ info ] [ PARAM ] array (
)
[ info ] [ LOG ] INIT File
---------------------------------------------------------------
[ 2020-07-12T15:22:50+08:00 ] 127.0.0.1 GET localhost/tp5/public/static/index/images/focus-bg2.png
[运行时间：0.065721s] [吞吐率：15.22req/s] [内存消耗：1,325.53kb] [文件加载：30]
[ info ] [ LANG ] /Applications/XAMPP/xamppfiles/htdocs/tp5/thinkphp/lang/zh-cn.php
[ info ] [ ROUTE ] array (
  'type' => 'module',
  'module' => 
  array (
    0 => 'static',
    1 => 'index',
    2 => 'images',
  ),
)
[ info ] [ HEADER ] array (
  'host' => 'localhost',
  'user-agent' => 'Mozilla/5.0 (Macintosh; Intel Mac OS X 10.13; rv:78.0) Gecko/20100101 Firefox/78.0',
  'accept' => 'image/webp,*/*',
  'accept-language' => 'zh-CN,zh;q=0.8,zh-TW;q=0.7,zh-HK;q=0.5,en-US;q=0.3,en;q=0.2',
  'accept-encoding' => 'gzip, deflate',
  'connection' => 'keep-alive',
  'referer' => 'http://localhost/tp5/public/static/index/style/style.css',
  'cookie' => 'Phpstorm-1c598e3f=7b0d8230-4d2d-48e8-abd4-f822f77f098d; _ga=GA1.1.840218633.1586699117',
)
[ info ] [ PARAM ] array (
)
[ info ] [ LOG ] INIT File
---------------------------------------------------------------
[ 2020-07-12T15:22:50+08:00 ] 127.0.0.1 GET localhost/tp5/public/index/index/images/focus-left-bg.png
[运行时间：0.117511s] [吞吐率：8.51req/s] [内存消耗：2,954.80kb] [文件加载：48]
[ info ] [ LANG ] /Applications/XAMPP/xamppfiles/htdocs/tp5/thinkphp/lang/zh-cn.php
[ info ] [ ROUTE ] array (
  'type' => 'module',
  'module' => 
  array (
    0 => 'index',
    1 => 'index',
    2 => 'images',
  ),
)
[ info ] [ HEADER ] array (
  'host' => 'localhost',
  'user-agent' => 'Mozilla/5.0 (Macintosh; Intel Mac OS X 10.13; rv:78.0) Gecko/20100101 Firefox/78.0',
  'accept' => 'image/webp,*/*',
  'accept-language' => 'zh-CN,zh;q=0.8,zh-TW;q=0.7,zh-HK;q=0.5,en-US;q=0.3,en;q=0.2',
  'accept-encoding' => 'gzip, deflate',
  'connection' => 'keep-alive',
  'referer' => 'http://localhost/tp5/public/index/index/index.html',
  'cookie' => 'Phpstorm-1c598e3f=7b0d8230-4d2d-48e8-abd4-f822f77f098d; _ga=GA1.1.840218633.1586699117',
)
[ info ] [ PARAM ] array (
)
[ info ] [ DB ] INIT mysql
[ info ] [ LOG ] INIT File
[ sql ] [ DB ] CONNECT:[ UseTime:0.001509s ] mysql:host=127.0.0.1;port=3306;dbname=bick;charset=utf8
[ sql ] [ SQL ] SHOW COLUMNS FROM `bk_conf` [ RunTime:0.005993s ]
[ sql ] [ SQL ] SELECT `enname`,`cnname` FROM `bk_conf` [ RunTime:0.000678s ]
[ sql ] [ SQL ] SHOW COLUMNS FROM `bk_cate` [ RunTime:0.004792s ]
[ sql ] [ SQL ] SELECT * FROM `bk_cate` WHERE  `pid` = 0 [ RunTime:0.000753s ]
[ sql ] [ SQL ] SELECT * FROM `bk_cate` WHERE  `pid` = 28 [ RunTime:0.000782s ]
[ sql ] [ SQL ] SELECT * FROM `bk_cate` WHERE  `pid` = 31 [ RunTime:0.000849s ]
[ sql ] [ SQL ] SELECT * FROM `bk_cate` WHERE  `pid` = 34 [ RunTime:0.001233s ]
[ sql ] [ SQL ] SELECT * FROM `bk_cate` WHERE  `pid` = 35 [ RunTime:0.030125s ]
[ sql ] [ SQL ] SELECT * FROM `bk_cate` WHERE  `pid` = 37 [ RunTime:0.000950s ]
