---------------------------------------------------------------
[ 2019-12-04T19:37:01+08:00 ] 0.0.0.0 GET localhost/tp5/public/admin/article/add.html
[运行时间：0.050530s] [吞吐率：19.79req/s] [内存消耗：1,154.70kb] [文件加载：38]
[ info ] [ LANG ] C:\xampp\htdocs\tp5\thinkphp\lang\zh-cn.php
[ info ] [ ROUTE ] array (
  'type' => 'module',
  'module' => 
  array (
    0 => 'admin',
    1 => 'article',
    2 => 'add',
  ),
)
[ info ] [ HEADER ] array (
  'host' => 'localhost',
  'connection' => 'keep-alive',
  'upgrade-insecure-requests' => '1',
  'user-agent' => 'Mozilla/5.0 (Windows NT 10.0; Win64; x64) AppleWebKit/537.36 (KHTML, like Gecko) Chrome/78.0.3904.108 Safari/537.36',
  'sec-fetch-user' => '?1',
  'accept' => 'text/html,application/xhtml+xml,application/xml;q=0.9,image/webp,image/apng,*/*;q=0.8,application/signed-exchange;v=b3',
  'sec-fetch-site' => 'none',
  'sec-fetch-mode' => 'navigate',
  'accept-encoding' => 'gzip, deflate, br',
  'accept-language' => 'zh-CN,zh;q=0.9,en;q=0.8',
  'cookie' => 'Webstorm-bbf7ba1a=4adf1af4-7758-46da-b7ef-784892210ecd; _ga=GA1.1.1847825167.1565618075; Phpstorm-59ffdf3e=4f9c2124-f037-4135-ab85-dd17671ecb82; pgv_pvi=4210754560',
)
[ info ] [ PARAM ] array (
)
[ info ] [ SESSION ] INIT array (
  'id' => '',
  'var_session_id' => '',
  'prefix' => 'think',
  'type' => '',
  'auto_start' => true,
)
[ info ] [ VIEW ] C:\xampp\htdocs\tp5\thinkphp\tpl\dispatch_jump.tpl [ array (
  0 => 'code',
  1 => 'msg',
  2 => 'data',
  3 => 'url',
  4 => 'wait',
) ]
[ info ] [ LOG ] INIT File
---------------------------------------------------------------
[ 2019-12-04T19:37:04+08:00 ] 0.0.0.0 GET localhost/tp5/public/admin/login/index.html
[运行时间：0.033014s] [吞吐率：30.29req/s] [内存消耗：1,103.61kb] [文件加载：36]
[ info ] [ LANG ] C:\xampp\htdocs\tp5\thinkphp\lang\zh-cn.php
[ info ] [ ROUTE ] array (
  'type' => 'module',
  'module' => 
  array (
    0 => 'admin',
    1 => 'login',
    2 => 'index',
  ),
)
[ info ] [ HEADER ] array (
  'host' => 'localhost',
  'connection' => 'keep-alive',
  'upgrade-insecure-requests' => '1',
  'user-agent' => 'Mozilla/5.0 (Windows NT 10.0; Win64; x64) AppleWebKit/537.36 (KHTML, like Gecko) Chrome/78.0.3904.108 Safari/537.36',
  'accept' => 'text/html,application/xhtml+xml,application/xml;q=0.9,image/webp,image/apng,*/*;q=0.8,application/signed-exchange;v=b3',
  'sec-fetch-site' => 'same-origin',
  'sec-fetch-mode' => 'navigate',
  'referer' => 'http://localhost/tp5/public/admin/article/add.html',
  'accept-encoding' => 'gzip, deflate, br',
  'accept-language' => 'zh-CN,zh;q=0.9,en;q=0.8',
  'cookie' => 'Webstorm-bbf7ba1a=4adf1af4-7758-46da-b7ef-784892210ecd; _ga=GA1.1.1847825167.1565618075; Phpstorm-59ffdf3e=4f9c2124-f037-4135-ab85-dd17671ecb82; pgv_pvi=4210754560; PHPSESSID=svscl9pqv2hu5uqot8kg222qu5',
)
[ info ] [ PARAM ] array (
)
[ info ] [ RUN ] app\admin\controller\Login->index[ C:\xampp\htdocs\tp5\application\admin\controller\Login.php ]
[ info ] [ VIEW ] C:\xampp\htdocs\tp5\public/../application/admin\view\login\index.htm [ array (
) ]
[ info ] [ LOG ] INIT File
---------------------------------------------------------------
[ 2019-12-04T19:37:06+08:00 ] 0.0.0.0 POST localhost/tp5/public/admin/login/index.html
[运行时间：0.057984s] [吞吐率：17.25req/s] [内存消耗：2,066.03kb] [文件加载：46]
[ info ] [ LANG ] C:\xampp\htdocs\tp5\thinkphp\lang\zh-cn.php
[ info ] [ ROUTE ] array (
  'type' => 'module',
  'module' => 
  array (
    0 => 'admin',
    1 => 'login',
    2 => 'index',
  ),
)
[ info ] [ HEADER ] array (
  'host' => 'localhost',
  'connection' => 'keep-alive',
  'content-length' => '25',
  'cache-control' => 'max-age=0',
  'origin' => 'http://localhost',
  'upgrade-insecure-requests' => '1',
  'content-type' => 'application/x-www-form-urlencoded',
  'user-agent' => 'Mozilla/5.0 (Windows NT 10.0; Win64; x64) AppleWebKit/537.36 (KHTML, like Gecko) Chrome/78.0.3904.108 Safari/537.36',
  'sec-fetch-user' => '?1',
  'accept' => 'text/html,application/xhtml+xml,application/xml;q=0.9,image/webp,image/apng,*/*;q=0.8,application/signed-exchange;v=b3',
  'sec-fetch-site' => 'same-origin',
  'sec-fetch-mode' => 'navigate',
  'referer' => 'http://localhost/tp5/public/admin/login/index.html',
  'accept-encoding' => 'gzip, deflate, br',
  'accept-language' => 'zh-CN,zh;q=0.9,en;q=0.8',
  'cookie' => 'Webstorm-bbf7ba1a=4adf1af4-7758-46da-b7ef-784892210ecd; _ga=GA1.1.1847825167.1565618075; Phpstorm-59ffdf3e=4f9c2124-f037-4135-ab85-dd17671ecb82; pgv_pvi=4210754560; PHPSESSID=svscl9pqv2hu5uqot8kg222qu5',
)
[ info ] [ PARAM ] array (
  'name' => 'admin',
  'password' => '12345',
)
[ info ] [ RUN ] app\admin\controller\Login->index[ C:\xampp\htdocs\tp5\application\admin\controller\Login.php ]
[ info ] [ DB ] INIT mysql
[ info ] [ SESSION ] INIT array (
  'id' => '',
  'var_session_id' => '',
  'prefix' => 'think',
  'type' => '',
  'auto_start' => true,
)
[ info ] [ VIEW ] C:\xampp\htdocs\tp5\thinkphp\tpl\dispatch_jump.tpl [ array (
  0 => 'code',
  1 => 'msg',
  2 => 'data',
  3 => 'url',
  4 => 'wait',
) ]
[ info ] [ LOG ] INIT File
[ sql ] [ DB ] CONNECT:[ UseTime:0.001265s ] mysql:host=127.0.0.1;port=3306;dbname=bick;charset=utf8
[ sql ] [ SQL ] SHOW COLUMNS FROM `bk_admin` [ RunTime:0.005763s ]
[ sql ] [ SQL ] SELECT * FROM `bk_admin` WHERE  `name` = 'admin' LIMIT 1 [ RunTime:0.000574s ]
---------------------------------------------------------------
[ 2019-12-04T19:37:09+08:00 ] 0.0.0.0 GET localhost/tp5/public/admin/index/index.html
[运行时间：0.025672s] [吞吐率：38.95req/s] [内存消耗：1,158.88kb] [文件加载：38]
[ info ] [ LANG ] C:\xampp\htdocs\tp5\thinkphp\lang\zh-cn.php
[ info ] [ ROUTE ] array (
  'type' => 'module',
  'module' => 
  array (
    0 => 'admin',
    1 => 'index',
    2 => 'index',
  ),
)
[ info ] [ HEADER ] array (
  'host' => 'localhost',
  'connection' => 'keep-alive',
  'upgrade-insecure-requests' => '1',
  'user-agent' => 'Mozilla/5.0 (Windows NT 10.0; Win64; x64) AppleWebKit/537.36 (KHTML, like Gecko) Chrome/78.0.3904.108 Safari/537.36',
  'accept' => 'text/html,application/xhtml+xml,application/xml;q=0.9,image/webp,image/apng,*/*;q=0.8,application/signed-exchange;v=b3',
  'sec-fetch-site' => 'same-origin',
  'sec-fetch-mode' => 'navigate',
  'referer' => 'http://localhost/tp5/public/admin/login/index.html',
  'accept-encoding' => 'gzip, deflate, br',
  'accept-language' => 'zh-CN,zh;q=0.9,en;q=0.8',
  'cookie' => 'Webstorm-bbf7ba1a=4adf1af4-7758-46da-b7ef-784892210ecd; _ga=GA1.1.1847825167.1565618075; Phpstorm-59ffdf3e=4f9c2124-f037-4135-ab85-dd17671ecb82; pgv_pvi=4210754560; PHPSESSID=svscl9pqv2hu5uqot8kg222qu5',
)
[ info ] [ PARAM ] array (
)
[ info ] [ SESSION ] INIT array (
  'id' => '',
  'var_session_id' => '',
  'prefix' => 'think',
  'type' => '',
  'auto_start' => true,
)
[ info ] [ RUN ] app\admin\controller\Index->index[ C:\xampp\htdocs\tp5\application\admin\controller\Index.php ]
[ info ] [ VIEW ] C:\xampp\htdocs\tp5\public/../application/admin\view\index\index.htm [ array (
) ]
[ info ] [ LOG ] INIT File
---------------------------------------------------------------
[ 2019-12-04T19:37:14+08:00 ] 0.0.0.0 GET localhost/tp5/public/admin/index/index.html
[运行时间：0.027191s] [吞吐率：36.78req/s] [内存消耗：1,158.88kb] [文件加载：38]
[ info ] [ LANG ] C:\xampp\htdocs\tp5\thinkphp\lang\zh-cn.php
[ info ] [ ROUTE ] array (
  'type' => 'module',
  'module' => 
  array (
    0 => 'admin',
    1 => 'index',
    2 => 'index',
  ),
)
[ info ] [ HEADER ] array (
  'host' => 'localhost',
  'connection' => 'keep-alive',
  'upgrade-insecure-requests' => '1',
  'user-agent' => 'Mozilla/5.0 (Windows NT 10.0; Win64; x64) AppleWebKit/537.36 (KHTML, like Gecko) Chrome/78.0.3904.108 Safari/537.36',
  'accept' => 'text/html,application/xhtml+xml,application/xml;q=0.9,image/webp,image/apng,*/*;q=0.8,application/signed-exchange;v=b3',
  'sec-fetch-site' => 'same-origin',
  'sec-fetch-mode' => 'navigate',
  'referer' => 'http://localhost/tp5/public/admin/login/index.html',
  'accept-encoding' => 'gzip, deflate, br',
  'accept-language' => 'zh-CN,zh;q=0.9,en;q=0.8',
  'cookie' => 'Webstorm-bbf7ba1a=4adf1af4-7758-46da-b7ef-784892210ecd; _ga=GA1.1.1847825167.1565618075; Phpstorm-59ffdf3e=4f9c2124-f037-4135-ab85-dd17671ecb82; pgv_pvi=4210754560; PHPSESSID=svscl9pqv2hu5uqot8kg222qu5',
)
[ info ] [ PARAM ] array (
)
[ info ] [ SESSION ] INIT array (
  'id' => '',
  'var_session_id' => '',
  'prefix' => 'think',
  'type' => '',
  'auto_start' => true,
)
[ info ] [ RUN ] app\admin\controller\Index->index[ C:\xampp\htdocs\tp5\application\admin\controller\Index.php ]
[ info ] [ VIEW ] C:\xampp\htdocs\tp5\public/../application/admin\view\index\index.htm [ array (
) ]
[ info ] [ LOG ] INIT File
---------------------------------------------------------------
[ 2019-12-04T19:37:19+08:00 ] 0.0.0.0 GET localhost/tp5/public/admin/link/lst.html
[运行时间：0.075384s] [吞吐率：13.27req/s] [内存消耗：2,241.13kb] [文件加载：51]
[ info ] [ LANG ] C:\xampp\htdocs\tp5\thinkphp\lang\zh-cn.php
[ info ] [ ROUTE ] array (
  'type' => 'module',
  'module' => 
  array (
    0 => 'admin',
    1 => 'link',
    2 => 'lst',
  ),
)
[ info ] [ HEADER ] array (
  'host' => 'localhost',
  'connection' => 'keep-alive',
  'upgrade-insecure-requests' => '1',
  'user-agent' => 'Mozilla/5.0 (Windows NT 10.0; Win64; x64) AppleWebKit/537.36 (KHTML, like Gecko) Chrome/78.0.3904.108 Safari/537.36',
  'sec-fetch-user' => '?1',
  'accept' => 'text/html,application/xhtml+xml,application/xml;q=0.9,image/webp,image/apng,*/*;q=0.8,application/signed-exchange;v=b3',
  'sec-fetch-site' => 'same-origin',
  'sec-fetch-mode' => 'navigate',
  'referer' => 'http://localhost/tp5/public/admin/index/index.html',
  'accept-encoding' => 'gzip, deflate, br',
  'accept-language' => 'zh-CN,zh;q=0.9,en;q=0.8',
  'cookie' => 'Webstorm-bbf7ba1a=4adf1af4-7758-46da-b7ef-784892210ecd; _ga=GA1.1.1847825167.1565618075; Phpstorm-59ffdf3e=4f9c2124-f037-4135-ab85-dd17671ecb82; pgv_pvi=4210754560; PHPSESSID=svscl9pqv2hu5uqot8kg222qu5',
)
[ info ] [ PARAM ] array (
)
[ info ] [ SESSION ] INIT array (
  'id' => '',
  'var_session_id' => '',
  'prefix' => 'think',
  'type' => '',
  'auto_start' => true,
)
[ info ] [ RUN ] app\admin\controller\Link->lst[ C:\xampp\htdocs\tp5\application\admin\controller\Link.php ]
[ info ] [ DB ] INIT mysql
[ info ] [ VIEW ] C:\xampp\htdocs\tp5\public/../application/admin\view\link\lst.htm [ array (
  0 => 'linkres',
) ]
[ info ] [ LOG ] INIT File
[ sql ] [ DB ] CONNECT:[ UseTime:0.000921s ] mysql:host=127.0.0.1;port=3306;dbname=bick;charset=utf8
[ sql ] [ SQL ] SHOW COLUMNS FROM `bk_link` [ RunTime:0.008789s ]
[ sql ] [ SQL ] SELECT COUNT(*) AS tp_count FROM `bk_link` LIMIT 1 [ RunTime:0.000546s ]
[ sql ] [ SQL ] SELECT * FROM `bk_link` ORDER BY `sortn` DESC LIMIT 0,3 [ RunTime:0.000484s ]
---------------------------------------------------------------
[ 2019-12-04T19:37:25+08:00 ] 0.0.0.0 GET localhost/tp5/public/admin/article/lst.html
[运行时间：0.058330s] [吞吐率：17.14req/s] [内存消耗：1,976.70kb] [文件加载：49]
[ info ] [ LANG ] C:\xampp\htdocs\tp5\thinkphp\lang\zh-cn.php
[ info ] [ ROUTE ] array (
  'type' => 'module',
  'module' => 
  array (
    0 => 'admin',
    1 => 'article',
    2 => 'lst',
  ),
)
[ info ] [ HEADER ] array (
  'host' => 'localhost',
  'connection' => 'keep-alive',
  'upgrade-insecure-requests' => '1',
  'user-agent' => 'Mozilla/5.0 (Windows NT 10.0; Win64; x64) AppleWebKit/537.36 (KHTML, like Gecko) Chrome/78.0.3904.108 Safari/537.36',
  'sec-fetch-user' => '?1',
  'accept' => 'text/html,application/xhtml+xml,application/xml;q=0.9,image/webp,image/apng,*/*;q=0.8,application/signed-exchange;v=b3',
  'sec-fetch-site' => 'same-origin',
  'sec-fetch-mode' => 'navigate',
  'referer' => 'http://localhost/tp5/public/admin/link/lst.html',
  'accept-encoding' => 'gzip, deflate, br',
  'accept-language' => 'zh-CN,zh;q=0.9,en;q=0.8',
  'cookie' => 'Webstorm-bbf7ba1a=4adf1af4-7758-46da-b7ef-784892210ecd; _ga=GA1.1.1847825167.1565618075; Phpstorm-59ffdf3e=4f9c2124-f037-4135-ab85-dd17671ecb82; pgv_pvi=4210754560; PHPSESSID=svscl9pqv2hu5uqot8kg222qu5',
)
[ info ] [ PARAM ] array (
)
[ info ] [ SESSION ] INIT array (
  'id' => '',
  'var_session_id' => '',
  'prefix' => 'think',
  'type' => '',
  'auto_start' => true,
)
[ info ] [ RUN ] app\admin\controller\Article->lst[ C:\xampp\htdocs\tp5\application\admin\controller\Article.php ]
[ info ] [ DB ] INIT mysql
[ info ] [ VIEW ] C:\xampp\htdocs\tp5\public/../application/admin\view\article\lst.htm [ array (
  0 => 'artres',
) ]
[ info ] [ LOG ] INIT File
[ sql ] [ DB ] CONNECT:[ UseTime:0.001015s ] mysql:host=127.0.0.1;port=3306;dbname=bick;charset=utf8
[ sql ] [ SQL ] SHOW COLUMNS FROM `bk_article` [ RunTime:0.006331s ]
[ sql ] [ SQL ] SELECT COUNT(*) AS tp_count FROM `bk_article` `a` INNER JOIN `bk_cate` `b` ON `a`.`cateid`=`b`.`id` LIMIT 1 [ RunTime:0.000451s ]
[ sql ] [ SQL ] SELECT `a`.*,`b`.`catename` FROM `bk_article` `a` INNER JOIN `bk_cate` `b` ON `a`.`cateid`=`b`.`id` LIMIT 0,10 [ RunTime:0.000470s ]
---------------------------------------------------------------
[ 2019-12-04T19:37:28+08:00 ] 0.0.0.0 GET localhost/tp5/public/admin/cate/lst.html
[运行时间：0.054155s] [吞吐率：18.47req/s] [内存消耗：2,112.20kb] [文件加载：47]
[ info ] [ LANG ] C:\xampp\htdocs\tp5\thinkphp\lang\zh-cn.php
[ info ] [ ROUTE ] array (
  'type' => 'module',
  'module' => 
  array (
    0 => 'admin',
    1 => 'cate',
    2 => 'lst',
  ),
)
[ info ] [ HEADER ] array (
  'host' => 'localhost',
  'connection' => 'keep-alive',
  'upgrade-insecure-requests' => '1',
  'user-agent' => 'Mozilla/5.0 (Windows NT 10.0; Win64; x64) AppleWebKit/537.36 (KHTML, like Gecko) Chrome/78.0.3904.108 Safari/537.36',
  'sec-fetch-user' => '?1',
  'accept' => 'text/html,application/xhtml+xml,application/xml;q=0.9,image/webp,image/apng,*/*;q=0.8,application/signed-exchange;v=b3',
  'sec-fetch-site' => 'same-origin',
  'sec-fetch-mode' => 'navigate',
  'referer' => 'http://localhost/tp5/public/admin/article/lst.html',
  'accept-encoding' => 'gzip, deflate, br',
  'accept-language' => 'zh-CN,zh;q=0.9,en;q=0.8',
  'cookie' => 'Webstorm-bbf7ba1a=4adf1af4-7758-46da-b7ef-784892210ecd; _ga=GA1.1.1847825167.1565618075; Phpstorm-59ffdf3e=4f9c2124-f037-4135-ab85-dd17671ecb82; pgv_pvi=4210754560; PHPSESSID=svscl9pqv2hu5uqot8kg222qu5',
)
[ info ] [ PARAM ] array (
)
[ info ] [ SESSION ] INIT array (
  'id' => '',
  'var_session_id' => '',
  'prefix' => 'think',
  'type' => '',
  'auto_start' => true,
)
[ info ] [ RUN ] app\admin\controller\Cate->lst[ C:\xampp\htdocs\tp5\application\admin\controller\Cate.php ]
[ info ] [ DB ] INIT mysql
[ info ] [ VIEW ] C:\xampp\htdocs\tp5\public/../application/admin\view\cate\lst.htm [ array (
  0 => 'cateres',
) ]
[ info ] [ LOG ] INIT File
[ sql ] [ DB ] CONNECT:[ UseTime:0.001143s ] mysql:host=127.0.0.1;port=3306;dbname=bick;charset=utf8
[ sql ] [ SQL ] SHOW COLUMNS FROM `bk_cate` [ RunTime:0.006567s ]
[ sql ] [ SQL ] SELECT * FROM `bk_cate` ORDER BY `sort` DESC [ RunTime:0.000514s ]
---------------------------------------------------------------
[ 2019-12-04T19:37:31+08:00 ] 0.0.0.0 GET localhost/tp5/public/admin/admin/lst.html
[运行时间：0.072891s] [吞吐率：13.72req/s] [内存消耗：2,246.81kb] [文件加载：51]
[ info ] [ LANG ] C:\xampp\htdocs\tp5\thinkphp\lang\zh-cn.php
[ info ] [ ROUTE ] array (
  'type' => 'module',
  'module' => 
  array (
    0 => 'admin',
    1 => 'admin',
    2 => 'lst',
  ),
)
[ info ] [ HEADER ] array (
  'host' => 'localhost',
  'connection' => 'keep-alive',
  'upgrade-insecure-requests' => '1',
  'user-agent' => 'Mozilla/5.0 (Windows NT 10.0; Win64; x64) AppleWebKit/537.36 (KHTML, like Gecko) Chrome/78.0.3904.108 Safari/537.36',
  'sec-fetch-user' => '?1',
  'accept' => 'text/html,application/xhtml+xml,application/xml;q=0.9,image/webp,image/apng,*/*;q=0.8,application/signed-exchange;v=b3',
  'sec-fetch-site' => 'same-origin',
  'sec-fetch-mode' => 'navigate',
  'referer' => 'http://localhost/tp5/public/admin/cate/lst.html',
  'accept-encoding' => 'gzip, deflate, br',
  'accept-language' => 'zh-CN,zh;q=0.9,en;q=0.8',
  'cookie' => 'Webstorm-bbf7ba1a=4adf1af4-7758-46da-b7ef-784892210ecd; _ga=GA1.1.1847825167.1565618075; Phpstorm-59ffdf3e=4f9c2124-f037-4135-ab85-dd17671ecb82; pgv_pvi=4210754560; PHPSESSID=svscl9pqv2hu5uqot8kg222qu5',
)
[ info ] [ PARAM ] array (
)
[ info ] [ SESSION ] INIT array (
  'id' => '',
  'var_session_id' => '',
  'prefix' => 'think',
  'type' => '',
  'auto_start' => true,
)
[ info ] [ RUN ] app\admin\controller\Admin->lst[ C:\xampp\htdocs\tp5\application\admin\controller\Admin.php ]
[ info ] [ DB ] INIT mysql
[ info ] [ VIEW ] C:\xampp\htdocs\tp5\public/../application/admin\view\admin\lst.htm [ array (
  0 => 'adminres',
) ]
[ info ] [ LOG ] INIT File
[ sql ] [ DB ] CONNECT:[ UseTime:0.001104s ] mysql:host=127.0.0.1;port=3306;dbname=bick;charset=utf8
[ sql ] [ SQL ] SHOW COLUMNS FROM `bk_admin` [ RunTime:0.006326s ]
[ sql ] [ SQL ] SELECT COUNT(*) AS tp_count FROM `bk_admin` LIMIT 1 [ RunTime:0.000500s ]
[ sql ] [ SQL ] SELECT * FROM `bk_admin` LIMIT 0,5 [ RunTime:0.000434s ]
---------------------------------------------------------------
[ 2019-12-04T19:52:26+08:00 ] 0.0.0.0 GET localhost/tp5/public/admin
[运行时间：0.037583s] [吞吐率：26.61req/s] [内存消耗：1,284.13kb] [文件加载：40]
[ info ] [ LANG ] C:\xampp\htdocs\tp5\thinkphp\lang\zh-cn.php
[ info ] [ ROUTE ] array (
  'type' => 'module',
  'module' => 
  array (
    0 => 'admin',
    1 => NULL,
    2 => NULL,
  ),
)
[ info ] [ HEADER ] array (
  'host' => 'localhost',
  'connection' => 'keep-alive',
  'upgrade-insecure-requests' => '1',
  'user-agent' => 'Mozilla/5.0 (Windows NT 10.0; Win64; x64) AppleWebKit/537.36 (KHTML, like Gecko) Chrome/78.0.3904.108 Safari/537.36',
  'sec-fetch-user' => '?1',
  'accept' => 'text/html,application/xhtml+xml,application/xml;q=0.9,image/webp,image/apng,*/*;q=0.8,application/signed-exchange;v=b3',
  'sec-fetch-site' => 'none',
  'sec-fetch-mode' => 'navigate',
  'accept-encoding' => 'gzip, deflate, br',
  'accept-language' => 'zh-CN,zh;q=0.9,en;q=0.8',
  'cookie' => 'Webstorm-bbf7ba1a=4adf1af4-7758-46da-b7ef-784892210ecd; _ga=GA1.1.1847825167.1565618075; Phpstorm-59ffdf3e=4f9c2124-f037-4135-ab85-dd17671ecb82; pgv_pvi=4210754560; PHPSESSID=svscl9pqv2hu5uqot8kg222qu5',
)
[ info ] [ PARAM ] array (
)
[ info ] [ SESSION ] INIT array (
  'id' => '',
  'var_session_id' => '',
  'prefix' => 'think',
  'type' => '',
  'auto_start' => true,
)
[ info ] [ RUN ] app\admin\controller\Index->index[ C:\xampp\htdocs\tp5\application\admin\controller\Index.php ]
[ info ] [ VIEW ] C:\xampp\htdocs\tp5\public/../application/admin\view\index\index.htm [ array (
) ]
[ info ] [ LOG ] INIT File
---------------------------------------------------------------
[ 2019-12-04T20:12:36+08:00 ] 0.0.0.0 GET localhost/tp5/public/admin
[运行时间：0.033734s] [吞吐率：29.64req/s] [内存消耗：1,284.13kb] [文件加载：40]
[ info ] [ LANG ] C:\xampp\htdocs\tp5\thinkphp\lang\zh-cn.php
[ info ] [ ROUTE ] array (
  'type' => 'module',
  'module' => 
  array (
    0 => 'admin',
    1 => NULL,
    2 => NULL,
  ),
)
[ info ] [ HEADER ] array (
  'host' => 'localhost',
  'connection' => 'keep-alive',
  'upgrade-insecure-requests' => '1',
  'user-agent' => 'Mozilla/5.0 (Windows NT 10.0; Win64; x64) AppleWebKit/537.36 (KHTML, like Gecko) Chrome/78.0.3904.108 Safari/537.36',
  'sec-fetch-user' => '?1',
  'accept' => 'text/html,application/xhtml+xml,application/xml;q=0.9,image/webp,image/apng,*/*;q=0.8,application/signed-exchange;v=b3',
  'sec-fetch-site' => 'none',
  'sec-fetch-mode' => 'navigate',
  'accept-encoding' => 'gzip, deflate, br',
  'accept-language' => 'zh-CN,zh;q=0.9,en;q=0.8',
  'cookie' => 'Webstorm-bbf7ba1a=4adf1af4-7758-46da-b7ef-784892210ecd; _ga=GA1.1.1847825167.1565618075; Phpstorm-59ffdf3e=4f9c2124-f037-4135-ab85-dd17671ecb82; pgv_pvi=4210754560; PHPSESSID=svscl9pqv2hu5uqot8kg222qu5',
)
[ info ] [ PARAM ] array (
)
[ info ] [ SESSION ] INIT array (
  'id' => '',
  'var_session_id' => '',
  'prefix' => 'think',
  'type' => '',
  'auto_start' => true,
)
[ info ] [ RUN ] app\admin\controller\Index->index[ C:\xampp\htdocs\tp5\application\admin\controller\Index.php ]
[ info ] [ VIEW ] C:\xampp\htdocs\tp5\public/../application/admin\view\index\index.htm [ array (
) ]
[ info ] [ LOG ] INIT File
---------------------------------------------------------------
[ 2019-12-04T20:12:41+08:00 ] 0.0.0.0 GET localhost/tp5/public/admin
[运行时间：0.034695s] [吞吐率：28.82req/s] [内存消耗：1,158.64kb] [文件加载：38]
[ info ] [ LANG ] C:\xampp\htdocs\tp5\thinkphp\lang\zh-cn.php
[ info ] [ ROUTE ] array (
  'type' => 'module',
  'module' => 
  array (
    0 => 'admin',
    1 => NULL,
    2 => NULL,
  ),
)
[ info ] [ HEADER ] array (
  'host' => 'localhost',
  'connection' => 'keep-alive',
  'upgrade-insecure-requests' => '1',
  'user-agent' => 'Mozilla/5.0 (Windows NT 10.0; Win64; x64) AppleWebKit/537.36 (KHTML, like Gecko) Chrome/78.0.3904.108 Safari/537.36',
  'sec-fetch-user' => '?1',
  'accept' => 'text/html,application/xhtml+xml,application/xml;q=0.9,image/webp,image/apng,*/*;q=0.8,application/signed-exchange;v=b3',
  'sec-fetch-site' => 'none',
  'sec-fetch-mode' => 'navigate',
  'accept-encoding' => 'gzip, deflate, br',
  'accept-language' => 'zh-CN,zh;q=0.9,en;q=0.8',
  'cookie' => 'Webstorm-bbf7ba1a=4adf1af4-7758-46da-b7ef-784892210ecd; _ga=GA1.1.1847825167.1565618075; Phpstorm-59ffdf3e=4f9c2124-f037-4135-ab85-dd17671ecb82; pgv_pvi=4210754560; PHPSESSID=svscl9pqv2hu5uqot8kg222qu5',
)
[ info ] [ PARAM ] array (
)
[ info ] [ SESSION ] INIT array (
  'id' => '',
  'var_session_id' => '',
  'prefix' => 'think',
  'type' => '',
  'auto_start' => true,
)
[ info ] [ RUN ] app\admin\controller\Index->index[ C:\xampp\htdocs\tp5\application\admin\controller\Index.php ]
[ info ] [ VIEW ] C:\xampp\htdocs\tp5\public/../application/admin\view\index\index.htm [ array (
) ]
[ info ] [ LOG ] INIT File
---------------------------------------------------------------
[ 2019-12-04T20:14:10+08:00 ] 0.0.0.0 GET localhost/tp5/public/admin
[运行时间：0.051907s] [吞吐率：19.27req/s] [内存消耗：1,284.13kb] [文件加载：40]
[ info ] [ LANG ] C:\xampp\htdocs\tp5\thinkphp\lang\zh-cn.php
[ info ] [ ROUTE ] array (
  'type' => 'module',
  'module' => 
  array (
    0 => 'admin',
    1 => NULL,
    2 => NULL,
  ),
)
[ info ] [ HEADER ] array (
  'host' => 'localhost',
  'connection' => 'keep-alive',
  'upgrade-insecure-requests' => '1',
  'user-agent' => 'Mozilla/5.0 (Windows NT 10.0; Win64; x64) AppleWebKit/537.36 (KHTML, like Gecko) Chrome/78.0.3904.108 Safari/537.36',
  'sec-fetch-user' => '?1',
  'accept' => 'text/html,application/xhtml+xml,application/xml;q=0.9,image/webp,image/apng,*/*;q=0.8,application/signed-exchange;v=b3',
  'sec-fetch-site' => 'none',
  'sec-fetch-mode' => 'navigate',
  'accept-encoding' => 'gzip, deflate, br',
  'accept-language' => 'zh-CN,zh;q=0.9,en;q=0.8',
  'cookie' => 'Webstorm-bbf7ba1a=4adf1af4-7758-46da-b7ef-784892210ecd; _ga=GA1.1.1847825167.1565618075; Phpstorm-59ffdf3e=4f9c2124-f037-4135-ab85-dd17671ecb82; pgv_pvi=4210754560; PHPSESSID=svscl9pqv2hu5uqot8kg222qu5',
)
[ info ] [ PARAM ] array (
)
[ info ] [ SESSION ] INIT array (
  'id' => '',
  'var_session_id' => '',
  'prefix' => 'think',
  'type' => '',
  'auto_start' => true,
)
[ info ] [ RUN ] app\admin\controller\Index->index[ C:\xampp\htdocs\tp5\application\admin\controller\Index.php ]
[ info ] [ VIEW ] C:\xampp\htdocs\tp5\public/../application/admin\view\index\index.htm [ array (
) ]
[ info ] [ LOG ] INIT File
---------------------------------------------------------------
[ 2019-12-04T20:14:13+08:00 ] 0.0.0.0 GET localhost/tp5/public/conf/lst
[运行时间：0.019949s] [吞吐率：50.13req/s] [内存消耗：854.04kb] [文件加载：28]
[ info ] [ LANG ] C:\xampp\htdocs\tp5\thinkphp\lang\zh-cn.php
[ info ] [ ROUTE ] array (
  'type' => 'module',
  'module' => 
  array (
    0 => 'conf',
    1 => 'lst',
    2 => NULL,
  ),
)
[ info ] [ HEADER ] array (
  'host' => 'localhost',
  'connection' => 'keep-alive',
  'upgrade-insecure-requests' => '1',
  'user-agent' => 'Mozilla/5.0 (Windows NT 10.0; Win64; x64) AppleWebKit/537.36 (KHTML, like Gecko) Chrome/78.0.3904.108 Safari/537.36',
  'sec-fetch-user' => '?1',
  'accept' => 'text/html,application/xhtml+xml,application/xml;q=0.9,image/webp,image/apng,*/*;q=0.8,application/signed-exchange;v=b3',
  'sec-fetch-site' => 'same-origin',
  'sec-fetch-mode' => 'navigate',
  'referer' => 'http://localhost/tp5/public/admin',
  'accept-encoding' => 'gzip, deflate, br',
  'accept-language' => 'zh-CN,zh;q=0.9,en;q=0.8',
  'cookie' => 'Webstorm-bbf7ba1a=4adf1af4-7758-46da-b7ef-784892210ecd; _ga=GA1.1.1847825167.1565618075; Phpstorm-59ffdf3e=4f9c2124-f037-4135-ab85-dd17671ecb82; pgv_pvi=4210754560; PHPSESSID=svscl9pqv2hu5uqot8kg222qu5',
)
[ info ] [ PARAM ] array (
)
[ info ] [ LOG ] INIT File
---------------------------------------------------------------
[ 2019-12-04T20:15:53+08:00 ] 0.0.0.0 GET localhost/tp5/public/admin
[运行时间：0.023949s] [吞吐率：41.76req/s] [内存消耗：1,158.64kb] [文件加载：38]
[ info ] [ LANG ] C:\xampp\htdocs\tp5\thinkphp\lang\zh-cn.php
[ info ] [ ROUTE ] array (
  'type' => 'module',
  'module' => 
  array (
    0 => 'admin',
    1 => NULL,
    2 => NULL,
  ),
)
[ info ] [ HEADER ] array (
  'host' => 'localhost',
  'connection' => 'keep-alive',
  'upgrade-insecure-requests' => '1',
  'user-agent' => 'Mozilla/5.0 (Windows NT 10.0; Win64; x64) AppleWebKit/537.36 (KHTML, like Gecko) Chrome/78.0.3904.108 Safari/537.36',
  'sec-fetch-user' => '?1',
  'accept' => 'text/html,application/xhtml+xml,application/xml;q=0.9,image/webp,image/apng,*/*;q=0.8,application/signed-exchange;v=b3',
  'sec-fetch-site' => 'none',
  'sec-fetch-mode' => 'navigate',
  'accept-encoding' => 'gzip, deflate, br',
  'accept-language' => 'zh-CN,zh;q=0.9,en;q=0.8',
  'cookie' => 'Webstorm-bbf7ba1a=4adf1af4-7758-46da-b7ef-784892210ecd; _ga=GA1.1.1847825167.1565618075; Phpstorm-59ffdf3e=4f9c2124-f037-4135-ab85-dd17671ecb82; pgv_pvi=4210754560; PHPSESSID=svscl9pqv2hu5uqot8kg222qu5',
)
[ info ] [ PARAM ] array (
)
[ info ] [ SESSION ] INIT array (
  'id' => '',
  'var_session_id' => '',
  'prefix' => 'think',
  'type' => '',
  'auto_start' => true,
)
[ info ] [ RUN ] app\admin\controller\Index->index[ C:\xampp\htdocs\tp5\application\admin\controller\Index.php ]
[ info ] [ VIEW ] C:\xampp\htdocs\tp5\public/../application/admin\view\index\index.htm [ array (
) ]
[ info ] [ LOG ] INIT File
---------------------------------------------------------------
[ 2019-12-04T20:15:55+08:00 ] 0.0.0.0 GET localhost/tp5/public/conf/lst
[运行时间：0.020785s] [吞吐率：48.11req/s] [内存消耗：854.04kb] [文件加载：28]
[ info ] [ LANG ] C:\xampp\htdocs\tp5\thinkphp\lang\zh-cn.php
[ info ] [ ROUTE ] array (
  'type' => 'module',
  'module' => 
  array (
    0 => 'conf',
    1 => 'lst',
    2 => NULL,
  ),
)
[ info ] [ HEADER ] array (
  'host' => 'localhost',
  'connection' => 'keep-alive',
  'upgrade-insecure-requests' => '1',
  'user-agent' => 'Mozilla/5.0 (Windows NT 10.0; Win64; x64) AppleWebKit/537.36 (KHTML, like Gecko) Chrome/78.0.3904.108 Safari/537.36',
  'sec-fetch-user' => '?1',
  'accept' => 'text/html,application/xhtml+xml,application/xml;q=0.9,image/webp,image/apng,*/*;q=0.8,application/signed-exchange;v=b3',
  'sec-fetch-site' => 'same-origin',
  'sec-fetch-mode' => 'navigate',
  'referer' => 'http://localhost/tp5/public/admin',
  'accept-encoding' => 'gzip, deflate, br',
  'accept-language' => 'zh-CN,zh;q=0.9,en;q=0.8',
  'cookie' => 'Webstorm-bbf7ba1a=4adf1af4-7758-46da-b7ef-784892210ecd; _ga=GA1.1.1847825167.1565618075; Phpstorm-59ffdf3e=4f9c2124-f037-4135-ab85-dd17671ecb82; pgv_pvi=4210754560; PHPSESSID=svscl9pqv2hu5uqot8kg222qu5',
)
[ info ] [ PARAM ] array (
)
[ info ] [ LOG ] INIT File
---------------------------------------------------------------
[ 2019-12-04T20:45:28+08:00 ] 0.0.0.0 GET localhost/tp5/public/conf/lst
[运行时间：0.020830s] [吞吐率：48.01req/s] [内存消耗：854.45kb] [文件加载：28]
[ info ] [ LANG ] C:\xampp\htdocs\tp5\thinkphp\lang\zh-cn.php
[ info ] [ ROUTE ] array (
  'type' => 'module',
  'module' => 
  array (
    0 => 'conf',
    1 => 'lst',
    2 => NULL,
  ),
)
[ info ] [ HEADER ] array (
  'host' => 'localhost',
  'connection' => 'keep-alive',
  'cache-control' => 'max-age=0',
  'upgrade-insecure-requests' => '1',
  'user-agent' => 'Mozilla/5.0 (Windows NT 10.0; Win64; x64) AppleWebKit/537.36 (KHTML, like Gecko) Chrome/78.0.3904.108 Safari/537.36',
  'sec-fetch-user' => '?1',
  'accept' => 'text/html,application/xhtml+xml,application/xml;q=0.9,image/webp,image/apng,*/*;q=0.8,application/signed-exchange;v=b3',
  'sec-fetch-site' => 'same-origin',
  'sec-fetch-mode' => 'navigate',
  'referer' => 'http://localhost/tp5/public/admin',
  'accept-encoding' => 'gzip, deflate, br',
  'accept-language' => 'zh-CN,zh;q=0.9,en;q=0.8',
  'cookie' => 'Webstorm-bbf7ba1a=4adf1af4-7758-46da-b7ef-784892210ecd; _ga=GA1.1.1847825167.1565618075; Phpstorm-59ffdf3e=4f9c2124-f037-4135-ab85-dd17671ecb82; pgv_pvi=4210754560; PHPSESSID=svscl9pqv2hu5uqot8kg222qu5',
)
[ info ] [ PARAM ] array (
)
[ info ] [ LOG ] INIT File
---------------------------------------------------------------
[ 2019-12-04T20:45:29+08:00 ] 0.0.0.0 GET localhost/tp5/public/conf/lst
[运行时间：0.022109s] [吞吐率：45.23req/s] [内存消耗：854.45kb] [文件加载：28]
[ info ] [ LANG ] C:\xampp\htdocs\tp5\thinkphp\lang\zh-cn.php
[ info ] [ ROUTE ] array (
  'type' => 'module',
  'module' => 
  array (
    0 => 'conf',
    1 => 'lst',
    2 => NULL,
  ),
)
[ info ] [ HEADER ] array (
  'host' => 'localhost',
  'connection' => 'keep-alive',
  'cache-control' => 'max-age=0',
  'upgrade-insecure-requests' => '1',
  'user-agent' => 'Mozilla/5.0 (Windows NT 10.0; Win64; x64) AppleWebKit/537.36 (KHTML, like Gecko) Chrome/78.0.3904.108 Safari/537.36',
  'sec-fetch-user' => '?1',
  'accept' => 'text/html,application/xhtml+xml,application/xml;q=0.9,image/webp,image/apng,*/*;q=0.8,application/signed-exchange;v=b3',
  'sec-fetch-site' => 'same-origin',
  'sec-fetch-mode' => 'navigate',
  'referer' => 'http://localhost/tp5/public/admin',
  'accept-encoding' => 'gzip, deflate, br',
  'accept-language' => 'zh-CN,zh;q=0.9,en;q=0.8',
  'cookie' => 'Webstorm-bbf7ba1a=4adf1af4-7758-46da-b7ef-784892210ecd; _ga=GA1.1.1847825167.1565618075; Phpstorm-59ffdf3e=4f9c2124-f037-4135-ab85-dd17671ecb82; pgv_pvi=4210754560; PHPSESSID=svscl9pqv2hu5uqot8kg222qu5',
)
[ info ] [ PARAM ] array (
)
[ info ] [ LOG ] INIT File
---------------------------------------------------------------
[ 2019-12-04T20:45:29+08:00 ] 0.0.0.0 GET localhost/tp5/public/conf/lst
[运行时间：0.017133s] [吞吐率：58.37req/s] [内存消耗：854.45kb] [文件加载：28]
[ info ] [ LANG ] C:\xampp\htdocs\tp5\thinkphp\lang\zh-cn.php
[ info ] [ ROUTE ] array (
  'type' => 'module',
  'module' => 
  array (
    0 => 'conf',
    1 => 'lst',
    2 => NULL,
  ),
)
[ info ] [ HEADER ] array (
  'host' => 'localhost',
  'connection' => 'keep-alive',
  'cache-control' => 'max-age=0',
  'upgrade-insecure-requests' => '1',
  'user-agent' => 'Mozilla/5.0 (Windows NT 10.0; Win64; x64) AppleWebKit/537.36 (KHTML, like Gecko) Chrome/78.0.3904.108 Safari/537.36',
  'sec-fetch-user' => '?1',
  'accept' => 'text/html,application/xhtml+xml,application/xml;q=0.9,image/webp,image/apng,*/*;q=0.8,application/signed-exchange;v=b3',
  'sec-fetch-site' => 'same-origin',
  'sec-fetch-mode' => 'navigate',
  'referer' => 'http://localhost/tp5/public/admin',
  'accept-encoding' => 'gzip, deflate, br',
  'accept-language' => 'zh-CN,zh;q=0.9,en;q=0.8',
  'cookie' => 'Webstorm-bbf7ba1a=4adf1af4-7758-46da-b7ef-784892210ecd; _ga=GA1.1.1847825167.1565618075; Phpstorm-59ffdf3e=4f9c2124-f037-4135-ab85-dd17671ecb82; pgv_pvi=4210754560; PHPSESSID=svscl9pqv2hu5uqot8kg222qu5',
)
[ info ] [ PARAM ] array (
)
[ info ] [ LOG ] INIT File
---------------------------------------------------------------
[ 2019-12-04T20:45:30+08:00 ] 0.0.0.0 GET localhost/tp5/public/conf/lst
[运行时间：0.016460s] [吞吐率：60.75req/s] [内存消耗：854.45kb] [文件加载：28]
[ info ] [ LANG ] C:\xampp\htdocs\tp5\thinkphp\lang\zh-cn.php
[ info ] [ ROUTE ] array (
  'type' => 'module',
  'module' => 
  array (
    0 => 'conf',
    1 => 'lst',
    2 => NULL,
  ),
)
[ info ] [ HEADER ] array (
  'host' => 'localhost',
  'connection' => 'keep-alive',
  'cache-control' => 'max-age=0',
  'upgrade-insecure-requests' => '1',
  'user-agent' => 'Mozilla/5.0 (Windows NT 10.0; Win64; x64) AppleWebKit/537.36 (KHTML, like Gecko) Chrome/78.0.3904.108 Safari/537.36',
  'sec-fetch-user' => '?1',
  'accept' => 'text/html,application/xhtml+xml,application/xml;q=0.9,image/webp,image/apng,*/*;q=0.8,application/signed-exchange;v=b3',
  'sec-fetch-site' => 'same-origin',
  'sec-fetch-mode' => 'navigate',
  'referer' => 'http://localhost/tp5/public/admin',
  'accept-encoding' => 'gzip, deflate, br',
  'accept-language' => 'zh-CN,zh;q=0.9,en;q=0.8',
  'cookie' => 'Webstorm-bbf7ba1a=4adf1af4-7758-46da-b7ef-784892210ecd; _ga=GA1.1.1847825167.1565618075; Phpstorm-59ffdf3e=4f9c2124-f037-4135-ab85-dd17671ecb82; pgv_pvi=4210754560; PHPSESSID=svscl9pqv2hu5uqot8kg222qu5',
)
[ info ] [ PARAM ] array (
)
[ info ] [ LOG ] INIT File
---------------------------------------------------------------
[ 2019-12-04T20:45:31+08:00 ] 0.0.0.0 GET localhost/tp5/public/admin
[运行时间：0.045364s] [吞吐率：22.04req/s] [内存消耗：1,158.64kb] [文件加载：38]
[ info ] [ LANG ] C:\xampp\htdocs\tp5\thinkphp\lang\zh-cn.php
[ info ] [ ROUTE ] array (
  'type' => 'module',
  'module' => 
  array (
    0 => 'admin',
    1 => NULL,
    2 => NULL,
  ),
)
[ info ] [ HEADER ] array (
  'host' => 'localhost',
  'connection' => 'keep-alive',
  'upgrade-insecure-requests' => '1',
  'user-agent' => 'Mozilla/5.0 (Windows NT 10.0; Win64; x64) AppleWebKit/537.36 (KHTML, like Gecko) Chrome/78.0.3904.108 Safari/537.36',
  'sec-fetch-user' => '?1',
  'accept' => 'text/html,application/xhtml+xml,application/xml;q=0.9,image/webp,image/apng,*/*;q=0.8,application/signed-exchange;v=b3',
  'sec-fetch-site' => 'none',
  'sec-fetch-mode' => 'navigate',
  'accept-encoding' => 'gzip, deflate, br',
  'accept-language' => 'zh-CN,zh;q=0.9,en;q=0.8',
  'cookie' => 'Webstorm-bbf7ba1a=4adf1af4-7758-46da-b7ef-784892210ecd; _ga=GA1.1.1847825167.1565618075; Phpstorm-59ffdf3e=4f9c2124-f037-4135-ab85-dd17671ecb82; pgv_pvi=4210754560; PHPSESSID=svscl9pqv2hu5uqot8kg222qu5',
)
[ info ] [ PARAM ] array (
)
[ info ] [ SESSION ] INIT array (
  'id' => '',
  'var_session_id' => '',
  'prefix' => 'think',
  'type' => '',
  'auto_start' => true,
)
[ info ] [ RUN ] app\admin\controller\Index->index[ C:\xampp\htdocs\tp5\application\admin\controller\Index.php ]
[ info ] [ VIEW ] C:\xampp\htdocs\tp5\public/../application/admin\view\index\index.htm [ array (
) ]
[ info ] [ LOG ] INIT File
---------------------------------------------------------------
[ 2019-12-04T20:45:33+08:00 ] 0.0.0.0 GET localhost/tp5/public/conf/lst
[运行时间：0.016802s] [吞吐率：59.52req/s] [内存消耗：854.04kb] [文件加载：28]
[ info ] [ LANG ] C:\xampp\htdocs\tp5\thinkphp\lang\zh-cn.php
[ info ] [ ROUTE ] array (
  'type' => 'module',
  'module' => 
  array (
    0 => 'conf',
    1 => 'lst',
    2 => NULL,
  ),
)
[ info ] [ HEADER ] array (
  'host' => 'localhost',
  'connection' => 'keep-alive',
  'upgrade-insecure-requests' => '1',
  'user-agent' => 'Mozilla/5.0 (Windows NT 10.0; Win64; x64) AppleWebKit/537.36 (KHTML, like Gecko) Chrome/78.0.3904.108 Safari/537.36',
  'sec-fetch-user' => '?1',
  'accept' => 'text/html,application/xhtml+xml,application/xml;q=0.9,image/webp,image/apng,*/*;q=0.8,application/signed-exchange;v=b3',
  'sec-fetch-site' => 'same-origin',
  'sec-fetch-mode' => 'navigate',
  'referer' => 'http://localhost/tp5/public/admin',
  'accept-encoding' => 'gzip, deflate, br',
  'accept-language' => 'zh-CN,zh;q=0.9,en;q=0.8',
  'cookie' => 'Webstorm-bbf7ba1a=4adf1af4-7758-46da-b7ef-784892210ecd; _ga=GA1.1.1847825167.1565618075; Phpstorm-59ffdf3e=4f9c2124-f037-4135-ab85-dd17671ecb82; pgv_pvi=4210754560; PHPSESSID=svscl9pqv2hu5uqot8kg222qu5',
)
[ info ] [ PARAM ] array (
)
[ info ] [ LOG ] INIT File
---------------------------------------------------------------
[ 2019-12-04T20:47:06+08:00 ] 0.0.0.0 GET localhost/tp5/public/admin
[运行时间：0.022919s] [吞吐率：43.63req/s] [内存消耗：1,158.64kb] [文件加载：38]
[ info ] [ LANG ] C:\xampp\htdocs\tp5\thinkphp\lang\zh-cn.php
[ info ] [ ROUTE ] array (
  'type' => 'module',
  'module' => 
  array (
    0 => 'admin',
    1 => NULL,
    2 => NULL,
  ),
)
[ info ] [ HEADER ] array (
  'host' => 'localhost',
  'connection' => 'keep-alive',
  'upgrade-insecure-requests' => '1',
  'user-agent' => 'Mozilla/5.0 (Windows NT 10.0; Win64; x64) AppleWebKit/537.36 (KHTML, like Gecko) Chrome/78.0.3904.108 Safari/537.36',
  'sec-fetch-user' => '?1',
  'accept' => 'text/html,application/xhtml+xml,application/xml;q=0.9,image/webp,image/apng,*/*;q=0.8,application/signed-exchange;v=b3',
  'sec-fetch-site' => 'none',
  'sec-fetch-mode' => 'navigate',
  'accept-encoding' => 'gzip, deflate, br',
  'accept-language' => 'zh-CN,zh;q=0.9,en;q=0.8',
  'cookie' => 'Webstorm-bbf7ba1a=4adf1af4-7758-46da-b7ef-784892210ecd; _ga=GA1.1.1847825167.1565618075; Phpstorm-59ffdf3e=4f9c2124-f037-4135-ab85-dd17671ecb82; pgv_pvi=4210754560; PHPSESSID=svscl9pqv2hu5uqot8kg222qu5',
)
[ info ] [ PARAM ] array (
)
[ info ] [ SESSION ] INIT array (
  'id' => '',
  'var_session_id' => '',
  'prefix' => 'think',
  'type' => '',
  'auto_start' => true,
)
[ info ] [ RUN ] app\admin\controller\Index->index[ C:\xampp\htdocs\tp5\application\admin\controller\Index.php ]
[ info ] [ VIEW ] C:\xampp\htdocs\tp5\public/../application/admin\view\index\index.htm [ array (
) ]
[ info ] [ LOG ] INIT File
---------------------------------------------------------------
[ 2019-12-04T20:47:09+08:00 ] 0.0.0.0 GET localhost/tp5/public/conf/lst
[运行时间：0.017231s] [吞吐率：58.03req/s] [内存消耗：854.04kb] [文件加载：28]
[ info ] [ LANG ] C:\xampp\htdocs\tp5\thinkphp\lang\zh-cn.php
[ info ] [ ROUTE ] array (
  'type' => 'module',
  'module' => 
  array (
    0 => 'conf',
    1 => 'lst',
    2 => NULL,
  ),
)
[ info ] [ HEADER ] array (
  'host' => 'localhost',
  'connection' => 'keep-alive',
  'upgrade-insecure-requests' => '1',
  'user-agent' => 'Mozilla/5.0 (Windows NT 10.0; Win64; x64) AppleWebKit/537.36 (KHTML, like Gecko) Chrome/78.0.3904.108 Safari/537.36',
  'sec-fetch-user' => '?1',
  'accept' => 'text/html,application/xhtml+xml,application/xml;q=0.9,image/webp,image/apng,*/*;q=0.8,application/signed-exchange;v=b3',
  'sec-fetch-site' => 'same-origin',
  'sec-fetch-mode' => 'navigate',
  'referer' => 'http://localhost/tp5/public/admin',
  'accept-encoding' => 'gzip, deflate, br',
  'accept-language' => 'zh-CN,zh;q=0.9,en;q=0.8',
  'cookie' => 'Webstorm-bbf7ba1a=4adf1af4-7758-46da-b7ef-784892210ecd; _ga=GA1.1.1847825167.1565618075; Phpstorm-59ffdf3e=4f9c2124-f037-4135-ab85-dd17671ecb82; pgv_pvi=4210754560; PHPSESSID=svscl9pqv2hu5uqot8kg222qu5',
)
[ info ] [ PARAM ] array (
)
[ info ] [ LOG ] INIT File
---------------------------------------------------------------
[ 2019-12-04T20:47:11+08:00 ] 0.0.0.0 GET localhost/tp5/public/admin
[运行时间：0.037153s] [吞吐率：26.92req/s] [内存消耗：1,158.64kb] [文件加载：38]
[ info ] [ LANG ] C:\xampp\htdocs\tp5\thinkphp\lang\zh-cn.php
[ info ] [ ROUTE ] array (
  'type' => 'module',
  'module' => 
  array (
    0 => 'admin',
    1 => NULL,
    2 => NULL,
  ),
)
[ info ] [ HEADER ] array (
  'host' => 'localhost',
  'connection' => 'keep-alive',
  'upgrade-insecure-requests' => '1',
  'user-agent' => 'Mozilla/5.0 (Windows NT 10.0; Win64; x64) AppleWebKit/537.36 (KHTML, like Gecko) Chrome/78.0.3904.108 Safari/537.36',
  'sec-fetch-user' => '?1',
  'accept' => 'text/html,application/xhtml+xml,application/xml;q=0.9,image/webp,image/apng,*/*;q=0.8,application/signed-exchange;v=b3',
  'sec-fetch-site' => 'none',
  'sec-fetch-mode' => 'navigate',
  'accept-encoding' => 'gzip, deflate, br',
  'accept-language' => 'zh-CN,zh;q=0.9,en;q=0.8',
  'cookie' => 'Webstorm-bbf7ba1a=4adf1af4-7758-46da-b7ef-784892210ecd; _ga=GA1.1.1847825167.1565618075; Phpstorm-59ffdf3e=4f9c2124-f037-4135-ab85-dd17671ecb82; pgv_pvi=4210754560; PHPSESSID=svscl9pqv2hu5uqot8kg222qu5',
)
[ info ] [ PARAM ] array (
)
[ info ] [ SESSION ] INIT array (
  'id' => '',
  'var_session_id' => '',
  'prefix' => 'think',
  'type' => '',
  'auto_start' => true,
)
[ info ] [ RUN ] app\admin\controller\Index->index[ C:\xampp\htdocs\tp5\application\admin\controller\Index.php ]
[ info ] [ VIEW ] C:\xampp\htdocs\tp5\public/../application/admin\view\index\index.htm [ array (
) ]
[ info ] [ LOG ] INIT File
---------------------------------------------------------------
[ 2019-12-04T20:47:13+08:00 ] 0.0.0.0 GET localhost/tp5/public/conf/lst
[运行时间：0.016958s] [吞吐率：58.97req/s] [内存消耗：854.04kb] [文件加载：28]
[ info ] [ LANG ] C:\xampp\htdocs\tp5\thinkphp\lang\zh-cn.php
[ info ] [ ROUTE ] array (
  'type' => 'module',
  'module' => 
  array (
    0 => 'conf',
    1 => 'lst',
    2 => NULL,
  ),
)
[ info ] [ HEADER ] array (
  'host' => 'localhost',
  'connection' => 'keep-alive',
  'upgrade-insecure-requests' => '1',
  'user-agent' => 'Mozilla/5.0 (Windows NT 10.0; Win64; x64) AppleWebKit/537.36 (KHTML, like Gecko) Chrome/78.0.3904.108 Safari/537.36',
  'sec-fetch-user' => '?1',
  'accept' => 'text/html,application/xhtml+xml,application/xml;q=0.9,image/webp,image/apng,*/*;q=0.8,application/signed-exchange;v=b3',
  'sec-fetch-site' => 'same-origin',
  'sec-fetch-mode' => 'navigate',
  'referer' => 'http://localhost/tp5/public/admin',
  'accept-encoding' => 'gzip, deflate, br',
  'accept-language' => 'zh-CN,zh;q=0.9,en;q=0.8',
  'cookie' => 'Webstorm-bbf7ba1a=4adf1af4-7758-46da-b7ef-784892210ecd; _ga=GA1.1.1847825167.1565618075; Phpstorm-59ffdf3e=4f9c2124-f037-4135-ab85-dd17671ecb82; pgv_pvi=4210754560; PHPSESSID=svscl9pqv2hu5uqot8kg222qu5',
)
[ info ] [ PARAM ] array (
)
[ info ] [ LOG ] INIT File
---------------------------------------------------------------
[ 2019-12-04T20:49:28+08:00 ] 0.0.0.0 GET localhost/tp5/public/conf/lst
[运行时间：0.035104s] [吞吐率：28.49req/s] [内存消耗：854.45kb] [文件加载：28]
[ info ] [ LANG ] C:\xampp\htdocs\tp5\thinkphp\lang\zh-cn.php
[ info ] [ ROUTE ] array (
  'type' => 'module',
  'module' => 
  array (
    0 => 'conf',
    1 => 'lst',
    2 => NULL,
  ),
)
[ info ] [ HEADER ] array (
  'host' => 'localhost',
  'connection' => 'keep-alive',
  'cache-control' => 'max-age=0',
  'upgrade-insecure-requests' => '1',
  'user-agent' => 'Mozilla/5.0 (Windows NT 10.0; Win64; x64) AppleWebKit/537.36 (KHTML, like Gecko) Chrome/78.0.3904.108 Safari/537.36',
  'sec-fetch-user' => '?1',
  'accept' => 'text/html,application/xhtml+xml,application/xml;q=0.9,image/webp,image/apng,*/*;q=0.8,application/signed-exchange;v=b3',
  'sec-fetch-site' => 'same-origin',
  'sec-fetch-mode' => 'navigate',
  'referer' => 'http://localhost/tp5/public/admin',
  'accept-encoding' => 'gzip, deflate, br',
  'accept-language' => 'zh-CN,zh;q=0.9,en;q=0.8',
  'cookie' => 'Webstorm-bbf7ba1a=4adf1af4-7758-46da-b7ef-784892210ecd; _ga=GA1.1.1847825167.1565618075; Phpstorm-59ffdf3e=4f9c2124-f037-4135-ab85-dd17671ecb82; pgv_pvi=4210754560; PHPSESSID=svscl9pqv2hu5uqot8kg222qu5',
)
[ info ] [ PARAM ] array (
)
[ info ] [ LOG ] INIT File
---------------------------------------------------------------
[ 2019-12-04T20:49:30+08:00 ] 0.0.0.0 GET localhost/tp5/public/admin
[运行时间：0.035428s] [吞吐率：28.23req/s] [内存消耗：1,322.29kb] [文件加载：44]
[ info ] [ LANG ] C:\xampp\htdocs\tp5\thinkphp\lang\zh-cn.php
[ info ] [ ROUTE ] array (
  'type' => 'module',
  'module' => 
  array (
    0 => 'admin',
    1 => NULL,
    2 => NULL,
  ),
)
[ info ] [ HEADER ] array (
  'host' => 'localhost',
  'connection' => 'keep-alive',
  'upgrade-insecure-requests' => '1',
  'user-agent' => 'Mozilla/5.0 (Windows NT 10.0; Win64; x64) AppleWebKit/537.36 (KHTML, like Gecko) Chrome/78.0.3904.108 Safari/537.36',
  'sec-fetch-user' => '?1',
  'accept' => 'text/html,application/xhtml+xml,application/xml;q=0.9,image/webp,image/apng,*/*;q=0.8,application/signed-exchange;v=b3',
  'sec-fetch-site' => 'none',
  'sec-fetch-mode' => 'navigate',
  'accept-encoding' => 'gzip, deflate, br',
  'accept-language' => 'zh-CN,zh;q=0.9,en;q=0.8',
  'cookie' => 'Webstorm-bbf7ba1a=4adf1af4-7758-46da-b7ef-784892210ecd; _ga=GA1.1.1847825167.1565618075; Phpstorm-59ffdf3e=4f9c2124-f037-4135-ab85-dd17671ecb82; pgv_pvi=4210754560; PHPSESSID=svscl9pqv2hu5uqot8kg222qu5',
)
[ info ] [ PARAM ] array (
)
[ info ] [ SESSION ] INIT array (
  'id' => '',
  'var_session_id' => '',
  'prefix' => 'think',
  'type' => '',
  'auto_start' => true,
)
[ info ] [ RUN ] app\admin\controller\Index->index[ C:\xampp\htdocs\tp5\application\admin\controller\Index.php ]
[ info ] [ VIEW ] C:\xampp\htdocs\tp5\public/../application/admin\view\index\index.htm [ array (
) ]
[ info ] [ LOG ] INIT File
[ error ] [2]Use of undefined constant conf - assumed 'conf' (this will throw an Error in a future version of PHP)[C:\xampp\htdocs\tp5\runtime\temp\d7b3f5e89acf01ed2191dff08365b826.php:182]
---------------------------------------------------------------
[ 2019-12-04T20:49:35+08:00 ] 0.0.0.0 GET localhost/tp5/public/admin
[运行时间：0.030986s] [吞吐率：32.27req/s] [内存消耗：1,196.82kb] [文件加载：42]
[ info ] [ LANG ] C:\xampp\htdocs\tp5\thinkphp\lang\zh-cn.php
[ info ] [ ROUTE ] array (
  'type' => 'module',
  'module' => 
  array (
    0 => 'admin',
    1 => NULL,
    2 => NULL,
  ),
)
[ info ] [ HEADER ] array (
  'host' => 'localhost',
  'connection' => 'keep-alive',
  'upgrade-insecure-requests' => '1',
  'user-agent' => 'Mozilla/5.0 (Windows NT 10.0; Win64; x64) AppleWebKit/537.36 (KHTML, like Gecko) Chrome/78.0.3904.108 Safari/537.36',
  'sec-fetch-user' => '?1',
  'accept' => 'text/html,application/xhtml+xml,application/xml;q=0.9,image/webp,image/apng,*/*;q=0.8,application/signed-exchange;v=b3',
  'sec-fetch-site' => 'none',
  'sec-fetch-mode' => 'navigate',
  'accept-encoding' => 'gzip, deflate, br',
  'accept-language' => 'zh-CN,zh;q=0.9,en;q=0.8',
  'cookie' => 'Webstorm-bbf7ba1a=4adf1af4-7758-46da-b7ef-784892210ecd; _ga=GA1.1.1847825167.1565618075; Phpstorm-59ffdf3e=4f9c2124-f037-4135-ab85-dd17671ecb82; pgv_pvi=4210754560; PHPSESSID=svscl9pqv2hu5uqot8kg222qu5',
)
[ info ] [ PARAM ] array (
)
[ info ] [ SESSION ] INIT array (
  'id' => '',
  'var_session_id' => '',
  'prefix' => 'think',
  'type' => '',
  'auto_start' => true,
)
[ info ] [ RUN ] app\admin\controller\Index->index[ C:\xampp\htdocs\tp5\application\admin\controller\Index.php ]
[ info ] [ VIEW ] C:\xampp\htdocs\tp5\public/../application/admin\view\index\index.htm [ array (
) ]
[ info ] [ LOG ] INIT File
[ error ] [2]Use of undefined constant conf - assumed 'conf' (this will throw an Error in a future version of PHP)[C:\xampp\htdocs\tp5\runtime\temp\d7b3f5e89acf01ed2191dff08365b826.php:182]
---------------------------------------------------------------
[ 2019-12-04T20:49:39+08:00 ] 0.0.0.0 GET localhost/tp5/public/admin
[运行时间：0.027147s] [吞吐率：36.84req/s] [内存消耗：1,196.82kb] [文件加载：42]
[ info ] [ LANG ] C:\xampp\htdocs\tp5\thinkphp\lang\zh-cn.php
[ info ] [ ROUTE ] array (
  'type' => 'module',
  'module' => 
  array (
    0 => 'admin',
    1 => NULL,
    2 => NULL,
  ),
)
[ info ] [ HEADER ] array (
  'host' => 'localhost',
  'connection' => 'keep-alive',
  'upgrade-insecure-requests' => '1',
  'user-agent' => 'Mozilla/5.0 (Windows NT 10.0; Win64; x64) AppleWebKit/537.36 (KHTML, like Gecko) Chrome/78.0.3904.108 Safari/537.36',
  'sec-fetch-user' => '?1',
  'accept' => 'text/html,application/xhtml+xml,application/xml;q=0.9,image/webp,image/apng,*/*;q=0.8,application/signed-exchange;v=b3',
  'sec-fetch-site' => 'none',
  'sec-fetch-mode' => 'navigate',
  'accept-encoding' => 'gzip, deflate, br',
  'accept-language' => 'zh-CN,zh;q=0.9,en;q=0.8',
  'cookie' => 'Webstorm-bbf7ba1a=4adf1af4-7758-46da-b7ef-784892210ecd; _ga=GA1.1.1847825167.1565618075; Phpstorm-59ffdf3e=4f9c2124-f037-4135-ab85-dd17671ecb82; pgv_pvi=4210754560; PHPSESSID=svscl9pqv2hu5uqot8kg222qu5',
)
[ info ] [ PARAM ] array (
)
[ info ] [ SESSION ] INIT array (
  'id' => '',
  'var_session_id' => '',
  'prefix' => 'think',
  'type' => '',
  'auto_start' => true,
)
[ info ] [ RUN ] app\admin\controller\Index->index[ C:\xampp\htdocs\tp5\application\admin\controller\Index.php ]
[ info ] [ VIEW ] C:\xampp\htdocs\tp5\public/../application/admin\view\index\index.htm [ array (
) ]
[ info ] [ LOG ] INIT File
[ error ] [2]Use of undefined constant conf - assumed 'conf' (this will throw an Error in a future version of PHP)[C:\xampp\htdocs\tp5\runtime\temp\d7b3f5e89acf01ed2191dff08365b826.php:182]
---------------------------------------------------------------
[ 2019-12-04T20:50:38+08:00 ] 0.0.0.0 GET localhost/tp5/public/admin
[运行时间：0.027161s] [吞吐率：36.82req/s] [内存消耗：1,284.20kb] [文件加载：40]
[ info ] [ LANG ] C:\xampp\htdocs\tp5\thinkphp\lang\zh-cn.php
[ info ] [ ROUTE ] array (
  'type' => 'module',
  'module' => 
  array (
    0 => 'admin',
    1 => NULL,
    2 => NULL,
  ),
)
[ info ] [ HEADER ] array (
  'host' => 'localhost',
  'connection' => 'keep-alive',
  'cache-control' => 'max-age=0',
  'upgrade-insecure-requests' => '1',
  'user-agent' => 'Mozilla/5.0 (Windows NT 10.0; Win64; x64) AppleWebKit/537.36 (KHTML, like Gecko) Chrome/78.0.3904.108 Safari/537.36',
  'sec-fetch-user' => '?1',
  'accept' => 'text/html,application/xhtml+xml,application/xml;q=0.9,image/webp,image/apng,*/*;q=0.8,application/signed-exchange;v=b3',
  'sec-fetch-site' => 'none',
  'sec-fetch-mode' => 'navigate',
  'accept-encoding' => 'gzip, deflate, br',
  'accept-language' => 'zh-CN,zh;q=0.9,en;q=0.8',
  'cookie' => 'Webstorm-bbf7ba1a=4adf1af4-7758-46da-b7ef-784892210ecd; _ga=GA1.1.1847825167.1565618075; Phpstorm-59ffdf3e=4f9c2124-f037-4135-ab85-dd17671ecb82; pgv_pvi=4210754560; PHPSESSID=svscl9pqv2hu5uqot8kg222qu5',
)
[ info ] [ PARAM ] array (
)
[ info ] [ SESSION ] INIT array (
  'id' => '',
  'var_session_id' => '',
  'prefix' => 'think',
  'type' => '',
  'auto_start' => true,
)
[ info ] [ RUN ] app\admin\controller\Index->index[ C:\xampp\htdocs\tp5\application\admin\controller\Index.php ]
[ info ] [ VIEW ] C:\xampp\htdocs\tp5\public/../application/admin\view\index\index.htm [ array (
) ]
[ info ] [ LOG ] INIT File
---------------------------------------------------------------
[ 2019-12-04T20:50:41+08:00 ] 0.0.0.0 GET localhost/tp5/public/admin/conf/lst.html
[运行时间：0.043512s] [吞吐率：22.98req/s] [内存消耗：1,337.38kb] [文件加载：44]
[ info ] [ LANG ] C:\xampp\htdocs\tp5\thinkphp\lang\zh-cn.php
[ info ] [ ROUTE ] array (
  'type' => 'module',
  'module' => 
  array (
    0 => 'admin',
    1 => 'conf',
    2 => 'lst',
  ),
)
[ info ] [ HEADER ] array (
  'host' => 'localhost',
  'connection' => 'keep-alive',
  'upgrade-insecure-requests' => '1',
  'user-agent' => 'Mozilla/5.0 (Windows NT 10.0; Win64; x64) AppleWebKit/537.36 (KHTML, like Gecko) Chrome/78.0.3904.108 Safari/537.36',
  'sec-fetch-user' => '?1',
  'accept' => 'text/html,application/xhtml+xml,application/xml;q=0.9,image/webp,image/apng,*/*;q=0.8,application/signed-exchange;v=b3',
  'sec-fetch-site' => 'same-origin',
  'sec-fetch-mode' => 'navigate',
  'referer' => 'http://localhost/tp5/public/admin',
  'accept-encoding' => 'gzip, deflate, br',
  'accept-language' => 'zh-CN,zh;q=0.9,en;q=0.8',
  'cookie' => 'Webstorm-bbf7ba1a=4adf1af4-7758-46da-b7ef-784892210ecd; _ga=GA1.1.1847825167.1565618075; Phpstorm-59ffdf3e=4f9c2124-f037-4135-ab85-dd17671ecb82; pgv_pvi=4210754560; PHPSESSID=svscl9pqv2hu5uqot8kg222qu5',
)
[ info ] [ PARAM ] array (
)
[ info ] [ SESSION ] INIT array (
  'id' => '',
  'var_session_id' => '',
  'prefix' => 'think',
  'type' => '',
  'auto_start' => true,
)
[ info ] [ RUN ] app\admin\controller\Conf->lst[ C:\xampp\htdocs\tp5\application\admin\controller\Conf.php ]
[ info ] [ VIEW ] C:\xampp\htdocs\tp5\public/../application/admin\view\conf\lst.htm [ array (
) ]
[ info ] [ LOG ] INIT File
[ error ] [8]未定义变量: linkres[C:\xampp\htdocs\tp5\runtime\temp\e3b07f0d357196abf8718e7f733c750a.php:245]
---------------------------------------------------------------
[ 2019-12-04T20:52:41+08:00 ] 0.0.0.0 GET localhost/tp5/public/admin/conf/lst.html
[运行时间：0.035371s] [吞吐率：28.27req/s] [内存消耗：1,337.76kb] [文件加载：44]
[ info ] [ LANG ] C:\xampp\htdocs\tp5\thinkphp\lang\zh-cn.php
[ info ] [ ROUTE ] array (
  'type' => 'module',
  'module' => 
  array (
    0 => 'admin',
    1 => 'conf',
    2 => 'lst',
  ),
)
[ info ] [ HEADER ] array (
  'host' => 'localhost',
  'connection' => 'keep-alive',
  'cache-control' => 'max-age=0',
  'upgrade-insecure-requests' => '1',
  'user-agent' => 'Mozilla/5.0 (Windows NT 10.0; Win64; x64) AppleWebKit/537.36 (KHTML, like Gecko) Chrome/78.0.3904.108 Safari/537.36',
  'sec-fetch-user' => '?1',
  'accept' => 'text/html,application/xhtml+xml,application/xml;q=0.9,image/webp,image/apng,*/*;q=0.8,application/signed-exchange;v=b3',
  'sec-fetch-site' => 'same-origin',
  'sec-fetch-mode' => 'navigate',
  'referer' => 'http://localhost/tp5/public/admin',
  'accept-encoding' => 'gzip, deflate, br',
  'accept-language' => 'zh-CN,zh;q=0.9,en;q=0.8',
  'cookie' => 'Webstorm-bbf7ba1a=4adf1af4-7758-46da-b7ef-784892210ecd; _ga=GA1.1.1847825167.1565618075; Phpstorm-59ffdf3e=4f9c2124-f037-4135-ab85-dd17671ecb82; pgv_pvi=4210754560; PHPSESSID=svscl9pqv2hu5uqot8kg222qu5',
)
[ info ] [ PARAM ] array (
)
[ info ] [ SESSION ] INIT array (
  'id' => '',
  'var_session_id' => '',
  'prefix' => 'think',
  'type' => '',
  'auto_start' => true,
)
[ info ] [ RUN ] app\admin\controller\Conf->lst[ C:\xampp\htdocs\tp5\application\admin\controller\Conf.php ]
[ info ] [ VIEW ] C:\xampp\htdocs\tp5\public/../application/admin\view\conf\lst.htm [ array (
) ]
[ info ] [ LOG ] INIT File
[ error ] [8]未定义变量: confres[C:\xampp\htdocs\tp5\runtime\temp\e3b07f0d357196abf8718e7f733c750a.php:245]
---------------------------------------------------------------
[ 2019-12-04T20:52:42+08:00 ] 0.0.0.0 GET localhost/tp5/public/admin/conf/lst.html
[运行时间：0.044417s] [吞吐率：22.51req/s] [内存消耗：1,202.81kb] [文件加载：42]
[ info ] [ LANG ] C:\xampp\htdocs\tp5\thinkphp\lang\zh-cn.php
[ info ] [ ROUTE ] array (
  'type' => 'module',
  'module' => 
  array (
    0 => 'admin',
    1 => 'conf',
    2 => 'lst',
  ),
)
[ info ] [ HEADER ] array (
  'host' => 'localhost',
  'connection' => 'keep-alive',
  'cache-control' => 'max-age=0',
  'upgrade-insecure-requests' => '1',
  'user-agent' => 'Mozilla/5.0 (Windows NT 10.0; Win64; x64) AppleWebKit/537.36 (KHTML, like Gecko) Chrome/78.0.3904.108 Safari/537.36',
  'sec-fetch-user' => '?1',
  'accept' => 'text/html,application/xhtml+xml,application/xml;q=0.9,image/webp,image/apng,*/*;q=0.8,application/signed-exchange;v=b3',
  'sec-fetch-site' => 'same-origin',
  'sec-fetch-mode' => 'navigate',
  'referer' => 'http://localhost/tp5/public/admin',
  'accept-encoding' => 'gzip, deflate, br',
  'accept-language' => 'zh-CN,zh;q=0.9,en;q=0.8',
  'cookie' => 'Webstorm-bbf7ba1a=4adf1af4-7758-46da-b7ef-784892210ecd; _ga=GA1.1.1847825167.1565618075; Phpstorm-59ffdf3e=4f9c2124-f037-4135-ab85-dd17671ecb82; pgv_pvi=4210754560; PHPSESSID=svscl9pqv2hu5uqot8kg222qu5',
)
[ info ] [ PARAM ] array (
)
[ info ] [ SESSION ] INIT array (
  'id' => '',
  'var_session_id' => '',
  'prefix' => 'think',
  'type' => '',
  'auto_start' => true,
)
[ info ] [ RUN ] app\admin\controller\Conf->lst[ C:\xampp\htdocs\tp5\application\admin\controller\Conf.php ]
[ info ] [ VIEW ] C:\xampp\htdocs\tp5\public/../application/admin\view\conf\lst.htm [ array (
) ]
[ info ] [ LOG ] INIT File
[ error ] [8]未定义变量: confres[C:\xampp\htdocs\tp5\runtime\temp\e3b07f0d357196abf8718e7f733c750a.php:245]
---------------------------------------------------------------
[ 2019-12-04T20:52:42+08:00 ] 0.0.0.0 GET localhost/tp5/public/admin/conf/lst.html
[运行时间：0.024828s] [吞吐率：40.28req/s] [内存消耗：1,202.81kb] [文件加载：42]
[ info ] [ LANG ] C:\xampp\htdocs\tp5\thinkphp\lang\zh-cn.php
[ info ] [ ROUTE ] array (
  'type' => 'module',
  'module' => 
  array (
    0 => 'admin',
    1 => 'conf',
    2 => 'lst',
  ),
)
[ info ] [ HEADER ] array (
  'host' => 'localhost',
  'connection' => 'keep-alive',
  'cache-control' => 'max-age=0',
  'upgrade-insecure-requests' => '1',
  'user-agent' => 'Mozilla/5.0 (Windows NT 10.0; Win64; x64) AppleWebKit/537.36 (KHTML, like Gecko) Chrome/78.0.3904.108 Safari/537.36',
  'sec-fetch-user' => '?1',
  'accept' => 'text/html,application/xhtml+xml,application/xml;q=0.9,image/webp,image/apng,*/*;q=0.8,application/signed-exchange;v=b3',
  'sec-fetch-site' => 'same-origin',
  'sec-fetch-mode' => 'navigate',
  'referer' => 'http://localhost/tp5/public/admin',
  'accept-encoding' => 'gzip, deflate, br',
  'accept-language' => 'zh-CN,zh;q=0.9,en;q=0.8',
  'cookie' => 'Webstorm-bbf7ba1a=4adf1af4-7758-46da-b7ef-784892210ecd; _ga=GA1.1.1847825167.1565618075; Phpstorm-59ffdf3e=4f9c2124-f037-4135-ab85-dd17671ecb82; pgv_pvi=4210754560; PHPSESSID=svscl9pqv2hu5uqot8kg222qu5',
)
[ info ] [ PARAM ] array (
)
[ info ] [ SESSION ] INIT array (
  'id' => '',
  'var_session_id' => '',
  'prefix' => 'think',
  'type' => '',
  'auto_start' => true,
)
[ info ] [ RUN ] app\admin\controller\Conf->lst[ C:\xampp\htdocs\tp5\application\admin\controller\Conf.php ]
[ info ] [ VIEW ] C:\xampp\htdocs\tp5\public/../application/admin\view\conf\lst.htm [ array (
) ]
[ info ] [ LOG ] INIT File
[ error ] [8]未定义变量: confres[C:\xampp\htdocs\tp5\runtime\temp\e3b07f0d357196abf8718e7f733c750a.php:245]
---------------------------------------------------------------
[ 2019-12-04T20:52:43+08:00 ] 0.0.0.0 GET localhost/tp5/public/admin/conf/lst.html
[运行时间：0.036113s] [吞吐率：27.69req/s] [内存消耗：1,202.81kb] [文件加载：42]
[ info ] [ LANG ] C:\xampp\htdocs\tp5\thinkphp\lang\zh-cn.php
[ info ] [ ROUTE ] array (
  'type' => 'module',
  'module' => 
  array (
    0 => 'admin',
    1 => 'conf',
    2 => 'lst',
  ),
)
[ info ] [ HEADER ] array (
  'host' => 'localhost',
  'connection' => 'keep-alive',
  'cache-control' => 'max-age=0',
  'upgrade-insecure-requests' => '1',
  'user-agent' => 'Mozilla/5.0 (Windows NT 10.0; Win64; x64) AppleWebKit/537.36 (KHTML, like Gecko) Chrome/78.0.3904.108 Safari/537.36',
  'sec-fetch-user' => '?1',
  'accept' => 'text/html,application/xhtml+xml,application/xml;q=0.9,image/webp,image/apng,*/*;q=0.8,application/signed-exchange;v=b3',
  'sec-fetch-site' => 'same-origin',
  'sec-fetch-mode' => 'navigate',
  'referer' => 'http://localhost/tp5/public/admin',
  'accept-encoding' => 'gzip, deflate, br',
  'accept-language' => 'zh-CN,zh;q=0.9,en;q=0.8',
  'cookie' => 'Webstorm-bbf7ba1a=4adf1af4-7758-46da-b7ef-784892210ecd; _ga=GA1.1.1847825167.1565618075; Phpstorm-59ffdf3e=4f9c2124-f037-4135-ab85-dd17671ecb82; pgv_pvi=4210754560; PHPSESSID=svscl9pqv2hu5uqot8kg222qu5',
)
[ info ] [ PARAM ] array (
)
[ info ] [ SESSION ] INIT array (
  'id' => '',
  'var_session_id' => '',
  'prefix' => 'think',
  'type' => '',
  'auto_start' => true,
)
[ info ] [ RUN ] app\admin\controller\Conf->lst[ C:\xampp\htdocs\tp5\application\admin\controller\Conf.php ]
[ info ] [ VIEW ] C:\xampp\htdocs\tp5\public/../application/admin\view\conf\lst.htm [ array (
) ]
[ info ] [ LOG ] INIT File
[ error ] [8]未定义变量: confres[C:\xampp\htdocs\tp5\runtime\temp\e3b07f0d357196abf8718e7f733c750a.php:245]
---------------------------------------------------------------
[ 2019-12-04T20:54:50+08:00 ] 0.0.0.0 GET localhost/tp5/public/admin/conf/lst.html
[运行时间：0.080371s] [吞吐率：12.44req/s] [内存消耗：2,252.77kb] [文件加载：55]
[ info ] [ LANG ] C:\xampp\htdocs\tp5\thinkphp\lang\zh-cn.php
[ info ] [ ROUTE ] array (
  'type' => 'module',
  'module' => 
  array (
    0 => 'admin',
    1 => 'conf',
    2 => 'lst',
  ),
)
[ info ] [ HEADER ] array (
  'host' => 'localhost',
  'connection' => 'keep-alive',
  'cache-control' => 'max-age=0',
  'upgrade-insecure-requests' => '1',
  'user-agent' => 'Mozilla/5.0 (Windows NT 10.0; Win64; x64) AppleWebKit/537.36 (KHTML, like Gecko) Chrome/78.0.3904.108 Safari/537.36',
  'sec-fetch-user' => '?1',
  'accept' => 'text/html,application/xhtml+xml,application/xml;q=0.9,image/webp,image/apng,*/*;q=0.8,application/signed-exchange;v=b3',
  'sec-fetch-site' => 'same-origin',
  'sec-fetch-mode' => 'navigate',
  'referer' => 'http://localhost/tp5/public/admin',
  'accept-encoding' => 'gzip, deflate, br',
  'accept-language' => 'zh-CN,zh;q=0.9,en;q=0.8',
  'cookie' => 'Webstorm-bbf7ba1a=4adf1af4-7758-46da-b7ef-784892210ecd; _ga=GA1.1.1847825167.1565618075; Phpstorm-59ffdf3e=4f9c2124-f037-4135-ab85-dd17671ecb82; pgv_pvi=4210754560; PHPSESSID=svscl9pqv2hu5uqot8kg222qu5',
)
[ info ] [ PARAM ] array (
)
[ info ] [ SESSION ] INIT array (
  'id' => '',
  'var_session_id' => '',
  'prefix' => 'think',
  'type' => '',
  'auto_start' => true,
)
[ info ] [ RUN ] app\admin\controller\Conf->lst[ C:\xampp\htdocs\tp5\application\admin\controller\Conf.php ]
[ info ] [ DB ] INIT mysql
[ info ] [ VIEW ] C:\xampp\htdocs\tp5\public/../application/admin\view\conf\lst.htm [ array (
  0 => 'confres',
) ]
[ info ] [ LOG ] INIT File
[ sql ] [ DB ] CONNECT:[ UseTime:0.011909s ] mysql:host=127.0.0.1;port=3306;dbname=bick;charset=utf8
[ sql ] [ SQL ] SHOW COLUMNS FROM `bk_conf` [ RunTime:0.006182s ]
[ sql ] [ SQL ] SELECT COUNT(*) AS tp_count FROM `bk_conf` LIMIT 1 [ RunTime:0.000494s ]
[ sql ] [ SQL ] SELECT * FROM `bk_conf` ORDER BY `sort` DESC LIMIT 0,3 [ RunTime:0.000474s ]
[ error ] [8]未定义变量: linkres[C:\xampp\htdocs\tp5\runtime\temp\e3b07f0d357196abf8718e7f733c750a.php:278]
---------------------------------------------------------------
[ 2019-12-04T20:54:52+08:00 ] 0.0.0.0 GET localhost/tp5/public/admin/conf/lst.html
[运行时间：0.064592s] [吞吐率：15.48req/s] [内存消耗：2,252.77kb] [文件加载：55]
[ info ] [ LANG ] C:\xampp\htdocs\tp5\thinkphp\lang\zh-cn.php
[ info ] [ ROUTE ] array (
  'type' => 'module',
  'module' => 
  array (
    0 => 'admin',
    1 => 'conf',
    2 => 'lst',
  ),
)
[ info ] [ HEADER ] array (
  'host' => 'localhost',
  'connection' => 'keep-alive',
  'cache-control' => 'max-age=0',
  'upgrade-insecure-requests' => '1',
  'user-agent' => 'Mozilla/5.0 (Windows NT 10.0; Win64; x64) AppleWebKit/537.36 (KHTML, like Gecko) Chrome/78.0.3904.108 Safari/537.36',
  'sec-fetch-user' => '?1',
  'accept' => 'text/html,application/xhtml+xml,application/xml;q=0.9,image/webp,image/apng,*/*;q=0.8,application/signed-exchange;v=b3',
  'sec-fetch-site' => 'same-origin',
  'sec-fetch-mode' => 'navigate',
  'referer' => 'http://localhost/tp5/public/admin',
  'accept-encoding' => 'gzip, deflate, br',
  'accept-language' => 'zh-CN,zh;q=0.9,en;q=0.8',
  'cookie' => 'Webstorm-bbf7ba1a=4adf1af4-7758-46da-b7ef-784892210ecd; _ga=GA1.1.1847825167.1565618075; Phpstorm-59ffdf3e=4f9c2124-f037-4135-ab85-dd17671ecb82; pgv_pvi=4210754560; PHPSESSID=svscl9pqv2hu5uqot8kg222qu5',
)
[ info ] [ PARAM ] array (
)
[ info ] [ SESSION ] INIT array (
  'id' => '',
  'var_session_id' => '',
  'prefix' => 'think',
  'type' => '',
  'auto_start' => true,
)
[ info ] [ RUN ] app\admin\controller\Conf->lst[ C:\xampp\htdocs\tp5\application\admin\controller\Conf.php ]
[ info ] [ DB ] INIT mysql
[ info ] [ VIEW ] C:\xampp\htdocs\tp5\public/../application/admin\view\conf\lst.htm [ array (
  0 => 'confres',
) ]
[ info ] [ LOG ] INIT File
[ sql ] [ DB ] CONNECT:[ UseTime:0.011145s ] mysql:host=127.0.0.1;port=3306;dbname=bick;charset=utf8
[ sql ] [ SQL ] SHOW COLUMNS FROM `bk_conf` [ RunTime:0.005749s ]
[ sql ] [ SQL ] SELECT COUNT(*) AS tp_count FROM `bk_conf` LIMIT 1 [ RunTime:0.000480s ]
[ sql ] [ SQL ] SELECT * FROM `bk_conf` ORDER BY `sort` DESC LIMIT 0,3 [ RunTime:0.000504s ]
[ error ] [8]未定义变量: linkres[C:\xampp\htdocs\tp5\runtime\temp\e3b07f0d357196abf8718e7f733c750a.php:278]
---------------------------------------------------------------
[ 2019-12-04T20:55:26+08:00 ] 0.0.0.0 GET localhost/tp5/public/admin/conf/lst.html
[运行时间：0.073277s] [吞吐率：13.65req/s] [内存消耗：2,345.82kb] [文件加载：53]
[ info ] [ LANG ] C:\xampp\htdocs\tp5\thinkphp\lang\zh-cn.php
[ info ] [ ROUTE ] array (
  'type' => 'module',
  'module' => 
  array (
    0 => 'admin',
    1 => 'conf',
    2 => 'lst',
  ),
)
[ info ] [ HEADER ] array (
  'host' => 'localhost',
  'connection' => 'keep-alive',
  'cache-control' => 'max-age=0',
  'upgrade-insecure-requests' => '1',
  'user-agent' => 'Mozilla/5.0 (Windows NT 10.0; Win64; x64) AppleWebKit/537.36 (KHTML, like Gecko) Chrome/78.0.3904.108 Safari/537.36',
  'sec-fetch-user' => '?1',
  'accept' => 'text/html,application/xhtml+xml,application/xml;q=0.9,image/webp,image/apng,*/*;q=0.8,application/signed-exchange;v=b3',
  'sec-fetch-site' => 'same-origin',
  'sec-fetch-mode' => 'navigate',
  'referer' => 'http://localhost/tp5/public/admin',
  'accept-encoding' => 'gzip, deflate, br',
  'accept-language' => 'zh-CN,zh;q=0.9,en;q=0.8',
  'cookie' => 'Webstorm-bbf7ba1a=4adf1af4-7758-46da-b7ef-784892210ecd; _ga=GA1.1.1847825167.1565618075; Phpstorm-59ffdf3e=4f9c2124-f037-4135-ab85-dd17671ecb82; pgv_pvi=4210754560; PHPSESSID=svscl9pqv2hu5uqot8kg222qu5',
)
[ info ] [ PARAM ] array (
)
[ info ] [ SESSION ] INIT array (
  'id' => '',
  'var_session_id' => '',
  'prefix' => 'think',
  'type' => '',
  'auto_start' => true,
)
[ info ] [ RUN ] app\admin\controller\Conf->lst[ C:\xampp\htdocs\tp5\application\admin\controller\Conf.php ]
[ info ] [ DB ] INIT mysql
[ info ] [ VIEW ] C:\xampp\htdocs\tp5\public/../application/admin\view\conf\lst.htm [ array (
  0 => 'confres',
) ]
[ info ] [ LOG ] INIT File
[ sql ] [ DB ] CONNECT:[ UseTime:0.011052s ] mysql:host=127.0.0.1;port=3306;dbname=bick;charset=utf8
[ sql ] [ SQL ] SHOW COLUMNS FROM `bk_conf` [ RunTime:0.005702s ]
[ sql ] [ SQL ] SELECT COUNT(*) AS tp_count FROM `bk_conf` LIMIT 1 [ RunTime:0.000411s ]
[ sql ] [ SQL ] SELECT * FROM `bk_conf` ORDER BY `sort` DESC LIMIT 0,3 [ RunTime:0.000415s ]
---------------------------------------------------------------
[ 2019-12-04T20:55:54+08:00 ] 0.0.0.0 POST localhost/tp5/public/admin/conf/lst.html
[运行时间：0.054913s] [吞吐率：18.21req/s] [内存消耗：2,215.42kb] [文件加载：51]
[ info ] [ LANG ] C:\xampp\htdocs\tp5\thinkphp\lang\zh-cn.php
[ info ] [ ROUTE ] array (
  'type' => 'module',
  'module' => 
  array (
    0 => 'admin',
    1 => 'conf',
    2 => 'lst',
  ),
)
[ info ] [ HEADER ] array (
  'host' => 'localhost',
  'connection' => 'keep-alive',
  'content-length' => '0',
  'cache-control' => 'max-age=0',
  'origin' => 'http://localhost',
  'upgrade-insecure-requests' => '1',
  'content-type' => 'application/x-www-form-urlencoded',
  'user-agent' => 'Mozilla/5.0 (Windows NT 10.0; Win64; x64) AppleWebKit/537.36 (KHTML, like Gecko) Chrome/78.0.3904.108 Safari/537.36',
  'sec-fetch-user' => '?1',
  'accept' => 'text/html,application/xhtml+xml,application/xml;q=0.9,image/webp,image/apng,*/*;q=0.8,application/signed-exchange;v=b3',
  'sec-fetch-site' => 'same-origin',
  'sec-fetch-mode' => 'navigate',
  'referer' => 'http://localhost/tp5/public/admin/conf/lst.html',
  'accept-encoding' => 'gzip, deflate, br',
  'accept-language' => 'zh-CN,zh;q=0.9,en;q=0.8',
  'cookie' => 'Webstorm-bbf7ba1a=4adf1af4-7758-46da-b7ef-784892210ecd; _ga=GA1.1.1847825167.1565618075; Phpstorm-59ffdf3e=4f9c2124-f037-4135-ab85-dd17671ecb82; pgv_pvi=4210754560; PHPSESSID=svscl9pqv2hu5uqot8kg222qu5',
)
[ info ] [ PARAM ] array (
)
[ info ] [ SESSION ] INIT array (
  'id' => '',
  'var_session_id' => '',
  'prefix' => 'think',
  'type' => '',
  'auto_start' => true,
)
[ info ] [ RUN ] app\admin\controller\Conf->lst[ C:\xampp\htdocs\tp5\application\admin\controller\Conf.php ]
[ info ] [ DB ] INIT mysql
[ info ] [ VIEW ] C:\xampp\htdocs\tp5\public/../application/admin\view\conf\lst.htm [ array (
  0 => 'confres',
) ]
[ info ] [ LOG ] INIT File
[ sql ] [ DB ] CONNECT:[ UseTime:0.011790s ] mysql:host=127.0.0.1;port=3306;dbname=bick;charset=utf8
[ sql ] [ SQL ] SHOW COLUMNS FROM `bk_conf` [ RunTime:0.005667s ]
[ sql ] [ SQL ] SELECT COUNT(*) AS tp_count FROM `bk_conf` LIMIT 1 [ RunTime:0.000399s ]
[ sql ] [ SQL ] SELECT * FROM `bk_conf` ORDER BY `sort` DESC LIMIT 0,3 [ RunTime:0.000419s ]
---------------------------------------------------------------
[ 2019-12-04T21:15:32+08:00 ] 0.0.0.0 POST localhost/tp5/public/admin/conf/lst.html
[运行时间：0.077805s] [吞吐率：12.85req/s] [内存消耗：2,346.17kb] [文件加载：53]
[ info ] [ LANG ] C:\xampp\htdocs\tp5\thinkphp\lang\zh-cn.php
[ info ] [ ROUTE ] array (
  'type' => 'module',
  'module' => 
  array (
    0 => 'admin',
    1 => 'conf',
    2 => 'lst',
  ),
)
[ info ] [ HEADER ] array (
  'host' => 'localhost',
  'connection' => 'keep-alive',
  'content-length' => '0',
  'cache-control' => 'max-age=0',
  'upgrade-insecure-requests' => '1',
  'user-agent' => 'Mozilla/5.0 (Windows NT 10.0; Win64; x64) AppleWebKit/537.36 (KHTML, like Gecko) Chrome/78.0.3904.108 Safari/537.36',
  'sec-fetch-user' => '?1',
  'origin' => 'http://localhost',
  'content-type' => 'application/x-www-form-urlencoded',
  'accept' => 'text/html,application/xhtml+xml,application/xml;q=0.9,image/webp,image/apng,*/*;q=0.8,application/signed-exchange;v=b3',
  'sec-fetch-site' => 'same-origin',
  'sec-fetch-mode' => 'navigate',
  'referer' => 'http://localhost/tp5/public/admin/conf/lst.html',
  'accept-encoding' => 'gzip, deflate, br',
  'accept-language' => 'zh-CN,zh;q=0.9,en;q=0.8',
  'cookie' => 'Webstorm-bbf7ba1a=4adf1af4-7758-46da-b7ef-784892210ecd; _ga=GA1.1.1847825167.1565618075; Phpstorm-59ffdf3e=4f9c2124-f037-4135-ab85-dd17671ecb82; pgv_pvi=4210754560; PHPSESSID=svscl9pqv2hu5uqot8kg222qu5',
)
[ info ] [ PARAM ] array (
)
[ info ] [ SESSION ] INIT array (
  'id' => '',
  'var_session_id' => '',
  'prefix' => 'think',
  'type' => '',
  'auto_start' => true,
)
[ info ] [ RUN ] app\admin\controller\Conf->lst[ C:\xampp\htdocs\tp5\application\admin\controller\Conf.php ]
[ info ] [ DB ] INIT mysql
[ info ] [ VIEW ] C:\xampp\htdocs\tp5\public/../application/admin\view\conf\lst.htm [ array (
  0 => 'confres',
) ]
[ info ] [ LOG ] INIT File
[ sql ] [ DB ] CONNECT:[ UseTime:0.011555s ] mysql:host=127.0.0.1;port=3306;dbname=bick;charset=utf8
[ sql ] [ SQL ] SHOW COLUMNS FROM `bk_conf` [ RunTime:0.006317s ]
[ sql ] [ SQL ] SELECT COUNT(*) AS tp_count FROM `bk_conf` LIMIT 1 [ RunTime:0.000540s ]
[ sql ] [ SQL ] SELECT * FROM `bk_conf` ORDER BY `sort` DESC LIMIT 0,3 [ RunTime:0.000405s ]
---------------------------------------------------------------
[ 2019-12-04T21:15:57+08:00 ] 0.0.0.0 GET localhost/tp5/public/admin/conf/add.html
[运行时间：0.032741s] [吞吐率：30.54req/s] [内存消耗：1,302.80kb] [文件加载：40]
[ info ] [ LANG ] C:\xampp\htdocs\tp5\thinkphp\lang\zh-cn.php
[ info ] [ ROUTE ] array (
  'type' => 'module',
  'module' => 
  array (
    0 => 'admin',
    1 => 'conf',
    2 => 'add',
  ),
)
[ info ] [ HEADER ] array (
  'host' => 'localhost',
  'connection' => 'keep-alive',
  'upgrade-insecure-requests' => '1',
  'user-agent' => 'Mozilla/5.0 (Windows NT 10.0; Win64; x64) AppleWebKit/537.36 (KHTML, like Gecko) Chrome/78.0.3904.108 Safari/537.36',
  'sec-fetch-user' => '?1',
  'accept' => 'text/html,application/xhtml+xml,application/xml;q=0.9,image/webp,image/apng,*/*;q=0.8,application/signed-exchange;v=b3',
  'sec-fetch-site' => 'same-origin',
  'sec-fetch-mode' => 'navigate',
  'referer' => 'http://localhost/tp5/public/admin/conf/lst.html',
  'accept-encoding' => 'gzip, deflate, br',
  'accept-language' => 'zh-CN,zh;q=0.9,en;q=0.8',
  'cookie' => 'Webstorm-bbf7ba1a=4adf1af4-7758-46da-b7ef-784892210ecd; _ga=GA1.1.1847825167.1565618075; Phpstorm-59ffdf3e=4f9c2124-f037-4135-ab85-dd17671ecb82; pgv_pvi=4210754560; PHPSESSID=svscl9pqv2hu5uqot8kg222qu5',
)
[ info ] [ PARAM ] array (
)
[ info ] [ SESSION ] INIT array (
  'id' => '',
  'var_session_id' => '',
  'prefix' => 'think',
  'type' => '',
  'auto_start' => true,
)
[ info ] [ RUN ] app\admin\controller\Conf->add[ C:\xampp\htdocs\tp5\application\admin\controller\Conf.php ]
[ info ] [ VIEW ] C:\xampp\htdocs\tp5\public/../application/admin\view\conf\add.htm [ array (
) ]
[ info ] [ LOG ] INIT File
---------------------------------------------------------------
[ 2019-12-04T21:17:10+08:00 ] 0.0.0.0 GET localhost/tp5/public/admin/conf/add.html
[运行时间：0.026682s] [吞吐率：37.48req/s] [内存消耗：1,303.46kb] [文件加载：40]
[ info ] [ LANG ] C:\xampp\htdocs\tp5\thinkphp\lang\zh-cn.php
[ info ] [ ROUTE ] array (
  'type' => 'module',
  'module' => 
  array (
    0 => 'admin',
    1 => 'conf',
    2 => 'add',
  ),
)
[ info ] [ HEADER ] array (
  'host' => 'localhost',
  'connection' => 'keep-alive',
  'cache-control' => 'max-age=0',
  'upgrade-insecure-requests' => '1',
  'user-agent' => 'Mozilla/5.0 (Windows NT 10.0; Win64; x64) AppleWebKit/537.36 (KHTML, like Gecko) Chrome/78.0.3904.108 Safari/537.36',
  'sec-fetch-user' => '?1',
  'accept' => 'text/html,application/xhtml+xml,application/xml;q=0.9,image/webp,image/apng,*/*;q=0.8,application/signed-exchange;v=b3',
  'sec-fetch-site' => 'same-origin',
  'sec-fetch-mode' => 'navigate',
  'referer' => 'http://localhost/tp5/public/admin/conf/lst.html',
  'accept-encoding' => 'gzip, deflate, br',
  'accept-language' => 'zh-CN,zh;q=0.9,en;q=0.8',
  'cookie' => 'Webstorm-bbf7ba1a=4adf1af4-7758-46da-b7ef-784892210ecd; _ga=GA1.1.1847825167.1565618075; Phpstorm-59ffdf3e=4f9c2124-f037-4135-ab85-dd17671ecb82; pgv_pvi=4210754560; PHPSESSID=svscl9pqv2hu5uqot8kg222qu5',
)
[ info ] [ PARAM ] array (
)
[ info ] [ SESSION ] INIT array (
  'id' => '',
  'var_session_id' => '',
  'prefix' => 'think',
  'type' => '',
  'auto_start' => true,
)
[ info ] [ RUN ] app\admin\controller\Conf->add[ C:\xampp\htdocs\tp5\application\admin\controller\Conf.php ]
[ info ] [ VIEW ] C:\xampp\htdocs\tp5\public/../application/admin\view\conf\add.htm [ array (
) ]
[ info ] [ LOG ] INIT File
---------------------------------------------------------------
[ 2019-12-04T21:21:14+08:00 ] 0.0.0.0 GET localhost/tp5/public/admin/conf/add.html
[运行时间：0.031922s] [吞吐率：31.33req/s] [内存消耗：1,303.46kb] [文件加载：40]
[ info ] [ LANG ] C:\xampp\htdocs\tp5\thinkphp\lang\zh-cn.php
[ info ] [ ROUTE ] array (
  'type' => 'module',
  'module' => 
  array (
    0 => 'admin',
    1 => 'conf',
    2 => 'add',
  ),
)
[ info ] [ HEADER ] array (
  'host' => 'localhost',
  'connection' => 'keep-alive',
  'cache-control' => 'max-age=0',
  'upgrade-insecure-requests' => '1',
  'user-agent' => 'Mozilla/5.0 (Windows NT 10.0; Win64; x64) AppleWebKit/537.36 (KHTML, like Gecko) Chrome/78.0.3904.108 Safari/537.36',
  'sec-fetch-user' => '?1',
  'accept' => 'text/html,application/xhtml+xml,application/xml;q=0.9,image/webp,image/apng,*/*;q=0.8,application/signed-exchange;v=b3',
  'sec-fetch-site' => 'same-origin',
  'sec-fetch-mode' => 'navigate',
  'referer' => 'http://localhost/tp5/public/admin/conf/lst.html',
  'accept-encoding' => 'gzip, deflate, br',
  'accept-language' => 'zh-CN,zh;q=0.9,en;q=0.8',
  'cookie' => 'Webstorm-bbf7ba1a=4adf1af4-7758-46da-b7ef-784892210ecd; _ga=GA1.1.1847825167.1565618075; Phpstorm-59ffdf3e=4f9c2124-f037-4135-ab85-dd17671ecb82; pgv_pvi=4210754560; PHPSESSID=svscl9pqv2hu5uqot8kg222qu5',
)
[ info ] [ PARAM ] array (
)
[ info ] [ SESSION ] INIT array (
  'id' => '',
  'var_session_id' => '',
  'prefix' => 'think',
  'type' => '',
  'auto_start' => true,
)
[ info ] [ RUN ] app\admin\controller\Conf->add[ C:\xampp\htdocs\tp5\application\admin\controller\Conf.php ]
[ info ] [ VIEW ] C:\xampp\htdocs\tp5\public/../application/admin\view\conf\add.htm [ array (
) ]
[ info ] [ LOG ] INIT File
---------------------------------------------------------------
[ 2019-12-04T21:23:56+08:00 ] 0.0.0.0 GET localhost/tp5/public/admin/conf/add.html
[运行时间：0.052329s] [吞吐率：19.11req/s] [内存消耗：1,303.46kb] [文件加载：40]
[ info ] [ LANG ] C:\xampp\htdocs\tp5\thinkphp\lang\zh-cn.php
[ info ] [ ROUTE ] array (
  'type' => 'module',
  'module' => 
  array (
    0 => 'admin',
    1 => 'conf',
    2 => 'add',
  ),
)
[ info ] [ HEADER ] array (
  'host' => 'localhost',
  'connection' => 'keep-alive',
  'cache-control' => 'max-age=0',
  'upgrade-insecure-requests' => '1',
  'user-agent' => 'Mozilla/5.0 (Windows NT 10.0; Win64; x64) AppleWebKit/537.36 (KHTML, like Gecko) Chrome/78.0.3904.108 Safari/537.36',
  'sec-fetch-user' => '?1',
  'accept' => 'text/html,application/xhtml+xml,application/xml;q=0.9,image/webp,image/apng,*/*;q=0.8,application/signed-exchange;v=b3',
  'sec-fetch-site' => 'same-origin',
  'sec-fetch-mode' => 'navigate',
  'referer' => 'http://localhost/tp5/public/admin/conf/lst.html',
  'accept-encoding' => 'gzip, deflate, br',
  'accept-language' => 'zh-CN,zh;q=0.9,en;q=0.8',
  'cookie' => 'Webstorm-bbf7ba1a=4adf1af4-7758-46da-b7ef-784892210ecd; _ga=GA1.1.1847825167.1565618075; Phpstorm-59ffdf3e=4f9c2124-f037-4135-ab85-dd17671ecb82; pgv_pvi=4210754560; PHPSESSID=svscl9pqv2hu5uqot8kg222qu5',
)
[ info ] [ PARAM ] array (
)
[ info ] [ SESSION ] INIT array (
  'id' => '',
  'var_session_id' => '',
  'prefix' => 'think',
  'type' => '',
  'auto_start' => true,
)
[ info ] [ RUN ] app\admin\controller\Conf->add[ C:\xampp\htdocs\tp5\application\admin\controller\Conf.php ]
[ info ] [ VIEW ] C:\xampp\htdocs\tp5\public/../application/admin\view\conf\add.htm [ array (
) ]
[ info ] [ LOG ] INIT File
---------------------------------------------------------------
[ 2019-12-04T21:25:29+08:00 ] 0.0.0.0 GET localhost/tp5/public/admin/conf/add.html
[运行时间：0.031879s] [吞吐率：31.37req/s] [内存消耗：1,303.46kb] [文件加载：40]
[ info ] [ LANG ] C:\xampp\htdocs\tp5\thinkphp\lang\zh-cn.php
[ info ] [ ROUTE ] array (
  'type' => 'module',
  'module' => 
  array (
    0 => 'admin',
    1 => 'conf',
    2 => 'add',
  ),
)
[ info ] [ HEADER ] array (
  'host' => 'localhost',
  'connection' => 'keep-alive',
  'cache-control' => 'max-age=0',
  'upgrade-insecure-requests' => '1',
  'user-agent' => 'Mozilla/5.0 (Windows NT 10.0; Win64; x64) AppleWebKit/537.36 (KHTML, like Gecko) Chrome/78.0.3904.108 Safari/537.36',
  'sec-fetch-user' => '?1',
  'accept' => 'text/html,application/xhtml+xml,application/xml;q=0.9,image/webp,image/apng,*/*;q=0.8,application/signed-exchange;v=b3',
  'sec-fetch-site' => 'same-origin',
  'sec-fetch-mode' => 'navigate',
  'referer' => 'http://localhost/tp5/public/admin/conf/lst.html',
  'accept-encoding' => 'gzip, deflate, br',
  'accept-language' => 'zh-CN,zh;q=0.9,en;q=0.8',
  'cookie' => 'Webstorm-bbf7ba1a=4adf1af4-7758-46da-b7ef-784892210ecd; _ga=GA1.1.1847825167.1565618075; Phpstorm-59ffdf3e=4f9c2124-f037-4135-ab85-dd17671ecb82; pgv_pvi=4210754560; PHPSESSID=svscl9pqv2hu5uqot8kg222qu5',
)
[ info ] [ PARAM ] array (
)
[ info ] [ SESSION ] INIT array (
  'id' => '',
  'var_session_id' => '',
  'prefix' => 'think',
  'type' => '',
  'auto_start' => true,
)
[ info ] [ RUN ] app\admin\controller\Conf->add[ C:\xampp\htdocs\tp5\application\admin\controller\Conf.php ]
[ info ] [ VIEW ] C:\xampp\htdocs\tp5\public/../application/admin\view\conf\add.htm [ array (
) ]
[ info ] [ LOG ] INIT File
---------------------------------------------------------------
[ 2019-12-04T21:26:12+08:00 ] 0.0.0.0 GET localhost/tp5/public/admin/conf/add.html
[运行时间：0.027739s] [吞吐率：36.05req/s] [内存消耗：1,168.47kb] [文件加载：38]
[ info ] [ LANG ] C:\xampp\htdocs\tp5\thinkphp\lang\zh-cn.php
[ info ] [ ROUTE ] array (
  'type' => 'module',
  'module' => 
  array (
    0 => 'admin',
    1 => 'conf',
    2 => 'add',
  ),
)
[ info ] [ HEADER ] array (
  'host' => 'localhost',
  'connection' => 'keep-alive',
  'cache-control' => 'max-age=0',
  'upgrade-insecure-requests' => '1',
  'user-agent' => 'Mozilla/5.0 (Windows NT 10.0; Win64; x64) AppleWebKit/537.36 (KHTML, like Gecko) Chrome/78.0.3904.108 Safari/537.36',
  'sec-fetch-user' => '?1',
  'accept' => 'text/html,application/xhtml+xml,application/xml;q=0.9,image/webp,image/apng,*/*;q=0.8,application/signed-exchange;v=b3',
  'sec-fetch-site' => 'same-origin',
  'sec-fetch-mode' => 'navigate',
  'referer' => 'http://localhost/tp5/public/admin/conf/lst.html',
  'accept-encoding' => 'gzip, deflate, br',
  'accept-language' => 'zh-CN,zh;q=0.9,en;q=0.8',
  'cookie' => 'Webstorm-bbf7ba1a=4adf1af4-7758-46da-b7ef-784892210ecd; _ga=GA1.1.1847825167.1565618075; Phpstorm-59ffdf3e=4f9c2124-f037-4135-ab85-dd17671ecb82; pgv_pvi=4210754560; PHPSESSID=svscl9pqv2hu5uqot8kg222qu5',
)
[ info ] [ PARAM ] array (
)
[ info ] [ SESSION ] INIT array (
  'id' => '',
  'var_session_id' => '',
  'prefix' => 'think',
  'type' => '',
  'auto_start' => true,
)
[ info ] [ RUN ] app\admin\controller\Conf->add[ C:\xampp\htdocs\tp5\application\admin\controller\Conf.php ]
[ info ] [ VIEW ] C:\xampp\htdocs\tp5\public/../application/admin\view\conf\add.htm [ array (
) ]
[ info ] [ LOG ] INIT File
---------------------------------------------------------------
[ 2019-12-04T21:26:27+08:00 ] 0.0.0.0 GET localhost/tp5/public/admin/conf/add.html
[运行时间：0.025679s] [吞吐率：38.94req/s] [内存消耗：1,303.46kb] [文件加载：40]
[ info ] [ LANG ] C:\xampp\htdocs\tp5\thinkphp\lang\zh-cn.php
[ info ] [ ROUTE ] array (
  'type' => 'module',
  'module' => 
  array (
    0 => 'admin',
    1 => 'conf',
    2 => 'add',
  ),
)
[ info ] [ HEADER ] array (
  'host' => 'localhost',
  'connection' => 'keep-alive',
  'cache-control' => 'max-age=0',
  'upgrade-insecure-requests' => '1',
  'user-agent' => 'Mozilla/5.0 (Windows NT 10.0; Win64; x64) AppleWebKit/537.36 (KHTML, like Gecko) Chrome/78.0.3904.108 Safari/537.36',
  'sec-fetch-user' => '?1',
  'accept' => 'text/html,application/xhtml+xml,application/xml;q=0.9,image/webp,image/apng,*/*;q=0.8,application/signed-exchange;v=b3',
  'sec-fetch-site' => 'same-origin',
  'sec-fetch-mode' => 'navigate',
  'referer' => 'http://localhost/tp5/public/admin/conf/lst.html',
  'accept-encoding' => 'gzip, deflate, br',
  'accept-language' => 'zh-CN,zh;q=0.9,en;q=0.8',
  'cookie' => 'Webstorm-bbf7ba1a=4adf1af4-7758-46da-b7ef-784892210ecd; _ga=GA1.1.1847825167.1565618075; Phpstorm-59ffdf3e=4f9c2124-f037-4135-ab85-dd17671ecb82; pgv_pvi=4210754560; PHPSESSID=svscl9pqv2hu5uqot8kg222qu5',
)
[ info ] [ PARAM ] array (
)
[ info ] [ SESSION ] INIT array (
  'id' => '',
  'var_session_id' => '',
  'prefix' => 'think',
  'type' => '',
  'auto_start' => true,
)
[ info ] [ RUN ] app\admin\controller\Conf->add[ C:\xampp\htdocs\tp5\application\admin\controller\Conf.php ]
[ info ] [ VIEW ] C:\xampp\htdocs\tp5\public/../application/admin\view\conf\add.htm [ array (
) ]
[ info ] [ LOG ] INIT File
---------------------------------------------------------------
[ 2019-12-04T21:28:26+08:00 ] 0.0.0.0 GET localhost/tp5/public/admin/conf/lst.html
[运行时间：0.067381s] [吞吐率：14.84req/s] [内存消耗：2,345.43kb] [文件加载：53]
[ info ] [ LANG ] C:\xampp\htdocs\tp5\thinkphp\lang\zh-cn.php
[ info ] [ ROUTE ] array (
  'type' => 'module',
  'module' => 
  array (
    0 => 'admin',
    1 => 'conf',
    2 => 'lst',
  ),
)
[ info ] [ HEADER ] array (
  'host' => 'localhost',
  'connection' => 'keep-alive',
  'upgrade-insecure-requests' => '1',
  'user-agent' => 'Mozilla/5.0 (Windows NT 10.0; Win64; x64) AppleWebKit/537.36 (KHTML, like Gecko) Chrome/78.0.3904.108 Safari/537.36',
  'sec-fetch-user' => '?1',
  'accept' => 'text/html,application/xhtml+xml,application/xml;q=0.9,image/webp,image/apng,*/*;q=0.8,application/signed-exchange;v=b3',
  'sec-fetch-site' => 'same-origin',
  'sec-fetch-mode' => 'navigate',
  'referer' => 'http://localhost/tp5/public/admin/conf/add.html',
  'accept-encoding' => 'gzip, deflate, br',
  'accept-language' => 'zh-CN,zh;q=0.9,en;q=0.8',
  'cookie' => 'Webstorm-bbf7ba1a=4adf1af4-7758-46da-b7ef-784892210ecd; _ga=GA1.1.1847825167.1565618075; Phpstorm-59ffdf3e=4f9c2124-f037-4135-ab85-dd17671ecb82; pgv_pvi=4210754560; PHPSESSID=svscl9pqv2hu5uqot8kg222qu5',
)
[ info ] [ PARAM ] array (
)
[ info ] [ SESSION ] INIT array (
  'id' => '',
  'var_session_id' => '',
  'prefix' => 'think',
  'type' => '',
  'auto_start' => true,
)
[ info ] [ RUN ] app\admin\controller\Conf->lst[ C:\xampp\htdocs\tp5\application\admin\controller\Conf.php ]
[ info ] [ DB ] INIT mysql
[ info ] [ VIEW ] C:\xampp\htdocs\tp5\public/../application/admin\view\conf\lst.htm [ array (
  0 => 'confres',
) ]
[ info ] [ LOG ] INIT File
[ sql ] [ DB ] CONNECT:[ UseTime:0.011322s ] mysql:host=127.0.0.1;port=3306;dbname=bick;charset=utf8
[ sql ] [ SQL ] SHOW COLUMNS FROM `bk_conf` [ RunTime:0.005736s ]
[ sql ] [ SQL ] SELECT COUNT(*) AS tp_count FROM `bk_conf` LIMIT 1 [ RunTime:0.000460s ]
[ sql ] [ SQL ] SELECT * FROM `bk_conf` ORDER BY `sort` DESC LIMIT 0,3 [ RunTime:0.000442s ]
---------------------------------------------------------------
[ 2019-12-04T21:28:32+08:00 ] 0.0.0.0 GET localhost/tp5/public/admin/conf/lst.html
[运行时间：0.062205s] [吞吐率：16.08req/s] [内存消耗：2,215.09kb] [文件加载：51]
[ info ] [ LANG ] C:\xampp\htdocs\tp5\thinkphp\lang\zh-cn.php
[ info ] [ ROUTE ] array (
  'type' => 'module',
  'module' => 
  array (
    0 => 'admin',
    1 => 'conf',
    2 => 'lst',
  ),
)
[ info ] [ HEADER ] array (
  'host' => 'localhost',
  'connection' => 'keep-alive',
  'cache-control' => 'max-age=0',
  'upgrade-insecure-requests' => '1',
  'user-agent' => 'Mozilla/5.0 (Windows NT 10.0; Win64; x64) AppleWebKit/537.36 (KHTML, like Gecko) Chrome/78.0.3904.108 Safari/537.36',
  'sec-fetch-user' => '?1',
  'accept' => 'text/html,application/xhtml+xml,application/xml;q=0.9,image/webp,image/apng,*/*;q=0.8,application/signed-exchange;v=b3',
  'sec-fetch-site' => 'same-origin',
  'sec-fetch-mode' => 'navigate',
  'referer' => 'http://localhost/tp5/public/admin/conf/add.html',
  'accept-encoding' => 'gzip, deflate, br',
  'accept-language' => 'zh-CN,zh;q=0.9,en;q=0.8',
  'cookie' => 'Webstorm-bbf7ba1a=4adf1af4-7758-46da-b7ef-784892210ecd; _ga=GA1.1.1847825167.1565618075; Phpstorm-59ffdf3e=4f9c2124-f037-4135-ab85-dd17671ecb82; pgv_pvi=4210754560; PHPSESSID=svscl9pqv2hu5uqot8kg222qu5',
)
[ info ] [ PARAM ] array (
)
[ info ] [ SESSION ] INIT array (
  'id' => '',
  'var_session_id' => '',
  'prefix' => 'think',
  'type' => '',
  'auto_start' => true,
)
[ info ] [ RUN ] app\admin\controller\Conf->lst[ C:\xampp\htdocs\tp5\application\admin\controller\Conf.php ]
[ info ] [ DB ] INIT mysql
[ info ] [ VIEW ] C:\xampp\htdocs\tp5\public/../application/admin\view\conf\lst.htm [ array (
  0 => 'confres',
) ]
[ info ] [ LOG ] INIT File
[ sql ] [ DB ] CONNECT:[ UseTime:0.011487s ] mysql:host=127.0.0.1;port=3306;dbname=bick;charset=utf8
[ sql ] [ SQL ] SHOW COLUMNS FROM `bk_conf` [ RunTime:0.006352s ]
[ sql ] [ SQL ] SELECT COUNT(*) AS tp_count FROM `bk_conf` LIMIT 1 [ RunTime:0.000416s ]
[ sql ] [ SQL ] SELECT * FROM `bk_conf` ORDER BY `sort` DESC LIMIT 0,3 [ RunTime:0.000406s ]
---------------------------------------------------------------
[ 2019-12-04T21:28:35+08:00 ] 0.0.0.0 GET localhost/tp5/public/admin/conf/add.html
[运行时间：0.036913s] [吞吐率：27.09req/s] [内存消耗：1,168.05kb] [文件加载：38]
[ info ] [ LANG ] C:\xampp\htdocs\tp5\thinkphp\lang\zh-cn.php
[ info ] [ ROUTE ] array (
  'type' => 'module',
  'module' => 
  array (
    0 => 'admin',
    1 => 'conf',
    2 => 'add',
  ),
)
[ info ] [ HEADER ] array (
  'host' => 'localhost',
  'connection' => 'keep-alive',
  'upgrade-insecure-requests' => '1',
  'user-agent' => 'Mozilla/5.0 (Windows NT 10.0; Win64; x64) AppleWebKit/537.36 (KHTML, like Gecko) Chrome/78.0.3904.108 Safari/537.36',
  'sec-fetch-user' => '?1',
  'accept' => 'text/html,application/xhtml+xml,application/xml;q=0.9,image/webp,image/apng,*/*;q=0.8,application/signed-exchange;v=b3',
  'sec-fetch-site' => 'same-origin',
  'sec-fetch-mode' => 'navigate',
  'referer' => 'http://localhost/tp5/public/admin/conf/lst.html',
  'accept-encoding' => 'gzip, deflate, br',
  'accept-language' => 'zh-CN,zh;q=0.9,en;q=0.8',
  'cookie' => 'Webstorm-bbf7ba1a=4adf1af4-7758-46da-b7ef-784892210ecd; _ga=GA1.1.1847825167.1565618075; Phpstorm-59ffdf3e=4f9c2124-f037-4135-ab85-dd17671ecb82; pgv_pvi=4210754560; PHPSESSID=svscl9pqv2hu5uqot8kg222qu5',
)
[ info ] [ PARAM ] array (
)
[ info ] [ SESSION ] INIT array (
  'id' => '',
  'var_session_id' => '',
  'prefix' => 'think',
  'type' => '',
  'auto_start' => true,
)
[ info ] [ RUN ] app\admin\controller\Conf->add[ C:\xampp\htdocs\tp5\application\admin\controller\Conf.php ]
[ info ] [ VIEW ] C:\xampp\htdocs\tp5\public/../application/admin\view\conf\add.htm [ array (
) ]
[ info ] [ LOG ] INIT File
