---------------------------------------------------------------
[ 2019-12-29T17:04:57+08:00 ] 0.0.0.0 GET localhost/tp5/public/index/index/images/focus-left-bg.png
[运行时间：0.076155s] [吞吐率：13.13req/s] [内存消耗：2,258.07kb] [文件加载：48]
[ info ] [ LANG ] C:\xampp\htdocs\tp5\thinkphp\lang\zh-cn.php
[ info ] [ ROUTE ] array (
  'type' => 'module',
  'module' => 
  array (
    0 => 'index',
    1 => 'index',
    2 => 'images',
  ),
)
[ info ] [ HEADER ] array (
  'host' => 'localhost',
  'user-agent' => 'Mozilla/5.0 (Windows NT 10.0; Win64; x64; rv:71.0) Gecko/20100101 Firefox/71.0',
  'accept' => 'image/webp,*/*',
  'accept-language' => 'zh-CN,zh;q=0.8,zh-TW;q=0.7,zh-HK;q=0.5,en-US;q=0.3,en;q=0.2',
  'accept-encoding' => 'gzip, deflate',
  'connection' => 'keep-alive',
  'referer' => 'http://localhost/tp5/public/index/index/index.html',
  'cookie' => 'Phpstorm-59ffdf3e=e127ade4-15d2-4b73-8f5b-d070b30676c2; Webstorm-bbf7ba1a=4adf1af4-7758-46da-b7ef-784892210ecd; _ga=GA1.1.1339423825.1565618129; PHPSESSID=v86g75pa16er3jj18886km0bks',
)
[ info ] [ PARAM ] array (
)
[ info ] [ DB ] INIT mysql
[ info ] [ LOG ] INIT File
[ sql ] [ DB ] CONNECT:[ UseTime:0.001247s ] mysql:host=127.0.0.1;port=3306;dbname=bick;charset=utf8
[ sql ] [ SQL ] SHOW COLUMNS FROM `bk_conf` [ RunTime:0.008588s ]
[ sql ] [ SQL ] SELECT `enname`,`cnname` FROM `bk_conf` [ RunTime:0.000412s ]
[ sql ] [ SQL ] SHOW COLUMNS FROM `bk_cate` [ RunTime:0.006690s ]
[ sql ] [ SQL ] SELECT * FROM `bk_cate` WHERE  `pid` = 0 [ RunTime:0.000691s ]
[ sql ] [ SQL ] SELECT * FROM `bk_cate` WHERE  `pid` = 28 [ RunTime:0.000574s ]
[ sql ] [ SQL ] SELECT * FROM `bk_cate` WHERE  `pid` = 31 [ RunTime:0.000526s ]
[ sql ] [ SQL ] SELECT * FROM `bk_cate` WHERE  `pid` = 34 [ RunTime:0.000536s ]
[ sql ] [ SQL ] SELECT * FROM `bk_cate` WHERE  `pid` = 35 [ RunTime:0.000410s ]
[ sql ] [ SQL ] SELECT * FROM `bk_cate` WHERE  `pid` = 37 [ RunTime:0.000473s ]
---------------------------------------------------------------
[ 2019-12-29T17:04:58+08:00 ] 0.0.0.0 GET localhost/tp5/public/index/search/index.html?keywords=%E6%88%91
[运行时间：0.083871s] [吞吐率：11.92req/s] [内存消耗：2,256.69kb] [文件加载：47]
[ info ] [ LANG ] C:\xampp\htdocs\tp5\thinkphp\lang\zh-cn.php
[ info ] [ ROUTE ] array (
  'type' => 'module',
  'module' => 
  array (
    0 => 'index',
    1 => 'search',
    2 => 'index',
  ),
)
[ info ] [ HEADER ] array (
  'host' => 'localhost',
  'user-agent' => 'Mozilla/5.0 (Windows NT 10.0; Win64; x64; rv:71.0) Gecko/20100101 Firefox/71.0',
  'accept' => 'text/html,application/xhtml+xml,application/xml;q=0.9,*/*;q=0.8',
  'accept-language' => 'zh-CN,zh;q=0.8,zh-TW;q=0.7,zh-HK;q=0.5,en-US;q=0.3,en;q=0.2',
  'accept-encoding' => 'gzip, deflate',
  'connection' => 'keep-alive',
  'referer' => 'http://localhost/tp5/public/index/index/index.html',
  'cookie' => 'Phpstorm-59ffdf3e=e127ade4-15d2-4b73-8f5b-d070b30676c2; Webstorm-bbf7ba1a=4adf1af4-7758-46da-b7ef-784892210ecd; _ga=GA1.1.1339423825.1565618129; PHPSESSID=v86g75pa16er3jj18886km0bks',
  'upgrade-insecure-requests' => '1',
)
[ info ] [ PARAM ] array (
  'keywords' => '我',
)
[ info ] [ DB ] INIT mysql
[ info ] [ RUN ] app\index\controller\Search->index[ C:\xampp\htdocs\tp5\application\index\controller\Search.php ]
[ info ] [ LOG ] INIT File
[ sql ] [ DB ] CONNECT:[ UseTime:0.011774s ] mysql:host=127.0.0.1;port=3306;dbname=bick;charset=utf8
[ sql ] [ SQL ] SHOW COLUMNS FROM `bk_conf` [ RunTime:0.006167s ]
[ sql ] [ SQL ] SELECT `enname`,`cnname` FROM `bk_conf` [ RunTime:0.000522s ]
[ sql ] [ SQL ] SHOW COLUMNS FROM `bk_cate` [ RunTime:0.005827s ]
[ sql ] [ SQL ] SELECT * FROM `bk_cate` WHERE  `pid` = 0 [ RunTime:0.000516s ]
[ sql ] [ SQL ] SELECT * FROM `bk_cate` WHERE  `pid` = 28 [ RunTime:0.000481s ]
[ sql ] [ SQL ] SELECT * FROM `bk_cate` WHERE  `pid` = 31 [ RunTime:0.000460s ]
[ sql ] [ SQL ] SELECT * FROM `bk_cate` WHERE  `pid` = 34 [ RunTime:0.000403s ]
[ sql ] [ SQL ] SELECT * FROM `bk_cate` WHERE  `pid` = 35 [ RunTime:0.000423s ]
[ sql ] [ SQL ] SELECT * FROM `bk_cate` WHERE  `pid` = 37 [ RunTime:0.000404s ]
[ sql ] [ SQL ] SHOW COLUMNS FROM `bk_article` [ RunTime:0.006341s ]
[ sql ] [ SQL ] SELECT COUNT(*) AS tp_count FROM `bk_article` WHERE  ( `title` LIKE '%我%' OR `desc` LIKE '%我%' OR `content` LIKE '%我%' OR `keywords` LIKE '%我%' ) LIMIT 1 [ RunTime:0.000588s ]
[ sql ] [ SQL ] SELECT `id`,`title`,`time`,`desc`,`zan`,`click`,`thumb` FROM `bk_article` WHERE  ( `title` LIKE '%我%' OR `desc` LIKE '%我%' OR `content` LIKE '%我%' OR `keywords` LIKE '%我%' ) ORDER BY `id` DESC LIMIT 0,5 [ RunTime:0.000489s ]
---------------------------------------------------------------
[ 2019-12-29T17:05:30+08:00 ] 0.0.0.0 GET localhost/tp5/public/index/index/images/focus-left-bg.png
[运行时间：0.080910s] [吞吐率：12.36req/s] [内存消耗：2,258.12kb] [文件加载：48]
[ info ] [ LANG ] C:\xampp\htdocs\tp5\thinkphp\lang\zh-cn.php
[ info ] [ ROUTE ] array (
  'type' => 'module',
  'module' => 
  array (
    0 => 'index',
    1 => 'index',
    2 => 'images',
  ),
)
[ info ] [ HEADER ] array (
  'host' => 'localhost',
  'user-agent' => 'Mozilla/5.0 (Windows NT 10.0; Win64; x64; rv:71.0) Gecko/20100101 Firefox/71.0',
  'accept' => 'image/webp,*/*',
  'accept-language' => 'zh-CN,zh;q=0.8,zh-TW;q=0.7,zh-HK;q=0.5,en-US;q=0.3,en;q=0.2',
  'accept-encoding' => 'gzip, deflate',
  'connection' => 'keep-alive',
  'referer' => 'http://localhost/tp5/public/index/index/index.html',
  'cookie' => 'Phpstorm-59ffdf3e=e127ade4-15d2-4b73-8f5b-d070b30676c2; Webstorm-bbf7ba1a=4adf1af4-7758-46da-b7ef-784892210ecd; _ga=GA1.1.1339423825.1565618129; PHPSESSID=v86g75pa16er3jj18886km0bks',
)
[ info ] [ PARAM ] array (
)
[ info ] [ DB ] INIT mysql
[ info ] [ LOG ] INIT File
[ sql ] [ DB ] CONNECT:[ UseTime:0.011450s ] mysql:host=127.0.0.1;port=3306;dbname=bick;charset=utf8
[ sql ] [ SQL ] SHOW COLUMNS FROM `bk_conf` [ RunTime:0.007329s ]
[ sql ] [ SQL ] SELECT `enname`,`cnname` FROM `bk_conf` [ RunTime:0.000490s ]
[ sql ] [ SQL ] SHOW COLUMNS FROM `bk_cate` [ RunTime:0.005848s ]
[ sql ] [ SQL ] SELECT * FROM `bk_cate` WHERE  `pid` = 0 [ RunTime:0.000538s ]
[ sql ] [ SQL ] SELECT * FROM `bk_cate` WHERE  `pid` = 28 [ RunTime:0.000462s ]
[ sql ] [ SQL ] SELECT * FROM `bk_cate` WHERE  `pid` = 31 [ RunTime:0.000470s ]
[ sql ] [ SQL ] SELECT * FROM `bk_cate` WHERE  `pid` = 34 [ RunTime:0.000391s ]
[ sql ] [ SQL ] SELECT * FROM `bk_cate` WHERE  `pid` = 35 [ RunTime:0.000349s ]
[ sql ] [ SQL ] SELECT * FROM `bk_cate` WHERE  `pid` = 37 [ RunTime:0.000363s ]
---------------------------------------------------------------
[ 2019-12-29T17:05:34+08:00 ] 0.0.0.0 GET localhost/tp5/public/index/search/index.html?keywords=%E5%9C%A8%E8%BF%99%E9%87%8C%E6%90%9C%E7%B4%A2...
[运行时间：0.064377s] [吞吐率：15.53req/s] [内存消耗：2,256.39kb] [文件加载：47]
[ info ] [ LANG ] C:\xampp\htdocs\tp5\thinkphp\lang\zh-cn.php
[ info ] [ ROUTE ] array (
  'type' => 'module',
  'module' => 
  array (
    0 => 'index',
    1 => 'search',
    2 => 'index',
  ),
)
[ info ] [ HEADER ] array (
  'host' => 'localhost',
  'user-agent' => 'Mozilla/5.0 (Windows NT 10.0; Win64; x64; rv:71.0) Gecko/20100101 Firefox/71.0',
  'accept' => 'text/html,application/xhtml+xml,application/xml;q=0.9,*/*;q=0.8',
  'accept-language' => 'zh-CN,zh;q=0.8,zh-TW;q=0.7,zh-HK;q=0.5,en-US;q=0.3,en;q=0.2',
  'accept-encoding' => 'gzip, deflate',
  'connection' => 'keep-alive',
  'referer' => 'http://localhost/tp5/public/index/index/index.html',
  'cookie' => 'Phpstorm-59ffdf3e=e127ade4-15d2-4b73-8f5b-d070b30676c2; Webstorm-bbf7ba1a=4adf1af4-7758-46da-b7ef-784892210ecd; _ga=GA1.1.1339423825.1565618129; PHPSESSID=v86g75pa16er3jj18886km0bks',
  'upgrade-insecure-requests' => '1',
)
[ info ] [ PARAM ] array (
  'keywords' => '在这里搜索...',
)
[ info ] [ DB ] INIT mysql
[ info ] [ RUN ] app\index\controller\Search->index[ C:\xampp\htdocs\tp5\application\index\controller\Search.php ]
[ info ] [ LOG ] INIT File
[ sql ] [ DB ] CONNECT:[ UseTime:0.001281s ] mysql:host=127.0.0.1;port=3306;dbname=bick;charset=utf8
[ sql ] [ SQL ] SHOW COLUMNS FROM `bk_conf` [ RunTime:0.005532s ]
[ sql ] [ SQL ] SELECT `enname`,`cnname` FROM `bk_conf` [ RunTime:0.000368s ]
[ sql ] [ SQL ] SHOW COLUMNS FROM `bk_cate` [ RunTime:0.005188s ]
[ sql ] [ SQL ] SELECT * FROM `bk_cate` WHERE  `pid` = 0 [ RunTime:0.000531s ]
[ sql ] [ SQL ] SELECT * FROM `bk_cate` WHERE  `pid` = 28 [ RunTime:0.000490s ]
[ sql ] [ SQL ] SELECT * FROM `bk_cate` WHERE  `pid` = 31 [ RunTime:0.000434s ]
[ sql ] [ SQL ] SELECT * FROM `bk_cate` WHERE  `pid` = 34 [ RunTime:0.000390s ]
[ sql ] [ SQL ] SELECT * FROM `bk_cate` WHERE  `pid` = 35 [ RunTime:0.000351s ]
[ sql ] [ SQL ] SELECT * FROM `bk_cate` WHERE  `pid` = 37 [ RunTime:0.000339s ]
[ sql ] [ SQL ] SHOW COLUMNS FROM `bk_article` [ RunTime:0.005802s ]
[ sql ] [ SQL ] SELECT COUNT(*) AS tp_count FROM `bk_article` WHERE  ( `title` LIKE '%在这里搜索...%' OR `desc` LIKE '%在这里搜索...%' OR `content` LIKE '%在这里搜索...%' OR `keywords` LIKE '%在这里搜索...%' ) LIMIT 1 [ RunTime:0.000538s ]
[ sql ] [ SQL ] SELECT `id`,`title`,`time`,`desc`,`zan`,`click`,`thumb` FROM `bk_article` WHERE  ( `title` LIKE '%在这里搜索...%' OR `desc` LIKE '%在这里搜索...%' OR `content` LIKE '%在这里搜索...%' OR `keywords` LIKE '%在这里搜索...%' ) ORDER BY `id` DESC LIMIT 0,5 [ RunTime:0.000498s ]
---------------------------------------------------------------
[ 2019-12-29T17:06:08+08:00 ] 0.0.0.0 GET localhost/tp5/public/index/search/index.html?keywords=%E5%9C%A8%E8%BF%99%E9%87%8C%E6%90%9C%E7%B4%A2...
[运行时间：0.062558s] [吞吐率：15.99req/s] [内存消耗：2,343.45kb] [文件加载：53]
[ info ] [ LANG ] C:\xampp\htdocs\tp5\thinkphp\lang\zh-cn.php
[ info ] [ ROUTE ] array (
  'type' => 'module',
  'module' => 
  array (
    0 => 'index',
    1 => 'search',
    2 => 'index',
  ),
)
[ info ] [ HEADER ] array (
  'host' => 'localhost',
  'user-agent' => 'Mozilla/5.0 (Windows NT 10.0; Win64; x64; rv:71.0) Gecko/20100101 Firefox/71.0',
  'accept' => 'text/html,application/xhtml+xml,application/xml;q=0.9,*/*;q=0.8',
  'accept-language' => 'zh-CN,zh;q=0.8,zh-TW;q=0.7,zh-HK;q=0.5,en-US;q=0.3,en;q=0.2',
  'accept-encoding' => 'gzip, deflate',
  'referer' => 'http://localhost/tp5/public/index/index/index.html',
  'connection' => 'keep-alive',
  'cookie' => 'Phpstorm-59ffdf3e=e127ade4-15d2-4b73-8f5b-d070b30676c2; Webstorm-bbf7ba1a=4adf1af4-7758-46da-b7ef-784892210ecd; _ga=GA1.1.1339423825.1565618129; PHPSESSID=v86g75pa16er3jj18886km0bks',
  'upgrade-insecure-requests' => '1',
  'cache-control' => 'max-age=0',
)
[ info ] [ PARAM ] array (
  'keywords' => '在这里搜索...',
)
[ info ] [ DB ] INIT mysql
[ info ] [ RUN ] app\index\controller\Search->index[ C:\xampp\htdocs\tp5\application\index\controller\Search.php ]
[ info ] [ LOG ] INIT File
[ sql ] [ DB ] CONNECT:[ UseTime:0.001370s ] mysql:host=127.0.0.1;port=3306;dbname=bick;charset=utf8
[ sql ] [ SQL ] SHOW COLUMNS FROM `bk_conf` [ RunTime:0.005732s ]
[ sql ] [ SQL ] SELECT `enname`,`cnname` FROM `bk_conf` [ RunTime:0.000416s ]
[ sql ] [ SQL ] SHOW COLUMNS FROM `bk_cate` [ RunTime:0.005677s ]
[ sql ] [ SQL ] SELECT * FROM `bk_cate` WHERE  `pid` = 0 [ RunTime:0.000528s ]
[ sql ] [ SQL ] SELECT * FROM `bk_cate` WHERE  `pid` = 28 [ RunTime:0.000470s ]
[ sql ] [ SQL ] SELECT * FROM `bk_cate` WHERE  `pid` = 31 [ RunTime:0.000489s ]
[ sql ] [ SQL ] SELECT * FROM `bk_cate` WHERE  `pid` = 34 [ RunTime:0.000449s ]
[ sql ] [ SQL ] SELECT * FROM `bk_cate` WHERE  `pid` = 35 [ RunTime:0.000470s ]
[ sql ] [ SQL ] SELECT * FROM `bk_cate` WHERE  `pid` = 37 [ RunTime:0.000409s ]
[ sql ] [ SQL ] SHOW COLUMNS FROM `bk_article` [ RunTime:0.005458s ]
[ sql ] [ SQL ] SELECT COUNT(*) AS tp_count FROM `bk_article` WHERE  ( `title` LIKE '%在这里搜索...%' OR `desc` LIKE '%在这里搜索...%' OR `content` LIKE '%在这里搜索...%' OR `keywords` LIKE '%在这里搜索...%' ) LIMIT 1 [ RunTime:0.000498s ]
[ sql ] [ SQL ] SELECT `id`,`title`,`time`,`desc`,`zan`,`click`,`thumb` FROM `bk_article` WHERE  ( `title` LIKE '%在这里搜索...%' OR `desc` LIKE '%在这里搜索...%' OR `content` LIKE '%在这里搜索...%' OR `keywords` LIKE '%在这里搜索...%' ) ORDER BY `id` DESC LIMIT 0,5 [ RunTime:0.000491s ]
[ error ] [8]未定义数组索引: total[C:\xampp\htdocs\tp5\thinkphp\library\think\Collection.php:376]
---------------------------------------------------------------
[ 2019-12-29T17:06:29+08:00 ] 0.0.0.0 GET localhost/tp5/public/index/search/index.html?keywords=%E5%9C%A8%E8%BF%99%E9%87%8C%E6%90%9C%E7%B4%A2...
[运行时间：0.061244s] [吞吐率：16.33req/s] [内存消耗：2,343.45kb] [文件加载：53]
[ info ] [ LANG ] C:\xampp\htdocs\tp5\thinkphp\lang\zh-cn.php
[ info ] [ ROUTE ] array (
  'type' => 'module',
  'module' => 
  array (
    0 => 'index',
    1 => 'search',
    2 => 'index',
  ),
)
[ info ] [ HEADER ] array (
  'host' => 'localhost',
  'user-agent' => 'Mozilla/5.0 (Windows NT 10.0; Win64; x64; rv:71.0) Gecko/20100101 Firefox/71.0',
  'accept' => 'text/html,application/xhtml+xml,application/xml;q=0.9,*/*;q=0.8',
  'accept-language' => 'zh-CN,zh;q=0.8,zh-TW;q=0.7,zh-HK;q=0.5,en-US;q=0.3,en;q=0.2',
  'accept-encoding' => 'gzip, deflate',
  'referer' => 'http://localhost/tp5/public/index/index/index.html',
  'connection' => 'keep-alive',
  'cookie' => 'Phpstorm-59ffdf3e=e127ade4-15d2-4b73-8f5b-d070b30676c2; Webstorm-bbf7ba1a=4adf1af4-7758-46da-b7ef-784892210ecd; _ga=GA1.1.1339423825.1565618129; PHPSESSID=v86g75pa16er3jj18886km0bks',
  'upgrade-insecure-requests' => '1',
  'cache-control' => 'max-age=0',
)
[ info ] [ PARAM ] array (
  'keywords' => '在这里搜索...',
)
[ info ] [ DB ] INIT mysql
[ info ] [ RUN ] app\index\controller\Search->index[ C:\xampp\htdocs\tp5\application\index\controller\Search.php ]
[ info ] [ LOG ] INIT File
[ sql ] [ DB ] CONNECT:[ UseTime:0.001354s ] mysql:host=127.0.0.1;port=3306;dbname=bick;charset=utf8
[ sql ] [ SQL ] SHOW COLUMNS FROM `bk_conf` [ RunTime:0.005736s ]
[ sql ] [ SQL ] SELECT `enname`,`cnname` FROM `bk_conf` [ RunTime:0.000394s ]
[ sql ] [ SQL ] SHOW COLUMNS FROM `bk_cate` [ RunTime:0.005460s ]
[ sql ] [ SQL ] SELECT * FROM `bk_cate` WHERE  `pid` = 0 [ RunTime:0.000485s ]
[ sql ] [ SQL ] SELECT * FROM `bk_cate` WHERE  `pid` = 28 [ RunTime:0.000408s ]
[ sql ] [ SQL ] SELECT * FROM `bk_cate` WHERE  `pid` = 31 [ RunTime:0.000363s ]
[ sql ] [ SQL ] SELECT * FROM `bk_cate` WHERE  `pid` = 34 [ RunTime:0.000383s ]
[ sql ] [ SQL ] SELECT * FROM `bk_cate` WHERE  `pid` = 35 [ RunTime:0.000487s ]
[ sql ] [ SQL ] SELECT * FROM `bk_cate` WHERE  `pid` = 37 [ RunTime:0.000380s ]
[ sql ] [ SQL ] SHOW COLUMNS FROM `bk_article` [ RunTime:0.005705s ]
[ sql ] [ SQL ] SELECT COUNT(*) AS tp_count FROM `bk_article` WHERE  ( `title` LIKE '%在这里搜索...%' OR `desc` LIKE '%在这里搜索...%' OR `content` LIKE '%在这里搜索...%' OR `keywords` LIKE '%在这里搜索...%' ) LIMIT 1 [ RunTime:0.000462s ]
[ sql ] [ SQL ] SELECT `id`,`title`,`time`,`desc`,`zan`,`click`,`thumb` FROM `bk_article` WHERE  ( `title` LIKE '%在这里搜索...%' OR `desc` LIKE '%在这里搜索...%' OR `content` LIKE '%在这里搜索...%' OR `keywords` LIKE '%在这里搜索...%' ) ORDER BY `id` DESC LIMIT 0,5 [ RunTime:0.000408s ]
[ error ] [8]未定义数组下标: 8[C:\xampp\htdocs\tp5\thinkphp\library\think\Collection.php:376]
---------------------------------------------------------------
[ 2019-12-29T17:06:37+08:00 ] 0.0.0.0 GET localhost/tp5/public/index/search/index.html?keywords=%E5%9C%A8%E8%BF%99%E9%87%8C%E6%90%9C%E7%B4%A2...
[运行时间：0.064523s] [吞吐率：15.50req/s] [内存消耗：2,343.45kb] [文件加载：53]
[ info ] [ LANG ] C:\xampp\htdocs\tp5\thinkphp\lang\zh-cn.php
[ info ] [ ROUTE ] array (
  'type' => 'module',
  'module' => 
  array (
    0 => 'index',
    1 => 'search',
    2 => 'index',
  ),
)
[ info ] [ HEADER ] array (
  'host' => 'localhost',
  'user-agent' => 'Mozilla/5.0 (Windows NT 10.0; Win64; x64; rv:71.0) Gecko/20100101 Firefox/71.0',
  'accept' => 'text/html,application/xhtml+xml,application/xml;q=0.9,*/*;q=0.8',
  'accept-language' => 'zh-CN,zh;q=0.8,zh-TW;q=0.7,zh-HK;q=0.5,en-US;q=0.3,en;q=0.2',
  'accept-encoding' => 'gzip, deflate',
  'referer' => 'http://localhost/tp5/public/index/index/index.html',
  'connection' => 'keep-alive',
  'cookie' => 'Phpstorm-59ffdf3e=e127ade4-15d2-4b73-8f5b-d070b30676c2; Webstorm-bbf7ba1a=4adf1af4-7758-46da-b7ef-784892210ecd; _ga=GA1.1.1339423825.1565618129; PHPSESSID=v86g75pa16er3jj18886km0bks',
  'upgrade-insecure-requests' => '1',
  'cache-control' => 'max-age=0',
)
[ info ] [ PARAM ] array (
  'keywords' => '在这里搜索...',
)
[ info ] [ DB ] INIT mysql
[ info ] [ RUN ] app\index\controller\Search->index[ C:\xampp\htdocs\tp5\application\index\controller\Search.php ]
[ info ] [ LOG ] INIT File
[ sql ] [ DB ] CONNECT:[ UseTime:0.001312s ] mysql:host=127.0.0.1;port=3306;dbname=bick;charset=utf8
[ sql ] [ SQL ] SHOW COLUMNS FROM `bk_conf` [ RunTime:0.006052s ]
[ sql ] [ SQL ] SELECT `enname`,`cnname` FROM `bk_conf` [ RunTime:0.000399s ]
[ sql ] [ SQL ] SHOW COLUMNS FROM `bk_cate` [ RunTime:0.005294s ]
[ sql ] [ SQL ] SELECT * FROM `bk_cate` WHERE  `pid` = 0 [ RunTime:0.000481s ]
[ sql ] [ SQL ] SELECT * FROM `bk_cate` WHERE  `pid` = 28 [ RunTime:0.000419s ]
[ sql ] [ SQL ] SELECT * FROM `bk_cate` WHERE  `pid` = 31 [ RunTime:0.000495s ]
[ sql ] [ SQL ] SELECT * FROM `bk_cate` WHERE  `pid` = 34 [ RunTime:0.000432s ]
[ sql ] [ SQL ] SELECT * FROM `bk_cate` WHERE  `pid` = 35 [ RunTime:0.000413s ]
[ sql ] [ SQL ] SELECT * FROM `bk_cate` WHERE  `pid` = 37 [ RunTime:0.000401s ]
[ sql ] [ SQL ] SHOW COLUMNS FROM `bk_article` [ RunTime:0.005782s ]
[ sql ] [ SQL ] SELECT COUNT(*) AS tp_count FROM `bk_article` WHERE  ( `title` LIKE '%在这里搜索...%' OR `desc` LIKE '%在这里搜索...%' OR `content` LIKE '%在这里搜索...%' OR `keywords` LIKE '%在这里搜索...%' ) LIMIT 1 [ RunTime:0.000471s ]
[ sql ] [ SQL ] SELECT `id`,`title`,`time`,`desc`,`zan`,`click`,`thumb` FROM `bk_article` WHERE  ( `title` LIKE '%在这里搜索...%' OR `desc` LIKE '%在这里搜索...%' OR `content` LIKE '%在这里搜索...%' OR `keywords` LIKE '%在这里搜索...%' ) ORDER BY `id` DESC LIMIT 0,5 [ RunTime:0.000408s ]
[ error ] [8]未定义数组下标: 4[C:\xampp\htdocs\tp5\thinkphp\library\think\Collection.php:376]
---------------------------------------------------------------
[ 2019-12-29T17:06:45+08:00 ] 0.0.0.0 GET localhost/tp5/public/index/search/index.html?keywords=%E5%9C%A8%E8%BF%99%E9%87%8C%E6%90%9C%E7%B4%A2...
[运行时间：0.076723s] [吞吐率：13.03req/s] [内存消耗：2,256.55kb] [文件加载：47]
[ info ] [ LANG ] C:\xampp\htdocs\tp5\thinkphp\lang\zh-cn.php
[ info ] [ ROUTE ] array (
  'type' => 'module',
  'module' => 
  array (
    0 => 'index',
    1 => 'search',
    2 => 'index',
  ),
)
[ info ] [ HEADER ] array (
  'host' => 'localhost',
  'user-agent' => 'Mozilla/5.0 (Windows NT 10.0; Win64; x64; rv:71.0) Gecko/20100101 Firefox/71.0',
  'accept' => 'text/html,application/xhtml+xml,application/xml;q=0.9,*/*;q=0.8',
  'accept-language' => 'zh-CN,zh;q=0.8,zh-TW;q=0.7,zh-HK;q=0.5,en-US;q=0.3,en;q=0.2',
  'accept-encoding' => 'gzip, deflate',
  'referer' => 'http://localhost/tp5/public/index/index/index.html',
  'connection' => 'keep-alive',
  'cookie' => 'Phpstorm-59ffdf3e=e127ade4-15d2-4b73-8f5b-d070b30676c2; Webstorm-bbf7ba1a=4adf1af4-7758-46da-b7ef-784892210ecd; _ga=GA1.1.1339423825.1565618129; PHPSESSID=v86g75pa16er3jj18886km0bks',
  'upgrade-insecure-requests' => '1',
  'cache-control' => 'max-age=0',
)
[ info ] [ PARAM ] array (
  'keywords' => '在这里搜索...',
)
[ info ] [ DB ] INIT mysql
[ info ] [ RUN ] app\index\controller\Search->index[ C:\xampp\htdocs\tp5\application\index\controller\Search.php ]
[ info ] [ LOG ] INIT File
[ sql ] [ DB ] CONNECT:[ UseTime:0.011970s ] mysql:host=127.0.0.1;port=3306;dbname=bick;charset=utf8
[ sql ] [ SQL ] SHOW COLUMNS FROM `bk_conf` [ RunTime:0.006363s ]
[ sql ] [ SQL ] SELECT `enname`,`cnname` FROM `bk_conf` [ RunTime:0.000517s ]
[ sql ] [ SQL ] SHOW COLUMNS FROM `bk_cate` [ RunTime:0.005381s ]
[ sql ] [ SQL ] SELECT * FROM `bk_cate` WHERE  `pid` = 0 [ RunTime:0.000555s ]
[ sql ] [ SQL ] SELECT * FROM `bk_cate` WHERE  `pid` = 28 [ RunTime:0.000422s ]
[ sql ] [ SQL ] SELECT * FROM `bk_cate` WHERE  `pid` = 31 [ RunTime:0.000414s ]
[ sql ] [ SQL ] SELECT * FROM `bk_cate` WHERE  `pid` = 34 [ RunTime:0.000386s ]
[ sql ] [ SQL ] SELECT * FROM `bk_cate` WHERE  `pid` = 35 [ RunTime:0.000405s ]
[ sql ] [ SQL ] SELECT * FROM `bk_cate` WHERE  `pid` = 37 [ RunTime:0.000389s ]
[ sql ] [ SQL ] SHOW COLUMNS FROM `bk_article` [ RunTime:0.006531s ]
[ sql ] [ SQL ] SELECT COUNT(*) AS tp_count FROM `bk_article` WHERE  ( `title` LIKE '%在这里搜索...%' OR `desc` LIKE '%在这里搜索...%' OR `content` LIKE '%在这里搜索...%' OR `keywords` LIKE '%在这里搜索...%' ) LIMIT 1 [ RunTime:0.000591s ]
[ sql ] [ SQL ] SELECT `id`,`title`,`time`,`desc`,`zan`,`click`,`thumb` FROM `bk_article` WHERE  ( `title` LIKE '%在这里搜索...%' OR `desc` LIKE '%在这里搜索...%' OR `content` LIKE '%在这里搜索...%' OR `keywords` LIKE '%在这里搜索...%' ) ORDER BY `id` DESC LIMIT 0,5 [ RunTime:0.000542s ]
---------------------------------------------------------------
[ 2019-12-29T17:15:16+08:00 ] 0.0.0.0 GET localhost/tp5/public/index/search/index.html?keywords=%E5%9C%A8%E8%BF%99%E9%87%8C%E6%90%9C%E7%B4%A2...
[运行时间：0.091938s] [吞吐率：10.88req/s] [内存消耗：2,497.02kb] [文件加载：54]
[ info ] [ LANG ] C:\xampp\htdocs\tp5\thinkphp\lang\zh-cn.php
[ info ] [ ROUTE ] array (
  'type' => 'module',
  'module' => 
  array (
    0 => 'index',
    1 => 'search',
    2 => 'index',
  ),
)
[ info ] [ HEADER ] array (
  'host' => 'localhost',
  'user-agent' => 'Mozilla/5.0 (Windows NT 10.0; Win64; x64; rv:71.0) Gecko/20100101 Firefox/71.0',
  'accept' => 'text/html,application/xhtml+xml,application/xml;q=0.9,*/*;q=0.8',
  'accept-language' => 'zh-CN,zh;q=0.8,zh-TW;q=0.7,zh-HK;q=0.5,en-US;q=0.3,en;q=0.2',
  'accept-encoding' => 'gzip, deflate',
  'referer' => 'http://localhost/tp5/public/index/index/index.html',
  'connection' => 'keep-alive',
  'cookie' => 'Phpstorm-59ffdf3e=e127ade4-15d2-4b73-8f5b-d070b30676c2; Webstorm-bbf7ba1a=4adf1af4-7758-46da-b7ef-784892210ecd; _ga=GA1.1.1339423825.1565618129; PHPSESSID=v86g75pa16er3jj18886km0bks',
  'upgrade-insecure-requests' => '1',
  'cache-control' => 'max-age=0',
)
[ info ] [ PARAM ] array (
  'keywords' => '在这里搜索...',
)
[ info ] [ DB ] INIT mysql
[ info ] [ RUN ] app\index\controller\Search->index[ C:\xampp\htdocs\tp5\application\index\controller\Search.php ]
[ info ] [ VIEW ] C:\xampp\htdocs\tp5\public/../application/index\view\search\search.htm [ array (
  0 => 'confres',
  1 => 'cateres',
  2 => 'keywords',
  3 => 'artres',
) ]
[ info ] [ LOG ] INIT File
[ sql ] [ DB ] CONNECT:[ UseTime:0.008863s ] mysql:host=127.0.0.1;port=3306;dbname=bick;charset=utf8
[ sql ] [ SQL ] SHOW COLUMNS FROM `bk_conf` [ RunTime:0.006275s ]
[ sql ] [ SQL ] SELECT `enname`,`cnname` FROM `bk_conf` [ RunTime:0.000464s ]
[ sql ] [ SQL ] SHOW COLUMNS FROM `bk_cate` [ RunTime:0.005414s ]
[ sql ] [ SQL ] SELECT * FROM `bk_cate` WHERE  `pid` = 0 [ RunTime:0.000504s ]
[ sql ] [ SQL ] SELECT * FROM `bk_cate` WHERE  `pid` = 28 [ RunTime:0.000467s ]
[ sql ] [ SQL ] SELECT * FROM `bk_cate` WHERE  `pid` = 31 [ RunTime:0.000448s ]
[ sql ] [ SQL ] SELECT * FROM `bk_cate` WHERE  `pid` = 34 [ RunTime:0.000441s ]
[ sql ] [ SQL ] SELECT * FROM `bk_cate` WHERE  `pid` = 35 [ RunTime:0.000421s ]
[ sql ] [ SQL ] SELECT * FROM `bk_cate` WHERE  `pid` = 37 [ RunTime:0.000425s ]
[ sql ] [ SQL ] SHOW COLUMNS FROM `bk_article` [ RunTime:0.005876s ]
[ sql ] [ SQL ] SELECT COUNT(*) AS tp_count FROM `bk_article` WHERE  ( `title` LIKE '%在这里搜索...%' OR `desc` LIKE '%在这里搜索...%' OR `content` LIKE '%在这里搜索...%' OR `keywords` LIKE '%在这里搜索...%' ) LIMIT 1 [ RunTime:0.000514s ]
[ sql ] [ SQL ] SELECT `id`,`title`,`time`,`desc`,`zan`,`click`,`thumb` FROM `bk_article` WHERE  ( `title` LIKE '%在这里搜索...%' OR `desc` LIKE '%在这里搜索...%' OR `content` LIKE '%在这里搜索...%' OR `keywords` LIKE '%在这里搜索...%' ) ORDER BY `id` DESC LIMIT 0,5 [ RunTime:0.000503s ]
---------------------------------------------------------------
[ 2019-12-29T17:15:16+08:00 ] 0.0.0.0 GET localhost/tp5/public/static/index/style/jquery.error.js
[运行时间：0.039563s] [吞吐率：25.28req/s] [内存消耗：1,050.26kb] [文件加载：30]
[ info ] [ LANG ] C:\xampp\htdocs\tp5\thinkphp\lang\zh-cn.php
[ info ] [ ROUTE ] array (
  'type' => 'module',
  'module' => 
  array (
    0 => 'static',
    1 => 'index',
    2 => 'style',
  ),
)
[ info ] [ HEADER ] array (
  'host' => 'localhost',
  'user-agent' => 'Mozilla/5.0 (Windows NT 10.0; Win64; x64; rv:71.0) Gecko/20100101 Firefox/71.0',
  'accept' => '*/*',
  'accept-language' => 'zh-CN,zh;q=0.8,zh-TW;q=0.7,zh-HK;q=0.5,en-US;q=0.3,en;q=0.2',
  'accept-encoding' => 'gzip, deflate',
  'connection' => 'keep-alive',
  'referer' => 'http://localhost/tp5/public/index/search/index.html?keywords=%E5%9C%A8%E8%BF%99%E9%87%8C%E6%90%9C%E7%B4%A2...',
  'cookie' => 'Phpstorm-59ffdf3e=e127ade4-15d2-4b73-8f5b-d070b30676c2; Webstorm-bbf7ba1a=4adf1af4-7758-46da-b7ef-784892210ecd; _ga=GA1.1.1339423825.1565618129; PHPSESSID=v86g75pa16er3jj18886km0bks',
  'cache-control' => 'max-age=0',
)
[ info ] [ PARAM ] array (
)
[ info ] [ LOG ] INIT File
---------------------------------------------------------------
[ 2019-12-29T17:15:16+08:00 ] 0.0.0.0 GET localhost/tp5/public/static/index/style/jquery.form.js
[运行时间：0.035584s] [吞吐率：28.10req/s] [内存消耗：1,050.26kb] [文件加载：30]
[ info ] [ LANG ] C:\xampp\htdocs\tp5\thinkphp\lang\zh-cn.php
[ info ] [ ROUTE ] array (
  'type' => 'module',
  'module' => 
  array (
    0 => 'static',
    1 => 'index',
    2 => 'style',
  ),
)
[ info ] [ HEADER ] array (
  'host' => 'localhost',
  'user-agent' => 'Mozilla/5.0 (Windows NT 10.0; Win64; x64; rv:71.0) Gecko/20100101 Firefox/71.0',
  'accept' => '*/*',
  'accept-language' => 'zh-CN,zh;q=0.8,zh-TW;q=0.7,zh-HK;q=0.5,en-US;q=0.3,en;q=0.2',
  'accept-encoding' => 'gzip, deflate',
  'connection' => 'keep-alive',
  'referer' => 'http://localhost/tp5/public/index/search/index.html?keywords=%E5%9C%A8%E8%BF%99%E9%87%8C%E6%90%9C%E7%B4%A2...',
  'cookie' => 'Phpstorm-59ffdf3e=e127ade4-15d2-4b73-8f5b-d070b30676c2; Webstorm-bbf7ba1a=4adf1af4-7758-46da-b7ef-784892210ecd; _ga=GA1.1.1339423825.1565618129; PHPSESSID=v86g75pa16er3jj18886km0bks',
  'cache-control' => 'max-age=0',
)
[ info ] [ PARAM ] array (
)
[ info ] [ LOG ] INIT File
---------------------------------------------------------------
[ 2019-12-29T17:15:44+08:00 ] 0.0.0.0 GET localhost/tp5/public/index/search/index.html?keywords=%E5%9C%A8%E8%BF%99%E9%87%8C%E6%90%9C%E7%B4%A2...
[运行时间：0.070288s] [吞吐率：14.23req/s] [内存消耗：2,497.03kb] [文件加载：54]
[ info ] [ LANG ] C:\xampp\htdocs\tp5\thinkphp\lang\zh-cn.php
[ info ] [ ROUTE ] array (
  'type' => 'module',
  'module' => 
  array (
    0 => 'index',
    1 => 'search',
    2 => 'index',
  ),
)
[ info ] [ HEADER ] array (
  'host' => 'localhost',
  'user-agent' => 'Mozilla/5.0 (Windows NT 10.0; Win64; x64; rv:71.0) Gecko/20100101 Firefox/71.0',
  'accept' => 'text/html,application/xhtml+xml,application/xml;q=0.9,*/*;q=0.8',
  'accept-language' => 'zh-CN,zh;q=0.8,zh-TW;q=0.7,zh-HK;q=0.5,en-US;q=0.3,en;q=0.2',
  'accept-encoding' => 'gzip, deflate',
  'referer' => 'http://localhost/tp5/public/index/index/index.html',
  'connection' => 'keep-alive',
  'cookie' => 'Phpstorm-59ffdf3e=e127ade4-15d2-4b73-8f5b-d070b30676c2; Webstorm-bbf7ba1a=4adf1af4-7758-46da-b7ef-784892210ecd; _ga=GA1.1.1339423825.1565618129; PHPSESSID=v86g75pa16er3jj18886km0bks',
  'upgrade-insecure-requests' => '1',
  'cache-control' => 'max-age=0',
)
[ info ] [ PARAM ] array (
  'keywords' => '在这里搜索...',
)
[ info ] [ DB ] INIT mysql
[ info ] [ RUN ] app\index\controller\Search->index[ C:\xampp\htdocs\tp5\application\index\controller\Search.php ]
[ info ] [ VIEW ] C:\xampp\htdocs\tp5\public/../application/index\view\search\search.htm [ array (
  0 => 'confres',
  1 => 'cateres',
  2 => 'keywords',
  3 => 'artres',
) ]
[ info ] [ LOG ] INIT File
[ sql ] [ DB ] CONNECT:[ UseTime:0.001537s ] mysql:host=127.0.0.1;port=3306;dbname=bick;charset=utf8
[ sql ] [ SQL ] SHOW COLUMNS FROM `bk_conf` [ RunTime:0.005999s ]
[ sql ] [ SQL ] SELECT `enname`,`cnname` FROM `bk_conf` [ RunTime:0.000466s ]
[ sql ] [ SQL ] SHOW COLUMNS FROM `bk_cate` [ RunTime:0.005235s ]
[ sql ] [ SQL ] SELECT * FROM `bk_cate` WHERE  `pid` = 0 [ RunTime:0.000529s ]
[ sql ] [ SQL ] SELECT * FROM `bk_cate` WHERE  `pid` = 28 [ RunTime:0.000464s ]
[ sql ] [ SQL ] SELECT * FROM `bk_cate` WHERE  `pid` = 31 [ RunTime:0.000592s ]
[ sql ] [ SQL ] SELECT * FROM `bk_cate` WHERE  `pid` = 34 [ RunTime:0.000522s ]
[ sql ] [ SQL ] SELECT * FROM `bk_cate` WHERE  `pid` = 35 [ RunTime:0.000512s ]
[ sql ] [ SQL ] SELECT * FROM `bk_cate` WHERE  `pid` = 37 [ RunTime:0.000564s ]
[ sql ] [ SQL ] SHOW COLUMNS FROM `bk_article` [ RunTime:0.005546s ]
[ sql ] [ SQL ] SELECT COUNT(*) AS tp_count FROM `bk_article` WHERE  ( `title` LIKE '%在这里搜索...%' OR `desc` LIKE '%在这里搜索...%' OR `content` LIKE '%在这里搜索...%' OR `keywords` LIKE '%在这里搜索...%' ) LIMIT 1 [ RunTime:0.000496s ]
[ sql ] [ SQL ] SELECT `id`,`title`,`time`,`desc`,`zan`,`click`,`thumb` FROM `bk_article` WHERE  ( `title` LIKE '%在这里搜索...%' OR `desc` LIKE '%在这里搜索...%' OR `content` LIKE '%在这里搜索...%' OR `keywords` LIKE '%在这里搜索...%' ) ORDER BY `id` DESC LIMIT 0,5 [ RunTime:0.000523s ]
---------------------------------------------------------------
[ 2019-12-29T17:15:44+08:00 ] 0.0.0.0 GET localhost/tp5/public/static/index/style/jquery.error.js
[运行时间：0.027709s] [吞吐率：36.09req/s] [内存消耗：1,050.26kb] [文件加载：30]
[ info ] [ LANG ] C:\xampp\htdocs\tp5\thinkphp\lang\zh-cn.php
[ info ] [ ROUTE ] array (
  'type' => 'module',
  'module' => 
  array (
    0 => 'static',
    1 => 'index',
    2 => 'style',
  ),
)
[ info ] [ HEADER ] array (
  'host' => 'localhost',
  'user-agent' => 'Mozilla/5.0 (Windows NT 10.0; Win64; x64; rv:71.0) Gecko/20100101 Firefox/71.0',
  'accept' => '*/*',
  'accept-language' => 'zh-CN,zh;q=0.8,zh-TW;q=0.7,zh-HK;q=0.5,en-US;q=0.3,en;q=0.2',
  'accept-encoding' => 'gzip, deflate',
  'connection' => 'keep-alive',
  'referer' => 'http://localhost/tp5/public/index/search/index.html?keywords=%E5%9C%A8%E8%BF%99%E9%87%8C%E6%90%9C%E7%B4%A2...',
  'cookie' => 'Phpstorm-59ffdf3e=e127ade4-15d2-4b73-8f5b-d070b30676c2; Webstorm-bbf7ba1a=4adf1af4-7758-46da-b7ef-784892210ecd; _ga=GA1.1.1339423825.1565618129; PHPSESSID=v86g75pa16er3jj18886km0bks',
  'cache-control' => 'max-age=0',
)
[ info ] [ PARAM ] array (
)
[ info ] [ LOG ] INIT File
---------------------------------------------------------------
[ 2019-12-29T17:15:44+08:00 ] 0.0.0.0 GET localhost/tp5/public/static/index/style/jquery.form.js
[运行时间：0.029136s] [吞吐率：34.32req/s] [内存消耗：1,050.26kb] [文件加载：30]
[ info ] [ LANG ] C:\xampp\htdocs\tp5\thinkphp\lang\zh-cn.php
[ info ] [ ROUTE ] array (
  'type' => 'module',
  'module' => 
  array (
    0 => 'static',
    1 => 'index',
    2 => 'style',
  ),
)
[ info ] [ HEADER ] array (
  'host' => 'localhost',
  'user-agent' => 'Mozilla/5.0 (Windows NT 10.0; Win64; x64; rv:71.0) Gecko/20100101 Firefox/71.0',
  'accept' => '*/*',
  'accept-language' => 'zh-CN,zh;q=0.8,zh-TW;q=0.7,zh-HK;q=0.5,en-US;q=0.3,en;q=0.2',
  'accept-encoding' => 'gzip, deflate',
  'connection' => 'keep-alive',
  'referer' => 'http://localhost/tp5/public/index/search/index.html?keywords=%E5%9C%A8%E8%BF%99%E9%87%8C%E6%90%9C%E7%B4%A2...',
  'cookie' => 'Phpstorm-59ffdf3e=e127ade4-15d2-4b73-8f5b-d070b30676c2; Webstorm-bbf7ba1a=4adf1af4-7758-46da-b7ef-784892210ecd; _ga=GA1.1.1339423825.1565618129; PHPSESSID=v86g75pa16er3jj18886km0bks',
  'cache-control' => 'max-age=0',
)
[ info ] [ PARAM ] array (
)
[ info ] [ LOG ] INIT File
---------------------------------------------------------------
[ 2019-12-29T17:15:44+08:00 ] 0.0.0.0 GET localhost/tp5/public/static/index/style/jquery.form.js
[运行时间：0.018782s] [吞吐率：53.24req/s] [内存消耗：1,050.26kb] [文件加载：30]
[ info ] [ LANG ] C:\xampp\htdocs\tp5\thinkphp\lang\zh-cn.php
[ info ] [ ROUTE ] array (
  'type' => 'module',
  'module' => 
  array (
    0 => 'static',
    1 => 'index',
    2 => 'style',
  ),
)
[ info ] [ HEADER ] array (
  'host' => 'localhost',
  'user-agent' => 'Mozilla/5.0 (Windows NT 10.0; Win64; x64; rv:71.0) Gecko/20100101 Firefox/71.0',
  'accept' => '*/*',
  'accept-language' => 'zh-CN,zh;q=0.8,zh-TW;q=0.7,zh-HK;q=0.5,en-US;q=0.3,en;q=0.2',
  'accept-encoding' => 'gzip, deflate',
  'connection' => 'keep-alive',
  'referer' => 'http://localhost/tp5/public/index/search/index.html?keywords=%E5%9C%A8%E8%BF%99%E9%87%8C%E6%90%9C%E7%B4%A2...',
  'cookie' => 'Phpstorm-59ffdf3e=e127ade4-15d2-4b73-8f5b-d070b30676c2; Webstorm-bbf7ba1a=4adf1af4-7758-46da-b7ef-784892210ecd; _ga=GA1.1.1339423825.1565618129; PHPSESSID=v86g75pa16er3jj18886km0bks',
  'cache-control' => 'max-age=0',
)
[ info ] [ PARAM ] array (
)
[ info ] [ LOG ] INIT File
---------------------------------------------------------------
[ 2019-12-29T17:15:52+08:00 ] 0.0.0.0 GET localhost/tp5/public/index/search/index.html?keywords=%E6%88%91
[运行时间：0.065131s] [吞吐率：15.35req/s] [内存消耗：2,369.67kb] [文件加载：52]
[ info ] [ LANG ] C:\xampp\htdocs\tp5\thinkphp\lang\zh-cn.php
[ info ] [ ROUTE ] array (
  'type' => 'module',
  'module' => 
  array (
    0 => 'index',
    1 => 'search',
    2 => 'index',
  ),
)
[ info ] [ HEADER ] array (
  'host' => 'localhost',
  'user-agent' => 'Mozilla/5.0 (Windows NT 10.0; Win64; x64; rv:71.0) Gecko/20100101 Firefox/71.0',
  'accept' => 'text/html,application/xhtml+xml,application/xml;q=0.9,*/*;q=0.8',
  'accept-language' => 'zh-CN,zh;q=0.8,zh-TW;q=0.7,zh-HK;q=0.5,en-US;q=0.3,en;q=0.2',
  'accept-encoding' => 'gzip, deflate',
  'connection' => 'keep-alive',
  'referer' => 'http://localhost/tp5/public/index/search/index.html?keywords=%E5%9C%A8%E8%BF%99%E9%87%8C%E6%90%9C%E7%B4%A2...',
  'cookie' => 'Phpstorm-59ffdf3e=e127ade4-15d2-4b73-8f5b-d070b30676c2; Webstorm-bbf7ba1a=4adf1af4-7758-46da-b7ef-784892210ecd; _ga=GA1.1.1339423825.1565618129; PHPSESSID=v86g75pa16er3jj18886km0bks',
  'upgrade-insecure-requests' => '1',
)
[ info ] [ PARAM ] array (
  'keywords' => '我',
)
[ info ] [ DB ] INIT mysql
[ info ] [ RUN ] app\index\controller\Search->index[ C:\xampp\htdocs\tp5\application\index\controller\Search.php ]
[ info ] [ VIEW ] C:\xampp\htdocs\tp5\public/../application/index\view\search\search.htm [ array (
  0 => 'confres',
  1 => 'cateres',
  2 => 'keywords',
  3 => 'artres',
) ]
[ info ] [ LOG ] INIT File
[ sql ] [ DB ] CONNECT:[ UseTime:0.002841s ] mysql:host=127.0.0.1;port=3306;dbname=bick;charset=utf8
[ sql ] [ SQL ] SHOW COLUMNS FROM `bk_conf` [ RunTime:0.005990s ]
[ sql ] [ SQL ] SELECT `enname`,`cnname` FROM `bk_conf` [ RunTime:0.000434s ]
[ sql ] [ SQL ] SHOW COLUMNS FROM `bk_cate` [ RunTime:0.006243s ]
[ sql ] [ SQL ] SELECT * FROM `bk_cate` WHERE  `pid` = 0 [ RunTime:0.000511s ]
[ sql ] [ SQL ] SELECT * FROM `bk_cate` WHERE  `pid` = 28 [ RunTime:0.000436s ]
[ sql ] [ SQL ] SELECT * FROM `bk_cate` WHERE  `pid` = 31 [ RunTime:0.000409s ]
[ sql ] [ SQL ] SELECT * FROM `bk_cate` WHERE  `pid` = 34 [ RunTime:0.000398s ]
[ sql ] [ SQL ] SELECT * FROM `bk_cate` WHERE  `pid` = 35 [ RunTime:0.000391s ]
[ sql ] [ SQL ] SELECT * FROM `bk_cate` WHERE  `pid` = 37 [ RunTime:0.000393s ]
[ sql ] [ SQL ] SHOW COLUMNS FROM `bk_article` [ RunTime:0.005573s ]
[ sql ] [ SQL ] SELECT COUNT(*) AS tp_count FROM `bk_article` WHERE  ( `title` LIKE '%我%' OR `desc` LIKE '%我%' OR `content` LIKE '%我%' OR `keywords` LIKE '%我%' ) LIMIT 1 [ RunTime:0.000646s ]
[ sql ] [ SQL ] SELECT `id`,`title`,`time`,`desc`,`zan`,`click`,`thumb` FROM `bk_article` WHERE  ( `title` LIKE '%我%' OR `desc` LIKE '%我%' OR `content` LIKE '%我%' OR `keywords` LIKE '%我%' ) ORDER BY `id` DESC LIMIT 0,5 [ RunTime:0.000603s ]
---------------------------------------------------------------
[ 2019-12-29T17:15:52+08:00 ] 0.0.0.0 GET localhost/tp5/public/static/index/style/jquery.error.js
[运行时间：0.027898s] [吞吐率：35.84req/s] [内存消耗：1,049.38kb] [文件加载：30]
[ info ] [ LANG ] C:\xampp\htdocs\tp5\thinkphp\lang\zh-cn.php
[ info ] [ ROUTE ] array (
  'type' => 'module',
  'module' => 
  array (
    0 => 'static',
    1 => 'index',
    2 => 'style',
  ),
)
[ info ] [ HEADER ] array (
  'host' => 'localhost',
  'user-agent' => 'Mozilla/5.0 (Windows NT 10.0; Win64; x64; rv:71.0) Gecko/20100101 Firefox/71.0',
  'accept' => '*/*',
  'accept-language' => 'zh-CN,zh;q=0.8,zh-TW;q=0.7,zh-HK;q=0.5,en-US;q=0.3,en;q=0.2',
  'accept-encoding' => 'gzip, deflate',
  'connection' => 'keep-alive',
  'referer' => 'http://localhost/tp5/public/index/search/index.html?keywords=%E6%88%91',
  'cookie' => 'Phpstorm-59ffdf3e=e127ade4-15d2-4b73-8f5b-d070b30676c2; Webstorm-bbf7ba1a=4adf1af4-7758-46da-b7ef-784892210ecd; _ga=GA1.1.1339423825.1565618129; PHPSESSID=v86g75pa16er3jj18886km0bks',
)
[ info ] [ PARAM ] array (
)
[ info ] [ LOG ] INIT File
---------------------------------------------------------------
[ 2019-12-29T17:15:52+08:00 ] 0.0.0.0 GET localhost/tp5/public/static/index/style/jquery.form.js
[运行时间：0.034566s] [吞吐率：28.93req/s] [内存消耗：1,049.38kb] [文件加载：30]
[ info ] [ LANG ] C:\xampp\htdocs\tp5\thinkphp\lang\zh-cn.php
[ info ] [ ROUTE ] array (
  'type' => 'module',
  'module' => 
  array (
    0 => 'static',
    1 => 'index',
    2 => 'style',
  ),
)
[ info ] [ HEADER ] array (
  'host' => 'localhost',
  'user-agent' => 'Mozilla/5.0 (Windows NT 10.0; Win64; x64; rv:71.0) Gecko/20100101 Firefox/71.0',
  'accept' => '*/*',
  'accept-language' => 'zh-CN,zh;q=0.8,zh-TW;q=0.7,zh-HK;q=0.5,en-US;q=0.3,en;q=0.2',
  'accept-encoding' => 'gzip, deflate',
  'connection' => 'keep-alive',
  'referer' => 'http://localhost/tp5/public/index/search/index.html?keywords=%E6%88%91',
  'cookie' => 'Phpstorm-59ffdf3e=e127ade4-15d2-4b73-8f5b-d070b30676c2; Webstorm-bbf7ba1a=4adf1af4-7758-46da-b7ef-784892210ecd; _ga=GA1.1.1339423825.1565618129; PHPSESSID=v86g75pa16er3jj18886km0bks',
)
[ info ] [ PARAM ] array (
)
[ info ] [ LOG ] INIT File
