---------------------------------------------------------------
[ 2020-04-02T09:07:28+08:00 ] 127.0.0.1 GET 127.0.0.1/tp5/public/index/index/index.html
[运行时间：0.146651s] [吞吐率：6.82req/s] [内存消耗：2,609.16kb] [文件加载：49]
[ info ] [ LANG ] /Applications/XAMPP/xamppfiles/htdocs/tp5/thinkphp/lang/zh-cn.php
[ info ] [ ROUTE ] array (
  'type' => 'module',
  'module' => 
  array (
    0 => 'index',
    1 => 'index',
    2 => 'index',
  ),
)
[ info ] [ HEADER ] array (
  'host' => '127.0.0.1',
  'user-agent' => 'Mozilla/5.0 (Macintosh; Intel Mac OS X 10.13; rv:74.0) Gecko/20100101 Firefox/74.0',
  'accept' => 'text/html,application/xhtml+xml,application/xml;q=0.9,image/webp,*/*;q=0.8',
  'accept-language' => 'zh-CN,zh;q=0.8,zh-TW;q=0.7,zh-HK;q=0.5,en-US;q=0.3,en;q=0.2',
  'accept-encoding' => 'gzip, deflate',
  'connection' => 'keep-alive',
  'upgrade-insecure-requests' => '1',
)
[ info ] [ PARAM ] array (
)
[ info ] [ DB ] INIT mysql
[ info ] [ RUN ] app\index\controller\Index->index[ /Applications/XAMPP/xamppfiles/htdocs/tp5/application/index/controller/Index.php ]
[ info ] [ VIEW ] /Applications/XAMPP/xamppfiles/htdocs/tp5/public/../application/index/view/index/index.htm [ array (
  0 => 'confres',
  1 => 'cateres',
  2 => 'newarticleres',
  3 => 'sitehotres',
  4 => 'linkres',
  5 => 'recartres',
) ]
[ info ] [ LOG ] INIT File
[ sql ] [ DB ] CONNECT:[ UseTime:0.003161s ] mysql:host=127.0.0.1;port=3306;dbname=bick;charset=utf8
[ sql ] [ SQL ] SHOW COLUMNS FROM `bk_conf` [ RunTime:0.027363s ]
[ sql ] [ SQL ] SELECT `enname`,`cnname` FROM `bk_conf` [ RunTime:0.002403s ]
[ sql ] [ SQL ] SHOW COLUMNS FROM `bk_cate` [ RunTime:0.006418s ]
[ sql ] [ SQL ] SELECT * FROM `bk_cate` WHERE  `pid` = 0 [ RunTime:0.003235s ]
[ sql ] [ SQL ] SELECT * FROM `bk_cate` WHERE  `pid` = 28 [ RunTime:0.000538s ]
[ sql ] [ SQL ] SELECT * FROM `bk_cate` WHERE  `pid` = 31 [ RunTime:0.000384s ]
[ sql ] [ SQL ] SELECT * FROM `bk_cate` WHERE  `pid` = 34 [ RunTime:0.000419s ]
[ sql ] [ SQL ] SELECT * FROM `bk_cate` WHERE  `pid` = 35 [ RunTime:0.000326s ]
[ sql ] [ SQL ] SELECT * FROM `bk_cate` WHERE  `pid` = 37 [ RunTime:0.000313s ]
[ sql ] [ SQL ] SHOW COLUMNS FROM `bk_article` [ RunTime:0.005064s ]
[ sql ] [ SQL ] SELECT `a`.`id`,`a`.`title`,`a`.`desc`,`a`.`thumb`,`a`.`click`,`a`.`zan`,`a`.`time`,`c`.`catename`,`a`.`cateid` FROM `bk_article` `a` INNER JOIN `bk_cate` `c` ON `a`.`cateid`=`c`.`id` ORDER BY `a`.`id` DESC LIMIT 5 [ RunTime:0.000868s ]
[ sql ] [ SQL ] SELECT `id`,`title`,`thumb` FROM `bk_article` ORDER BY `click` DESC LIMIT 5 [ RunTime:0.000523s ]
[ sql ] [ SQL ] SELECT `id`,`thumb`,`title` FROM `bk_article` WHERE  `rec` = 1 ORDER BY `id` DESC LIMIT 4 [ RunTime:0.000463s ]
[ sql ] [ SQL ] SHOW COLUMNS FROM `bk_link` [ RunTime:0.006326s ]
[ sql ] [ SQL ] SELECT * FROM `bk_link` ORDER BY `sortn` DESC [ RunTime:0.000576s ]
---------------------------------------------------------------
[ 2020-04-02T09:07:29+08:00 ] 127.0.0.1 GET 127.0.0.1/tp5/public/static/index/style/jquery.form.js
[运行时间：0.038061s] [吞吐率：26.27req/s] [内存消耗：1,166.24kb] [文件加载：30]
[ info ] [ LANG ] /Applications/XAMPP/xamppfiles/htdocs/tp5/thinkphp/lang/zh-cn.php
[ info ] [ ROUTE ] array (
  'type' => 'module',
  'module' => 
  array (
    0 => 'static',
    1 => 'index',
    2 => 'style',
  ),
)
[ info ] [ HEADER ] array (
  'host' => '127.0.0.1',
  'user-agent' => 'Mozilla/5.0 (Macintosh; Intel Mac OS X 10.13; rv:74.0) Gecko/20100101 Firefox/74.0',
  'accept' => '*/*',
  'accept-language' => 'zh-CN,zh;q=0.8,zh-TW;q=0.7,zh-HK;q=0.5,en-US;q=0.3,en;q=0.2',
  'accept-encoding' => 'gzip, deflate',
  'connection' => 'keep-alive',
  'referer' => 'http://127.0.0.1/tp5/public/index/index/index.html',
)
[ info ] [ PARAM ] array (
)
[ info ] [ LOG ] INIT File
---------------------------------------------------------------
[ 2020-04-02T09:07:29+08:00 ] 127.0.0.1 GET 127.0.0.1/tp5/public/static/index/style/jquery.error.js
[运行时间：0.052783s] [吞吐率：18.95req/s] [内存消耗：1,166.24kb] [文件加载：30]
[ info ] [ LANG ] /Applications/XAMPP/xamppfiles/htdocs/tp5/thinkphp/lang/zh-cn.php
[ info ] [ ROUTE ] array (
  'type' => 'module',
  'module' => 
  array (
    0 => 'static',
    1 => 'index',
    2 => 'style',
  ),
)
[ info ] [ HEADER ] array (
  'host' => '127.0.0.1',
  'user-agent' => 'Mozilla/5.0 (Macintosh; Intel Mac OS X 10.13; rv:74.0) Gecko/20100101 Firefox/74.0',
  'accept' => '*/*',
  'accept-language' => 'zh-CN,zh;q=0.8,zh-TW;q=0.7,zh-HK;q=0.5,en-US;q=0.3,en;q=0.2',
  'accept-encoding' => 'gzip, deflate',
  'connection' => 'keep-alive',
  'referer' => 'http://127.0.0.1/tp5/public/index/index/index.html',
)
[ info ] [ PARAM ] array (
)
[ info ] [ LOG ] INIT File
---------------------------------------------------------------
[ 2020-04-02T09:07:29+08:00 ] 127.0.0.1 GET 127.0.0.1/tp5/public/static/index/style/img/tg.jpg
[运行时间：0.073951s] [吞吐率：13.52req/s] [内存消耗：1,166.98kb] [文件加载：30]
[ info ] [ LANG ] /Applications/XAMPP/xamppfiles/htdocs/tp5/thinkphp/lang/zh-cn.php
[ info ] [ ROUTE ] array (
  'type' => 'module',
  'module' => 
  array (
    0 => 'static',
    1 => 'index',
    2 => 'style',
  ),
)
[ info ] [ HEADER ] array (
  'host' => '127.0.0.1',
  'user-agent' => 'Mozilla/5.0 (Macintosh; Intel Mac OS X 10.13; rv:74.0) Gecko/20100101 Firefox/74.0',
  'accept' => 'image/webp,*/*',
  'accept-language' => 'zh-CN,zh;q=0.8,zh-TW;q=0.7,zh-HK;q=0.5,en-US;q=0.3,en;q=0.2',
  'accept-encoding' => 'gzip, deflate',
  'connection' => 'keep-alive',
  'referer' => 'http://127.0.0.1/tp5/public/index/index/index.html',
)
[ info ] [ PARAM ] array (
  'img' => 'tg.jpg',
)
[ info ] [ LOG ] INIT File
---------------------------------------------------------------
[ 2020-04-02T09:07:29+08:00 ] 127.0.0.1 GET 127.0.0.1/tp5/public/static/index/style/jquery.form.js
[运行时间：0.028468s] [吞吐率：35.13req/s] [内存消耗：1,166.24kb] [文件加载：30]
[ info ] [ LANG ] /Applications/XAMPP/xamppfiles/htdocs/tp5/thinkphp/lang/zh-cn.php
[ info ] [ ROUTE ] array (
  'type' => 'module',
  'module' => 
  array (
    0 => 'static',
    1 => 'index',
    2 => 'style',
  ),
)
[ info ] [ HEADER ] array (
  'host' => '127.0.0.1',
  'user-agent' => 'Mozilla/5.0 (Macintosh; Intel Mac OS X 10.13; rv:74.0) Gecko/20100101 Firefox/74.0',
  'accept' => '*/*',
  'accept-language' => 'zh-CN,zh;q=0.8,zh-TW;q=0.7,zh-HK;q=0.5,en-US;q=0.3,en;q=0.2',
  'accept-encoding' => 'gzip, deflate',
  'connection' => 'keep-alive',
  'referer' => 'http://127.0.0.1/tp5/public/index/index/index.html',
)
[ info ] [ PARAM ] array (
)
[ info ] [ LOG ] INIT File
---------------------------------------------------------------
[ 2020-04-02T09:07:29+08:00 ] 127.0.0.1 GET 127.0.0.1/tp5/public/static/index/images/focus-bg2.png
[运行时间：0.034082s] [吞吐率：29.34req/s] [内存消耗：1,166.30kb] [文件加载：30]
[ info ] [ LANG ] /Applications/XAMPP/xamppfiles/htdocs/tp5/thinkphp/lang/zh-cn.php
[ info ] [ ROUTE ] array (
  'type' => 'module',
  'module' => 
  array (
    0 => 'static',
    1 => 'index',
    2 => 'images',
  ),
)
[ info ] [ HEADER ] array (
  'host' => '127.0.0.1',
  'user-agent' => 'Mozilla/5.0 (Macintosh; Intel Mac OS X 10.13; rv:74.0) Gecko/20100101 Firefox/74.0',
  'accept' => 'image/webp,*/*',
  'accept-language' => 'zh-CN,zh;q=0.8,zh-TW;q=0.7,zh-HK;q=0.5,en-US;q=0.3,en;q=0.2',
  'accept-encoding' => 'gzip, deflate',
  'connection' => 'keep-alive',
  'referer' => 'http://127.0.0.1/tp5/public/static/index/style/style.css',
)
[ info ] [ PARAM ] array (
)
[ info ] [ LOG ] INIT File
---------------------------------------------------------------
[ 2020-04-02T09:07:29+08:00 ] 127.0.0.1 GET 127.0.0.1/tp5/public/static/index/images/sitemap-dot.gif
[运行时间：0.037271s] [吞吐率：26.83req/s] [内存消耗：1,166.30kb] [文件加载：30]
[ info ] [ LANG ] /Applications/XAMPP/xamppfiles/htdocs/tp5/thinkphp/lang/zh-cn.php
[ info ] [ ROUTE ] array (
  'type' => 'module',
  'module' => 
  array (
    0 => 'static',
    1 => 'index',
    2 => 'images',
  ),
)
[ info ] [ HEADER ] array (
  'host' => '127.0.0.1',
  'user-agent' => 'Mozilla/5.0 (Macintosh; Intel Mac OS X 10.13; rv:74.0) Gecko/20100101 Firefox/74.0',
  'accept' => 'image/webp,*/*',
  'accept-language' => 'zh-CN,zh;q=0.8,zh-TW;q=0.7,zh-HK;q=0.5,en-US;q=0.3,en;q=0.2',
  'accept-encoding' => 'gzip, deflate',
  'connection' => 'keep-alive',
  'referer' => 'http://127.0.0.1/tp5/public/static/index/style/style.css',
)
[ info ] [ PARAM ] array (
)
[ info ] [ LOG ] INIT File
---------------------------------------------------------------
[ 2020-04-02T09:07:29+08:00 ] 127.0.0.1 GET 127.0.0.1/tp5/public/static/index/images/loading.gif
[运行时间：0.063616s] [吞吐率：15.72req/s] [内存消耗：1,166.29kb] [文件加载：30]
[ info ] [ LANG ] /Applications/XAMPP/xamppfiles/htdocs/tp5/thinkphp/lang/zh-cn.php
[ info ] [ ROUTE ] array (
  'type' => 'module',
  'module' => 
  array (
    0 => 'static',
    1 => 'index',
    2 => 'images',
  ),
)
[ info ] [ HEADER ] array (
  'host' => '127.0.0.1',
  'user-agent' => 'Mozilla/5.0 (Macintosh; Intel Mac OS X 10.13; rv:74.0) Gecko/20100101 Firefox/74.0',
  'accept' => 'image/webp,*/*',
  'accept-language' => 'zh-CN,zh;q=0.8,zh-TW;q=0.7,zh-HK;q=0.5,en-US;q=0.3,en;q=0.2',
  'accept-encoding' => 'gzip, deflate',
  'connection' => 'keep-alive',
  'referer' => 'http://127.0.0.1/tp5/public/static/index/style/style.css',
)
[ info ] [ PARAM ] array (
)
[ info ] [ LOG ] INIT File
---------------------------------------------------------------
[ 2020-04-02T09:07:29+08:00 ] 127.0.0.1 GET 127.0.0.1/tp5/public/static/index/style/img/tg.jpg
[运行时间：0.092981s] [吞吐率：10.75req/s] [内存消耗：1,166.98kb] [文件加载：30]
[ info ] [ LANG ] /Applications/XAMPP/xamppfiles/htdocs/tp5/thinkphp/lang/zh-cn.php
[ info ] [ ROUTE ] array (
  'type' => 'module',
  'module' => 
  array (
    0 => 'static',
    1 => 'index',
    2 => 'style',
  ),
)
[ info ] [ HEADER ] array (
  'host' => '127.0.0.1',
  'user-agent' => 'Mozilla/5.0 (Macintosh; Intel Mac OS X 10.13; rv:74.0) Gecko/20100101 Firefox/74.0',
  'accept' => 'image/webp,*/*',
  'accept-language' => 'zh-CN,zh;q=0.8,zh-TW;q=0.7,zh-HK;q=0.5,en-US;q=0.3,en;q=0.2',
  'accept-encoding' => 'gzip, deflate',
  'connection' => 'keep-alive',
  'referer' => 'http://127.0.0.1/tp5/public/index/index/index.html',
)
[ info ] [ PARAM ] array (
  'img' => 'tg.jpg',
)
[ info ] [ LOG ] INIT File
---------------------------------------------------------------
[ 2020-04-02T09:07:29+08:00 ] 127.0.0.1 GET 127.0.0.1/tp5/public/index/index/images/focus-left-bg.png
[运行时间：0.081933s] [吞吐率：12.21req/s] [内存消耗：2,507.41kb] [文件加载：48]
[ info ] [ LANG ] /Applications/XAMPP/xamppfiles/htdocs/tp5/thinkphp/lang/zh-cn.php
[ info ] [ ROUTE ] array (
  'type' => 'module',
  'module' => 
  array (
    0 => 'index',
    1 => 'index',
    2 => 'images',
  ),
)
[ info ] [ HEADER ] array (
  'host' => '127.0.0.1',
  'user-agent' => 'Mozilla/5.0 (Macintosh; Intel Mac OS X 10.13; rv:74.0) Gecko/20100101 Firefox/74.0',
  'accept' => 'image/webp,*/*',
  'accept-language' => 'zh-CN,zh;q=0.8,zh-TW;q=0.7,zh-HK;q=0.5,en-US;q=0.3,en;q=0.2',
  'accept-encoding' => 'gzip, deflate',
  'connection' => 'keep-alive',
  'referer' => 'http://127.0.0.1/tp5/public/index/index/index.html',
)
[ info ] [ PARAM ] array (
)
[ info ] [ DB ] INIT mysql
[ info ] [ LOG ] INIT File
[ sql ] [ DB ] CONNECT:[ UseTime:0.000885s ] mysql:host=127.0.0.1;port=3306;dbname=bick;charset=utf8
[ sql ] [ SQL ] SHOW COLUMNS FROM `bk_conf` [ RunTime:0.005539s ]
[ sql ] [ SQL ] SELECT `enname`,`cnname` FROM `bk_conf` [ RunTime:0.000600s ]
[ sql ] [ SQL ] SHOW COLUMNS FROM `bk_cate` [ RunTime:0.004504s ]
[ sql ] [ SQL ] SELECT * FROM `bk_cate` WHERE  `pid` = 0 [ RunTime:0.000580s ]
[ sql ] [ SQL ] SELECT * FROM `bk_cate` WHERE  `pid` = 28 [ RunTime:0.000433s ]
[ sql ] [ SQL ] SELECT * FROM `bk_cate` WHERE  `pid` = 31 [ RunTime:0.000358s ]
[ sql ] [ SQL ] SELECT * FROM `bk_cate` WHERE  `pid` = 34 [ RunTime:0.000507s ]
[ sql ] [ SQL ] SELECT * FROM `bk_cate` WHERE  `pid` = 35 [ RunTime:0.000518s ]
[ sql ] [ SQL ] SELECT * FROM `bk_cate` WHERE  `pid` = 37 [ RunTime:0.000499s ]
---------------------------------------------------------------
[ 2020-04-02T09:10:04+08:00 ] 0.0.0.0 GET localhost/tp5/public/index/index/index.html?start_debug=1&send_sess_end=1&debug_start_session=1&debug_session_id=15309&debug_port=10137&debug_host=192.168.0.15%2C127.0.0.1
[运行时间：0.123296s] [吞吐率：8.11req/s] [内存消耗：2,610.78kb] [文件加载：49]
[ info ] [ LANG ] /Applications/XAMPP/xamppfiles/htdocs/tp5/thinkphp/lang/zh-cn.php
[ info ] [ ROUTE ] array (
  'type' => 'module',
  'module' => 
  array (
    0 => 'index',
    1 => 'index',
    2 => 'index',
  ),
)
[ info ] [ HEADER ] array (
  'host' => 'localhost',
  'user-agent' => 'Mozilla/5.0 (Macintosh; Intel Mac OS X 10.13; rv:74.0) Gecko/20100101 Firefox/74.0',
  'accept' => 'text/html,application/xhtml+xml,application/xml;q=0.9,image/webp,*/*;q=0.8',
  'accept-language' => 'zh-CN,zh;q=0.8,zh-TW;q=0.7,zh-HK;q=0.5,en-US;q=0.3,en;q=0.2',
  'accept-encoding' => 'gzip, deflate',
  'connection' => 'keep-alive',
  'cookie' => 'Phpstorm-1c598e3f=7b0d8230-4d2d-48e8-abd4-f822f77f098d',
  'upgrade-insecure-requests' => '1',
)
[ info ] [ PARAM ] array (
  'start_debug' => '1',
  'send_sess_end' => '1',
  'debug_start_session' => '1',
  'debug_session_id' => '15309',
  'debug_port' => '10137',
  'debug_host' => '192.168.0.15,127.0.0.1',
)
[ info ] [ DB ] INIT mysql
[ info ] [ RUN ] app\index\controller\Index->index[ /Applications/XAMPP/xamppfiles/htdocs/tp5/application/index/controller/Index.php ]
[ info ] [ VIEW ] /Applications/XAMPP/xamppfiles/htdocs/tp5/public/../application/index/view/index/index.htm [ array (
  0 => 'confres',
  1 => 'cateres',
  2 => 'newarticleres',
  3 => 'sitehotres',
  4 => 'linkres',
  5 => 'recartres',
) ]
[ info ] [ LOG ] INIT File
[ sql ] [ DB ] CONNECT:[ UseTime:0.001321s ] mysql:host=127.0.0.1;port=3306;dbname=bick;charset=utf8
[ sql ] [ SQL ] SHOW COLUMNS FROM `bk_conf` [ RunTime:0.006204s ]
[ sql ] [ SQL ] SELECT `enname`,`cnname` FROM `bk_conf` [ RunTime:0.001162s ]
[ sql ] [ SQL ] SHOW COLUMNS FROM `bk_cate` [ RunTime:0.005107s ]
[ sql ] [ SQL ] SELECT * FROM `bk_cate` WHERE  `pid` = 0 [ RunTime:0.000801s ]
[ sql ] [ SQL ] SELECT * FROM `bk_cate` WHERE  `pid` = 28 [ RunTime:0.000894s ]
[ sql ] [ SQL ] SELECT * FROM `bk_cate` WHERE  `pid` = 31 [ RunTime:0.000769s ]
[ sql ] [ SQL ] SELECT * FROM `bk_cate` WHERE  `pid` = 34 [ RunTime:0.000813s ]
[ sql ] [ SQL ] SELECT * FROM `bk_cate` WHERE  `pid` = 35 [ RunTime:0.000927s ]
[ sql ] [ SQL ] SELECT * FROM `bk_cate` WHERE  `pid` = 37 [ RunTime:0.001747s ]
[ sql ] [ SQL ] SHOW COLUMNS FROM `bk_article` [ RunTime:0.005331s ]
[ sql ] [ SQL ] SELECT `a`.`id`,`a`.`title`,`a`.`desc`,`a`.`thumb`,`a`.`click`,`a`.`zan`,`a`.`time`,`c`.`catename`,`a`.`cateid` FROM `bk_article` `a` INNER JOIN `bk_cate` `c` ON `a`.`cateid`=`c`.`id` ORDER BY `a`.`id` DESC LIMIT 5 [ RunTime:0.000875s ]
[ sql ] [ SQL ] SELECT `id`,`title`,`thumb` FROM `bk_article` ORDER BY `click` DESC LIMIT 5 [ RunTime:0.000599s ]
[ sql ] [ SQL ] SELECT `id`,`thumb`,`title` FROM `bk_article` WHERE  `rec` = 1 ORDER BY `id` DESC LIMIT 4 [ RunTime:0.000493s ]
[ sql ] [ SQL ] SHOW COLUMNS FROM `bk_link` [ RunTime:0.004230s ]
[ sql ] [ SQL ] SELECT * FROM `bk_link` ORDER BY `sortn` DESC [ RunTime:0.000697s ]
---------------------------------------------------------------
[ 2020-04-02T09:10:04+08:00 ] 0.0.0.0 GET localhost/tp5/public/static/index/style/jquery.form.js
[运行时间：0.027778s] [吞吐率：36.00req/s] [内存消耗：1,167.12kb] [文件加载：30]
[ info ] [ LANG ] /Applications/XAMPP/xamppfiles/htdocs/tp5/thinkphp/lang/zh-cn.php
[ info ] [ ROUTE ] array (
  'type' => 'module',
  'module' => 
  array (
    0 => 'static',
    1 => 'index',
    2 => 'style',
  ),
)
[ info ] [ HEADER ] array (
  'host' => 'localhost',
  'user-agent' => 'Mozilla/5.0 (Macintosh; Intel Mac OS X 10.13; rv:74.0) Gecko/20100101 Firefox/74.0',
  'accept' => '*/*',
  'accept-language' => 'zh-CN,zh;q=0.8,zh-TW;q=0.7,zh-HK;q=0.5,en-US;q=0.3,en;q=0.2',
  'accept-encoding' => 'gzip, deflate',
  'connection' => 'keep-alive',
  'referer' => 'http://localhost/tp5/public/index/index/index.html?start_debug=1&send_sess_end=1&debug_start_session=1&debug_session_id=15309&debug_port=10137&debug_host=192.168.0.15%2C127.0.0.1',
  'cookie' => 'Phpstorm-1c598e3f=7b0d8230-4d2d-48e8-abd4-f822f77f098d',
)
[ info ] [ PARAM ] array (
)
[ info ] [ LOG ] INIT File
---------------------------------------------------------------
[ 2020-04-02T09:10:04+08:00 ] 0.0.0.0 GET localhost/tp5/public/static/index/style/jquery.error.js
[运行时间：0.060527s] [吞吐率：16.52req/s] [内存消耗：1,167.12kb] [文件加载：30]
[ info ] [ LANG ] /Applications/XAMPP/xamppfiles/htdocs/tp5/thinkphp/lang/zh-cn.php
[ info ] [ ROUTE ] array (
  'type' => 'module',
  'module' => 
  array (
    0 => 'static',
    1 => 'index',
    2 => 'style',
  ),
)
[ info ] [ HEADER ] array (
  'host' => 'localhost',
  'user-agent' => 'Mozilla/5.0 (Macintosh; Intel Mac OS X 10.13; rv:74.0) Gecko/20100101 Firefox/74.0',
  'accept' => '*/*',
  'accept-language' => 'zh-CN,zh;q=0.8,zh-TW;q=0.7,zh-HK;q=0.5,en-US;q=0.3,en;q=0.2',
  'accept-encoding' => 'gzip, deflate',
  'connection' => 'keep-alive',
  'referer' => 'http://localhost/tp5/public/index/index/index.html?start_debug=1&send_sess_end=1&debug_start_session=1&debug_session_id=15309&debug_port=10137&debug_host=192.168.0.15%2C127.0.0.1',
  'cookie' => 'Phpstorm-1c598e3f=7b0d8230-4d2d-48e8-abd4-f822f77f098d',
)
[ info ] [ PARAM ] array (
)
[ info ] [ LOG ] INIT File
---------------------------------------------------------------
[ 2020-04-02T09:10:04+08:00 ] 0.0.0.0 GET localhost/tp5/public/static/index/style/img/tg.jpg
[运行时间：0.019774s] [吞吐率：50.57req/s] [内存消耗：1,167.98kb] [文件加载：30]
[ info ] [ LANG ] /Applications/XAMPP/xamppfiles/htdocs/tp5/thinkphp/lang/zh-cn.php
[ info ] [ ROUTE ] array (
  'type' => 'module',
  'module' => 
  array (
    0 => 'static',
    1 => 'index',
    2 => 'style',
  ),
)
[ info ] [ HEADER ] array (
  'host' => 'localhost',
  'user-agent' => 'Mozilla/5.0 (Macintosh; Intel Mac OS X 10.13; rv:74.0) Gecko/20100101 Firefox/74.0',
  'accept' => 'image/webp,*/*',
  'accept-language' => 'zh-CN,zh;q=0.8,zh-TW;q=0.7,zh-HK;q=0.5,en-US;q=0.3,en;q=0.2',
  'accept-encoding' => 'gzip, deflate',
  'connection' => 'keep-alive',
  'referer' => 'http://localhost/tp5/public/index/index/index.html?start_debug=1&send_sess_end=1&debug_start_session=1&debug_session_id=15309&debug_port=10137&debug_host=192.168.0.15%2C127.0.0.1',
  'cookie' => 'Phpstorm-1c598e3f=7b0d8230-4d2d-48e8-abd4-f822f77f098d',
)
[ info ] [ PARAM ] array (
  'img' => 'tg.jpg',
)
[ info ] [ LOG ] INIT File
---------------------------------------------------------------
[ 2020-04-02T09:10:05+08:00 ] 0.0.0.0 GET localhost/tp5/public/static/index/style/jquery.form.js
[运行时间：0.035717s] [吞吐率：28.00req/s] [内存消耗：1,167.12kb] [文件加载：30]
[ info ] [ LANG ] /Applications/XAMPP/xamppfiles/htdocs/tp5/thinkphp/lang/zh-cn.php
[ info ] [ ROUTE ] array (
  'type' => 'module',
  'module' => 
  array (
    0 => 'static',
    1 => 'index',
    2 => 'style',
  ),
)
[ info ] [ HEADER ] array (
  'host' => 'localhost',
  'user-agent' => 'Mozilla/5.0 (Macintosh; Intel Mac OS X 10.13; rv:74.0) Gecko/20100101 Firefox/74.0',
  'accept' => '*/*',
  'accept-language' => 'zh-CN,zh;q=0.8,zh-TW;q=0.7,zh-HK;q=0.5,en-US;q=0.3,en;q=0.2',
  'accept-encoding' => 'gzip, deflate',
  'connection' => 'keep-alive',
  'referer' => 'http://localhost/tp5/public/index/index/index.html?start_debug=1&send_sess_end=1&debug_start_session=1&debug_session_id=15309&debug_port=10137&debug_host=192.168.0.15%2C127.0.0.1',
  'cookie' => 'Phpstorm-1c598e3f=7b0d8230-4d2d-48e8-abd4-f822f77f098d',
)
[ info ] [ PARAM ] array (
)
[ info ] [ LOG ] INIT File
---------------------------------------------------------------
[ 2020-04-02T09:10:05+08:00 ] 0.0.0.0 GET localhost/tp5/public/static/index/images/loading.gif
[运行时间：0.029328s] [吞吐率：34.10req/s] [内存消耗：1,166.77kb] [文件加载：30]
[ info ] [ LANG ] /Applications/XAMPP/xamppfiles/htdocs/tp5/thinkphp/lang/zh-cn.php
[ info ] [ ROUTE ] array (
  'type' => 'module',
  'module' => 
  array (
    0 => 'static',
    1 => 'index',
    2 => 'images',
  ),
)
[ info ] [ HEADER ] array (
  'host' => 'localhost',
  'user-agent' => 'Mozilla/5.0 (Macintosh; Intel Mac OS X 10.13; rv:74.0) Gecko/20100101 Firefox/74.0',
  'accept' => 'image/webp,*/*',
  'accept-language' => 'zh-CN,zh;q=0.8,zh-TW;q=0.7,zh-HK;q=0.5,en-US;q=0.3,en;q=0.2',
  'accept-encoding' => 'gzip, deflate',
  'connection' => 'keep-alive',
  'referer' => 'http://localhost/tp5/public/static/index/style/style.css',
  'cookie' => 'Phpstorm-1c598e3f=7b0d8230-4d2d-48e8-abd4-f822f77f098d',
)
[ info ] [ PARAM ] array (
)
[ info ] [ LOG ] INIT File
---------------------------------------------------------------
[ 2020-04-02T09:10:05+08:00 ] 0.0.0.0 GET localhost/tp5/public/static/index/images/focus-bg2.png
[运行时间：0.026531s] [吞吐率：37.69req/s] [内存消耗：1,166.78kb] [文件加载：30]
[ info ] [ LANG ] /Applications/XAMPP/xamppfiles/htdocs/tp5/thinkphp/lang/zh-cn.php
[ info ] [ ROUTE ] array (
  'type' => 'module',
  'module' => 
  array (
    0 => 'static',
    1 => 'index',
    2 => 'images',
  ),
)
[ info ] [ HEADER ] array (
  'host' => 'localhost',
  'user-agent' => 'Mozilla/5.0 (Macintosh; Intel Mac OS X 10.13; rv:74.0) Gecko/20100101 Firefox/74.0',
  'accept' => 'image/webp,*/*',
  'accept-language' => 'zh-CN,zh;q=0.8,zh-TW;q=0.7,zh-HK;q=0.5,en-US;q=0.3,en;q=0.2',
  'accept-encoding' => 'gzip, deflate',
  'connection' => 'keep-alive',
  'referer' => 'http://localhost/tp5/public/static/index/style/style.css',
  'cookie' => 'Phpstorm-1c598e3f=7b0d8230-4d2d-48e8-abd4-f822f77f098d',
)
[ info ] [ PARAM ] array (
)
[ info ] [ LOG ] INIT File
---------------------------------------------------------------
[ 2020-04-02T09:10:05+08:00 ] 0.0.0.0 GET localhost/tp5/public/static/index/images/sitemap-dot.gif
[运行时间：0.020441s] [吞吐率：48.92req/s] [内存消耗：1,166.78kb] [文件加载：30]
[ info ] [ LANG ] /Applications/XAMPP/xamppfiles/htdocs/tp5/thinkphp/lang/zh-cn.php
[ info ] [ ROUTE ] array (
  'type' => 'module',
  'module' => 
  array (
    0 => 'static',
    1 => 'index',
    2 => 'images',
  ),
)
[ info ] [ HEADER ] array (
  'host' => 'localhost',
  'user-agent' => 'Mozilla/5.0 (Macintosh; Intel Mac OS X 10.13; rv:74.0) Gecko/20100101 Firefox/74.0',
  'accept' => 'image/webp,*/*',
  'accept-language' => 'zh-CN,zh;q=0.8,zh-TW;q=0.7,zh-HK;q=0.5,en-US;q=0.3,en;q=0.2',
  'accept-encoding' => 'gzip, deflate',
  'connection' => 'keep-alive',
  'referer' => 'http://localhost/tp5/public/static/index/style/style.css',
  'cookie' => 'Phpstorm-1c598e3f=7b0d8230-4d2d-48e8-abd4-f822f77f098d',
)
[ info ] [ PARAM ] array (
)
[ info ] [ LOG ] INIT File
---------------------------------------------------------------
[ 2020-04-02T09:10:05+08:00 ] 0.0.0.0 GET localhost/tp5/public/static/index/style/img/tg.jpg
[运行时间：0.083179s] [吞吐率：12.02req/s] [内存消耗：1,167.98kb] [文件加载：30]
[ info ] [ LANG ] /Applications/XAMPP/xamppfiles/htdocs/tp5/thinkphp/lang/zh-cn.php
[ info ] [ ROUTE ] array (
  'type' => 'module',
  'module' => 
  array (
    0 => 'static',
    1 => 'index',
    2 => 'style',
  ),
)
[ info ] [ HEADER ] array (
  'host' => 'localhost',
  'user-agent' => 'Mozilla/5.0 (Macintosh; Intel Mac OS X 10.13; rv:74.0) Gecko/20100101 Firefox/74.0',
  'accept' => 'image/webp,*/*',
  'accept-language' => 'zh-CN,zh;q=0.8,zh-TW;q=0.7,zh-HK;q=0.5,en-US;q=0.3,en;q=0.2',
  'accept-encoding' => 'gzip, deflate',
  'connection' => 'keep-alive',
  'referer' => 'http://localhost/tp5/public/index/index/index.html?start_debug=1&send_sess_end=1&debug_start_session=1&debug_session_id=15309&debug_port=10137&debug_host=192.168.0.15%2C127.0.0.1',
  'cookie' => 'Phpstorm-1c598e3f=7b0d8230-4d2d-48e8-abd4-f822f77f098d',
)
[ info ] [ PARAM ] array (
  'img' => 'tg.jpg',
)
[ info ] [ LOG ] INIT File
---------------------------------------------------------------
[ 2020-04-02T09:10:05+08:00 ] 0.0.0.0 GET localhost/tp5/public/index/index/images/focus-left-bg.png
[运行时间：0.106924s] [吞吐率：9.35req/s] [内存消耗：2,508.41kb] [文件加载：48]
[ info ] [ LANG ] /Applications/XAMPP/xamppfiles/htdocs/tp5/thinkphp/lang/zh-cn.php
[ info ] [ ROUTE ] array (
  'type' => 'module',
  'module' => 
  array (
    0 => 'index',
    1 => 'index',
    2 => 'images',
  ),
)
[ info ] [ HEADER ] array (
  'host' => 'localhost',
  'user-agent' => 'Mozilla/5.0 (Macintosh; Intel Mac OS X 10.13; rv:74.0) Gecko/20100101 Firefox/74.0',
  'accept' => 'image/webp,*/*',
  'accept-language' => 'zh-CN,zh;q=0.8,zh-TW;q=0.7,zh-HK;q=0.5,en-US;q=0.3,en;q=0.2',
  'accept-encoding' => 'gzip, deflate',
  'connection' => 'keep-alive',
  'referer' => 'http://localhost/tp5/public/index/index/index.html?start_debug=1&send_sess_end=1&debug_start_session=1&debug_session_id=15309&debug_port=10137&debug_host=192.168.0.15%2C127.0.0.1',
  'cookie' => 'Phpstorm-1c598e3f=7b0d8230-4d2d-48e8-abd4-f822f77f098d',
)
[ info ] [ PARAM ] array (
)
[ info ] [ DB ] INIT mysql
[ info ] [ LOG ] INIT File
[ sql ] [ DB ] CONNECT:[ UseTime:0.000815s ] mysql:host=127.0.0.1;port=3306;dbname=bick;charset=utf8
[ sql ] [ SQL ] SHOW COLUMNS FROM `bk_conf` [ RunTime:0.005500s ]
[ sql ] [ SQL ] SELECT `enname`,`cnname` FROM `bk_conf` [ RunTime:0.000503s ]
[ sql ] [ SQL ] SHOW COLUMNS FROM `bk_cate` [ RunTime:0.005732s ]
[ sql ] [ SQL ] SELECT * FROM `bk_cate` WHERE  `pid` = 0 [ RunTime:0.001936s ]
[ sql ] [ SQL ] SELECT * FROM `bk_cate` WHERE  `pid` = 28 [ RunTime:0.001093s ]
[ sql ] [ SQL ] SELECT * FROM `bk_cate` WHERE  `pid` = 31 [ RunTime:0.001244s ]
[ sql ] [ SQL ] SELECT * FROM `bk_cate` WHERE  `pid` = 34 [ RunTime:0.000465s ]
[ sql ] [ SQL ] SELECT * FROM `bk_cate` WHERE  `pid` = 35 [ RunTime:0.000555s ]
[ sql ] [ SQL ] SELECT * FROM `bk_cate` WHERE  `pid` = 37 [ RunTime:0.010523s ]
---------------------------------------------------------------
[ 2020-04-02T09:23:50+08:00 ] 127.0.0.1 GET 127.0.0.1/tp5/public/index/index/index.html
[运行时间：0.061254s] [吞吐率：16.33req/s] [内存消耗：2,609.15kb] [文件加载：49]
[ info ] [ LANG ] /Applications/XAMPP/xamppfiles/htdocs/tp5/thinkphp/lang/zh-cn.php
[ info ] [ ROUTE ] array (
  'type' => 'module',
  'module' => 
  array (
    0 => 'index',
    1 => 'index',
    2 => 'index',
  ),
)
[ info ] [ HEADER ] array (
  'host' => '127.0.0.1',
  'user-agent' => 'Mozilla/5.0 (Macintosh; Intel Mac OS X 10.13; rv:74.0) Gecko/20100101 Firefox/74.0',
  'accept' => 'text/html,application/xhtml+xml,application/xml;q=0.9,image/webp,*/*;q=0.8',
  'accept-language' => 'zh-CN,zh;q=0.8,zh-TW;q=0.7,zh-HK;q=0.5,en-US;q=0.3,en;q=0.2',
  'accept-encoding' => 'gzip, deflate',
  'connection' => 'keep-alive',
  'upgrade-insecure-requests' => '1',
)
[ info ] [ PARAM ] array (
)
[ info ] [ DB ] INIT mysql
[ info ] [ RUN ] app\index\controller\Index->index[ /Applications/XAMPP/xamppfiles/htdocs/tp5/application/index/controller/Index.php ]
[ info ] [ VIEW ] /Applications/XAMPP/xamppfiles/htdocs/tp5/public/../application/index/view/index/index.htm [ array (
  0 => 'confres',
  1 => 'cateres',
  2 => 'newarticleres',
  3 => 'sitehotres',
  4 => 'linkres',
  5 => 'recartres',
) ]
[ info ] [ LOG ] INIT File
[ sql ] [ DB ] CONNECT:[ UseTime:0.000580s ] mysql:host=127.0.0.1;port=3306;dbname=bick;charset=utf8
[ sql ] [ SQL ] SHOW COLUMNS FROM `bk_conf` [ RunTime:0.003257s ]
[ sql ] [ SQL ] SELECT `enname`,`cnname` FROM `bk_conf` [ RunTime:0.000365s ]
[ sql ] [ SQL ] SHOW COLUMNS FROM `bk_cate` [ RunTime:0.004796s ]
[ sql ] [ SQL ] SELECT * FROM `bk_cate` WHERE  `pid` = 0 [ RunTime:0.000680s ]
[ sql ] [ SQL ] SELECT * FROM `bk_cate` WHERE  `pid` = 28 [ RunTime:0.000520s ]
[ sql ] [ SQL ] SELECT * FROM `bk_cate` WHERE  `pid` = 31 [ RunTime:0.000877s ]
[ sql ] [ SQL ] SELECT * FROM `bk_cate` WHERE  `pid` = 34 [ RunTime:0.001227s ]
[ sql ] [ SQL ] SELECT * FROM `bk_cate` WHERE  `pid` = 35 [ RunTime:0.000542s ]
[ sql ] [ SQL ] SELECT * FROM `bk_cate` WHERE  `pid` = 37 [ RunTime:0.000813s ]
[ sql ] [ SQL ] SHOW COLUMNS FROM `bk_article` [ RunTime:0.003342s ]
[ sql ] [ SQL ] SELECT `a`.`id`,`a`.`title`,`a`.`desc`,`a`.`thumb`,`a`.`click`,`a`.`zan`,`a`.`time`,`c`.`catename`,`a`.`cateid` FROM `bk_article` `a` INNER JOIN `bk_cate` `c` ON `a`.`cateid`=`c`.`id` ORDER BY `a`.`id` DESC LIMIT 5 [ RunTime:0.000613s ]
[ sql ] [ SQL ] SELECT `id`,`title`,`thumb` FROM `bk_article` ORDER BY `click` DESC LIMIT 5 [ RunTime:0.000341s ]
[ sql ] [ SQL ] SELECT `id`,`thumb`,`title` FROM `bk_article` WHERE  `rec` = 1 ORDER BY `id` DESC LIMIT 4 [ RunTime:0.000338s ]
[ sql ] [ SQL ] SHOW COLUMNS FROM `bk_link` [ RunTime:0.004352s ]
[ sql ] [ SQL ] SELECT * FROM `bk_link` ORDER BY `sortn` DESC [ RunTime:0.000504s ]
---------------------------------------------------------------
[ 2020-04-02T09:23:50+08:00 ] 127.0.0.1 GET 127.0.0.1/tp5/public/static/index/style/jquery.form.js
[运行时间：0.031281s] [吞吐率：31.97req/s] [内存消耗：1,166.24kb] [文件加载：30]
[ info ] [ LANG ] /Applications/XAMPP/xamppfiles/htdocs/tp5/thinkphp/lang/zh-cn.php
[ info ] [ ROUTE ] array (
  'type' => 'module',
  'module' => 
  array (
    0 => 'static',
    1 => 'index',
    2 => 'style',
  ),
)
[ info ] [ HEADER ] array (
  'host' => '127.0.0.1',
  'user-agent' => 'Mozilla/5.0 (Macintosh; Intel Mac OS X 10.13; rv:74.0) Gecko/20100101 Firefox/74.0',
  'accept' => '*/*',
  'accept-language' => 'zh-CN,zh;q=0.8,zh-TW;q=0.7,zh-HK;q=0.5,en-US;q=0.3,en;q=0.2',
  'accept-encoding' => 'gzip, deflate',
  'connection' => 'keep-alive',
  'referer' => 'http://127.0.0.1/tp5/public/index/index/index.html',
)
[ info ] [ PARAM ] array (
)
[ info ] [ LOG ] INIT File
---------------------------------------------------------------
[ 2020-04-02T09:23:50+08:00 ] 127.0.0.1 GET 127.0.0.1/tp5/public/static/index/style/jquery.error.js
[运行时间：0.059166s] [吞吐率：16.90req/s] [内存消耗：1,166.24kb] [文件加载：30]
[ info ] [ LANG ] /Applications/XAMPP/xamppfiles/htdocs/tp5/thinkphp/lang/zh-cn.php
[ info ] [ ROUTE ] array (
  'type' => 'module',
  'module' => 
  array (
    0 => 'static',
    1 => 'index',
    2 => 'style',
  ),
)
[ info ] [ HEADER ] array (
  'host' => '127.0.0.1',
  'user-agent' => 'Mozilla/5.0 (Macintosh; Intel Mac OS X 10.13; rv:74.0) Gecko/20100101 Firefox/74.0',
  'accept' => '*/*',
  'accept-language' => 'zh-CN,zh;q=0.8,zh-TW;q=0.7,zh-HK;q=0.5,en-US;q=0.3,en;q=0.2',
  'accept-encoding' => 'gzip, deflate',
  'connection' => 'keep-alive',
  'referer' => 'http://127.0.0.1/tp5/public/index/index/index.html',
)
[ info ] [ PARAM ] array (
)
[ info ] [ LOG ] INIT File
---------------------------------------------------------------
[ 2020-04-02T09:23:50+08:00 ] 127.0.0.1 GET 127.0.0.1/tp5/public/static/index/style/jquery.form.js
[运行时间：0.026635s] [吞吐率：37.54req/s] [内存消耗：1,166.24kb] [文件加载：30]
[ info ] [ LANG ] /Applications/XAMPP/xamppfiles/htdocs/tp5/thinkphp/lang/zh-cn.php
[ info ] [ ROUTE ] array (
  'type' => 'module',
  'module' => 
  array (
    0 => 'static',
    1 => 'index',
    2 => 'style',
  ),
)
[ info ] [ HEADER ] array (
  'host' => '127.0.0.1',
  'user-agent' => 'Mozilla/5.0 (Macintosh; Intel Mac OS X 10.13; rv:74.0) Gecko/20100101 Firefox/74.0',
  'accept' => '*/*',
  'accept-language' => 'zh-CN,zh;q=0.8,zh-TW;q=0.7,zh-HK;q=0.5,en-US;q=0.3,en;q=0.2',
  'accept-encoding' => 'gzip, deflate',
  'connection' => 'keep-alive',
  'referer' => 'http://127.0.0.1/tp5/public/index/index/index.html',
)
[ info ] [ PARAM ] array (
)
[ info ] [ LOG ] INIT File
---------------------------------------------------------------
[ 2020-04-02T09:23:50+08:00 ] 127.0.0.1 GET 127.0.0.1/tp5/public/static/index/style/img/tg.jpg
[运行时间：0.035772s] [吞吐率：27.95req/s] [内存消耗：1,166.98kb] [文件加载：30]
[ info ] [ LANG ] /Applications/XAMPP/xamppfiles/htdocs/tp5/thinkphp/lang/zh-cn.php
[ info ] [ ROUTE ] array (
  'type' => 'module',
  'module' => 
  array (
    0 => 'static',
    1 => 'index',
    2 => 'style',
  ),
)
[ info ] [ HEADER ] array (
  'host' => '127.0.0.1',
  'user-agent' => 'Mozilla/5.0 (Macintosh; Intel Mac OS X 10.13; rv:74.0) Gecko/20100101 Firefox/74.0',
  'accept' => 'image/webp,*/*',
  'accept-language' => 'zh-CN,zh;q=0.8,zh-TW;q=0.7,zh-HK;q=0.5,en-US;q=0.3,en;q=0.2',
  'accept-encoding' => 'gzip, deflate',
  'connection' => 'keep-alive',
  'referer' => 'http://127.0.0.1/tp5/public/index/index/index.html',
)
[ info ] [ PARAM ] array (
  'img' => 'tg.jpg',
)
[ info ] [ LOG ] INIT File
---------------------------------------------------------------
[ 2020-04-02T09:23:50+08:00 ] 127.0.0.1 GET 127.0.0.1/tp5/public/static/index/images/focus-bg2.png
[运行时间：0.075991s] [吞吐率：13.16req/s] [内存消耗：1,166.30kb] [文件加载：30]
[ info ] [ LANG ] /Applications/XAMPP/xamppfiles/htdocs/tp5/thinkphp/lang/zh-cn.php
[ info ] [ ROUTE ] array (
  'type' => 'module',
  'module' => 
  array (
    0 => 'static',
    1 => 'index',
    2 => 'images',
  ),
)
[ info ] [ HEADER ] array (
  'host' => '127.0.0.1',
  'user-agent' => 'Mozilla/5.0 (Macintosh; Intel Mac OS X 10.13; rv:74.0) Gecko/20100101 Firefox/74.0',
  'accept' => 'image/webp,*/*',
  'accept-language' => 'zh-CN,zh;q=0.8,zh-TW;q=0.7,zh-HK;q=0.5,en-US;q=0.3,en;q=0.2',
  'accept-encoding' => 'gzip, deflate',
  'connection' => 'keep-alive',
  'referer' => 'http://127.0.0.1/tp5/public/static/index/style/style.css',
)
[ info ] [ PARAM ] array (
)
[ info ] [ LOG ] INIT File
---------------------------------------------------------------
[ 2020-04-02T09:23:50+08:00 ] 127.0.0.1 GET 127.0.0.1/tp5/public/static/index/images/sitemap-dot.gif
[运行时间：0.041722s] [吞吐率：23.97req/s] [内存消耗：1,166.30kb] [文件加载：30]
[ info ] [ LANG ] /Applications/XAMPP/xamppfiles/htdocs/tp5/thinkphp/lang/zh-cn.php
[ info ] [ ROUTE ] array (
  'type' => 'module',
  'module' => 
  array (
    0 => 'static',
    1 => 'index',
    2 => 'images',
  ),
)
[ info ] [ HEADER ] array (
  'host' => '127.0.0.1',
  'user-agent' => 'Mozilla/5.0 (Macintosh; Intel Mac OS X 10.13; rv:74.0) Gecko/20100101 Firefox/74.0',
  'accept' => 'image/webp,*/*',
  'accept-language' => 'zh-CN,zh;q=0.8,zh-TW;q=0.7,zh-HK;q=0.5,en-US;q=0.3,en;q=0.2',
  'accept-encoding' => 'gzip, deflate',
  'connection' => 'keep-alive',
  'referer' => 'http://127.0.0.1/tp5/public/static/index/style/style.css',
)
[ info ] [ PARAM ] array (
)
[ info ] [ LOG ] INIT File
---------------------------------------------------------------
[ 2020-04-02T09:23:50+08:00 ] 127.0.0.1 GET 127.0.0.1/tp5/public/static/index/images/loading.gif
[运行时间：0.103049s] [吞吐率：9.70req/s] [内存消耗：1,166.29kb] [文件加载：30]
[ info ] [ LANG ] /Applications/XAMPP/xamppfiles/htdocs/tp5/thinkphp/lang/zh-cn.php
[ info ] [ ROUTE ] array (
  'type' => 'module',
  'module' => 
  array (
    0 => 'static',
    1 => 'index',
    2 => 'images',
  ),
)
[ info ] [ HEADER ] array (
  'host' => '127.0.0.1',
  'user-agent' => 'Mozilla/5.0 (Macintosh; Intel Mac OS X 10.13; rv:74.0) Gecko/20100101 Firefox/74.0',
  'accept' => 'image/webp,*/*',
  'accept-language' => 'zh-CN,zh;q=0.8,zh-TW;q=0.7,zh-HK;q=0.5,en-US;q=0.3,en;q=0.2',
  'accept-encoding' => 'gzip, deflate',
  'connection' => 'keep-alive',
  'referer' => 'http://127.0.0.1/tp5/public/static/index/style/style.css',
)
[ info ] [ PARAM ] array (
)
[ info ] [ LOG ] INIT File
---------------------------------------------------------------
[ 2020-04-02T09:23:50+08:00 ] 127.0.0.1 GET 127.0.0.1/tp5/public/static/index/style/img/tg.jpg
[运行时间：0.139330s] [吞吐率：7.18req/s] [内存消耗：1,166.98kb] [文件加载：30]
[ info ] [ LANG ] /Applications/XAMPP/xamppfiles/htdocs/tp5/thinkphp/lang/zh-cn.php
[ info ] [ ROUTE ] array (
  'type' => 'module',
  'module' => 
  array (
    0 => 'static',
    1 => 'index',
    2 => 'style',
  ),
)
[ info ] [ HEADER ] array (
  'host' => '127.0.0.1',
  'user-agent' => 'Mozilla/5.0 (Macintosh; Intel Mac OS X 10.13; rv:74.0) Gecko/20100101 Firefox/74.0',
  'accept' => 'image/webp,*/*',
  'accept-language' => 'zh-CN,zh;q=0.8,zh-TW;q=0.7,zh-HK;q=0.5,en-US;q=0.3,en;q=0.2',
  'accept-encoding' => 'gzip, deflate',
  'connection' => 'keep-alive',
  'referer' => 'http://127.0.0.1/tp5/public/index/index/index.html',
)
[ info ] [ PARAM ] array (
  'img' => 'tg.jpg',
)
[ info ] [ LOG ] INIT File
---------------------------------------------------------------
[ 2020-04-02T09:23:50+08:00 ] 127.0.0.1 GET 127.0.0.1/tp5/public/index/index/images/focus-left-bg.png
[运行时间：0.115451s] [吞吐率：8.66req/s] [内存消耗：2,507.41kb] [文件加载：48]
[ info ] [ LANG ] /Applications/XAMPP/xamppfiles/htdocs/tp5/thinkphp/lang/zh-cn.php
[ info ] [ ROUTE ] array (
  'type' => 'module',
  'module' => 
  array (
    0 => 'index',
    1 => 'index',
    2 => 'images',
  ),
)
[ info ] [ HEADER ] array (
  'host' => '127.0.0.1',
  'user-agent' => 'Mozilla/5.0 (Macintosh; Intel Mac OS X 10.13; rv:74.0) Gecko/20100101 Firefox/74.0',
  'accept' => 'image/webp,*/*',
  'accept-language' => 'zh-CN,zh;q=0.8,zh-TW;q=0.7,zh-HK;q=0.5,en-US;q=0.3,en;q=0.2',
  'accept-encoding' => 'gzip, deflate',
  'connection' => 'keep-alive',
  'referer' => 'http://127.0.0.1/tp5/public/index/index/index.html',
)
[ info ] [ PARAM ] array (
)
[ info ] [ DB ] INIT mysql
[ info ] [ LOG ] INIT File
[ sql ] [ DB ] CONNECT:[ UseTime:0.000908s ] mysql:host=127.0.0.1;port=3306;dbname=bick;charset=utf8
[ sql ] [ SQL ] SHOW COLUMNS FROM `bk_conf` [ RunTime:0.004325s ]
[ sql ] [ SQL ] SELECT `enname`,`cnname` FROM `bk_conf` [ RunTime:0.000510s ]
[ sql ] [ SQL ] SHOW COLUMNS FROM `bk_cate` [ RunTime:0.004107s ]
[ sql ] [ SQL ] SELECT * FROM `bk_cate` WHERE  `pid` = 0 [ RunTime:0.001035s ]
[ sql ] [ SQL ] SELECT * FROM `bk_cate` WHERE  `pid` = 28 [ RunTime:0.000562s ]
[ sql ] [ SQL ] SELECT * FROM `bk_cate` WHERE  `pid` = 31 [ RunTime:0.000522s ]
[ sql ] [ SQL ] SELECT * FROM `bk_cate` WHERE  `pid` = 34 [ RunTime:0.000462s ]
[ sql ] [ SQL ] SELECT * FROM `bk_cate` WHERE  `pid` = 35 [ RunTime:0.000471s ]
[ sql ] [ SQL ] SELECT * FROM `bk_cate` WHERE  `pid` = 37 [ RunTime:0.000487s ]
---------------------------------------------------------------
[ 2020-04-02T09:36:35+08:00 ] 0.0.0.0 GET localhost/tp5/public/index/index/index.html
[运行时间：0.117271s] [吞吐率：8.53req/s] [内存消耗：2,609.51kb] [文件加载：49]
[ info ] [ LANG ] /Applications/XAMPP/xamppfiles/htdocs/tp5/thinkphp/lang/zh-cn.php
[ info ] [ ROUTE ] array (
  'type' => 'module',
  'module' => 
  array (
    0 => 'index',
    1 => 'index',
    2 => 'index',
  ),
)
[ info ] [ HEADER ] array (
  'host' => 'localhost',
  'user-agent' => 'Mozilla/5.0 (Macintosh; Intel Mac OS X 10.13; rv:74.0) Gecko/20100101 Firefox/74.0',
  'accept' => 'text/html,application/xhtml+xml,application/xml;q=0.9,image/webp,*/*;q=0.8',
  'accept-language' => 'zh-CN,zh;q=0.8,zh-TW;q=0.7,zh-HK;q=0.5,en-US;q=0.3,en;q=0.2',
  'accept-encoding' => 'gzip, deflate',
  'connection' => 'keep-alive',
  'cookie' => 'Phpstorm-1c598e3f=7b0d8230-4d2d-48e8-abd4-f822f77f098d',
  'upgrade-insecure-requests' => '1',
)
[ info ] [ PARAM ] array (
)
[ info ] [ DB ] INIT mysql
[ info ] [ RUN ] app\index\controller\Index->index[ /Applications/XAMPP/xamppfiles/htdocs/tp5/application/index/controller/Index.php ]
[ info ] [ VIEW ] /Applications/XAMPP/xamppfiles/htdocs/tp5/public/../application/index/view/index/index.htm [ array (
  0 => 'confres',
  1 => 'cateres',
  2 => 'newarticleres',
  3 => 'sitehotres',
  4 => 'linkres',
  5 => 'recartres',
) ]
[ info ] [ LOG ] INIT File
[ sql ] [ DB ] CONNECT:[ UseTime:0.001042s ] mysql:host=127.0.0.1;port=3306;dbname=bick;charset=utf8
[ sql ] [ SQL ] SHOW COLUMNS FROM `bk_conf` [ RunTime:0.010195s ]
[ sql ] [ SQL ] SELECT `enname`,`cnname` FROM `bk_conf` [ RunTime:0.000511s ]
[ sql ] [ SQL ] SHOW COLUMNS FROM `bk_cate` [ RunTime:0.006212s ]
[ sql ] [ SQL ] SELECT * FROM `bk_cate` WHERE  `pid` = 0 [ RunTime:0.001046s ]
[ sql ] [ SQL ] SELECT * FROM `bk_cate` WHERE  `pid` = 28 [ RunTime:0.001430s ]
[ sql ] [ SQL ] SELECT * FROM `bk_cate` WHERE  `pid` = 31 [ RunTime:0.000581s ]
[ sql ] [ SQL ] SELECT * FROM `bk_cate` WHERE  `pid` = 34 [ RunTime:0.000533s ]
[ sql ] [ SQL ] SELECT * FROM `bk_cate` WHERE  `pid` = 35 [ RunTime:0.002366s ]
[ sql ] [ SQL ] SELECT * FROM `bk_cate` WHERE  `pid` = 37 [ RunTime:0.000585s ]
[ sql ] [ SQL ] SHOW COLUMNS FROM `bk_article` [ RunTime:0.006456s ]
[ sql ] [ SQL ] SELECT `a`.`id`,`a`.`title`,`a`.`desc`,`a`.`thumb`,`a`.`click`,`a`.`zan`,`a`.`time`,`c`.`catename`,`a`.`cateid` FROM `bk_article` `a` INNER JOIN `bk_cate` `c` ON `a`.`cateid`=`c`.`id` ORDER BY `a`.`id` DESC LIMIT 5 [ RunTime:0.000756s ]
[ sql ] [ SQL ] SELECT `id`,`title`,`thumb` FROM `bk_article` ORDER BY `click` DESC LIMIT 5 [ RunTime:0.002057s ]
[ sql ] [ SQL ] SELECT `id`,`thumb`,`title` FROM `bk_article` WHERE  `rec` = 1 ORDER BY `id` DESC LIMIT 4 [ RunTime:0.003998s ]
[ sql ] [ SQL ] SHOW COLUMNS FROM `bk_link` [ RunTime:0.010432s ]
[ sql ] [ SQL ] SELECT * FROM `bk_link` ORDER BY `sortn` DESC [ RunTime:0.002239s ]
---------------------------------------------------------------
[ 2020-04-02T09:36:35+08:00 ] 0.0.0.0 GET localhost/tp5/public/static/index/style/jquery.error.js
[运行时间：0.029104s] [吞吐率：34.36req/s] [内存消耗：1,166.60kb] [文件加载：30]
[ info ] [ LANG ] /Applications/XAMPP/xamppfiles/htdocs/tp5/thinkphp/lang/zh-cn.php
[ info ] [ ROUTE ] array (
  'type' => 'module',
  'module' => 
  array (
    0 => 'static',
    1 => 'index',
    2 => 'style',
  ),
)
[ info ] [ HEADER ] array (
  'host' => 'localhost',
  'user-agent' => 'Mozilla/5.0 (Macintosh; Intel Mac OS X 10.13; rv:74.0) Gecko/20100101 Firefox/74.0',
  'accept' => '*/*',
  'accept-language' => 'zh-CN,zh;q=0.8,zh-TW;q=0.7,zh-HK;q=0.5,en-US;q=0.3,en;q=0.2',
  'accept-encoding' => 'gzip, deflate',
  'connection' => 'keep-alive',
  'referer' => 'http://localhost/tp5/public/index/index/index.html',
  'cookie' => 'Phpstorm-1c598e3f=7b0d8230-4d2d-48e8-abd4-f822f77f098d',
)
[ info ] [ PARAM ] array (
)
[ info ] [ LOG ] INIT File
---------------------------------------------------------------
[ 2020-04-02T09:36:35+08:00 ] 0.0.0.0 GET localhost/tp5/public/static/index/style/jquery.form.js
[运行时间：0.036233s] [吞吐率：27.60req/s] [内存消耗：1,166.60kb] [文件加载：30]
[ info ] [ LANG ] /Applications/XAMPP/xamppfiles/htdocs/tp5/thinkphp/lang/zh-cn.php
[ info ] [ ROUTE ] array (
  'type' => 'module',
  'module' => 
  array (
    0 => 'static',
    1 => 'index',
    2 => 'style',
  ),
)
[ info ] [ HEADER ] array (
  'host' => 'localhost',
  'user-agent' => 'Mozilla/5.0 (Macintosh; Intel Mac OS X 10.13; rv:74.0) Gecko/20100101 Firefox/74.0',
  'accept' => '*/*',
  'accept-language' => 'zh-CN,zh;q=0.8,zh-TW;q=0.7,zh-HK;q=0.5,en-US;q=0.3,en;q=0.2',
  'accept-encoding' => 'gzip, deflate',
  'connection' => 'keep-alive',
  'referer' => 'http://localhost/tp5/public/index/index/index.html',
  'cookie' => 'Phpstorm-1c598e3f=7b0d8230-4d2d-48e8-abd4-f822f77f098d',
)
[ info ] [ PARAM ] array (
)
[ info ] [ LOG ] INIT File
---------------------------------------------------------------
[ 2020-04-02T09:36:35+08:00 ] 0.0.0.0 GET localhost/tp5/public/static/index/style/img/tg.jpg
[运行时间：0.019189s] [吞吐率：52.11req/s] [内存消耗：1,167.47kb] [文件加载：30]
[ info ] [ LANG ] /Applications/XAMPP/xamppfiles/htdocs/tp5/thinkphp/lang/zh-cn.php
[ info ] [ ROUTE ] array (
  'type' => 'module',
  'module' => 
  array (
    0 => 'static',
    1 => 'index',
    2 => 'style',
  ),
)
[ info ] [ HEADER ] array (
  'host' => 'localhost',
  'user-agent' => 'Mozilla/5.0 (Macintosh; Intel Mac OS X 10.13; rv:74.0) Gecko/20100101 Firefox/74.0',
  'accept' => 'image/webp,*/*',
  'accept-language' => 'zh-CN,zh;q=0.8,zh-TW;q=0.7,zh-HK;q=0.5,en-US;q=0.3,en;q=0.2',
  'accept-encoding' => 'gzip, deflate',
  'connection' => 'keep-alive',
  'referer' => 'http://localhost/tp5/public/index/index/index.html',
  'cookie' => 'Phpstorm-1c598e3f=7b0d8230-4d2d-48e8-abd4-f822f77f098d',
)
[ info ] [ PARAM ] array (
  'img' => 'tg.jpg',
)
[ info ] [ LOG ] INIT File
---------------------------------------------------------------
[ 2020-04-02T09:36:35+08:00 ] 0.0.0.0 GET localhost/tp5/public/static/index/style/jquery.form.js
[运行时间：0.017734s] [吞吐率：56.39req/s] [内存消耗：1,166.60kb] [文件加载：30]
[ info ] [ LANG ] /Applications/XAMPP/xamppfiles/htdocs/tp5/thinkphp/lang/zh-cn.php
[ info ] [ ROUTE ] array (
  'type' => 'module',
  'module' => 
  array (
    0 => 'static',
    1 => 'index',
    2 => 'style',
  ),
)
[ info ] [ HEADER ] array (
  'host' => 'localhost',
  'user-agent' => 'Mozilla/5.0 (Macintosh; Intel Mac OS X 10.13; rv:74.0) Gecko/20100101 Firefox/74.0',
  'accept' => '*/*',
  'accept-language' => 'zh-CN,zh;q=0.8,zh-TW;q=0.7,zh-HK;q=0.5,en-US;q=0.3,en;q=0.2',
  'accept-encoding' => 'gzip, deflate',
  'connection' => 'keep-alive',
  'referer' => 'http://localhost/tp5/public/index/index/index.html',
  'cookie' => 'Phpstorm-1c598e3f=7b0d8230-4d2d-48e8-abd4-f822f77f098d',
)
[ info ] [ PARAM ] array (
)
[ info ] [ LOG ] INIT File
---------------------------------------------------------------
[ 2020-04-02T09:36:35+08:00 ] 0.0.0.0 GET localhost/tp5/public/static/index/images/sitemap-dot.gif
[运行时间：0.053220s] [吞吐率：18.79req/s] [内存消耗：1,166.78kb] [文件加载：30]
[ info ] [ LANG ] /Applications/XAMPP/xamppfiles/htdocs/tp5/thinkphp/lang/zh-cn.php
[ info ] [ ROUTE ] array (
  'type' => 'module',
  'module' => 
  array (
    0 => 'static',
    1 => 'index',
    2 => 'images',
  ),
)
[ info ] [ HEADER ] array (
  'host' => 'localhost',
  'user-agent' => 'Mozilla/5.0 (Macintosh; Intel Mac OS X 10.13; rv:74.0) Gecko/20100101 Firefox/74.0',
  'accept' => 'image/webp,*/*',
  'accept-language' => 'zh-CN,zh;q=0.8,zh-TW;q=0.7,zh-HK;q=0.5,en-US;q=0.3,en;q=0.2',
  'accept-encoding' => 'gzip, deflate',
  'connection' => 'keep-alive',
  'referer' => 'http://localhost/tp5/public/static/index/style/style.css',
  'cookie' => 'Phpstorm-1c598e3f=7b0d8230-4d2d-48e8-abd4-f822f77f098d',
)
[ info ] [ PARAM ] array (
)
[ info ] [ LOG ] INIT File
---------------------------------------------------------------
[ 2020-04-02T09:36:35+08:00 ] 0.0.0.0 GET localhost/tp5/public/static/index/images/focus-bg2.png
[运行时间：0.051758s] [吞吐率：19.32req/s] [内存消耗：1,166.78kb] [文件加载：30]
[ info ] [ LANG ] /Applications/XAMPP/xamppfiles/htdocs/tp5/thinkphp/lang/zh-cn.php
[ info ] [ ROUTE ] array (
  'type' => 'module',
  'module' => 
  array (
    0 => 'static',
    1 => 'index',
    2 => 'images',
  ),
)
[ info ] [ HEADER ] array (
  'host' => 'localhost',
  'user-agent' => 'Mozilla/5.0 (Macintosh; Intel Mac OS X 10.13; rv:74.0) Gecko/20100101 Firefox/74.0',
  'accept' => 'image/webp,*/*',
  'accept-language' => 'zh-CN,zh;q=0.8,zh-TW;q=0.7,zh-HK;q=0.5,en-US;q=0.3,en;q=0.2',
  'accept-encoding' => 'gzip, deflate',
  'connection' => 'keep-alive',
  'referer' => 'http://localhost/tp5/public/static/index/style/style.css',
  'cookie' => 'Phpstorm-1c598e3f=7b0d8230-4d2d-48e8-abd4-f822f77f098d',
)
[ info ] [ PARAM ] array (
)
[ info ] [ LOG ] INIT File
---------------------------------------------------------------
[ 2020-04-02T09:36:35+08:00 ] 0.0.0.0 GET localhost/tp5/public/static/index/images/loading.gif
[运行时间：0.058243s] [吞吐率：17.17req/s] [内存消耗：1,166.77kb] [文件加载：30]
[ info ] [ LANG ] /Applications/XAMPP/xamppfiles/htdocs/tp5/thinkphp/lang/zh-cn.php
[ info ] [ ROUTE ] array (
  'type' => 'module',
  'module' => 
  array (
    0 => 'static',
    1 => 'index',
    2 => 'images',
  ),
)
[ info ] [ HEADER ] array (
  'host' => 'localhost',
  'user-agent' => 'Mozilla/5.0 (Macintosh; Intel Mac OS X 10.13; rv:74.0) Gecko/20100101 Firefox/74.0',
  'accept' => 'image/webp,*/*',
  'accept-language' => 'zh-CN,zh;q=0.8,zh-TW;q=0.7,zh-HK;q=0.5,en-US;q=0.3,en;q=0.2',
  'accept-encoding' => 'gzip, deflate',
  'connection' => 'keep-alive',
  'referer' => 'http://localhost/tp5/public/static/index/style/style.css',
  'cookie' => 'Phpstorm-1c598e3f=7b0d8230-4d2d-48e8-abd4-f822f77f098d',
)
[ info ] [ PARAM ] array (
)
[ info ] [ LOG ] INIT File
---------------------------------------------------------------
[ 2020-04-02T09:36:35+08:00 ] 0.0.0.0 GET localhost/tp5/public/static/index/style/img/tg.jpg
[运行时间：0.112540s] [吞吐率：8.89req/s] [内存消耗：1,167.47kb] [文件加载：30]
[ info ] [ LANG ] /Applications/XAMPP/xamppfiles/htdocs/tp5/thinkphp/lang/zh-cn.php
[ info ] [ ROUTE ] array (
  'type' => 'module',
  'module' => 
  array (
    0 => 'static',
    1 => 'index',
    2 => 'style',
  ),
)
[ info ] [ HEADER ] array (
  'host' => 'localhost',
  'user-agent' => 'Mozilla/5.0 (Macintosh; Intel Mac OS X 10.13; rv:74.0) Gecko/20100101 Firefox/74.0',
  'accept' => 'image/webp,*/*',
  'accept-language' => 'zh-CN,zh;q=0.8,zh-TW;q=0.7,zh-HK;q=0.5,en-US;q=0.3,en;q=0.2',
  'accept-encoding' => 'gzip, deflate',
  'connection' => 'keep-alive',
  'referer' => 'http://localhost/tp5/public/index/index/index.html',
  'cookie' => 'Phpstorm-1c598e3f=7b0d8230-4d2d-48e8-abd4-f822f77f098d',
)
[ info ] [ PARAM ] array (
  'img' => 'tg.jpg',
)
[ info ] [ LOG ] INIT File
---------------------------------------------------------------
[ 2020-04-02T09:36:35+08:00 ] 0.0.0.0 GET localhost/tp5/public/index/index/images/focus-left-bg.png
[运行时间：0.095434s] [吞吐率：10.48req/s] [内存消耗：2,507.89kb] [文件加载：48]
[ info ] [ LANG ] /Applications/XAMPP/xamppfiles/htdocs/tp5/thinkphp/lang/zh-cn.php
[ info ] [ ROUTE ] array (
  'type' => 'module',
  'module' => 
  array (
    0 => 'index',
    1 => 'index',
    2 => 'images',
  ),
)
[ info ] [ HEADER ] array (
  'host' => 'localhost',
  'user-agent' => 'Mozilla/5.0 (Macintosh; Intel Mac OS X 10.13; rv:74.0) Gecko/20100101 Firefox/74.0',
  'accept' => 'image/webp,*/*',
  'accept-language' => 'zh-CN,zh;q=0.8,zh-TW;q=0.7,zh-HK;q=0.5,en-US;q=0.3,en;q=0.2',
  'accept-encoding' => 'gzip, deflate',
  'connection' => 'keep-alive',
  'referer' => 'http://localhost/tp5/public/index/index/index.html',
  'cookie' => 'Phpstorm-1c598e3f=7b0d8230-4d2d-48e8-abd4-f822f77f098d',
)
[ info ] [ PARAM ] array (
)
[ info ] [ DB ] INIT mysql
[ info ] [ LOG ] INIT File
[ sql ] [ DB ] CONNECT:[ UseTime:0.001247s ] mysql:host=127.0.0.1;port=3306;dbname=bick;charset=utf8
[ sql ] [ SQL ] SHOW COLUMNS FROM `bk_conf` [ RunTime:0.004717s ]
[ sql ] [ SQL ] SELECT `enname`,`cnname` FROM `bk_conf` [ RunTime:0.000517s ]
[ sql ] [ SQL ] SHOW COLUMNS FROM `bk_cate` [ RunTime:0.004367s ]
[ sql ] [ SQL ] SELECT * FROM `bk_cate` WHERE  `pid` = 0 [ RunTime:0.000817s ]
[ sql ] [ SQL ] SELECT * FROM `bk_cate` WHERE  `pid` = 28 [ RunTime:0.000655s ]
[ sql ] [ SQL ] SELECT * FROM `bk_cate` WHERE  `pid` = 31 [ RunTime:0.000497s ]
[ sql ] [ SQL ] SELECT * FROM `bk_cate` WHERE  `pid` = 34 [ RunTime:0.000546s ]
[ sql ] [ SQL ] SELECT * FROM `bk_cate` WHERE  `pid` = 35 [ RunTime:0.000629s ]
[ sql ] [ SQL ] SELECT * FROM `bk_cate` WHERE  `pid` = 37 [ RunTime:0.000536s ]
---------------------------------------------------------------
[ 2020-04-02T09:36:41+08:00 ] 0.0.0.0 GET localhost/tp5/public/index/index/index.html?start_debug=1&send_sess_end=1&debug_start_session=1&debug_session_id=14738&debug_port=10137&debug_host=192.168.0.15%2C127.0.0.1
[运行时间：0.088428s] [吞吐率：11.31req/s] [内存消耗：2,610.78kb] [文件加载：49]
[ info ] [ LANG ] /Applications/XAMPP/xamppfiles/htdocs/tp5/thinkphp/lang/zh-cn.php
[ info ] [ ROUTE ] array (
  'type' => 'module',
  'module' => 
  array (
    0 => 'index',
    1 => 'index',
    2 => 'index',
  ),
)
[ info ] [ HEADER ] array (
  'host' => 'localhost',
  'user-agent' => 'Mozilla/5.0 (Macintosh; Intel Mac OS X 10.13; rv:74.0) Gecko/20100101 Firefox/74.0',
  'accept' => 'text/html,application/xhtml+xml,application/xml;q=0.9,image/webp,*/*;q=0.8',
  'accept-language' => 'zh-CN,zh;q=0.8,zh-TW;q=0.7,zh-HK;q=0.5,en-US;q=0.3,en;q=0.2',
  'accept-encoding' => 'gzip, deflate',
  'connection' => 'keep-alive',
  'cookie' => 'Phpstorm-1c598e3f=7b0d8230-4d2d-48e8-abd4-f822f77f098d',
  'upgrade-insecure-requests' => '1',
)
[ info ] [ PARAM ] array (
  'start_debug' => '1',
  'send_sess_end' => '1',
  'debug_start_session' => '1',
  'debug_session_id' => '14738',
  'debug_port' => '10137',
  'debug_host' => '192.168.0.15,127.0.0.1',
)
[ info ] [ DB ] INIT mysql
[ info ] [ RUN ] app\index\controller\Index->index[ /Applications/XAMPP/xamppfiles/htdocs/tp5/application/index/controller/Index.php ]
[ info ] [ VIEW ] /Applications/XAMPP/xamppfiles/htdocs/tp5/public/../application/index/view/index/index.htm [ array (
  0 => 'confres',
  1 => 'cateres',
  2 => 'newarticleres',
  3 => 'sitehotres',
  4 => 'linkres',
  5 => 'recartres',
) ]
[ info ] [ LOG ] INIT File
[ sql ] [ DB ] CONNECT:[ UseTime:0.000764s ] mysql:host=127.0.0.1;port=3306;dbname=bick;charset=utf8
[ sql ] [ SQL ] SHOW COLUMNS FROM `bk_conf` [ RunTime:0.005261s ]
[ sql ] [ SQL ] SELECT `enname`,`cnname` FROM `bk_conf` [ RunTime:0.000469s ]
[ sql ] [ SQL ] SHOW COLUMNS FROM `bk_cate` [ RunTime:0.003914s ]
[ sql ] [ SQL ] SELECT * FROM `bk_cate` WHERE  `pid` = 0 [ RunTime:0.001181s ]
[ sql ] [ SQL ] SELECT * FROM `bk_cate` WHERE  `pid` = 28 [ RunTime:0.000460s ]
[ sql ] [ SQL ] SELECT * FROM `bk_cate` WHERE  `pid` = 31 [ RunTime:0.000400s ]
[ sql ] [ SQL ] SELECT * FROM `bk_cate` WHERE  `pid` = 34 [ RunTime:0.000358s ]
[ sql ] [ SQL ] SELECT * FROM `bk_cate` WHERE  `pid` = 35 [ RunTime:0.000393s ]
[ sql ] [ SQL ] SELECT * FROM `bk_cate` WHERE  `pid` = 37 [ RunTime:0.000369s ]
[ sql ] [ SQL ] SHOW COLUMNS FROM `bk_article` [ RunTime:0.004127s ]
[ sql ] [ SQL ] SELECT `a`.`id`,`a`.`title`,`a`.`desc`,`a`.`thumb`,`a`.`click`,`a`.`zan`,`a`.`time`,`c`.`catename`,`a`.`cateid` FROM `bk_article` `a` INNER JOIN `bk_cate` `c` ON `a`.`cateid`=`c`.`id` ORDER BY `a`.`id` DESC LIMIT 5 [ RunTime:0.000614s ]
[ sql ] [ SQL ] SELECT `id`,`title`,`thumb` FROM `bk_article` ORDER BY `click` DESC LIMIT 5 [ RunTime:0.000670s ]
[ sql ] [ SQL ] SELECT `id`,`thumb`,`title` FROM `bk_article` WHERE  `rec` = 1 ORDER BY `id` DESC LIMIT 4 [ RunTime:0.000753s ]
[ sql ] [ SQL ] SHOW COLUMNS FROM `bk_link` [ RunTime:0.004150s ]
[ sql ] [ SQL ] SELECT * FROM `bk_link` ORDER BY `sortn` DESC [ RunTime:0.000520s ]
---------------------------------------------------------------
[ 2020-04-02T09:36:41+08:00 ] 0.0.0.0 GET localhost/tp5/public/static/index/style/jquery.form.js
[运行时间：0.034141s] [吞吐率：29.29req/s] [内存消耗：1,167.12kb] [文件加载：30]
[ info ] [ LANG ] /Applications/XAMPP/xamppfiles/htdocs/tp5/thinkphp/lang/zh-cn.php
[ info ] [ ROUTE ] array (
  'type' => 'module',
  'module' => 
  array (
    0 => 'static',
    1 => 'index',
    2 => 'style',
  ),
)
[ info ] [ HEADER ] array (
  'host' => 'localhost',
  'user-agent' => 'Mozilla/5.0 (Macintosh; Intel Mac OS X 10.13; rv:74.0) Gecko/20100101 Firefox/74.0',
  'accept' => '*/*',
  'accept-language' => 'zh-CN,zh;q=0.8,zh-TW;q=0.7,zh-HK;q=0.5,en-US;q=0.3,en;q=0.2',
  'accept-encoding' => 'gzip, deflate',
  'connection' => 'keep-alive',
  'referer' => 'http://localhost/tp5/public/index/index/index.html?start_debug=1&send_sess_end=1&debug_start_session=1&debug_session_id=14738&debug_port=10137&debug_host=192.168.0.15%2C127.0.0.1',
  'cookie' => 'Phpstorm-1c598e3f=7b0d8230-4d2d-48e8-abd4-f822f77f098d',
)
[ info ] [ PARAM ] array (
)
[ info ] [ LOG ] INIT File
---------------------------------------------------------------
[ 2020-04-02T09:36:41+08:00 ] 0.0.0.0 GET localhost/tp5/public/static/index/style/jquery.error.js
[运行时间：0.061630s] [吞吐率：16.23req/s] [内存消耗：1,167.12kb] [文件加载：30]
[ info ] [ LANG ] /Applications/XAMPP/xamppfiles/htdocs/tp5/thinkphp/lang/zh-cn.php
[ info ] [ ROUTE ] array (
  'type' => 'module',
  'module' => 
  array (
    0 => 'static',
    1 => 'index',
    2 => 'style',
  ),
)
[ info ] [ HEADER ] array (
  'host' => 'localhost',
  'user-agent' => 'Mozilla/5.0 (Macintosh; Intel Mac OS X 10.13; rv:74.0) Gecko/20100101 Firefox/74.0',
  'accept' => '*/*',
  'accept-language' => 'zh-CN,zh;q=0.8,zh-TW;q=0.7,zh-HK;q=0.5,en-US;q=0.3,en;q=0.2',
  'accept-encoding' => 'gzip, deflate',
  'connection' => 'keep-alive',
  'referer' => 'http://localhost/tp5/public/index/index/index.html?start_debug=1&send_sess_end=1&debug_start_session=1&debug_session_id=14738&debug_port=10137&debug_host=192.168.0.15%2C127.0.0.1',
  'cookie' => 'Phpstorm-1c598e3f=7b0d8230-4d2d-48e8-abd4-f822f77f098d',
)
[ info ] [ PARAM ] array (
)
[ info ] [ LOG ] INIT File
---------------------------------------------------------------
[ 2020-04-02T09:36:41+08:00 ] 0.0.0.0 GET localhost/tp5/public/static/index/style/img/tg.jpg
[运行时间：0.021109s] [吞吐率：47.37req/s] [内存消耗：1,167.98kb] [文件加载：30]
[ info ] [ LANG ] /Applications/XAMPP/xamppfiles/htdocs/tp5/thinkphp/lang/zh-cn.php
[ info ] [ ROUTE ] array (
  'type' => 'module',
  'module' => 
  array (
    0 => 'static',
    1 => 'index',
    2 => 'style',
  ),
)
[ info ] [ HEADER ] array (
  'host' => 'localhost',
  'user-agent' => 'Mozilla/5.0 (Macintosh; Intel Mac OS X 10.13; rv:74.0) Gecko/20100101 Firefox/74.0',
  'accept' => 'image/webp,*/*',
  'accept-language' => 'zh-CN,zh;q=0.8,zh-TW;q=0.7,zh-HK;q=0.5,en-US;q=0.3,en;q=0.2',
  'accept-encoding' => 'gzip, deflate',
  'connection' => 'keep-alive',
  'referer' => 'http://localhost/tp5/public/index/index/index.html?start_debug=1&send_sess_end=1&debug_start_session=1&debug_session_id=14738&debug_port=10137&debug_host=192.168.0.15%2C127.0.0.1',
  'cookie' => 'Phpstorm-1c598e3f=7b0d8230-4d2d-48e8-abd4-f822f77f098d',
)
[ info ] [ PARAM ] array (
  'img' => 'tg.jpg',
)
[ info ] [ LOG ] INIT File
---------------------------------------------------------------
[ 2020-04-02T09:36:41+08:00 ] 0.0.0.0 GET localhost/tp5/public/static/index/style/jquery.form.js
[运行时间：0.020738s] [吞吐率：48.22req/s] [内存消耗：1,167.12kb] [文件加载：30]
[ info ] [ LANG ] /Applications/XAMPP/xamppfiles/htdocs/tp5/thinkphp/lang/zh-cn.php
[ info ] [ ROUTE ] array (
  'type' => 'module',
  'module' => 
  array (
    0 => 'static',
    1 => 'index',
    2 => 'style',
  ),
)
[ info ] [ HEADER ] array (
  'host' => 'localhost',
  'user-agent' => 'Mozilla/5.0 (Macintosh; Intel Mac OS X 10.13; rv:74.0) Gecko/20100101 Firefox/74.0',
  'accept' => '*/*',
  'accept-language' => 'zh-CN,zh;q=0.8,zh-TW;q=0.7,zh-HK;q=0.5,en-US;q=0.3,en;q=0.2',
  'accept-encoding' => 'gzip, deflate',
  'connection' => 'keep-alive',
  'referer' => 'http://localhost/tp5/public/index/index/index.html?start_debug=1&send_sess_end=1&debug_start_session=1&debug_session_id=14738&debug_port=10137&debug_host=192.168.0.15%2C127.0.0.1',
  'cookie' => 'Phpstorm-1c598e3f=7b0d8230-4d2d-48e8-abd4-f822f77f098d',
)
[ info ] [ PARAM ] array (
)
[ info ] [ LOG ] INIT File
---------------------------------------------------------------
[ 2020-04-02T09:36:41+08:00 ] 0.0.0.0 GET localhost/tp5/public/static/index/images/sitemap-dot.gif
[运行时间：0.037873s] [吞吐率：26.40req/s] [内存消耗：1,166.78kb] [文件加载：30]
[ info ] [ LANG ] /Applications/XAMPP/xamppfiles/htdocs/tp5/thinkphp/lang/zh-cn.php
[ info ] [ ROUTE ] array (
  'type' => 'module',
  'module' => 
  array (
    0 => 'static',
    1 => 'index',
    2 => 'images',
  ),
)
[ info ] [ HEADER ] array (
  'host' => 'localhost',
  'user-agent' => 'Mozilla/5.0 (Macintosh; Intel Mac OS X 10.13; rv:74.0) Gecko/20100101 Firefox/74.0',
  'accept' => 'image/webp,*/*',
  'accept-language' => 'zh-CN,zh;q=0.8,zh-TW;q=0.7,zh-HK;q=0.5,en-US;q=0.3,en;q=0.2',
  'accept-encoding' => 'gzip, deflate',
  'connection' => 'keep-alive',
  'referer' => 'http://localhost/tp5/public/static/index/style/style.css',
  'cookie' => 'Phpstorm-1c598e3f=7b0d8230-4d2d-48e8-abd4-f822f77f098d',
)
[ info ] [ PARAM ] array (
)
[ info ] [ LOG ] INIT File
---------------------------------------------------------------
[ 2020-04-02T09:36:41+08:00 ] 0.0.0.0 GET localhost/tp5/public/static/index/images/focus-bg2.png
[运行时间：0.045138s] [吞吐率：22.15req/s] [内存消耗：1,166.78kb] [文件加载：30]
[ info ] [ LANG ] /Applications/XAMPP/xamppfiles/htdocs/tp5/thinkphp/lang/zh-cn.php
[ info ] [ ROUTE ] array (
  'type' => 'module',
  'module' => 
  array (
    0 => 'static',
    1 => 'index',
    2 => 'images',
  ),
)
[ info ] [ HEADER ] array (
  'host' => 'localhost',
  'user-agent' => 'Mozilla/5.0 (Macintosh; Intel Mac OS X 10.13; rv:74.0) Gecko/20100101 Firefox/74.0',
  'accept' => 'image/webp,*/*',
  'accept-language' => 'zh-CN,zh;q=0.8,zh-TW;q=0.7,zh-HK;q=0.5,en-US;q=0.3,en;q=0.2',
  'accept-encoding' => 'gzip, deflate',
  'connection' => 'keep-alive',
  'referer' => 'http://localhost/tp5/public/static/index/style/style.css',
  'cookie' => 'Phpstorm-1c598e3f=7b0d8230-4d2d-48e8-abd4-f822f77f098d',
)
[ info ] [ PARAM ] array (
)
[ info ] [ LOG ] INIT File
---------------------------------------------------------------
[ 2020-04-02T09:36:41+08:00 ] 0.0.0.0 GET localhost/tp5/public/static/index/images/loading.gif
[运行时间：0.073952s] [吞吐率：13.52req/s] [内存消耗：1,166.77kb] [文件加载：30]
[ info ] [ LANG ] /Applications/XAMPP/xamppfiles/htdocs/tp5/thinkphp/lang/zh-cn.php
[ info ] [ ROUTE ] array (
  'type' => 'module',
  'module' => 
  array (
    0 => 'static',
    1 => 'index',
    2 => 'images',
  ),
)
[ info ] [ HEADER ] array (
  'host' => 'localhost',
  'user-agent' => 'Mozilla/5.0 (Macintosh; Intel Mac OS X 10.13; rv:74.0) Gecko/20100101 Firefox/74.0',
  'accept' => 'image/webp,*/*',
  'accept-language' => 'zh-CN,zh;q=0.8,zh-TW;q=0.7,zh-HK;q=0.5,en-US;q=0.3,en;q=0.2',
  'accept-encoding' => 'gzip, deflate',
  'connection' => 'keep-alive',
  'referer' => 'http://localhost/tp5/public/static/index/style/style.css',
  'cookie' => 'Phpstorm-1c598e3f=7b0d8230-4d2d-48e8-abd4-f822f77f098d',
)
[ info ] [ PARAM ] array (
)
[ info ] [ LOG ] INIT File
---------------------------------------------------------------
[ 2020-04-02T09:36:41+08:00 ] 0.0.0.0 GET localhost/tp5/public/static/index/style/img/tg.jpg
[运行时间：0.084291s] [吞吐率：11.86req/s] [内存消耗：1,167.98kb] [文件加载：30]
[ info ] [ LANG ] /Applications/XAMPP/xamppfiles/htdocs/tp5/thinkphp/lang/zh-cn.php
[ info ] [ ROUTE ] array (
  'type' => 'module',
  'module' => 
  array (
    0 => 'static',
    1 => 'index',
    2 => 'style',
  ),
)
[ info ] [ HEADER ] array (
  'host' => 'localhost',
  'user-agent' => 'Mozilla/5.0 (Macintosh; Intel Mac OS X 10.13; rv:74.0) Gecko/20100101 Firefox/74.0',
  'accept' => 'image/webp,*/*',
  'accept-language' => 'zh-CN,zh;q=0.8,zh-TW;q=0.7,zh-HK;q=0.5,en-US;q=0.3,en;q=0.2',
  'accept-encoding' => 'gzip, deflate',
  'connection' => 'keep-alive',
  'referer' => 'http://localhost/tp5/public/index/index/index.html?start_debug=1&send_sess_end=1&debug_start_session=1&debug_session_id=14738&debug_port=10137&debug_host=192.168.0.15%2C127.0.0.1',
  'cookie' => 'Phpstorm-1c598e3f=7b0d8230-4d2d-48e8-abd4-f822f77f098d',
)
[ info ] [ PARAM ] array (
  'img' => 'tg.jpg',
)
[ info ] [ LOG ] INIT File
---------------------------------------------------------------
[ 2020-04-02T09:36:42+08:00 ] 0.0.0.0 GET localhost/tp5/public/index/index/images/focus-left-bg.png
[运行时间：0.143783s] [吞吐率：6.95req/s] [内存消耗：2,508.41kb] [文件加载：48]
[ info ] [ LANG ] /Applications/XAMPP/xamppfiles/htdocs/tp5/thinkphp/lang/zh-cn.php
[ info ] [ ROUTE ] array (
  'type' => 'module',
  'module' => 
  array (
    0 => 'index',
    1 => 'index',
    2 => 'images',
  ),
)
[ info ] [ HEADER ] array (
  'host' => 'localhost',
  'user-agent' => 'Mozilla/5.0 (Macintosh; Intel Mac OS X 10.13; rv:74.0) Gecko/20100101 Firefox/74.0',
  'accept' => 'image/webp,*/*',
  'accept-language' => 'zh-CN,zh;q=0.8,zh-TW;q=0.7,zh-HK;q=0.5,en-US;q=0.3,en;q=0.2',
  'accept-encoding' => 'gzip, deflate',
  'connection' => 'keep-alive',
  'referer' => 'http://localhost/tp5/public/index/index/index.html?start_debug=1&send_sess_end=1&debug_start_session=1&debug_session_id=14738&debug_port=10137&debug_host=192.168.0.15%2C127.0.0.1',
  'cookie' => 'Phpstorm-1c598e3f=7b0d8230-4d2d-48e8-abd4-f822f77f098d',
)
[ info ] [ PARAM ] array (
)
[ info ] [ DB ] INIT mysql
[ info ] [ LOG ] INIT File
[ sql ] [ DB ] CONNECT:[ UseTime:0.043745s ] mysql:host=127.0.0.1;port=3306;dbname=bick;charset=utf8
[ sql ] [ SQL ] SHOW COLUMNS FROM `bk_conf` [ RunTime:0.007672s ]
[ sql ] [ SQL ] SELECT `enname`,`cnname` FROM `bk_conf` [ RunTime:0.000497s ]
[ sql ] [ SQL ] SHOW COLUMNS FROM `bk_cate` [ RunTime:0.005104s ]
[ sql ] [ SQL ] SELECT * FROM `bk_cate` WHERE  `pid` = 0 [ RunTime:0.000762s ]
[ sql ] [ SQL ] SELECT * FROM `bk_cate` WHERE  `pid` = 28 [ RunTime:0.000497s ]
[ sql ] [ SQL ] SELECT * FROM `bk_cate` WHERE  `pid` = 31 [ RunTime:0.000495s ]
[ sql ] [ SQL ] SELECT * FROM `bk_cate` WHERE  `pid` = 34 [ RunTime:0.000509s ]
[ sql ] [ SQL ] SELECT * FROM `bk_cate` WHERE  `pid` = 35 [ RunTime:0.000573s ]
[ sql ] [ SQL ] SELECT * FROM `bk_cate` WHERE  `pid` = 37 [ RunTime:0.000507s ]
---------------------------------------------------------------
[ 2020-04-02T13:05:07+08:00 ] 127.0.0.1 GET 127.0.0.1/tp5/public/index/index/index.html
[运行时间：0.131905s] [吞吐率：7.58req/s] [内存消耗：2,609.15kb] [文件加载：49]
[ info ] [ LANG ] /Applications/XAMPP/xamppfiles/htdocs/tp5/thinkphp/lang/zh-cn.php
[ info ] [ ROUTE ] array (
  'type' => 'module',
  'module' => 
  array (
    0 => 'index',
    1 => 'index',
    2 => 'index',
  ),
)
[ info ] [ HEADER ] array (
  'host' => '127.0.0.1',
  'user-agent' => 'Mozilla/5.0 (Macintosh; Intel Mac OS X 10.13; rv:74.0) Gecko/20100101 Firefox/74.0',
  'accept' => 'text/html,application/xhtml+xml,application/xml;q=0.9,image/webp,*/*;q=0.8',
  'accept-language' => 'zh-CN,zh;q=0.8,zh-TW;q=0.7,zh-HK;q=0.5,en-US;q=0.3,en;q=0.2',
  'accept-encoding' => 'gzip, deflate',
  'connection' => 'keep-alive',
  'upgrade-insecure-requests' => '1',
)
[ info ] [ PARAM ] array (
)
[ info ] [ DB ] INIT mysql
[ info ] [ RUN ] app\index\controller\Index->index[ /Applications/XAMPP/xamppfiles/htdocs/tp5/application/index/controller/Index.php ]
[ info ] [ VIEW ] /Applications/XAMPP/xamppfiles/htdocs/tp5/public/../application/index/view/index/index.htm [ array (
  0 => 'confres',
  1 => 'cateres',
  2 => 'newarticleres',
  3 => 'sitehotres',
  4 => 'linkres',
  5 => 'recartres',
) ]
[ info ] [ LOG ] INIT File
[ sql ] [ DB ] CONNECT:[ UseTime:0.002659s ] mysql:host=127.0.0.1;port=3306;dbname=bick;charset=utf8
[ sql ] [ SQL ] SHOW COLUMNS FROM `bk_conf` [ RunTime:0.025244s ]
[ sql ] [ SQL ] SELECT `enname`,`cnname` FROM `bk_conf` [ RunTime:0.002074s ]
[ sql ] [ SQL ] SHOW COLUMNS FROM `bk_cate` [ RunTime:0.004882s ]
[ sql ] [ SQL ] SELECT * FROM `bk_cate` WHERE  `pid` = 0 [ RunTime:0.002687s ]
[ sql ] [ SQL ] SELECT * FROM `bk_cate` WHERE  `pid` = 28 [ RunTime:0.000361s ]
[ sql ] [ SQL ] SELECT * FROM `bk_cate` WHERE  `pid` = 31 [ RunTime:0.000319s ]
[ sql ] [ SQL ] SELECT * FROM `bk_cate` WHERE  `pid` = 34 [ RunTime:0.000301s ]
[ sql ] [ SQL ] SELECT * FROM `bk_cate` WHERE  `pid` = 35 [ RunTime:0.000306s ]
[ sql ] [ SQL ] SELECT * FROM `bk_cate` WHERE  `pid` = 37 [ RunTime:0.000299s ]
[ sql ] [ SQL ] SHOW COLUMNS FROM `bk_article` [ RunTime:0.005022s ]
[ sql ] [ SQL ] SELECT `a`.`id`,`a`.`title`,`a`.`desc`,`a`.`thumb`,`a`.`click`,`a`.`zan`,`a`.`time`,`c`.`catename`,`a`.`cateid` FROM `bk_article` `a` INNER JOIN `bk_cate` `c` ON `a`.`cateid`=`c`.`id` ORDER BY `a`.`id` DESC LIMIT 5 [ RunTime:0.000576s ]
[ sql ] [ SQL ] SELECT `id`,`title`,`thumb` FROM `bk_article` ORDER BY `click` DESC LIMIT 5 [ RunTime:0.000351s ]
[ sql ] [ SQL ] SELECT `id`,`thumb`,`title` FROM `bk_article` WHERE  `rec` = 1 ORDER BY `id` DESC LIMIT 4 [ RunTime:0.000329s ]
[ sql ] [ SQL ] SHOW COLUMNS FROM `bk_link` [ RunTime:0.005595s ]
[ sql ] [ SQL ] SELECT * FROM `bk_link` ORDER BY `sortn` DESC [ RunTime:0.000467s ]
---------------------------------------------------------------
[ 2020-04-02T13:05:07+08:00 ] 127.0.0.1 GET 127.0.0.1/tp5/public/static/index/style/jquery.form.js
[运行时间：0.057609s] [吞吐率：17.36req/s] [内存消耗：1,166.24kb] [文件加载：30]
[ info ] [ LANG ] /Applications/XAMPP/xamppfiles/htdocs/tp5/thinkphp/lang/zh-cn.php
[ info ] [ ROUTE ] array (
  'type' => 'module',
  'module' => 
  array (
    0 => 'static',
    1 => 'index',
    2 => 'style',
  ),
)
[ info ] [ HEADER ] array (
  'host' => '127.0.0.1',
  'user-agent' => 'Mozilla/5.0 (Macintosh; Intel Mac OS X 10.13; rv:74.0) Gecko/20100101 Firefox/74.0',
  'accept' => '*/*',
  'accept-language' => 'zh-CN,zh;q=0.8,zh-TW;q=0.7,zh-HK;q=0.5,en-US;q=0.3,en;q=0.2',
  'accept-encoding' => 'gzip, deflate',
  'connection' => 'keep-alive',
  'referer' => 'http://127.0.0.1/tp5/public/index/index/index.html',
)
[ info ] [ PARAM ] array (
)
[ info ] [ LOG ] INIT File
---------------------------------------------------------------
[ 2020-04-02T13:05:07+08:00 ] 127.0.0.1 GET 127.0.0.1/tp5/public/static/index/style/jquery.error.js
[运行时间：0.066501s] [吞吐率：15.04req/s] [内存消耗：1,166.24kb] [文件加载：30]
[ info ] [ LANG ] /Applications/XAMPP/xamppfiles/htdocs/tp5/thinkphp/lang/zh-cn.php
[ info ] [ ROUTE ] array (
  'type' => 'module',
  'module' => 
  array (
    0 => 'static',
    1 => 'index',
    2 => 'style',
  ),
)
[ info ] [ HEADER ] array (
  'host' => '127.0.0.1',
  'user-agent' => 'Mozilla/5.0 (Macintosh; Intel Mac OS X 10.13; rv:74.0) Gecko/20100101 Firefox/74.0',
  'accept' => '*/*',
  'accept-language' => 'zh-CN,zh;q=0.8,zh-TW;q=0.7,zh-HK;q=0.5,en-US;q=0.3,en;q=0.2',
  'accept-encoding' => 'gzip, deflate',
  'connection' => 'keep-alive',
  'referer' => 'http://127.0.0.1/tp5/public/index/index/index.html',
)
[ info ] [ PARAM ] array (
)
[ info ] [ LOG ] INIT File
---------------------------------------------------------------
[ 2020-04-02T13:05:07+08:00 ] 127.0.0.1 GET 127.0.0.1/tp5/public/static/index/style/img/tg.jpg
[运行时间：0.027288s] [吞吐率：36.65req/s] [内存消耗：1,166.98kb] [文件加载：30]
[ info ] [ LANG ] /Applications/XAMPP/xamppfiles/htdocs/tp5/thinkphp/lang/zh-cn.php
[ info ] [ ROUTE ] array (
  'type' => 'module',
  'module' => 
  array (
    0 => 'static',
    1 => 'index',
    2 => 'style',
  ),
)
[ info ] [ HEADER ] array (
  'host' => '127.0.0.1',
  'user-agent' => 'Mozilla/5.0 (Macintosh; Intel Mac OS X 10.13; rv:74.0) Gecko/20100101 Firefox/74.0',
  'accept' => 'image/webp,*/*',
  'accept-language' => 'zh-CN,zh;q=0.8,zh-TW;q=0.7,zh-HK;q=0.5,en-US;q=0.3,en;q=0.2',
  'accept-encoding' => 'gzip, deflate',
  'connection' => 'keep-alive',
  'referer' => 'http://127.0.0.1/tp5/public/index/index/index.html',
)
[ info ] [ PARAM ] array (
  'img' => 'tg.jpg',
)
[ info ] [ LOG ] INIT File
---------------------------------------------------------------
[ 2020-04-02T13:05:07+08:00 ] 127.0.0.1 GET 127.0.0.1/tp5/public/static/index/style/jquery.form.js
[运行时间：0.027696s] [吞吐率：36.11req/s] [内存消耗：1,166.24kb] [文件加载：30]
[ info ] [ LANG ] /Applications/XAMPP/xamppfiles/htdocs/tp5/thinkphp/lang/zh-cn.php
[ info ] [ ROUTE ] array (
  'type' => 'module',
  'module' => 
  array (
    0 => 'static',
    1 => 'index',
    2 => 'style',
  ),
)
[ info ] [ HEADER ] array (
  'host' => '127.0.0.1',
  'user-agent' => 'Mozilla/5.0 (Macintosh; Intel Mac OS X 10.13; rv:74.0) Gecko/20100101 Firefox/74.0',
  'accept' => '*/*',
  'accept-language' => 'zh-CN,zh;q=0.8,zh-TW;q=0.7,zh-HK;q=0.5,en-US;q=0.3,en;q=0.2',
  'accept-encoding' => 'gzip, deflate',
  'connection' => 'keep-alive',
  'referer' => 'http://127.0.0.1/tp5/public/index/index/index.html',
)
[ info ] [ PARAM ] array (
)
[ info ] [ LOG ] INIT File
---------------------------------------------------------------
[ 2020-04-02T13:05:07+08:00 ] 127.0.0.1 GET 127.0.0.1/tp5/public/static/index/images/loading.gif
[运行时间：0.035322s] [吞吐率：28.31req/s] [内存消耗：1,166.29kb] [文件加载：30]
[ info ] [ LANG ] /Applications/XAMPP/xamppfiles/htdocs/tp5/thinkphp/lang/zh-cn.php
[ info ] [ ROUTE ] array (
  'type' => 'module',
  'module' => 
  array (
    0 => 'static',
    1 => 'index',
    2 => 'images',
  ),
)
[ info ] [ HEADER ] array (
  'host' => '127.0.0.1',
  'user-agent' => 'Mozilla/5.0 (Macintosh; Intel Mac OS X 10.13; rv:74.0) Gecko/20100101 Firefox/74.0',
  'accept' => 'image/webp,*/*',
  'accept-language' => 'zh-CN,zh;q=0.8,zh-TW;q=0.7,zh-HK;q=0.5,en-US;q=0.3,en;q=0.2',
  'accept-encoding' => 'gzip, deflate',
  'connection' => 'keep-alive',
  'referer' => 'http://127.0.0.1/tp5/public/static/index/style/style.css',
)
[ info ] [ PARAM ] array (
)
[ info ] [ LOG ] INIT File
---------------------------------------------------------------
[ 2020-04-02T13:05:07+08:00 ] 127.0.0.1 GET 127.0.0.1/tp5/public/static/index/images/sitemap-dot.gif
[运行时间：0.026632s] [吞吐率：37.55req/s] [内存消耗：1,166.30kb] [文件加载：30]
[ info ] [ LANG ] /Applications/XAMPP/xamppfiles/htdocs/tp5/thinkphp/lang/zh-cn.php
[ info ] [ ROUTE ] array (
  'type' => 'module',
  'module' => 
  array (
    0 => 'static',
    1 => 'index',
    2 => 'images',
  ),
)
[ info ] [ HEADER ] array (
  'host' => '127.0.0.1',
  'user-agent' => 'Mozilla/5.0 (Macintosh; Intel Mac OS X 10.13; rv:74.0) Gecko/20100101 Firefox/74.0',
  'accept' => 'image/webp,*/*',
  'accept-language' => 'zh-CN,zh;q=0.8,zh-TW;q=0.7,zh-HK;q=0.5,en-US;q=0.3,en;q=0.2',
  'accept-encoding' => 'gzip, deflate',
  'connection' => 'keep-alive',
  'referer' => 'http://127.0.0.1/tp5/public/static/index/style/style.css',
)
[ info ] [ PARAM ] array (
)
[ info ] [ LOG ] INIT File
---------------------------------------------------------------
[ 2020-04-02T13:05:07+08:00 ] 127.0.0.1 GET 127.0.0.1/tp5/public/static/index/images/focus-bg2.png
[运行时间：0.035525s] [吞吐率：28.15req/s] [内存消耗：1,166.30kb] [文件加载：30]
[ info ] [ LANG ] /Applications/XAMPP/xamppfiles/htdocs/tp5/thinkphp/lang/zh-cn.php
[ info ] [ ROUTE ] array (
  'type' => 'module',
  'module' => 
  array (
    0 => 'static',
    1 => 'index',
    2 => 'images',
  ),
)
[ info ] [ HEADER ] array (
  'host' => '127.0.0.1',
  'user-agent' => 'Mozilla/5.0 (Macintosh; Intel Mac OS X 10.13; rv:74.0) Gecko/20100101 Firefox/74.0',
  'accept' => 'image/webp,*/*',
  'accept-language' => 'zh-CN,zh;q=0.8,zh-TW;q=0.7,zh-HK;q=0.5,en-US;q=0.3,en;q=0.2',
  'accept-encoding' => 'gzip, deflate',
  'connection' => 'keep-alive',
  'referer' => 'http://127.0.0.1/tp5/public/static/index/style/style.css',
)
[ info ] [ PARAM ] array (
)
[ info ] [ LOG ] INIT File
---------------------------------------------------------------
[ 2020-04-02T13:05:07+08:00 ] 127.0.0.1 GET 127.0.0.1/tp5/public/static/index/style/img/tg.jpg
[运行时间：0.081100s] [吞吐率：12.33req/s] [内存消耗：1,166.98kb] [文件加载：30]
[ info ] [ LANG ] /Applications/XAMPP/xamppfiles/htdocs/tp5/thinkphp/lang/zh-cn.php
[ info ] [ ROUTE ] array (
  'type' => 'module',
  'module' => 
  array (
    0 => 'static',
    1 => 'index',
    2 => 'style',
  ),
)
[ info ] [ HEADER ] array (
  'host' => '127.0.0.1',
  'user-agent' => 'Mozilla/5.0 (Macintosh; Intel Mac OS X 10.13; rv:74.0) Gecko/20100101 Firefox/74.0',
  'accept' => 'image/webp,*/*',
  'accept-language' => 'zh-CN,zh;q=0.8,zh-TW;q=0.7,zh-HK;q=0.5,en-US;q=0.3,en;q=0.2',
  'accept-encoding' => 'gzip, deflate',
  'connection' => 'keep-alive',
  'referer' => 'http://127.0.0.1/tp5/public/index/index/index.html',
)
[ info ] [ PARAM ] array (
  'img' => 'tg.jpg',
)
[ info ] [ LOG ] INIT File
---------------------------------------------------------------
[ 2020-04-02T13:05:07+08:00 ] 127.0.0.1 GET 127.0.0.1/tp5/public/index/index/images/focus-left-bg.png
[运行时间：0.086048s] [吞吐率：11.62req/s] [内存消耗：2,507.41kb] [文件加载：48]
[ info ] [ LANG ] /Applications/XAMPP/xamppfiles/htdocs/tp5/thinkphp/lang/zh-cn.php
[ info ] [ ROUTE ] array (
  'type' => 'module',
  'module' => 
  array (
    0 => 'index',
    1 => 'index',
    2 => 'images',
  ),
)
[ info ] [ HEADER ] array (
  'host' => '127.0.0.1',
  'user-agent' => 'Mozilla/5.0 (Macintosh; Intel Mac OS X 10.13; rv:74.0) Gecko/20100101 Firefox/74.0',
  'accept' => 'image/webp,*/*',
  'accept-language' => 'zh-CN,zh;q=0.8,zh-TW;q=0.7,zh-HK;q=0.5,en-US;q=0.3,en;q=0.2',
  'accept-encoding' => 'gzip, deflate',
  'connection' => 'keep-alive',
  'referer' => 'http://127.0.0.1/tp5/public/index/index/index.html',
)
[ info ] [ PARAM ] array (
)
[ info ] [ DB ] INIT mysql
[ info ] [ LOG ] INIT File
[ sql ] [ DB ] CONNECT:[ UseTime:0.000559s ] mysql:host=127.0.0.1;port=3306;dbname=bick;charset=utf8
[ sql ] [ SQL ] SHOW COLUMNS FROM `bk_conf` [ RunTime:0.003394s ]
[ sql ] [ SQL ] SELECT `enname`,`cnname` FROM `bk_conf` [ RunTime:0.000417s ]
[ sql ] [ SQL ] SHOW COLUMNS FROM `bk_cate` [ RunTime:0.003118s ]
[ sql ] [ SQL ] SELECT * FROM `bk_cate` WHERE  `pid` = 0 [ RunTime:0.000665s ]
[ sql ] [ SQL ] SELECT * FROM `bk_cate` WHERE  `pid` = 28 [ RunTime:0.000733s ]
[ sql ] [ SQL ] SELECT * FROM `bk_cate` WHERE  `pid` = 31 [ RunTime:0.000748s ]
[ sql ] [ SQL ] SELECT * FROM `bk_cate` WHERE  `pid` = 34 [ RunTime:0.000577s ]
[ sql ] [ SQL ] SELECT * FROM `bk_cate` WHERE  `pid` = 35 [ RunTime:0.000497s ]
[ sql ] [ SQL ] SELECT * FROM `bk_cate` WHERE  `pid` = 37 [ RunTime:0.000367s ]
---------------------------------------------------------------
[ 2020-04-02T20:37:49+08:00 ] 0.0.0.0 GET localhost/tp5/public/index/index/index.html?start_debug=1&send_sess_end=1&debug_start_session=1&debug_session_id=14451&debug_port=10137&debug_host=192.168.1.15%2C127.0.0.1
[运行时间：0.131136s] [吞吐率：7.63req/s] [内存消耗：2,610.78kb] [文件加载：49]
[ info ] [ LANG ] /Applications/XAMPP/xamppfiles/htdocs/tp5/thinkphp/lang/zh-cn.php
[ info ] [ ROUTE ] array (
  'type' => 'module',
  'module' => 
  array (
    0 => 'index',
    1 => 'index',
    2 => 'index',
  ),
)
[ info ] [ HEADER ] array (
  'host' => 'localhost',
  'user-agent' => 'Mozilla/5.0 (Macintosh; Intel Mac OS X 10.13; rv:74.0) Gecko/20100101 Firefox/74.0',
  'accept' => 'text/html,application/xhtml+xml,application/xml;q=0.9,image/webp,*/*;q=0.8',
  'accept-language' => 'zh-CN,zh;q=0.8,zh-TW;q=0.7,zh-HK;q=0.5,en-US;q=0.3,en;q=0.2',
  'accept-encoding' => 'gzip, deflate',
  'connection' => 'keep-alive',
  'cookie' => 'Phpstorm-1c598e3f=7b0d8230-4d2d-48e8-abd4-f822f77f098d',
  'upgrade-insecure-requests' => '1',
)
[ info ] [ PARAM ] array (
  'start_debug' => '1',
  'send_sess_end' => '1',
  'debug_start_session' => '1',
  'debug_session_id' => '14451',
  'debug_port' => '10137',
  'debug_host' => '192.168.1.15,127.0.0.1',
)
[ info ] [ DB ] INIT mysql
[ info ] [ RUN ] app\index\controller\Index->index[ /Applications/XAMPP/xamppfiles/htdocs/tp5/application/index/controller/Index.php ]
[ info ] [ VIEW ] /Applications/XAMPP/xamppfiles/htdocs/tp5/public/../application/index/view/index/index.htm [ array (
  0 => 'confres',
  1 => 'cateres',
  2 => 'newarticleres',
  3 => 'sitehotres',
  4 => 'linkres',
  5 => 'recartres',
) ]
[ info ] [ LOG ] INIT File
[ sql ] [ DB ] CONNECT:[ UseTime:0.000871s ] mysql:host=127.0.0.1;port=3306;dbname=bick;charset=utf8
[ sql ] [ SQL ] SHOW COLUMNS FROM `bk_conf` [ RunTime:0.006231s ]
[ sql ] [ SQL ] SELECT `enname`,`cnname` FROM `bk_conf` [ RunTime:0.000699s ]
[ sql ] [ SQL ] SHOW COLUMNS FROM `bk_cate` [ RunTime:0.006149s ]
[ sql ] [ SQL ] SELECT * FROM `bk_cate` WHERE  `pid` = 0 [ RunTime:0.001150s ]
[ sql ] [ SQL ] SELECT * FROM `bk_cate` WHERE  `pid` = 28 [ RunTime:0.000497s ]
[ sql ] [ SQL ] SELECT * FROM `bk_cate` WHERE  `pid` = 31 [ RunTime:0.000442s ]
[ sql ] [ SQL ] SELECT * FROM `bk_cate` WHERE  `pid` = 34 [ RunTime:0.000591s ]
[ sql ] [ SQL ] SELECT * FROM `bk_cate` WHERE  `pid` = 35 [ RunTime:0.002956s ]
[ sql ] [ SQL ] SELECT * FROM `bk_cate` WHERE  `pid` = 37 [ RunTime:0.000466s ]
[ sql ] [ SQL ] SHOW COLUMNS FROM `bk_article` [ RunTime:0.004742s ]
[ sql ] [ SQL ] SELECT `a`.`id`,`a`.`title`,`a`.`desc`,`a`.`thumb`,`a`.`click`,`a`.`zan`,`a`.`time`,`c`.`catename`,`a`.`cateid` FROM `bk_article` `a` INNER JOIN `bk_cate` `c` ON `a`.`cateid`=`c`.`id` ORDER BY `a`.`id` DESC LIMIT 5 [ RunTime:0.001017s ]
[ sql ] [ SQL ] SELECT `id`,`title`,`thumb` FROM `bk_article` ORDER BY `click` DESC LIMIT 5 [ RunTime:0.000622s ]
[ sql ] [ SQL ] SELECT `id`,`thumb`,`title` FROM `bk_article` WHERE  `rec` = 1 ORDER BY `id` DESC LIMIT 4 [ RunTime:0.000627s ]
[ sql ] [ SQL ] SHOW COLUMNS FROM `bk_link` [ RunTime:0.006012s ]
[ sql ] [ SQL ] SELECT * FROM `bk_link` ORDER BY `sortn` DESC [ RunTime:0.002092s ]
---------------------------------------------------------------
[ 2020-04-02T20:37:49+08:00 ] 0.0.0.0 GET localhost/tp5/public/static/index/style/jquery.form.js
[运行时间：0.029464s] [吞吐率：33.94req/s] [内存消耗：1,167.12kb] [文件加载：30]
[ info ] [ LANG ] /Applications/XAMPP/xamppfiles/htdocs/tp5/thinkphp/lang/zh-cn.php
[ info ] [ ROUTE ] array (
  'type' => 'module',
  'module' => 
  array (
    0 => 'static',
    1 => 'index',
    2 => 'style',
  ),
)
[ info ] [ HEADER ] array (
  'host' => 'localhost',
  'user-agent' => 'Mozilla/5.0 (Macintosh; Intel Mac OS X 10.13; rv:74.0) Gecko/20100101 Firefox/74.0',
  'accept' => '*/*',
  'accept-language' => 'zh-CN,zh;q=0.8,zh-TW;q=0.7,zh-HK;q=0.5,en-US;q=0.3,en;q=0.2',
  'accept-encoding' => 'gzip, deflate',
  'connection' => 'keep-alive',
  'referer' => 'http://localhost/tp5/public/index/index/index.html?start_debug=1&send_sess_end=1&debug_start_session=1&debug_session_id=14451&debug_port=10137&debug_host=192.168.1.15%2C127.0.0.1',
  'cookie' => 'Phpstorm-1c598e3f=7b0d8230-4d2d-48e8-abd4-f822f77f098d',
)
[ info ] [ PARAM ] array (
)
[ info ] [ LOG ] INIT File
---------------------------------------------------------------
[ 2020-04-02T20:37:49+08:00 ] 0.0.0.0 GET localhost/tp5/public/static/index/style/jquery.error.js
[运行时间：0.042794s] [吞吐率：23.37req/s] [内存消耗：1,167.12kb] [文件加载：30]
[ info ] [ LANG ] /Applications/XAMPP/xamppfiles/htdocs/tp5/thinkphp/lang/zh-cn.php
[ info ] [ ROUTE ] array (
  'type' => 'module',
  'module' => 
  array (
    0 => 'static',
    1 => 'index',
    2 => 'style',
  ),
)
[ info ] [ HEADER ] array (
  'host' => 'localhost',
  'user-agent' => 'Mozilla/5.0 (Macintosh; Intel Mac OS X 10.13; rv:74.0) Gecko/20100101 Firefox/74.0',
  'accept' => '*/*',
  'accept-language' => 'zh-CN,zh;q=0.8,zh-TW;q=0.7,zh-HK;q=0.5,en-US;q=0.3,en;q=0.2',
  'accept-encoding' => 'gzip, deflate',
  'connection' => 'keep-alive',
  'referer' => 'http://localhost/tp5/public/index/index/index.html?start_debug=1&send_sess_end=1&debug_start_session=1&debug_session_id=14451&debug_port=10137&debug_host=192.168.1.15%2C127.0.0.1',
  'cookie' => 'Phpstorm-1c598e3f=7b0d8230-4d2d-48e8-abd4-f822f77f098d',
)
[ info ] [ PARAM ] array (
)
[ info ] [ LOG ] INIT File
---------------------------------------------------------------
[ 2020-04-02T20:37:49+08:00 ] 0.0.0.0 GET localhost/tp5/public/static/index/style/img/tg.jpg
[运行时间：0.018975s] [吞吐率：52.70req/s] [内存消耗：1,167.98kb] [文件加载：30]
[ info ] [ LANG ] /Applications/XAMPP/xamppfiles/htdocs/tp5/thinkphp/lang/zh-cn.php
[ info ] [ ROUTE ] array (
  'type' => 'module',
  'module' => 
  array (
    0 => 'static',
    1 => 'index',
    2 => 'style',
  ),
)
[ info ] [ HEADER ] array (
  'host' => 'localhost',
  'user-agent' => 'Mozilla/5.0 (Macintosh; Intel Mac OS X 10.13; rv:74.0) Gecko/20100101 Firefox/74.0',
  'accept' => 'image/webp,*/*',
  'accept-language' => 'zh-CN,zh;q=0.8,zh-TW;q=0.7,zh-HK;q=0.5,en-US;q=0.3,en;q=0.2',
  'accept-encoding' => 'gzip, deflate',
  'connection' => 'keep-alive',
  'referer' => 'http://localhost/tp5/public/index/index/index.html?start_debug=1&send_sess_end=1&debug_start_session=1&debug_session_id=14451&debug_port=10137&debug_host=192.168.1.15%2C127.0.0.1',
  'cookie' => 'Phpstorm-1c598e3f=7b0d8230-4d2d-48e8-abd4-f822f77f098d',
)
[ info ] [ PARAM ] array (
  'img' => 'tg.jpg',
)
[ info ] [ LOG ] INIT File
---------------------------------------------------------------
[ 2020-04-02T20:37:49+08:00 ] 0.0.0.0 GET localhost/tp5/public/static/index/style/jquery.form.js
[运行时间：0.023047s] [吞吐率：43.39req/s] [内存消耗：1,167.12kb] [文件加载：30]
[ info ] [ LANG ] /Applications/XAMPP/xamppfiles/htdocs/tp5/thinkphp/lang/zh-cn.php
[ info ] [ ROUTE ] array (
  'type' => 'module',
  'module' => 
  array (
    0 => 'static',
    1 => 'index',
    2 => 'style',
  ),
)
[ info ] [ HEADER ] array (
  'host' => 'localhost',
  'user-agent' => 'Mozilla/5.0 (Macintosh; Intel Mac OS X 10.13; rv:74.0) Gecko/20100101 Firefox/74.0',
  'accept' => '*/*',
  'accept-language' => 'zh-CN,zh;q=0.8,zh-TW;q=0.7,zh-HK;q=0.5,en-US;q=0.3,en;q=0.2',
  'accept-encoding' => 'gzip, deflate',
  'connection' => 'keep-alive',
  'referer' => 'http://localhost/tp5/public/index/index/index.html?start_debug=1&send_sess_end=1&debug_start_session=1&debug_session_id=14451&debug_port=10137&debug_host=192.168.1.15%2C127.0.0.1',
  'cookie' => 'Phpstorm-1c598e3f=7b0d8230-4d2d-48e8-abd4-f822f77f098d',
)
[ info ] [ PARAM ] array (
)
[ info ] [ LOG ] INIT File
---------------------------------------------------------------
[ 2020-04-02T20:37:49+08:00 ] 0.0.0.0 GET localhost/tp5/public/static/index/images/focus-bg2.png
[运行时间：0.023959s] [吞吐率：41.74req/s] [内存消耗：1,166.78kb] [文件加载：30]
[ info ] [ LANG ] /Applications/XAMPP/xamppfiles/htdocs/tp5/thinkphp/lang/zh-cn.php
[ info ] [ ROUTE ] array (
  'type' => 'module',
  'module' => 
  array (
    0 => 'static',
    1 => 'index',
    2 => 'images',
  ),
)
[ info ] [ HEADER ] array (
  'host' => 'localhost',
  'user-agent' => 'Mozilla/5.0 (Macintosh; Intel Mac OS X 10.13; rv:74.0) Gecko/20100101 Firefox/74.0',
  'accept' => 'image/webp,*/*',
  'accept-language' => 'zh-CN,zh;q=0.8,zh-TW;q=0.7,zh-HK;q=0.5,en-US;q=0.3,en;q=0.2',
  'accept-encoding' => 'gzip, deflate',
  'connection' => 'keep-alive',
  'referer' => 'http://localhost/tp5/public/static/index/style/style.css',
  'cookie' => 'Phpstorm-1c598e3f=7b0d8230-4d2d-48e8-abd4-f822f77f098d',
)
[ info ] [ PARAM ] array (
)
[ info ] [ LOG ] INIT File
---------------------------------------------------------------
[ 2020-04-02T20:37:49+08:00 ] 0.0.0.0 GET localhost/tp5/public/static/index/images/loading.gif
[运行时间：0.038159s] [吞吐率：26.21req/s] [内存消耗：1,166.77kb] [文件加载：30]
[ info ] [ LANG ] /Applications/XAMPP/xamppfiles/htdocs/tp5/thinkphp/lang/zh-cn.php
[ info ] [ ROUTE ] array (
  'type' => 'module',
  'module' => 
  array (
    0 => 'static',
    1 => 'index',
    2 => 'images',
  ),
)
[ info ] [ HEADER ] array (
  'host' => 'localhost',
  'user-agent' => 'Mozilla/5.0 (Macintosh; Intel Mac OS X 10.13; rv:74.0) Gecko/20100101 Firefox/74.0',
  'accept' => 'image/webp,*/*',
  'accept-language' => 'zh-CN,zh;q=0.8,zh-TW;q=0.7,zh-HK;q=0.5,en-US;q=0.3,en;q=0.2',
  'accept-encoding' => 'gzip, deflate',
  'connection' => 'keep-alive',
  'referer' => 'http://localhost/tp5/public/static/index/style/style.css',
  'cookie' => 'Phpstorm-1c598e3f=7b0d8230-4d2d-48e8-abd4-f822f77f098d',
)
[ info ] [ PARAM ] array (
)
[ info ] [ LOG ] INIT File
---------------------------------------------------------------
[ 2020-04-02T20:37:49+08:00 ] 0.0.0.0 GET localhost/tp5/public/index/index/images/focus-left-bg.png
[运行时间：0.094195s] [吞吐率：10.62req/s] [内存消耗：2,508.41kb] [文件加载：48]
[ info ] [ LANG ] /Applications/XAMPP/xamppfiles/htdocs/tp5/thinkphp/lang/zh-cn.php
[ info ] [ ROUTE ] array (
  'type' => 'module',
  'module' => 
  array (
    0 => 'index',
    1 => 'index',
    2 => 'images',
  ),
)
[ info ] [ HEADER ] array (
  'host' => 'localhost',
  'user-agent' => 'Mozilla/5.0 (Macintosh; Intel Mac OS X 10.13; rv:74.0) Gecko/20100101 Firefox/74.0',
  'accept' => 'image/webp,*/*',
  'accept-language' => 'zh-CN,zh;q=0.8,zh-TW;q=0.7,zh-HK;q=0.5,en-US;q=0.3,en;q=0.2',
  'accept-encoding' => 'gzip, deflate',
  'connection' => 'keep-alive',
  'referer' => 'http://localhost/tp5/public/index/index/index.html?start_debug=1&send_sess_end=1&debug_start_session=1&debug_session_id=14451&debug_port=10137&debug_host=192.168.1.15%2C127.0.0.1',
  'cookie' => 'Phpstorm-1c598e3f=7b0d8230-4d2d-48e8-abd4-f822f77f098d',
)
[ info ] [ PARAM ] array (
)
[ info ] [ DB ] INIT mysql
[ info ] [ LOG ] INIT File
[ sql ] [ DB ] CONNECT:[ UseTime:0.000962s ] mysql:host=127.0.0.1;port=3306;dbname=bick;charset=utf8
[ sql ] [ SQL ] SHOW COLUMNS FROM `bk_conf` [ RunTime:0.004573s ]
[ sql ] [ SQL ] SELECT `enname`,`cnname` FROM `bk_conf` [ RunTime:0.000525s ]
[ sql ] [ SQL ] SHOW COLUMNS FROM `bk_cate` [ RunTime:0.005055s ]
[ sql ] [ SQL ] SELECT * FROM `bk_cate` WHERE  `pid` = 0 [ RunTime:0.001472s ]
[ sql ] [ SQL ] SELECT * FROM `bk_cate` WHERE  `pid` = 28 [ RunTime:0.019737s ]
[ sql ] [ SQL ] SELECT * FROM `bk_cate` WHERE  `pid` = 31 [ RunTime:0.002408s ]
[ sql ] [ SQL ] SELECT * FROM `bk_cate` WHERE  `pid` = 34 [ RunTime:0.000853s ]
[ sql ] [ SQL ] SELECT * FROM `bk_cate` WHERE  `pid` = 35 [ RunTime:0.001199s ]
[ sql ] [ SQL ] SELECT * FROM `bk_cate` WHERE  `pid` = 37 [ RunTime:0.000476s ]
---------------------------------------------------------------
[ 2020-04-02T20:37:49+08:00 ] 0.0.0.0 GET localhost/tp5/public/static/index/images/sitemap-dot.gif
[运行时间：0.063883s] [吞吐率：15.65req/s] [内存消耗：1,166.78kb] [文件加载：30]
[ info ] [ LANG ] /Applications/XAMPP/xamppfiles/htdocs/tp5/thinkphp/lang/zh-cn.php
[ info ] [ ROUTE ] array (
  'type' => 'module',
  'module' => 
  array (
    0 => 'static',
    1 => 'index',
    2 => 'images',
  ),
)
[ info ] [ HEADER ] array (
  'host' => 'localhost',
  'user-agent' => 'Mozilla/5.0 (Macintosh; Intel Mac OS X 10.13; rv:74.0) Gecko/20100101 Firefox/74.0',
  'accept' => 'image/webp,*/*',
  'accept-language' => 'zh-CN,zh;q=0.8,zh-TW;q=0.7,zh-HK;q=0.5,en-US;q=0.3,en;q=0.2',
  'accept-encoding' => 'gzip, deflate',
  'connection' => 'keep-alive',
  'referer' => 'http://localhost/tp5/public/static/index/style/style.css',
  'cookie' => 'Phpstorm-1c598e3f=7b0d8230-4d2d-48e8-abd4-f822f77f098d',
)
[ info ] [ PARAM ] array (
)
[ info ] [ LOG ] INIT File
---------------------------------------------------------------
[ 2020-04-02T20:37:49+08:00 ] 0.0.0.0 GET localhost/tp5/public/static/index/style/img/tg.jpg
[运行时间：0.117721s] [吞吐率：8.49req/s] [内存消耗：1,167.98kb] [文件加载：30]
[ info ] [ LANG ] /Applications/XAMPP/xamppfiles/htdocs/tp5/thinkphp/lang/zh-cn.php
[ info ] [ ROUTE ] array (
  'type' => 'module',
  'module' => 
  array (
    0 => 'static',
    1 => 'index',
    2 => 'style',
  ),
)
[ info ] [ HEADER ] array (
  'host' => 'localhost',
  'user-agent' => 'Mozilla/5.0 (Macintosh; Intel Mac OS X 10.13; rv:74.0) Gecko/20100101 Firefox/74.0',
  'accept' => 'image/webp,*/*',
  'accept-language' => 'zh-CN,zh;q=0.8,zh-TW;q=0.7,zh-HK;q=0.5,en-US;q=0.3,en;q=0.2',
  'accept-encoding' => 'gzip, deflate',
  'connection' => 'keep-alive',
  'referer' => 'http://localhost/tp5/public/index/index/index.html?start_debug=1&send_sess_end=1&debug_start_session=1&debug_session_id=14451&debug_port=10137&debug_host=192.168.1.15%2C127.0.0.1',
  'cookie' => 'Phpstorm-1c598e3f=7b0d8230-4d2d-48e8-abd4-f822f77f098d',
)
[ info ] [ PARAM ] array (
  'img' => 'tg.jpg',
)
[ info ] [ LOG ] INIT File
