---------------------------------------------------------------
[ 2020-04-05T09:26:06+08:00 ] 127.0.0.1 GET 127.0.0.1/tp5/public/index/index/index.html
[运行时间：0.176857s] [吞吐率：5.65req/s] [内存消耗：3,061.81kb] [文件加载：49]
[ info ] [ LANG ] /Applications/XAMPP/xamppfiles/htdocs/tp5/thinkphp/lang/zh-cn.php
[ info ] [ ROUTE ] array (
  'type' => 'module',
  'module' => 
  array (
    0 => 'index',
    1 => 'index',
    2 => 'index',
  ),
)
[ info ] [ HEADER ] array (
  'host' => '127.0.0.1',
  'user-agent' => 'Mozilla/5.0 (Macintosh; Intel Mac OS X 10.13; rv:74.0) Gecko/20100101 Firefox/74.0',
  'accept' => 'text/html,application/xhtml+xml,application/xml;q=0.9,image/webp,*/*;q=0.8',
  'accept-language' => 'zh-CN,zh;q=0.8,zh-TW;q=0.7,zh-HK;q=0.5,en-US;q=0.3,en;q=0.2',
  'accept-encoding' => 'gzip, deflate',
  'connection' => 'keep-alive',
  'upgrade-insecure-requests' => '1',
)
[ info ] [ PARAM ] array (
)
[ info ] [ DB ] INIT mysql
[ info ] [ RUN ] app\index\controller\Index->index[ /Applications/XAMPP/xamppfiles/htdocs/tp5/application/index/controller/Index.php ]
[ info ] [ VIEW ] /Applications/XAMPP/xamppfiles/htdocs/tp5/public/../application/index/view/index/index.htm [ array (
  0 => 'confres',
  1 => 'cateres',
  2 => 'newarticleres',
  3 => 'sitehotres',
  4 => 'linkres',
  5 => 'recartres',
) ]
[ info ] [ LOG ] INIT File
[ sql ] [ DB ] CONNECT:[ UseTime:0.002428s ] mysql:host=127.0.0.1;port=3306;dbname=bick;charset=utf8
[ sql ] [ SQL ] SHOW COLUMNS FROM `bk_conf` [ RunTime:0.018701s ]
[ sql ] [ SQL ] SELECT `enname`,`cnname` FROM `bk_conf` [ RunTime:0.005137s ]
[ sql ] [ SQL ] SHOW COLUMNS FROM `bk_cate` [ RunTime:0.006492s ]
[ sql ] [ SQL ] SELECT * FROM `bk_cate` WHERE  `pid` = 0 [ RunTime:0.003647s ]
[ sql ] [ SQL ] SELECT * FROM `bk_cate` WHERE  `pid` = 28 [ RunTime:0.001038s ]
[ sql ] [ SQL ] SELECT * FROM `bk_cate` WHERE  `pid` = 31 [ RunTime:0.000811s ]
[ sql ] [ SQL ] SELECT * FROM `bk_cate` WHERE  `pid` = 34 [ RunTime:0.001617s ]
[ sql ] [ SQL ] SELECT * FROM `bk_cate` WHERE  `pid` = 35 [ RunTime:0.000946s ]
[ sql ] [ SQL ] SELECT * FROM `bk_cate` WHERE  `pid` = 37 [ RunTime:0.002605s ]
[ sql ] [ SQL ] SHOW COLUMNS FROM `bk_article` [ RunTime:0.006972s ]
[ sql ] [ SQL ] SELECT `a`.`id`,`a`.`title`,`a`.`desc`,`a`.`thumb`,`a`.`click`,`a`.`zan`,`a`.`time`,`c`.`catename`,`a`.`cateid` FROM `bk_article` `a` INNER JOIN `bk_cate` `c` ON `a`.`cateid`=`c`.`id` ORDER BY `a`.`id` DESC LIMIT 5 [ RunTime:0.001857s ]
[ sql ] [ SQL ] SELECT `id`,`title`,`thumb` FROM `bk_article` ORDER BY `click` DESC LIMIT 5 [ RunTime:0.000807s ]
[ sql ] [ SQL ] SELECT `id`,`thumb`,`title` FROM `bk_article` WHERE  `rec` = 1 ORDER BY `id` DESC LIMIT 4 [ RunTime:0.001243s ]
[ sql ] [ SQL ] SHOW COLUMNS FROM `bk_link` [ RunTime:0.005680s ]
[ sql ] [ SQL ] SELECT * FROM `bk_link` ORDER BY `sortn` DESC [ RunTime:0.001114s ]
---------------------------------------------------------------
[ 2020-04-05T09:26:06+08:00 ] 127.0.0.1 GET 127.0.0.1/tp5/public/static/index/style/jquery.form.js
[运行时间：0.044142s] [吞吐率：22.65req/s] [内存消耗：1,325.42kb] [文件加载：30]
[ info ] [ LANG ] /Applications/XAMPP/xamppfiles/htdocs/tp5/thinkphp/lang/zh-cn.php
[ info ] [ ROUTE ] array (
  'type' => 'module',
  'module' => 
  array (
    0 => 'static',
    1 => 'index',
    2 => 'style',
  ),
)
[ info ] [ HEADER ] array (
  'host' => '127.0.0.1',
  'user-agent' => 'Mozilla/5.0 (Macintosh; Intel Mac OS X 10.13; rv:74.0) Gecko/20100101 Firefox/74.0',
  'accept' => '*/*',
  'accept-language' => 'zh-CN,zh;q=0.8,zh-TW;q=0.7,zh-HK;q=0.5,en-US;q=0.3,en;q=0.2',
  'accept-encoding' => 'gzip, deflate',
  'connection' => 'keep-alive',
  'referer' => 'http://127.0.0.1/tp5/public/index/index/index.html',
)
[ info ] [ PARAM ] array (
)
[ info ] [ LOG ] INIT File
---------------------------------------------------------------
[ 2020-04-05T09:26:06+08:00 ] 127.0.0.1 GET 127.0.0.1/tp5/public/static/index/style/jquery.error.js
[运行时间：0.051887s] [吞吐率：19.27req/s] [内存消耗：1,325.42kb] [文件加载：30]
[ info ] [ LANG ] /Applications/XAMPP/xamppfiles/htdocs/tp5/thinkphp/lang/zh-cn.php
[ info ] [ ROUTE ] array (
  'type' => 'module',
  'module' => 
  array (
    0 => 'static',
    1 => 'index',
    2 => 'style',
  ),
)
[ info ] [ HEADER ] array (
  'host' => '127.0.0.1',
  'user-agent' => 'Mozilla/5.0 (Macintosh; Intel Mac OS X 10.13; rv:74.0) Gecko/20100101 Firefox/74.0',
  'accept' => '*/*',
  'accept-language' => 'zh-CN,zh;q=0.8,zh-TW;q=0.7,zh-HK;q=0.5,en-US;q=0.3,en;q=0.2',
  'accept-encoding' => 'gzip, deflate',
  'connection' => 'keep-alive',
  'referer' => 'http://127.0.0.1/tp5/public/index/index/index.html',
)
[ info ] [ PARAM ] array (
)
[ info ] [ LOG ] INIT File
---------------------------------------------------------------
[ 2020-04-05T09:26:06+08:00 ] 127.0.0.1 GET 127.0.0.1/tp5/public/static/index/style/img/tg.jpg
[运行时间：0.027119s] [吞吐率：36.87req/s] [内存消耗：1,325.32kb] [文件加载：30]
[ info ] [ LANG ] /Applications/XAMPP/xamppfiles/htdocs/tp5/thinkphp/lang/zh-cn.php
[ info ] [ ROUTE ] array (
  'type' => 'module',
  'module' => 
  array (
    0 => 'static',
    1 => 'index',
    2 => 'style',
  ),
)
[ info ] [ HEADER ] array (
  'host' => '127.0.0.1',
  'user-agent' => 'Mozilla/5.0 (Macintosh; Intel Mac OS X 10.13; rv:74.0) Gecko/20100101 Firefox/74.0',
  'accept' => 'image/webp,*/*',
  'accept-language' => 'zh-CN,zh;q=0.8,zh-TW;q=0.7,zh-HK;q=0.5,en-US;q=0.3,en;q=0.2',
  'accept-encoding' => 'gzip, deflate',
  'connection' => 'keep-alive',
  'referer' => 'http://127.0.0.1/tp5/public/index/index/index.html',
)
[ info ] [ PARAM ] array (
  'img' => 'tg.jpg',
)
[ info ] [ LOG ] INIT File
---------------------------------------------------------------
[ 2020-04-05T09:26:06+08:00 ] 127.0.0.1 GET 127.0.0.1/tp5/public/static/index/style/jquery.form.js
[运行时间：0.027603s] [吞吐率：36.23req/s] [内存消耗：1,325.42kb] [文件加载：30]
[ info ] [ LANG ] /Applications/XAMPP/xamppfiles/htdocs/tp5/thinkphp/lang/zh-cn.php
[ info ] [ ROUTE ] array (
  'type' => 'module',
  'module' => 
  array (
    0 => 'static',
    1 => 'index',
    2 => 'style',
  ),
)
[ info ] [ HEADER ] array (
  'host' => '127.0.0.1',
  'user-agent' => 'Mozilla/5.0 (Macintosh; Intel Mac OS X 10.13; rv:74.0) Gecko/20100101 Firefox/74.0',
  'accept' => '*/*',
  'accept-language' => 'zh-CN,zh;q=0.8,zh-TW;q=0.7,zh-HK;q=0.5,en-US;q=0.3,en;q=0.2',
  'accept-encoding' => 'gzip, deflate',
  'connection' => 'keep-alive',
  'referer' => 'http://127.0.0.1/tp5/public/index/index/index.html',
)
[ info ] [ PARAM ] array (
)
[ info ] [ LOG ] INIT File
---------------------------------------------------------------
[ 2020-04-05T09:26:06+08:00 ] 127.0.0.1 GET 127.0.0.1/tp5/public/static/index/images/loading.gif
[运行时间：0.040576s] [吞吐率：24.65req/s] [内存消耗：1,325.47kb] [文件加载：30]
[ info ] [ LANG ] /Applications/XAMPP/xamppfiles/htdocs/tp5/thinkphp/lang/zh-cn.php
[ info ] [ ROUTE ] array (
  'type' => 'module',
  'module' => 
  array (
    0 => 'static',
    1 => 'index',
    2 => 'images',
  ),
)
[ info ] [ HEADER ] array (
  'host' => '127.0.0.1',
  'user-agent' => 'Mozilla/5.0 (Macintosh; Intel Mac OS X 10.13; rv:74.0) Gecko/20100101 Firefox/74.0',
  'accept' => 'image/webp,*/*',
  'accept-language' => 'zh-CN,zh;q=0.8,zh-TW;q=0.7,zh-HK;q=0.5,en-US;q=0.3,en;q=0.2',
  'accept-encoding' => 'gzip, deflate',
  'connection' => 'keep-alive',
  'referer' => 'http://127.0.0.1/tp5/public/static/index/style/style.css',
)
[ info ] [ PARAM ] array (
)
[ info ] [ LOG ] INIT File
---------------------------------------------------------------
[ 2020-04-05T09:26:06+08:00 ] 127.0.0.1 GET 127.0.0.1/tp5/public/static/index/images/sitemap-dot.gif
[运行时间：0.031313s] [吞吐率：31.94req/s] [内存消耗：1,325.48kb] [文件加载：30]
[ info ] [ LANG ] /Applications/XAMPP/xamppfiles/htdocs/tp5/thinkphp/lang/zh-cn.php
[ info ] [ ROUTE ] array (
  'type' => 'module',
  'module' => 
  array (
    0 => 'static',
    1 => 'index',
    2 => 'images',
  ),
)
[ info ] [ HEADER ] array (
  'host' => '127.0.0.1',
  'user-agent' => 'Mozilla/5.0 (Macintosh; Intel Mac OS X 10.13; rv:74.0) Gecko/20100101 Firefox/74.0',
  'accept' => 'image/webp,*/*',
  'accept-language' => 'zh-CN,zh;q=0.8,zh-TW;q=0.7,zh-HK;q=0.5,en-US;q=0.3,en;q=0.2',
  'accept-encoding' => 'gzip, deflate',
  'connection' => 'keep-alive',
  'referer' => 'http://127.0.0.1/tp5/public/static/index/style/style.css',
)
[ info ] [ PARAM ] array (
)
[ info ] [ LOG ] INIT File
---------------------------------------------------------------
[ 2020-04-05T09:26:06+08:00 ] 127.0.0.1 GET 127.0.0.1/tp5/public/static/index/style/img/tg.jpg
[运行时间：0.117231s] [吞吐率：8.53req/s] [内存消耗：1,325.32kb] [文件加载：30]
[ info ] [ LANG ] /Applications/XAMPP/xamppfiles/htdocs/tp5/thinkphp/lang/zh-cn.php
[ info ] [ ROUTE ] array (
  'type' => 'module',
  'module' => 
  array (
    0 => 'static',
    1 => 'index',
    2 => 'style',
  ),
)
[ info ] [ HEADER ] array (
  'host' => '127.0.0.1',
  'user-agent' => 'Mozilla/5.0 (Macintosh; Intel Mac OS X 10.13; rv:74.0) Gecko/20100101 Firefox/74.0',
  'accept' => 'image/webp,*/*',
  'accept-language' => 'zh-CN,zh;q=0.8,zh-TW;q=0.7,zh-HK;q=0.5,en-US;q=0.3,en;q=0.2',
  'accept-encoding' => 'gzip, deflate',
  'connection' => 'keep-alive',
  'referer' => 'http://127.0.0.1/tp5/public/index/index/index.html',
)
[ info ] [ PARAM ] array (
  'img' => 'tg.jpg',
)
[ info ] [ LOG ] INIT File
---------------------------------------------------------------
[ 2020-04-05T09:26:06+08:00 ] 127.0.0.1 GET 127.0.0.1/tp5/public/static/index/images/focus-bg2.png
[运行时间：0.078159s] [吞吐率：12.79req/s] [内存消耗：1,324.89kb] [文件加载：30]
[ info ] [ LANG ] /Applications/XAMPP/xamppfiles/htdocs/tp5/thinkphp/lang/zh-cn.php
[ info ] [ ROUTE ] array (
  'type' => 'module',
  'module' => 
  array (
    0 => 'static',
    1 => 'index',
    2 => 'images',
  ),
)
[ info ] [ HEADER ] array (
  'host' => '127.0.0.1',
  'user-agent' => 'Mozilla/5.0 (Macintosh; Intel Mac OS X 10.13; rv:74.0) Gecko/20100101 Firefox/74.0',
  'accept' => 'image/webp,*/*',
  'accept-language' => 'zh-CN,zh;q=0.8,zh-TW;q=0.7,zh-HK;q=0.5,en-US;q=0.3,en;q=0.2',
  'accept-encoding' => 'gzip, deflate',
  'connection' => 'keep-alive',
  'referer' => 'http://127.0.0.1/tp5/public/static/index/style/style.css',
)
[ info ] [ PARAM ] array (
)
[ info ] [ LOG ] INIT File
---------------------------------------------------------------
[ 2020-04-05T09:26:06+08:00 ] 127.0.0.1 GET 127.0.0.1/tp5/public/index/index/images/focus-left-bg.png
[运行时间：0.107687s] [吞吐率：9.29req/s] [内存消耗：2,954.15kb] [文件加载：48]
[ info ] [ LANG ] /Applications/XAMPP/xamppfiles/htdocs/tp5/thinkphp/lang/zh-cn.php
[ info ] [ ROUTE ] array (
  'type' => 'module',
  'module' => 
  array (
    0 => 'index',
    1 => 'index',
    2 => 'images',
  ),
)
[ info ] [ HEADER ] array (
  'host' => '127.0.0.1',
  'user-agent' => 'Mozilla/5.0 (Macintosh; Intel Mac OS X 10.13; rv:74.0) Gecko/20100101 Firefox/74.0',
  'accept' => 'image/webp,*/*',
  'accept-language' => 'zh-CN,zh;q=0.8,zh-TW;q=0.7,zh-HK;q=0.5,en-US;q=0.3,en;q=0.2',
  'accept-encoding' => 'gzip, deflate',
  'connection' => 'keep-alive',
  'referer' => 'http://127.0.0.1/tp5/public/index/index/index.html',
)
[ info ] [ PARAM ] array (
)
[ info ] [ DB ] INIT mysql
[ info ] [ LOG ] INIT File
[ sql ] [ DB ] CONNECT:[ UseTime:0.000532s ] mysql:host=127.0.0.1;port=3306;dbname=bick;charset=utf8
[ sql ] [ SQL ] SHOW COLUMNS FROM `bk_conf` [ RunTime:0.004708s ]
[ sql ] [ SQL ] SELECT `enname`,`cnname` FROM `bk_conf` [ RunTime:0.000899s ]
[ sql ] [ SQL ] SHOW COLUMNS FROM `bk_cate` [ RunTime:0.004777s ]
[ sql ] [ SQL ] SELECT * FROM `bk_cate` WHERE  `pid` = 0 [ RunTime:0.001149s ]
[ sql ] [ SQL ] SELECT * FROM `bk_cate` WHERE  `pid` = 28 [ RunTime:0.001026s ]
[ sql ] [ SQL ] SELECT * FROM `bk_cate` WHERE  `pid` = 31 [ RunTime:0.005021s ]
[ sql ] [ SQL ] SELECT * FROM `bk_cate` WHERE  `pid` = 34 [ RunTime:0.002174s ]
[ sql ] [ SQL ] SELECT * FROM `bk_cate` WHERE  `pid` = 35 [ RunTime:0.000730s ]
[ sql ] [ SQL ] SELECT * FROM `bk_cate` WHERE  `pid` = 37 [ RunTime:0.001249s ]
---------------------------------------------------------------
[ 2020-04-05T09:26:08+08:00 ] 127.0.0.1 GET 127.0.0.1/tp5/public/index/zpadmin/index.html
[运行时间：0.057980s] [吞吐率：17.25req/s] [内存消耗：2,998.70kb] [文件加载：51]
[ info ] [ LANG ] /Applications/XAMPP/xamppfiles/htdocs/tp5/thinkphp/lang/zh-cn.php
[ info ] [ ROUTE ] array (
  'type' => 'module',
  'module' => 
  array (
    0 => 'index',
    1 => 'zpadmin',
    2 => 'index',
  ),
)
[ info ] [ HEADER ] array (
  'host' => '127.0.0.1',
  'user-agent' => 'Mozilla/5.0 (Macintosh; Intel Mac OS X 10.13; rv:74.0) Gecko/20100101 Firefox/74.0',
  'accept' => 'text/html,application/xhtml+xml,application/xml;q=0.9,image/webp,*/*;q=0.8',
  'accept-language' => 'zh-CN,zh;q=0.8,zh-TW;q=0.7,zh-HK;q=0.5,en-US;q=0.3,en;q=0.2',
  'accept-encoding' => 'gzip, deflate',
  'connection' => 'keep-alive',
  'referer' => 'http://127.0.0.1/tp5/public/index/index/index.html',
  'upgrade-insecure-requests' => '1',
)
[ info ] [ PARAM ] array (
)
[ info ] [ DB ] INIT mysql
[ info ] [ RUN ] app\index\controller\Zpadmin->index[ /Applications/XAMPP/xamppfiles/htdocs/tp5/application/index/controller/Zpadmin.php ]
[ info ] [ LOG ] INIT File
[ sql ] [ DB ] CONNECT:[ UseTime:0.000596s ] mysql:host=127.0.0.1;port=3306;dbname=bick;charset=utf8
[ sql ] [ SQL ] SHOW COLUMNS FROM `bk_conf` [ RunTime:0.003087s ]
[ sql ] [ SQL ] SELECT `enname`,`cnname` FROM `bk_conf` [ RunTime:0.000448s ]
[ sql ] [ SQL ] SHOW COLUMNS FROM `bk_cate` [ RunTime:0.004497s ]
[ sql ] [ SQL ] SELECT * FROM `bk_cate` WHERE  `pid` = 0 [ RunTime:0.000745s ]
[ sql ] [ SQL ] SELECT * FROM `bk_cate` WHERE  `pid` = 28 [ RunTime:0.000646s ]
[ sql ] [ SQL ] SELECT * FROM `bk_cate` WHERE  `pid` = 31 [ RunTime:0.000492s ]
[ sql ] [ SQL ] SELECT * FROM `bk_cate` WHERE  `pid` = 34 [ RunTime:0.000437s ]
[ sql ] [ SQL ] SELECT * FROM `bk_cate` WHERE  `pid` = 35 [ RunTime:0.000565s ]
[ sql ] [ SQL ] SELECT * FROM `bk_cate` WHERE  `pid` = 37 [ RunTime:0.000725s ]
[ sql ] [ SQL ] SHOW COLUMNS FROM `bk_zpadmin` [ RunTime:0.003670s ]
[ error ] [10501]SQLSTATE[42S22]: Column not found: 1054 Unknown column 'peiou' in 'field list'[/Applications/XAMPP/xamppfiles/htdocs/tp5/thinkphp/library/think/db/Connection.php:385]
---------------------------------------------------------------
[ 2020-04-05T09:26:22+08:00 ] 127.0.0.1 GET 127.0.0.1/tp5/public/index/zpadmin/index.html
[运行时间：0.063046s] [吞吐率：15.86req/s] [内存消耗：2,999.28kb] [文件加载：51]
[ info ] [ LANG ] /Applications/XAMPP/xamppfiles/htdocs/tp5/thinkphp/lang/zh-cn.php
[ info ] [ ROUTE ] array (
  'type' => 'module',
  'module' => 
  array (
    0 => 'index',
    1 => 'zpadmin',
    2 => 'index',
  ),
)
[ info ] [ HEADER ] array (
  'host' => '127.0.0.1',
  'user-agent' => 'Mozilla/5.0 (Macintosh; Intel Mac OS X 10.13; rv:74.0) Gecko/20100101 Firefox/74.0',
  'accept' => 'text/html,application/xhtml+xml,application/xml;q=0.9,image/webp,*/*;q=0.8',
  'accept-language' => 'zh-CN,zh;q=0.8,zh-TW;q=0.7,zh-HK;q=0.5,en-US;q=0.3,en;q=0.2',
  'accept-encoding' => 'gzip, deflate',
  'connection' => 'keep-alive',
  'referer' => 'http://127.0.0.1/tp5/public/index/index/index.html',
  'upgrade-insecure-requests' => '1',
)
[ info ] [ PARAM ] array (
)
[ info ] [ DB ] INIT mysql
[ info ] [ RUN ] app\index\controller\Zpadmin->index[ /Applications/XAMPP/xamppfiles/htdocs/tp5/application/index/controller/Zpadmin.php ]
[ info ] [ LOG ] INIT File
[ sql ] [ DB ] CONNECT:[ UseTime:0.000785s ] mysql:host=127.0.0.1;port=3306;dbname=bick;charset=utf8
[ sql ] [ SQL ] SHOW COLUMNS FROM `bk_conf` [ RunTime:0.004225s ]
[ sql ] [ SQL ] SELECT `enname`,`cnname` FROM `bk_conf` [ RunTime:0.000519s ]
[ sql ] [ SQL ] SHOW COLUMNS FROM `bk_cate` [ RunTime:0.003846s ]
[ sql ] [ SQL ] SELECT * FROM `bk_cate` WHERE  `pid` = 0 [ RunTime:0.000611s ]
[ sql ] [ SQL ] SELECT * FROM `bk_cate` WHERE  `pid` = 28 [ RunTime:0.000755s ]
[ sql ] [ SQL ] SELECT * FROM `bk_cate` WHERE  `pid` = 31 [ RunTime:0.000689s ]
[ sql ] [ SQL ] SELECT * FROM `bk_cate` WHERE  `pid` = 34 [ RunTime:0.000421s ]
[ sql ] [ SQL ] SELECT * FROM `bk_cate` WHERE  `pid` = 35 [ RunTime:0.000420s ]
[ sql ] [ SQL ] SELECT * FROM `bk_cate` WHERE  `pid` = 37 [ RunTime:0.000421s ]
[ sql ] [ SQL ] SHOW COLUMNS FROM `bk_zpadmin` [ RunTime:0.003941s ]
[ error ] [10501]SQLSTATE[42S22]: Column not found: 1054 Unknown column 'peiou' in 'field list'[/Applications/XAMPP/xamppfiles/htdocs/tp5/thinkphp/library/think/db/Connection.php:385]
---------------------------------------------------------------
[ 2020-04-05T09:26:37+08:00 ] 127.0.0.1 GET 127.0.0.1/tp5/public/index.php/index/artlist/artlist/cateid/29
[运行时间：0.070584s] [吞吐率：14.17req/s] [内存消耗：3,211.53kb] [文件加载：54]
[ info ] [ LANG ] /Applications/XAMPP/xamppfiles/htdocs/tp5/thinkphp/lang/zh-cn.php
[ info ] [ ROUTE ] array (
  'type' => 'module',
  'module' => 
  array (
    0 => 'index',
    1 => 'artlist',
    2 => 'artlist',
  ),
)
[ info ] [ HEADER ] array (
  'host' => '127.0.0.1',
  'user-agent' => 'Mozilla/5.0 (Macintosh; Intel Mac OS X 10.13; rv:74.0) Gecko/20100101 Firefox/74.0',
  'accept' => 'text/html,application/xhtml+xml,application/xml;q=0.9,image/webp,*/*;q=0.8',
  'accept-language' => 'zh-CN,zh;q=0.8,zh-TW;q=0.7,zh-HK;q=0.5,en-US;q=0.3,en;q=0.2',
  'accept-encoding' => 'gzip, deflate',
  'connection' => 'keep-alive',
  'referer' => 'http://127.0.0.1/tp5/public/index/index/index.html',
  'upgrade-insecure-requests' => '1',
)
[ info ] [ PARAM ] array (
  'cateid' => '29',
)
[ info ] [ DB ] INIT mysql
[ info ] [ RUN ] app\index\controller\Artlist->artlist[ /Applications/XAMPP/xamppfiles/htdocs/tp5/application/index/controller/Artlist.php ]
[ info ] [ VIEW ] /Applications/XAMPP/xamppfiles/htdocs/tp5/public/../application/index/view/artlist/artlist.htm [ array (
  0 => 'posArr',
  1 => 'confres',
  2 => 'cateres',
  3 => 'artres',
  4 => 'hotres',
) ]
[ info ] [ LOG ] INIT File
[ sql ] [ DB ] CONNECT:[ UseTime:0.001083s ] mysql:host=127.0.0.1;port=3306;dbname=bick;charset=utf8
[ sql ] [ SQL ] SHOW COLUMNS FROM `bk_cate` [ RunTime:0.005263s ]
[ sql ] [ SQL ] SELECT `id`,`pid`,`catename` FROM `bk_cate` [ RunTime:0.000465s ]
[ sql ] [ SQL ] SELECT `id`,`pid`,`catename` FROM `bk_cate` WHERE  `id` = 29 LIMIT 1 [ RunTime:0.000730s ]
[ sql ] [ SQL ] SHOW COLUMNS FROM `bk_conf` [ RunTime:0.003485s ]
[ sql ] [ SQL ] SELECT `enname`,`cnname` FROM `bk_conf` [ RunTime:0.000494s ]
[ sql ] [ SQL ] SELECT * FROM `bk_cate` WHERE  `pid` = 0 [ RunTime:0.000461s ]
[ sql ] [ SQL ] SELECT * FROM `bk_cate` WHERE  `pid` = 28 [ RunTime:0.000448s ]
[ sql ] [ SQL ] SELECT * FROM `bk_cate` WHERE  `pid` = 31 [ RunTime:0.000414s ]
[ sql ] [ SQL ] SELECT * FROM `bk_cate` WHERE  `pid` = 34 [ RunTime:0.000406s ]
[ sql ] [ SQL ] SELECT * FROM `bk_cate` WHERE  `pid` = 35 [ RunTime:0.000396s ]
[ sql ] [ SQL ] SELECT * FROM `bk_cate` WHERE  `pid` = 37 [ RunTime:0.000388s ]
[ sql ] [ SQL ] SELECT * FROM `bk_cate` [ RunTime:0.000414s ]
[ sql ] [ SQL ] SHOW COLUMNS FROM `bk_article` [ RunTime:0.003642s ]
[ sql ] [ SQL ] SELECT COUNT(*) AS tp_count FROM `bk_article` WHERE  (  cateid IN(29) ) LIMIT 1 [ RunTime:0.001570s ]
[ sql ] [ SQL ] SELECT * FROM `bk_article` WHERE  (  cateid IN(29) ) ORDER BY `id` DESC LIMIT 0,2 [ RunTime:0.000523s ]
[ sql ] [ SQL ] SELECT * FROM `bk_cate` [ RunTime:0.000456s ]
[ sql ] [ SQL ] SELECT * FROM `bk_article` WHERE  (  cateid IN(29) ) ORDER BY `click` DESC LIMIT 5 [ RunTime:0.000453s ]
---------------------------------------------------------------
[ 2020-04-05T09:26:37+08:00 ] 127.0.0.1 GET 127.0.0.1/tp5/public/static/index/style/jquery.error.js
[运行时间：0.038911s] [吞吐率：25.70req/s] [内存消耗：1,324.91kb] [文件加载：30]
[ info ] [ LANG ] /Applications/XAMPP/xamppfiles/htdocs/tp5/thinkphp/lang/zh-cn.php
[ info ] [ ROUTE ] array (
  'type' => 'module',
  'module' => 
  array (
    0 => 'static',
    1 => 'index',
    2 => 'style',
  ),
)
[ info ] [ HEADER ] array (
  'host' => '127.0.0.1',
  'user-agent' => 'Mozilla/5.0 (Macintosh; Intel Mac OS X 10.13; rv:74.0) Gecko/20100101 Firefox/74.0',
  'accept' => '*/*',
  'accept-language' => 'zh-CN,zh;q=0.8,zh-TW;q=0.7,zh-HK;q=0.5,en-US;q=0.3,en;q=0.2',
  'accept-encoding' => 'gzip, deflate',
  'connection' => 'keep-alive',
  'referer' => 'http://127.0.0.1/tp5/public/index.php/index/artlist/artlist/cateid/29',
)
[ info ] [ PARAM ] array (
)
[ info ] [ LOG ] INIT File
---------------------------------------------------------------
[ 2020-04-05T09:26:37+08:00 ] 127.0.0.1 GET 127.0.0.1/tp5/public/static/index/style/jquery.form.js
[运行时间：0.036713s] [吞吐率：27.24req/s] [内存消耗：1,324.91kb] [文件加载：30]
[ info ] [ LANG ] /Applications/XAMPP/xamppfiles/htdocs/tp5/thinkphp/lang/zh-cn.php
[ info ] [ ROUTE ] array (
  'type' => 'module',
  'module' => 
  array (
    0 => 'static',
    1 => 'index',
    2 => 'style',
  ),
)
[ info ] [ HEADER ] array (
  'host' => '127.0.0.1',
  'user-agent' => 'Mozilla/5.0 (Macintosh; Intel Mac OS X 10.13; rv:74.0) Gecko/20100101 Firefox/74.0',
  'accept' => '*/*',
  'accept-language' => 'zh-CN,zh;q=0.8,zh-TW;q=0.7,zh-HK;q=0.5,en-US;q=0.3,en;q=0.2',
  'accept-encoding' => 'gzip, deflate',
  'connection' => 'keep-alive',
  'referer' => 'http://127.0.0.1/tp5/public/index.php/index/artlist/artlist/cateid/29',
)
[ info ] [ PARAM ] array (
)
[ info ] [ LOG ] INIT File
---------------------------------------------------------------
[ 2020-04-05T09:26:37+08:00 ] 127.0.0.1 GET 127.0.0.1/tp5/public/static/index/style/img/tg.jpg
[运行时间：0.031733s] [吞吐率：31.51req/s] [内存消耗：1,326.05kb] [文件加载：30]
[ info ] [ LANG ] /Applications/XAMPP/xamppfiles/htdocs/tp5/thinkphp/lang/zh-cn.php
[ info ] [ ROUTE ] array (
  'type' => 'module',
  'module' => 
  array (
    0 => 'static',
    1 => 'index',
    2 => 'style',
  ),
)
[ info ] [ HEADER ] array (
  'host' => '127.0.0.1',
  'user-agent' => 'Mozilla/5.0 (Macintosh; Intel Mac OS X 10.13; rv:74.0) Gecko/20100101 Firefox/74.0',
  'accept' => 'image/webp,*/*',
  'accept-language' => 'zh-CN,zh;q=0.8,zh-TW;q=0.7,zh-HK;q=0.5,en-US;q=0.3,en;q=0.2',
  'accept-encoding' => 'gzip, deflate',
  'connection' => 'keep-alive',
  'referer' => 'http://127.0.0.1/tp5/public/index.php/index/artlist/artlist/cateid/29',
)
[ info ] [ PARAM ] array (
  'img' => 'tg.jpg',
)
[ info ] [ LOG ] INIT File
---------------------------------------------------------------
[ 2020-04-05T09:26:37+08:00 ] 127.0.0.1 GET 127.0.0.1/tp5/public/static/index/style/jquery.error.js
[运行时间：0.027373s] [吞吐率：36.53req/s] [内存消耗：1,324.91kb] [文件加载：30]
[ info ] [ LANG ] /Applications/XAMPP/xamppfiles/htdocs/tp5/thinkphp/lang/zh-cn.php
[ info ] [ ROUTE ] array (
  'type' => 'module',
  'module' => 
  array (
    0 => 'static',
    1 => 'index',
    2 => 'style',
  ),
)
[ info ] [ HEADER ] array (
  'host' => '127.0.0.1',
  'user-agent' => 'Mozilla/5.0 (Macintosh; Intel Mac OS X 10.13; rv:74.0) Gecko/20100101 Firefox/74.0',
  'accept' => '*/*',
  'accept-language' => 'zh-CN,zh;q=0.8,zh-TW;q=0.7,zh-HK;q=0.5,en-US;q=0.3,en;q=0.2',
  'accept-encoding' => 'gzip, deflate',
  'connection' => 'keep-alive',
  'referer' => 'http://127.0.0.1/tp5/public/index.php/index/artlist/artlist/cateid/29',
)
[ info ] [ PARAM ] array (
)
[ info ] [ LOG ] INIT File
---------------------------------------------------------------
[ 2020-04-05T09:26:37+08:00 ] 127.0.0.1 GET 127.0.0.1/tp5/public/static/index/style/jquery.form.js
[运行时间：0.020359s] [吞吐率：49.12req/s] [内存消耗：1,324.91kb] [文件加载：30]
[ info ] [ LANG ] /Applications/XAMPP/xamppfiles/htdocs/tp5/thinkphp/lang/zh-cn.php
[ info ] [ ROUTE ] array (
  'type' => 'module',
  'module' => 
  array (
    0 => 'static',
    1 => 'index',
    2 => 'style',
  ),
)
[ info ] [ HEADER ] array (
  'host' => '127.0.0.1',
  'user-agent' => 'Mozilla/5.0 (Macintosh; Intel Mac OS X 10.13; rv:74.0) Gecko/20100101 Firefox/74.0',
  'accept' => '*/*',
  'accept-language' => 'zh-CN,zh;q=0.8,zh-TW;q=0.7,zh-HK;q=0.5,en-US;q=0.3,en;q=0.2',
  'accept-encoding' => 'gzip, deflate',
  'connection' => 'keep-alive',
  'referer' => 'http://127.0.0.1/tp5/public/index.php/index/artlist/artlist/cateid/29',
)
[ info ] [ PARAM ] array (
)
[ info ] [ LOG ] INIT File
---------------------------------------------------------------
[ 2020-04-05T09:26:37+08:00 ] 127.0.0.1 GET 127.0.0.1/tp5/public/static/index/style/img/tg.jpg
[运行时间：0.051239s] [吞吐率：19.52req/s] [内存消耗：1,325.46kb] [文件加载：30]
[ info ] [ LANG ] /Applications/XAMPP/xamppfiles/htdocs/tp5/thinkphp/lang/zh-cn.php
[ info ] [ ROUTE ] array (
  'type' => 'module',
  'module' => 
  array (
    0 => 'static',
    1 => 'index',
    2 => 'style',
  ),
)
[ info ] [ HEADER ] array (
  'host' => '127.0.0.1',
  'user-agent' => 'Mozilla/5.0 (Macintosh; Intel Mac OS X 10.13; rv:74.0) Gecko/20100101 Firefox/74.0',
  'accept' => 'image/webp,*/*',
  'accept-language' => 'zh-CN,zh;q=0.8,zh-TW;q=0.7,zh-HK;q=0.5,en-US;q=0.3,en;q=0.2',
  'accept-encoding' => 'gzip, deflate',
  'connection' => 'keep-alive',
  'referer' => 'http://127.0.0.1/tp5/public/index.php/index/artlist/artlist/cateid/29',
)
[ info ] [ PARAM ] array (
  'img' => 'tg.jpg',
)
[ info ] [ LOG ] INIT File
---------------------------------------------------------------
[ 2020-04-05T09:26:37+08:00 ] 127.0.0.1 GET 127.0.0.1/tp5/public/index.php/index/artlist/artlist/cateid/style/img/hots_bg.png
[运行时间：0.069144s] [吞吐率：14.46req/s] [内存消耗：2,947.43kb] [文件加载：49]
[ info ] [ LANG ] /Applications/XAMPP/xamppfiles/htdocs/tp5/thinkphp/lang/zh-cn.php
[ info ] [ ROUTE ] array (
  'type' => 'module',
  'module' => 
  array (
    0 => 'index',
    1 => 'artlist',
    2 => 'artlist',
  ),
)
[ info ] [ HEADER ] array (
  'host' => '127.0.0.1',
  'user-agent' => 'Mozilla/5.0 (Macintosh; Intel Mac OS X 10.13; rv:74.0) Gecko/20100101 Firefox/74.0',
  'accept' => 'image/webp,*/*',
  'accept-language' => 'zh-CN,zh;q=0.8,zh-TW;q=0.7,zh-HK;q=0.5,en-US;q=0.3,en;q=0.2',
  'accept-encoding' => 'gzip, deflate',
  'connection' => 'keep-alive',
  'referer' => 'http://127.0.0.1/tp5/public/index.php/index/artlist/artlist/cateid/29',
)
[ info ] [ PARAM ] array (
  'cateid' => 'style',
  'img' => 'hots_bg.png',
)
[ info ] [ DB ] INIT mysql
[ info ] [ LOG ] INIT File
[ sql ] [ DB ] CONNECT:[ UseTime:0.000912s ] mysql:host=127.0.0.1;port=3306;dbname=bick;charset=utf8
[ sql ] [ SQL ] SHOW COLUMNS FROM `bk_cate` [ RunTime:0.003653s ]
[ sql ] [ SQL ] SELECT `id`,`pid`,`catename` FROM `bk_cate` [ RunTime:0.000531s ]
[ sql ] [ SQL ] SELECT `id`,`pid`,`catename` FROM `bk_cate` WHERE  `id` = 0 LIMIT 1 [ RunTime:0.000453s ]
[ error ] [8]Trying to access array offset on value of type null[/Applications/XAMPP/xamppfiles/htdocs/tp5/application/index/model/Cate.php:37]
---------------------------------------------------------------
[ 2020-04-05T09:26:40+08:00 ] 127.0.0.1 GET 127.0.0.1/tp5/public/index.php/index/zpadmin/index.html
[运行时间：0.055379s] [吞吐率：18.06req/s] [内存消耗：2,998.67kb] [文件加载：51]
[ info ] [ LANG ] /Applications/XAMPP/xamppfiles/htdocs/tp5/thinkphp/lang/zh-cn.php
[ info ] [ ROUTE ] array (
  'type' => 'module',
  'module' => 
  array (
    0 => 'index',
    1 => 'zpadmin',
    2 => 'index',
  ),
)
[ info ] [ HEADER ] array (
  'host' => '127.0.0.1',
  'user-agent' => 'Mozilla/5.0 (Macintosh; Intel Mac OS X 10.13; rv:74.0) Gecko/20100101 Firefox/74.0',
  'accept' => 'text/html,application/xhtml+xml,application/xml;q=0.9,image/webp,*/*;q=0.8',
  'accept-language' => 'zh-CN,zh;q=0.8,zh-TW;q=0.7,zh-HK;q=0.5,en-US;q=0.3,en;q=0.2',
  'accept-encoding' => 'gzip, deflate',
  'connection' => 'keep-alive',
  'referer' => 'http://127.0.0.1/tp5/public/index.php/index/artlist/artlist/cateid/29',
  'upgrade-insecure-requests' => '1',
)
[ info ] [ PARAM ] array (
)
[ info ] [ DB ] INIT mysql
[ info ] [ RUN ] app\index\controller\Zpadmin->index[ /Applications/XAMPP/xamppfiles/htdocs/tp5/application/index/controller/Zpadmin.php ]
[ info ] [ LOG ] INIT File
[ sql ] [ DB ] CONNECT:[ UseTime:0.000699s ] mysql:host=127.0.0.1;port=3306;dbname=bick;charset=utf8
[ sql ] [ SQL ] SHOW COLUMNS FROM `bk_conf` [ RunTime:0.003889s ]
[ sql ] [ SQL ] SELECT `enname`,`cnname` FROM `bk_conf` [ RunTime:0.000686s ]
[ sql ] [ SQL ] SHOW COLUMNS FROM `bk_cate` [ RunTime:0.003161s ]
[ sql ] [ SQL ] SELECT * FROM `bk_cate` WHERE  `pid` = 0 [ RunTime:0.000533s ]
[ sql ] [ SQL ] SELECT * FROM `bk_cate` WHERE  `pid` = 28 [ RunTime:0.000616s ]
[ sql ] [ SQL ] SELECT * FROM `bk_cate` WHERE  `pid` = 31 [ RunTime:0.000580s ]
[ sql ] [ SQL ] SELECT * FROM `bk_cate` WHERE  `pid` = 34 [ RunTime:0.000450s ]
[ sql ] [ SQL ] SELECT * FROM `bk_cate` WHERE  `pid` = 35 [ RunTime:0.000419s ]
[ sql ] [ SQL ] SELECT * FROM `bk_cate` WHERE  `pid` = 37 [ RunTime:0.000421s ]
[ sql ] [ SQL ] SHOW COLUMNS FROM `bk_zpadmin` [ RunTime:0.002859s ]
[ error ] [10501]SQLSTATE[42S22]: Column not found: 1054 Unknown column 'peiou' in 'field list'[/Applications/XAMPP/xamppfiles/htdocs/tp5/thinkphp/library/think/db/Connection.php:385]
---------------------------------------------------------------
[ 2020-04-05T09:33:41+08:00 ] 127.0.0.1 GET 127.0.0.1/tp5/public/index/index/index.html
[运行时间：0.092975s] [吞吐率：10.76req/s] [内存消耗：3,061.83kb] [文件加载：49]
[ info ] [ LANG ] /Applications/XAMPP/xamppfiles/htdocs/tp5/thinkphp/lang/zh-cn.php
[ info ] [ ROUTE ] array (
  'type' => 'module',
  'module' => 
  array (
    0 => 'index',
    1 => 'index',
    2 => 'index',
  ),
)
[ info ] [ HEADER ] array (
  'host' => '127.0.0.1',
  'user-agent' => 'Mozilla/5.0 (Macintosh; Intel Mac OS X 10.13; rv:74.0) Gecko/20100101 Firefox/74.0',
  'accept' => 'text/html,application/xhtml+xml,application/xml;q=0.9,image/webp,*/*;q=0.8',
  'accept-language' => 'zh-CN,zh;q=0.8,zh-TW;q=0.7,zh-HK;q=0.5,en-US;q=0.3,en;q=0.2',
  'accept-encoding' => 'gzip, deflate',
  'connection' => 'keep-alive',
  'upgrade-insecure-requests' => '1',
)
[ info ] [ PARAM ] array (
)
[ info ] [ DB ] INIT mysql
[ info ] [ RUN ] app\index\controller\Index->index[ /Applications/XAMPP/xamppfiles/htdocs/tp5/application/index/controller/Index.php ]
[ info ] [ VIEW ] /Applications/XAMPP/xamppfiles/htdocs/tp5/public/../application/index/view/index/index.htm [ array (
  0 => 'confres',
  1 => 'cateres',
  2 => 'newarticleres',
  3 => 'sitehotres',
  4 => 'linkres',
  5 => 'recartres',
) ]
[ info ] [ LOG ] INIT File
[ sql ] [ DB ] CONNECT:[ UseTime:0.000718s ] mysql:host=127.0.0.1;port=3306;dbname=bick;charset=utf8
[ sql ] [ SQL ] SHOW COLUMNS FROM `bk_conf` [ RunTime:0.004957s ]
[ sql ] [ SQL ] SELECT `enname`,`cnname` FROM `bk_conf` [ RunTime:0.000723s ]
[ sql ] [ SQL ] SHOW COLUMNS FROM `bk_cate` [ RunTime:0.005427s ]
[ sql ] [ SQL ] SELECT * FROM `bk_cate` WHERE  `pid` = 0 [ RunTime:0.001188s ]
[ sql ] [ SQL ] SELECT * FROM `bk_cate` WHERE  `pid` = 28 [ RunTime:0.000744s ]
[ sql ] [ SQL ] SELECT * FROM `bk_cate` WHERE  `pid` = 31 [ RunTime:0.001347s ]
[ sql ] [ SQL ] SELECT * FROM `bk_cate` WHERE  `pid` = 34 [ RunTime:0.000807s ]
[ sql ] [ SQL ] SELECT * FROM `bk_cate` WHERE  `pid` = 35 [ RunTime:0.001198s ]
[ sql ] [ SQL ] SELECT * FROM `bk_cate` WHERE  `pid` = 37 [ RunTime:0.000929s ]
[ sql ] [ SQL ] SHOW COLUMNS FROM `bk_article` [ RunTime:0.004020s ]
[ sql ] [ SQL ] SELECT `a`.`id`,`a`.`title`,`a`.`desc`,`a`.`thumb`,`a`.`click`,`a`.`zan`,`a`.`time`,`c`.`catename`,`a`.`cateid` FROM `bk_article` `a` INNER JOIN `bk_cate` `c` ON `a`.`cateid`=`c`.`id` ORDER BY `a`.`id` DESC LIMIT 5 [ RunTime:0.000694s ]
[ sql ] [ SQL ] SELECT `id`,`title`,`thumb` FROM `bk_article` ORDER BY `click` DESC LIMIT 5 [ RunTime:0.000655s ]
[ sql ] [ SQL ] SELECT `id`,`thumb`,`title` FROM `bk_article` WHERE  `rec` = 1 ORDER BY `id` DESC LIMIT 4 [ RunTime:0.001014s ]
[ sql ] [ SQL ] SHOW COLUMNS FROM `bk_link` [ RunTime:0.004285s ]
[ sql ] [ SQL ] SELECT * FROM `bk_link` ORDER BY `sortn` DESC [ RunTime:0.000690s ]
---------------------------------------------------------------
[ 2020-04-05T09:33:41+08:00 ] 127.0.0.1 GET 127.0.0.1/tp5/public/static/index/style/jquery.form.js
[运行时间：0.056301s] [吞吐率：17.76req/s] [内存消耗：1,324.84kb] [文件加载：30]
[ info ] [ LANG ] /Applications/XAMPP/xamppfiles/htdocs/tp5/thinkphp/lang/zh-cn.php
[ info ] [ ROUTE ] array (
  'type' => 'module',
  'module' => 
  array (
    0 => 'static',
    1 => 'index',
    2 => 'style',
  ),
)
[ info ] [ HEADER ] array (
  'host' => '127.0.0.1',
  'user-agent' => 'Mozilla/5.0 (Macintosh; Intel Mac OS X 10.13; rv:74.0) Gecko/20100101 Firefox/74.0',
  'accept' => '*/*',
  'accept-language' => 'zh-CN,zh;q=0.8,zh-TW;q=0.7,zh-HK;q=0.5,en-US;q=0.3,en;q=0.2',
  'accept-encoding' => 'gzip, deflate',
  'connection' => 'keep-alive',
  'referer' => 'http://127.0.0.1/tp5/public/index/index/index.html',
)
[ info ] [ PARAM ] array (
)
[ info ] [ LOG ] INIT File
---------------------------------------------------------------
[ 2020-04-05T09:33:41+08:00 ] 127.0.0.1 GET 127.0.0.1/tp5/public/static/index/style/jquery.error.js
[运行时间：0.067235s] [吞吐率：14.87req/s] [内存消耗：1,325.42kb] [文件加载：30]
[ info ] [ LANG ] /Applications/XAMPP/xamppfiles/htdocs/tp5/thinkphp/lang/zh-cn.php
[ info ] [ ROUTE ] array (
  'type' => 'module',
  'module' => 
  array (
    0 => 'static',
    1 => 'index',
    2 => 'style',
  ),
)
[ info ] [ HEADER ] array (
  'host' => '127.0.0.1',
  'user-agent' => 'Mozilla/5.0 (Macintosh; Intel Mac OS X 10.13; rv:74.0) Gecko/20100101 Firefox/74.0',
  'accept' => '*/*',
  'accept-language' => 'zh-CN,zh;q=0.8,zh-TW;q=0.7,zh-HK;q=0.5,en-US;q=0.3,en;q=0.2',
  'accept-encoding' => 'gzip, deflate',
  'connection' => 'keep-alive',
  'referer' => 'http://127.0.0.1/tp5/public/index/index/index.html',
)
[ info ] [ PARAM ] array (
)
[ info ] [ LOG ] INIT File
---------------------------------------------------------------
[ 2020-04-05T09:33:41+08:00 ] 127.0.0.1 GET 127.0.0.1/tp5/public/static/index/style/img/tg.jpg
[运行时间：0.078350s] [吞吐率：12.76req/s] [内存消耗：1,325.32kb] [文件加载：30]
[ info ] [ LANG ] /Applications/XAMPP/xamppfiles/htdocs/tp5/thinkphp/lang/zh-cn.php
[ info ] [ ROUTE ] array (
  'type' => 'module',
  'module' => 
  array (
    0 => 'static',
    1 => 'index',
    2 => 'style',
  ),
)
[ info ] [ HEADER ] array (
  'host' => '127.0.0.1',
  'user-agent' => 'Mozilla/5.0 (Macintosh; Intel Mac OS X 10.13; rv:74.0) Gecko/20100101 Firefox/74.0',
  'accept' => 'image/webp,*/*',
  'accept-language' => 'zh-CN,zh;q=0.8,zh-TW;q=0.7,zh-HK;q=0.5,en-US;q=0.3,en;q=0.2',
  'accept-encoding' => 'gzip, deflate',
  'connection' => 'keep-alive',
  'referer' => 'http://127.0.0.1/tp5/public/index/index/index.html',
)
[ info ] [ PARAM ] array (
  'img' => 'tg.jpg',
)
[ info ] [ LOG ] INIT File
---------------------------------------------------------------
[ 2020-04-05T09:33:41+08:00 ] 127.0.0.1 GET 127.0.0.1/tp5/public/static/index/style/jquery.form.js
[运行时间：0.024334s] [吞吐率：41.09req/s] [内存消耗：1,324.84kb] [文件加载：30]
[ info ] [ LANG ] /Applications/XAMPP/xamppfiles/htdocs/tp5/thinkphp/lang/zh-cn.php
[ info ] [ ROUTE ] array (
  'type' => 'module',
  'module' => 
  array (
    0 => 'static',
    1 => 'index',
    2 => 'style',
  ),
)
[ info ] [ HEADER ] array (
  'host' => '127.0.0.1',
  'user-agent' => 'Mozilla/5.0 (Macintosh; Intel Mac OS X 10.13; rv:74.0) Gecko/20100101 Firefox/74.0',
  'accept' => '*/*',
  'accept-language' => 'zh-CN,zh;q=0.8,zh-TW;q=0.7,zh-HK;q=0.5,en-US;q=0.3,en;q=0.2',
  'accept-encoding' => 'gzip, deflate',
  'connection' => 'keep-alive',
  'referer' => 'http://127.0.0.1/tp5/public/index/index/index.html',
)
[ info ] [ PARAM ] array (
)
[ info ] [ LOG ] INIT File
---------------------------------------------------------------
[ 2020-04-05T09:33:41+08:00 ] 127.0.0.1 GET 127.0.0.1/tp5/public/static/index/images/sitemap-dot.gif
[运行时间：0.025804s] [吞吐率：38.75req/s] [内存消耗：1,324.89kb] [文件加载：30]
[ info ] [ LANG ] /Applications/XAMPP/xamppfiles/htdocs/tp5/thinkphp/lang/zh-cn.php
[ info ] [ ROUTE ] array (
  'type' => 'module',
  'module' => 
  array (
    0 => 'static',
    1 => 'index',
    2 => 'images',
  ),
)
[ info ] [ HEADER ] array (
  'host' => '127.0.0.1',
  'user-agent' => 'Mozilla/5.0 (Macintosh; Intel Mac OS X 10.13; rv:74.0) Gecko/20100101 Firefox/74.0',
  'accept' => 'image/webp,*/*',
  'accept-language' => 'zh-CN,zh;q=0.8,zh-TW;q=0.7,zh-HK;q=0.5,en-US;q=0.3,en;q=0.2',
  'accept-encoding' => 'gzip, deflate',
  'connection' => 'keep-alive',
  'referer' => 'http://127.0.0.1/tp5/public/static/index/style/style.css',
)
[ info ] [ PARAM ] array (
)
[ info ] [ LOG ] INIT File
---------------------------------------------------------------
[ 2020-04-05T09:33:41+08:00 ] 127.0.0.1 GET 127.0.0.1/tp5/public/static/index/images/loading.gif
[运行时间：0.107078s] [吞吐率：9.34req/s] [内存消耗：1,324.88kb] [文件加载：30]
[ info ] [ LANG ] /Applications/XAMPP/xamppfiles/htdocs/tp5/thinkphp/lang/zh-cn.php
[ info ] [ ROUTE ] array (
  'type' => 'module',
  'module' => 
  array (
    0 => 'static',
    1 => 'index',
    2 => 'images',
  ),
)
[ info ] [ HEADER ] array (
  'host' => '127.0.0.1',
  'user-agent' => 'Mozilla/5.0 (Macintosh; Intel Mac OS X 10.13; rv:74.0) Gecko/20100101 Firefox/74.0',
  'accept' => 'image/webp,*/*',
  'accept-language' => 'zh-CN,zh;q=0.8,zh-TW;q=0.7,zh-HK;q=0.5,en-US;q=0.3,en;q=0.2',
  'accept-encoding' => 'gzip, deflate',
  'connection' => 'keep-alive',
  'referer' => 'http://127.0.0.1/tp5/public/static/index/style/style.css',
)
[ info ] [ PARAM ] array (
)
[ info ] [ LOG ] INIT File
---------------------------------------------------------------
[ 2020-04-05T09:33:41+08:00 ] 127.0.0.1 GET 127.0.0.1/tp5/public/index/index/images/focus-left-bg.png
[运行时间：0.101807s] [吞吐率：9.82req/s] [内存消耗：2,954.15kb] [文件加载：48]
[ info ] [ LANG ] /Applications/XAMPP/xamppfiles/htdocs/tp5/thinkphp/lang/zh-cn.php
[ info ] [ ROUTE ] array (
  'type' => 'module',
  'module' => 
  array (
    0 => 'index',
    1 => 'index',
    2 => 'images',
  ),
)
[ info ] [ HEADER ] array (
  'host' => '127.0.0.1',
  'user-agent' => 'Mozilla/5.0 (Macintosh; Intel Mac OS X 10.13; rv:74.0) Gecko/20100101 Firefox/74.0',
  'accept' => 'image/webp,*/*',
  'accept-language' => 'zh-CN,zh;q=0.8,zh-TW;q=0.7,zh-HK;q=0.5,en-US;q=0.3,en;q=0.2',
  'accept-encoding' => 'gzip, deflate',
  'connection' => 'keep-alive',
  'referer' => 'http://127.0.0.1/tp5/public/index/index/index.html',
)
[ info ] [ PARAM ] array (
)
[ info ] [ DB ] INIT mysql
[ info ] [ LOG ] INIT File
[ sql ] [ DB ] CONNECT:[ UseTime:0.000669s ] mysql:host=127.0.0.1;port=3306;dbname=bick;charset=utf8
[ sql ] [ SQL ] SHOW COLUMNS FROM `bk_conf` [ RunTime:0.028993s ]
[ sql ] [ SQL ] SELECT `enname`,`cnname` FROM `bk_conf` [ RunTime:0.000825s ]
[ sql ] [ SQL ] SHOW COLUMNS FROM `bk_cate` [ RunTime:0.005581s ]
[ sql ] [ SQL ] SELECT * FROM `bk_cate` WHERE  `pid` = 0 [ RunTime:0.000844s ]
[ sql ] [ SQL ] SELECT * FROM `bk_cate` WHERE  `pid` = 28 [ RunTime:0.001895s ]
[ sql ] [ SQL ] SELECT * FROM `bk_cate` WHERE  `pid` = 31 [ RunTime:0.000913s ]
[ sql ] [ SQL ] SELECT * FROM `bk_cate` WHERE  `pid` = 34 [ RunTime:0.000887s ]
[ sql ] [ SQL ] SELECT * FROM `bk_cate` WHERE  `pid` = 35 [ RunTime:0.001044s ]
[ sql ] [ SQL ] SELECT * FROM `bk_cate` WHERE  `pid` = 37 [ RunTime:0.000794s ]
---------------------------------------------------------------
[ 2020-04-05T09:33:41+08:00 ] 127.0.0.1 GET 127.0.0.1/tp5/public/static/index/images/focus-bg2.png
[运行时间：0.101138s] [吞吐率：9.89req/s] [内存消耗：1,324.89kb] [文件加载：30]
[ info ] [ LANG ] /Applications/XAMPP/xamppfiles/htdocs/tp5/thinkphp/lang/zh-cn.php
[ info ] [ ROUTE ] array (
  'type' => 'module',
  'module' => 
  array (
    0 => 'static',
    1 => 'index',
    2 => 'images',
  ),
)
[ info ] [ HEADER ] array (
  'host' => '127.0.0.1',
  'user-agent' => 'Mozilla/5.0 (Macintosh; Intel Mac OS X 10.13; rv:74.0) Gecko/20100101 Firefox/74.0',
  'accept' => 'image/webp,*/*',
  'accept-language' => 'zh-CN,zh;q=0.8,zh-TW;q=0.7,zh-HK;q=0.5,en-US;q=0.3,en;q=0.2',
  'accept-encoding' => 'gzip, deflate',
  'connection' => 'keep-alive',
  'referer' => 'http://127.0.0.1/tp5/public/static/index/style/style.css',
)
[ info ] [ PARAM ] array (
)
[ info ] [ LOG ] INIT File
---------------------------------------------------------------
[ 2020-04-05T09:33:41+08:00 ] 127.0.0.1 GET 127.0.0.1/tp5/public/static/index/style/img/tg.jpg
[运行时间：0.174135s] [吞吐率：5.74req/s] [内存消耗：1,325.32kb] [文件加载：30]
[ info ] [ LANG ] /Applications/XAMPP/xamppfiles/htdocs/tp5/thinkphp/lang/zh-cn.php
[ info ] [ ROUTE ] array (
  'type' => 'module',
  'module' => 
  array (
    0 => 'static',
    1 => 'index',
    2 => 'style',
  ),
)
[ info ] [ HEADER ] array (
  'host' => '127.0.0.1',
  'user-agent' => 'Mozilla/5.0 (Macintosh; Intel Mac OS X 10.13; rv:74.0) Gecko/20100101 Firefox/74.0',
  'accept' => 'image/webp,*/*',
  'accept-language' => 'zh-CN,zh;q=0.8,zh-TW;q=0.7,zh-HK;q=0.5,en-US;q=0.3,en;q=0.2',
  'accept-encoding' => 'gzip, deflate',
  'connection' => 'keep-alive',
  'referer' => 'http://127.0.0.1/tp5/public/index/index/index.html',
)
[ info ] [ PARAM ] array (
  'img' => 'tg.jpg',
)
[ info ] [ LOG ] INIT File
---------------------------------------------------------------
[ 2020-04-05T09:33:43+08:00 ] 127.0.0.1 GET 127.0.0.1/tp5/public/index/zpadmin/index.html
[运行时间：0.048563s] [吞吐率：20.59req/s] [内存消耗：2,998.70kb] [文件加载：51]
[ info ] [ LANG ] /Applications/XAMPP/xamppfiles/htdocs/tp5/thinkphp/lang/zh-cn.php
[ info ] [ ROUTE ] array (
  'type' => 'module',
  'module' => 
  array (
    0 => 'index',
    1 => 'zpadmin',
    2 => 'index',
  ),
)
[ info ] [ HEADER ] array (
  'host' => '127.0.0.1',
  'user-agent' => 'Mozilla/5.0 (Macintosh; Intel Mac OS X 10.13; rv:74.0) Gecko/20100101 Firefox/74.0',
  'accept' => 'text/html,application/xhtml+xml,application/xml;q=0.9,image/webp,*/*;q=0.8',
  'accept-language' => 'zh-CN,zh;q=0.8,zh-TW;q=0.7,zh-HK;q=0.5,en-US;q=0.3,en;q=0.2',
  'accept-encoding' => 'gzip, deflate',
  'connection' => 'keep-alive',
  'referer' => 'http://127.0.0.1/tp5/public/index/index/index.html',
  'upgrade-insecure-requests' => '1',
)
[ info ] [ PARAM ] array (
)
[ info ] [ DB ] INIT mysql
[ info ] [ RUN ] app\index\controller\Zpadmin->index[ /Applications/XAMPP/xamppfiles/htdocs/tp5/application/index/controller/Zpadmin.php ]
[ info ] [ LOG ] INIT File
[ sql ] [ DB ] CONNECT:[ UseTime:0.000579s ] mysql:host=127.0.0.1;port=3306;dbname=bick;charset=utf8
[ sql ] [ SQL ] SHOW COLUMNS FROM `bk_conf` [ RunTime:0.003396s ]
[ sql ] [ SQL ] SELECT `enname`,`cnname` FROM `bk_conf` [ RunTime:0.000442s ]
[ sql ] [ SQL ] SHOW COLUMNS FROM `bk_cate` [ RunTime:0.003102s ]
[ sql ] [ SQL ] SELECT * FROM `bk_cate` WHERE  `pid` = 0 [ RunTime:0.000530s ]
[ sql ] [ SQL ] SELECT * FROM `bk_cate` WHERE  `pid` = 28 [ RunTime:0.000398s ]
[ sql ] [ SQL ] SELECT * FROM `bk_cate` WHERE  `pid` = 31 [ RunTime:0.000648s ]
[ sql ] [ SQL ] SELECT * FROM `bk_cate` WHERE  `pid` = 34 [ RunTime:0.000754s ]
[ sql ] [ SQL ] SELECT * FROM `bk_cate` WHERE  `pid` = 35 [ RunTime:0.000475s ]
[ sql ] [ SQL ] SELECT * FROM `bk_cate` WHERE  `pid` = 37 [ RunTime:0.000437s ]
[ sql ] [ SQL ] SHOW COLUMNS FROM `bk_zpadmin` [ RunTime:0.003450s ]
[ error ] [10501]SQLSTATE[42S22]: Column not found: 1054 Unknown column 'peiou' in 'field list'[/Applications/XAMPP/xamppfiles/htdocs/tp5/thinkphp/library/think/db/Connection.php:385]
---------------------------------------------------------------
[ 2020-04-05T09:36:55+08:00 ] 127.0.0.1 GET 127.0.0.1/tp5/public/admin/index.html
[运行时间：0.026506s] [吞吐率：37.73req/s] [内存消耗：1,705.34kb] [文件加载：40]
[ info ] [ LANG ] /Applications/XAMPP/xamppfiles/htdocs/tp5/thinkphp/lang/zh-cn.php
[ info ] [ ROUTE ] array (
  'type' => 'module',
  'module' => 
  array (
    0 => 'admin',
    1 => 'index',
    2 => NULL,
  ),
)
[ info ] [ HEADER ] array (
  'host' => '127.0.0.1',
  'user-agent' => 'Mozilla/5.0 (Macintosh; Intel Mac OS X 10.13; rv:74.0) Gecko/20100101 Firefox/74.0',
  'accept' => 'text/html,application/xhtml+xml,application/xml;q=0.9,image/webp,*/*;q=0.8',
  'accept-language' => 'zh-CN,zh;q=0.8,zh-TW;q=0.7,zh-HK;q=0.5,en-US;q=0.3,en;q=0.2',
  'accept-encoding' => 'gzip, deflate',
  'connection' => 'keep-alive',
  'referer' => 'http://127.0.0.1/tp5/public/index/index/index.html',
  'upgrade-insecure-requests' => '1',
)
[ info ] [ PARAM ] array (
)
[ info ] [ SESSION ] INIT array (
  'id' => '',
  'var_session_id' => '',
  'prefix' => 'think',
  'type' => '',
  'auto_start' => true,
)
[ info ] [ VIEW ] /Applications/XAMPP/xamppfiles/htdocs/tp5/thinkphp/tpl/dispatch_jump.tpl [ array (
  0 => 'code',
  1 => 'msg',
  2 => 'data',
  3 => 'url',
  4 => 'wait',
) ]
[ info ] [ LOG ] INIT File
---------------------------------------------------------------
[ 2020-04-05T09:36:58+08:00 ] 127.0.0.1 GET 127.0.0.1/tp5/public/admin/login/index.html
[运行时间：0.023517s] [吞吐率：42.52req/s] [内存消耗：1,705.87kb] [文件加载：39]
[ info ] [ LANG ] /Applications/XAMPP/xamppfiles/htdocs/tp5/thinkphp/lang/zh-cn.php
[ info ] [ ROUTE ] array (
  'type' => 'module',
  'module' => 
  array (
    0 => 'admin',
    1 => 'login',
    2 => 'index',
  ),
)
[ info ] [ HEADER ] array (
  'host' => '127.0.0.1',
  'user-agent' => 'Mozilla/5.0 (Macintosh; Intel Mac OS X 10.13; rv:74.0) Gecko/20100101 Firefox/74.0',
  'accept' => 'text/html,application/xhtml+xml,application/xml;q=0.9,image/webp,*/*;q=0.8',
  'accept-language' => 'zh-CN,zh;q=0.8,zh-TW;q=0.7,zh-HK;q=0.5,en-US;q=0.3,en;q=0.2',
  'accept-encoding' => 'gzip, deflate',
  'connection' => 'keep-alive',
  'referer' => 'http://127.0.0.1/tp5/public/admin/index.html',
  'cookie' => 'PHPSESSID=5e4c2adc6059418eb5e85bef18b54769',
  'upgrade-insecure-requests' => '1',
)
[ info ] [ PARAM ] array (
)
[ info ] [ RUN ] app\admin\controller\Login->index[ /Applications/XAMPP/xamppfiles/htdocs/tp5/application/admin/controller/Login.php ]
[ info ] [ VIEW ] /Applications/XAMPP/xamppfiles/htdocs/tp5/public/../application/admin/view/login/index.htm [ array (
) ]
[ info ] [ LOG ] INIT File
---------------------------------------------------------------
[ 2020-04-05T09:36:58+08:00 ] 127.0.0.1 GET 127.0.0.1/tp5/public/captcha.html
[运行时间：0.055168s] [吞吐率：18.13req/s] [内存消耗：1,349.04kb] [文件加载：29]
[ info ] [ LANG ] /Applications/XAMPP/xamppfiles/htdocs/tp5/thinkphp/lang/zh-cn.php
[ info ] [ ROUTE ] array (
  'type' => 'method',
  'method' => 
  array (
    0 => '\\think\\captcha\\CaptchaController',
    1 => 'index',
  ),
  'var' => 
  array (
  ),
)
[ info ] [ HEADER ] array (
  'host' => '127.0.0.1',
  'user-agent' => 'Mozilla/5.0 (Macintosh; Intel Mac OS X 10.13; rv:74.0) Gecko/20100101 Firefox/74.0',
  'accept' => 'image/webp,*/*',
  'accept-language' => 'zh-CN,zh;q=0.8,zh-TW;q=0.7,zh-HK;q=0.5,en-US;q=0.3,en;q=0.2',
  'accept-encoding' => 'gzip, deflate',
  'connection' => 'keep-alive',
  'referer' => 'http://127.0.0.1/tp5/public/admin/login/index.html',
  'cookie' => 'PHPSESSID=5e4c2adc6059418eb5e85bef18b54769',
)
[ info ] [ PARAM ] array (
  'id' => NULL,
)
[ info ] [ RUN ] think\captcha\CaptchaController->index[ /Applications/XAMPP/xamppfiles/htdocs/tp5/vendor/topthink/think-captcha/src/CaptchaController.php ]
[ info ] [ SESSION ] INIT array (
  'id' => '',
  'var_session_id' => '',
  'prefix' => 'think',
  'type' => '',
  'auto_start' => true,
)
[ info ] [ LOG ] INIT File
---------------------------------------------------------------
[ 2020-04-05T09:37:05+08:00 ] 127.0.0.1 POST 127.0.0.1/tp5/public/admin/login/index.html
[运行时间：0.034211s] [吞吐率：29.23req/s] [内存消耗：3,023.66kb] [文件加载：49]
[ info ] [ LANG ] /Applications/XAMPP/xamppfiles/htdocs/tp5/thinkphp/lang/zh-cn.php
[ info ] [ ROUTE ] array (
  'type' => 'module',
  'module' => 
  array (
    0 => 'admin',
    1 => 'login',
    2 => 'index',
  ),
)
[ info ] [ HEADER ] array (
  'host' => '127.0.0.1',
  'user-agent' => 'Mozilla/5.0 (Macintosh; Intel Mac OS X 10.13; rv:74.0) Gecko/20100101 Firefox/74.0',
  'accept' => 'text/html,application/xhtml+xml,application/xml;q=0.9,image/webp,*/*;q=0.8',
  'accept-language' => 'zh-CN,zh;q=0.8,zh-TW;q=0.7,zh-HK;q=0.5,en-US;q=0.3,en;q=0.2',
  'accept-encoding' => 'gzip, deflate',
  'content-type' => 'application/x-www-form-urlencoded',
  'content-length' => '36',
  'origin' => 'http://127.0.0.1',
  'connection' => 'keep-alive',
  'referer' => 'http://127.0.0.1/tp5/public/admin/login/index.html',
  'cookie' => 'PHPSESSID=5e4c2adc6059418eb5e85bef18b54769',
  'upgrade-insecure-requests' => '1',
)
[ info ] [ PARAM ] array (
  'name' => 'admin',
  'password' => '123456',
  'code' => '7327',
)
[ info ] [ RUN ] app\admin\controller\Login->index[ /Applications/XAMPP/xamppfiles/htdocs/tp5/application/admin/controller/Login.php ]
[ info ] [ SESSION ] INIT array (
  'id' => '',
  'var_session_id' => '',
  'prefix' => 'think',
  'type' => '',
  'auto_start' => true,
)
[ info ] [ DB ] INIT mysql
[ info ] [ VIEW ] /Applications/XAMPP/xamppfiles/htdocs/tp5/thinkphp/tpl/dispatch_jump.tpl [ array (
  0 => 'code',
  1 => 'msg',
  2 => 'data',
  3 => 'url',
  4 => 'wait',
) ]
[ info ] [ LOG ] INIT File
[ sql ] [ DB ] CONNECT:[ UseTime:0.000534s ] mysql:host=127.0.0.1;port=3306;dbname=bick;charset=utf8
[ sql ] [ SQL ] SHOW COLUMNS FROM `bk_admin` [ RunTime:0.003390s ]
[ sql ] [ SQL ] SELECT * FROM `bk_admin` WHERE  `name` = 'admin' LIMIT 1 [ RunTime:0.000622s ]
---------------------------------------------------------------
[ 2020-04-05T09:37:06+08:00 ] 127.0.0.1 GET 127.0.0.1/tp5/public/admin/index/index.html
[运行时间：0.057501s] [吞吐率：17.39req/s] [内存消耗：2,736.85kb] [文件加载：48]
[ info ] [ LANG ] /Applications/XAMPP/xamppfiles/htdocs/tp5/thinkphp/lang/zh-cn.php
[ info ] [ ROUTE ] array (
  'type' => 'module',
  'module' => 
  array (
    0 => 'admin',
    1 => 'index',
    2 => 'index',
  ),
)
[ info ] [ HEADER ] array (
  'host' => '127.0.0.1',
  'user-agent' => 'Mozilla/5.0 (Macintosh; Intel Mac OS X 10.13; rv:74.0) Gecko/20100101 Firefox/74.0',
  'accept' => 'text/html,application/xhtml+xml,application/xml;q=0.9,image/webp,*/*;q=0.8',
  'accept-language' => 'zh-CN,zh;q=0.8,zh-TW;q=0.7,zh-HK;q=0.5,en-US;q=0.3,en;q=0.2',
  'accept-encoding' => 'gzip, deflate',
  'connection' => 'keep-alive',
  'referer' => 'http://127.0.0.1/tp5/public/admin/login/index.html',
  'cookie' => 'PHPSESSID=5e4c2adc6059418eb5e85bef18b54769',
  'upgrade-insecure-requests' => '1',
)
[ info ] [ PARAM ] array (
)
[ info ] [ SESSION ] INIT array (
  'id' => '',
  'var_session_id' => '',
  'prefix' => 'think',
  'type' => '',
  'auto_start' => true,
)
[ info ] [ DB ] INIT mysql
[ info ] [ RUN ] app\admin\controller\Index->index[ /Applications/XAMPP/xamppfiles/htdocs/tp5/application/admin/controller/Index.php ]
[ info ] [ VIEW ] /Applications/XAMPP/xamppfiles/htdocs/tp5/public/../application/admin/view/index/index.htm [ array (
  0 => 'cateres',
) ]
[ info ] [ LOG ] INIT File
[ sql ] [ DB ] CONNECT:[ UseTime:0.000696s ] mysql:host=127.0.0.1;port=3306;dbname=bick;charset=utf8
[ sql ] [ SQL ] SHOW COLUMNS FROM `bk_cate` [ RunTime:0.003821s ]
[ sql ] [ SQL ] SELECT * FROM `bk_cate` WHERE  `pid` = 0 [ RunTime:0.000524s ]
[ sql ] [ SQL ] SELECT * FROM `bk_cate` WHERE  `pid` = 28 [ RunTime:0.000397s ]
[ sql ] [ SQL ] SELECT * FROM `bk_cate` WHERE  `pid` = 31 [ RunTime:0.000410s ]
[ sql ] [ SQL ] SELECT * FROM `bk_cate` WHERE  `pid` = 34 [ RunTime:0.000392s ]
[ sql ] [ SQL ] SELECT * FROM `bk_cate` WHERE  `pid` = 35 [ RunTime:0.000380s ]
[ sql ] [ SQL ] SELECT * FROM `bk_cate` WHERE  `pid` = 37 [ RunTime:0.000395s ]
---------------------------------------------------------------
[ 2020-04-05T09:37:10+08:00 ] 127.0.0.1 GET 127.0.0.1/tp5/public/admin/zpadmin/lst.html
[运行时间：0.664338s] [吞吐率：1.51req/s] [内存消耗：3,809.21kb] [文件加载：53]
[ info ] [ LANG ] /Applications/XAMPP/xamppfiles/htdocs/tp5/thinkphp/lang/zh-cn.php
[ info ] [ ROUTE ] array (
  'type' => 'module',
  'module' => 
  array (
    0 => 'admin',
    1 => 'zpadmin',
    2 => 'lst',
  ),
)
[ info ] [ HEADER ] array (
  'host' => '127.0.0.1',
  'user-agent' => 'Mozilla/5.0 (Macintosh; Intel Mac OS X 10.13; rv:74.0) Gecko/20100101 Firefox/74.0',
  'accept' => 'text/html,application/xhtml+xml,application/xml;q=0.9,image/webp,*/*;q=0.8',
  'accept-language' => 'zh-CN,zh;q=0.8,zh-TW;q=0.7,zh-HK;q=0.5,en-US;q=0.3,en;q=0.2',
  'accept-encoding' => 'gzip, deflate',
  'connection' => 'keep-alive',
  'referer' => 'http://127.0.0.1/tp5/public/admin/index/index.html',
  'cookie' => 'PHPSESSID=5e4c2adc6059418eb5e85bef18b54769',
  'upgrade-insecure-requests' => '1',
)
[ info ] [ PARAM ] array (
)
[ info ] [ SESSION ] INIT array (
  'id' => '',
  'var_session_id' => '',
  'prefix' => 'think',
  'type' => '',
  'auto_start' => true,
)
[ info ] [ DB ] INIT mysql
[ info ] [ RUN ] app\admin\controller\Zpadmin->lst[ /Applications/XAMPP/xamppfiles/htdocs/tp5/application/admin/controller/Zpadmin.php ]
[ info ] [ VIEW ] /Applications/XAMPP/xamppfiles/htdocs/tp5/public/../application/admin/view/zpadmin/lst.htm [ array (
  0 => 'cateres',
  1 => 'zpadminres',
) ]
[ info ] [ LOG ] INIT File
[ sql ] [ DB ] CONNECT:[ UseTime:0.000616s ] mysql:host=127.0.0.1;port=3306;dbname=bick;charset=utf8
[ sql ] [ SQL ] SHOW COLUMNS FROM `bk_cate` [ RunTime:0.002974s ]
[ sql ] [ SQL ] SELECT * FROM `bk_cate` WHERE  `pid` = 0 [ RunTime:0.000528s ]
[ sql ] [ SQL ] SELECT * FROM `bk_cate` WHERE  `pid` = 28 [ RunTime:0.000672s ]
[ sql ] [ SQL ] SELECT * FROM `bk_cate` WHERE  `pid` = 31 [ RunTime:0.000467s ]
[ sql ] [ SQL ] SELECT * FROM `bk_cate` WHERE  `pid` = 34 [ RunTime:0.000385s ]
[ sql ] [ SQL ] SELECT * FROM `bk_cate` WHERE  `pid` = 35 [ RunTime:0.000378s ]
[ sql ] [ SQL ] SELECT * FROM `bk_cate` WHERE  `pid` = 37 [ RunTime:0.000390s ]
[ sql ] [ SQL ] SHOW COLUMNS FROM `bk_zpadmin` [ RunTime:0.004044s ]
[ sql ] [ SQL ] SELECT * FROM `bk_zpadmin` ORDER BY `guanx`,`paih` ASC [ RunTime:0.001027s ]
[ error ] [0]类的属性不存在:app\admin\model\Zpadmin->peiou[/Applications/XAMPP/xamppfiles/htdocs/tp5/thinkphp/library/think/Model.php:626]
---------------------------------------------------------------
[ 2020-04-05T09:44:46+08:00 ] 127.0.0.1 GET 127.0.0.1/tp5/public/index/index/index.html
[运行时间：0.099851s] [吞吐率：10.01req/s] [内存消耗：3,061.62kb] [文件加载：49]
[ info ] [ LANG ] /Applications/XAMPP/xamppfiles/htdocs/tp5/thinkphp/lang/zh-cn.php
[ info ] [ ROUTE ] array (
  'type' => 'module',
  'module' => 
  array (
    0 => 'index',
    1 => 'index',
    2 => 'index',
  ),
)
[ info ] [ HEADER ] array (
  'host' => '127.0.0.1',
  'user-agent' => 'Mozilla/5.0 (Macintosh; Intel Mac OS X 10.13; rv:74.0) Gecko/20100101 Firefox/74.0',
  'accept' => 'text/html,application/xhtml+xml,application/xml;q=0.9,image/webp,*/*;q=0.8',
  'accept-language' => 'zh-CN,zh;q=0.8,zh-TW;q=0.7,zh-HK;q=0.5,en-US;q=0.3,en;q=0.2',
  'accept-encoding' => 'gzip, deflate',
  'connection' => 'keep-alive',
  'cookie' => 'PHPSESSID=5e4c2adc6059418eb5e85bef18b54769',
  'upgrade-insecure-requests' => '1',
)
[ info ] [ PARAM ] array (
)
[ info ] [ DB ] INIT mysql
[ info ] [ RUN ] app\index\controller\Index->index[ /Applications/XAMPP/xamppfiles/htdocs/tp5/application/index/controller/Index.php ]
[ info ] [ VIEW ] /Applications/XAMPP/xamppfiles/htdocs/tp5/public/../application/index/view/index/index.htm [ array (
  0 => 'confres',
  1 => 'cateres',
  2 => 'newarticleres',
  3 => 'sitehotres',
  4 => 'linkres',
  5 => 'recartres',
) ]
[ info ] [ LOG ] INIT File
[ sql ] [ DB ] CONNECT:[ UseTime:0.000708s ] mysql:host=127.0.0.1;port=3306;dbname=bick;charset=utf8
[ sql ] [ SQL ] SHOW COLUMNS FROM `bk_conf` [ RunTime:0.005209s ]
[ sql ] [ SQL ] SELECT `enname`,`cnname` FROM `bk_conf` [ RunTime:0.001812s ]
[ sql ] [ SQL ] SHOW COLUMNS FROM `bk_cate` [ RunTime:0.004940s ]
[ sql ] [ SQL ] SELECT * FROM `bk_cate` WHERE  `pid` = 0 [ RunTime:0.000872s ]
[ sql ] [ SQL ] SELECT * FROM `bk_cate` WHERE  `pid` = 28 [ RunTime:0.000972s ]
[ sql ] [ SQL ] SELECT * FROM `bk_cate` WHERE  `pid` = 31 [ RunTime:0.000877s ]
[ sql ] [ SQL ] SELECT * FROM `bk_cate` WHERE  `pid` = 34 [ RunTime:0.000963s ]
[ sql ] [ SQL ] SELECT * FROM `bk_cate` WHERE  `pid` = 35 [ RunTime:0.001118s ]
[ sql ] [ SQL ] SELECT * FROM `bk_cate` WHERE  `pid` = 37 [ RunTime:0.001716s ]
[ sql ] [ SQL ] SHOW COLUMNS FROM `bk_article` [ RunTime:0.003981s ]
[ sql ] [ SQL ] SELECT `a`.`id`,`a`.`title`,`a`.`desc`,`a`.`thumb`,`a`.`click`,`a`.`zan`,`a`.`time`,`c`.`catename`,`a`.`cateid` FROM `bk_article` `a` INNER JOIN `bk_cate` `c` ON `a`.`cateid`=`c`.`id` ORDER BY `a`.`id` DESC LIMIT 5 [ RunTime:0.001694s ]
[ sql ] [ SQL ] SELECT `id`,`title`,`thumb` FROM `bk_article` ORDER BY `click` DESC LIMIT 5 [ RunTime:0.000769s ]
[ sql ] [ SQL ] SELECT `id`,`thumb`,`title` FROM `bk_article` WHERE  `rec` = 1 ORDER BY `id` DESC LIMIT 4 [ RunTime:0.000819s ]
[ sql ] [ SQL ] SHOW COLUMNS FROM `bk_link` [ RunTime:0.006975s ]
[ sql ] [ SQL ] SELECT * FROM `bk_link` ORDER BY `sortn` DESC [ RunTime:0.000692s ]
---------------------------------------------------------------
[ 2020-04-05T09:44:46+08:00 ] 127.0.0.1 GET 127.0.0.1/tp5/public/static/index/style/jquery.form.js
[运行时间：0.025578s] [吞吐率：39.10req/s] [内存消耗：1,325.20kb] [文件加载：30]
[ info ] [ LANG ] /Applications/XAMPP/xamppfiles/htdocs/tp5/thinkphp/lang/zh-cn.php
[ info ] [ ROUTE ] array (
  'type' => 'module',
  'module' => 
  array (
    0 => 'static',
    1 => 'index',
    2 => 'style',
  ),
)
[ info ] [ HEADER ] array (
  'host' => '127.0.0.1',
  'user-agent' => 'Mozilla/5.0 (Macintosh; Intel Mac OS X 10.13; rv:74.0) Gecko/20100101 Firefox/74.0',
  'accept' => '*/*',
  'accept-language' => 'zh-CN,zh;q=0.8,zh-TW;q=0.7,zh-HK;q=0.5,en-US;q=0.3,en;q=0.2',
  'accept-encoding' => 'gzip, deflate',
  'connection' => 'keep-alive',
  'referer' => 'http://127.0.0.1/tp5/public/index/index/index.html',
  'cookie' => 'PHPSESSID=5e4c2adc6059418eb5e85bef18b54769',
)
[ info ] [ PARAM ] array (
)
[ info ] [ LOG ] INIT File
---------------------------------------------------------------
[ 2020-04-05T09:44:46+08:00 ] 127.0.0.1 GET 127.0.0.1/tp5/public/static/index/style/jquery.error.js
[运行时间：0.072420s] [吞吐率：13.81req/s] [内存消耗：1,325.20kb] [文件加载：30]
[ info ] [ LANG ] /Applications/XAMPP/xamppfiles/htdocs/tp5/thinkphp/lang/zh-cn.php
[ info ] [ ROUTE ] array (
  'type' => 'module',
  'module' => 
  array (
    0 => 'static',
    1 => 'index',
    2 => 'style',
  ),
)
[ info ] [ HEADER ] array (
  'host' => '127.0.0.1',
  'user-agent' => 'Mozilla/5.0 (Macintosh; Intel Mac OS X 10.13; rv:74.0) Gecko/20100101 Firefox/74.0',
  'accept' => '*/*',
  'accept-language' => 'zh-CN,zh;q=0.8,zh-TW;q=0.7,zh-HK;q=0.5,en-US;q=0.3,en;q=0.2',
  'accept-encoding' => 'gzip, deflate',
  'connection' => 'keep-alive',
  'referer' => 'http://127.0.0.1/tp5/public/index/index/index.html',
  'cookie' => 'PHPSESSID=5e4c2adc6059418eb5e85bef18b54769',
)
[ info ] [ PARAM ] array (
)
[ info ] [ LOG ] INIT File
---------------------------------------------------------------
[ 2020-04-05T09:44:46+08:00 ] 127.0.0.1 GET 127.0.0.1/tp5/public/static/index/style/img/tg.jpg
[运行时间：0.023324s] [吞吐率：42.87req/s] [内存消耗：1,325.68kb] [文件加载：30]
[ info ] [ LANG ] /Applications/XAMPP/xamppfiles/htdocs/tp5/thinkphp/lang/zh-cn.php
[ info ] [ ROUTE ] array (
  'type' => 'module',
  'module' => 
  array (
    0 => 'static',
    1 => 'index',
    2 => 'style',
  ),
)
[ info ] [ HEADER ] array (
  'host' => '127.0.0.1',
  'user-agent' => 'Mozilla/5.0 (Macintosh; Intel Mac OS X 10.13; rv:74.0) Gecko/20100101 Firefox/74.0',
  'accept' => 'image/webp,*/*',
  'accept-language' => 'zh-CN,zh;q=0.8,zh-TW;q=0.7,zh-HK;q=0.5,en-US;q=0.3,en;q=0.2',
  'accept-encoding' => 'gzip, deflate',
  'connection' => 'keep-alive',
  'referer' => 'http://127.0.0.1/tp5/public/index/index/index.html',
  'cookie' => 'PHPSESSID=5e4c2adc6059418eb5e85bef18b54769',
)
[ info ] [ PARAM ] array (
  'img' => 'tg.jpg',
)
[ info ] [ LOG ] INIT File
---------------------------------------------------------------
[ 2020-04-05T09:44:46+08:00 ] 127.0.0.1 GET 127.0.0.1/tp5/public/static/index/style/jquery.form.js
[运行时间：0.022810s] [吞吐率：43.84req/s] [内存消耗：1,325.20kb] [文件加载：30]
[ info ] [ LANG ] /Applications/XAMPP/xamppfiles/htdocs/tp5/thinkphp/lang/zh-cn.php
[ info ] [ ROUTE ] array (
  'type' => 'module',
  'module' => 
  array (
    0 => 'static',
    1 => 'index',
    2 => 'style',
  ),
)
[ info ] [ HEADER ] array (
  'host' => '127.0.0.1',
  'user-agent' => 'Mozilla/5.0 (Macintosh; Intel Mac OS X 10.13; rv:74.0) Gecko/20100101 Firefox/74.0',
  'accept' => '*/*',
  'accept-language' => 'zh-CN,zh;q=0.8,zh-TW;q=0.7,zh-HK;q=0.5,en-US;q=0.3,en;q=0.2',
  'accept-encoding' => 'gzip, deflate',
  'connection' => 'keep-alive',
  'referer' => 'http://127.0.0.1/tp5/public/index/index/index.html',
  'cookie' => 'PHPSESSID=5e4c2adc6059418eb5e85bef18b54769',
)
[ info ] [ PARAM ] array (
)
[ info ] [ LOG ] INIT File
---------------------------------------------------------------
[ 2020-04-05T09:44:46+08:00 ] 127.0.0.1 GET 127.0.0.1/tp5/public/static/index/images/focus-bg2.png
[运行时间：0.027790s] [吞吐率：35.98req/s] [内存消耗：1,325.25kb] [文件加载：30]
[ info ] [ LANG ] /Applications/XAMPP/xamppfiles/htdocs/tp5/thinkphp/lang/zh-cn.php
[ info ] [ ROUTE ] array (
  'type' => 'module',
  'module' => 
  array (
    0 => 'static',
    1 => 'index',
    2 => 'images',
  ),
)
[ info ] [ HEADER ] array (
  'host' => '127.0.0.1',
  'user-agent' => 'Mozilla/5.0 (Macintosh; Intel Mac OS X 10.13; rv:74.0) Gecko/20100101 Firefox/74.0',
  'accept' => 'image/webp,*/*',
  'accept-language' => 'zh-CN,zh;q=0.8,zh-TW;q=0.7,zh-HK;q=0.5,en-US;q=0.3,en;q=0.2',
  'accept-encoding' => 'gzip, deflate',
  'connection' => 'keep-alive',
  'referer' => 'http://127.0.0.1/tp5/public/static/index/style/style.css',
  'cookie' => 'PHPSESSID=5e4c2adc6059418eb5e85bef18b54769',
)
[ info ] [ PARAM ] array (
)
[ info ] [ LOG ] INIT File
---------------------------------------------------------------
[ 2020-04-05T09:44:46+08:00 ] 127.0.0.1 GET 127.0.0.1/tp5/public/static/index/images/sitemap-dot.gif
[运行时间：0.022491s] [吞吐率：44.46req/s] [内存消耗：1,325.25kb] [文件加载：30]
[ info ] [ LANG ] /Applications/XAMPP/xamppfiles/htdocs/tp5/thinkphp/lang/zh-cn.php
[ info ] [ ROUTE ] array (
  'type' => 'module',
  'module' => 
  array (
    0 => 'static',
    1 => 'index',
    2 => 'images',
  ),
)
[ info ] [ HEADER ] array (
  'host' => '127.0.0.1',
  'user-agent' => 'Mozilla/5.0 (Macintosh; Intel Mac OS X 10.13; rv:74.0) Gecko/20100101 Firefox/74.0',
  'accept' => 'image/webp,*/*',
  'accept-language' => 'zh-CN,zh;q=0.8,zh-TW;q=0.7,zh-HK;q=0.5,en-US;q=0.3,en;q=0.2',
  'accept-encoding' => 'gzip, deflate',
  'connection' => 'keep-alive',
  'referer' => 'http://127.0.0.1/tp5/public/static/index/style/style.css',
  'cookie' => 'PHPSESSID=5e4c2adc6059418eb5e85bef18b54769',
)
[ info ] [ PARAM ] array (
)
[ info ] [ LOG ] INIT File
---------------------------------------------------------------
[ 2020-04-05T09:44:46+08:00 ] 127.0.0.1 GET 127.0.0.1/tp5/public/static/index/style/img/tg.jpg
[运行时间：0.061140s] [吞吐率：16.36req/s] [内存消耗：1,325.68kb] [文件加载：30]
[ info ] [ LANG ] /Applications/XAMPP/xamppfiles/htdocs/tp5/thinkphp/lang/zh-cn.php
[ info ] [ ROUTE ] array (
  'type' => 'module',
  'module' => 
  array (
    0 => 'static',
    1 => 'index',
    2 => 'style',
  ),
)
[ info ] [ HEADER ] array (
  'host' => '127.0.0.1',
  'user-agent' => 'Mozilla/5.0 (Macintosh; Intel Mac OS X 10.13; rv:74.0) Gecko/20100101 Firefox/74.0',
  'accept' => 'image/webp,*/*',
  'accept-language' => 'zh-CN,zh;q=0.8,zh-TW;q=0.7,zh-HK;q=0.5,en-US;q=0.3,en;q=0.2',
  'accept-encoding' => 'gzip, deflate',
  'connection' => 'keep-alive',
  'referer' => 'http://127.0.0.1/tp5/public/index/index/index.html',
  'cookie' => 'PHPSESSID=5e4c2adc6059418eb5e85bef18b54769',
)
[ info ] [ PARAM ] array (
  'img' => 'tg.jpg',
)
[ info ] [ LOG ] INIT File
---------------------------------------------------------------
[ 2020-04-05T09:44:47+08:00 ] 127.0.0.1 GET 127.0.0.1/tp5/public/static/index/images/loading.gif
[运行时间：0.058789s] [吞吐率：17.01req/s] [内存消耗：1,325.24kb] [文件加载：30]
[ info ] [ LANG ] /Applications/XAMPP/xamppfiles/htdocs/tp5/thinkphp/lang/zh-cn.php
[ info ] [ ROUTE ] array (
  'type' => 'module',
  'module' => 
  array (
    0 => 'static',
    1 => 'index',
    2 => 'images',
  ),
)
[ info ] [ HEADER ] array (
  'host' => '127.0.0.1',
  'user-agent' => 'Mozilla/5.0 (Macintosh; Intel Mac OS X 10.13; rv:74.0) Gecko/20100101 Firefox/74.0',
  'accept' => 'image/webp,*/*',
  'accept-language' => 'zh-CN,zh;q=0.8,zh-TW;q=0.7,zh-HK;q=0.5,en-US;q=0.3,en;q=0.2',
  'accept-encoding' => 'gzip, deflate',
  'connection' => 'keep-alive',
  'referer' => 'http://127.0.0.1/tp5/public/static/index/style/style.css',
  'cookie' => 'PHPSESSID=5e4c2adc6059418eb5e85bef18b54769',
)
[ info ] [ PARAM ] array (
)
[ info ] [ LOG ] INIT File
---------------------------------------------------------------
[ 2020-04-05T09:44:47+08:00 ] 127.0.0.1 GET 127.0.0.1/tp5/public/index/index/images/focus-left-bg.png
[运行时间：0.094455s] [吞吐率：10.59req/s] [内存消耗：2,954.52kb] [文件加载：48]
[ info ] [ LANG ] /Applications/XAMPP/xamppfiles/htdocs/tp5/thinkphp/lang/zh-cn.php
[ info ] [ ROUTE ] array (
  'type' => 'module',
  'module' => 
  array (
    0 => 'index',
    1 => 'index',
    2 => 'images',
  ),
)
[ info ] [ HEADER ] array (
  'host' => '127.0.0.1',
  'user-agent' => 'Mozilla/5.0 (Macintosh; Intel Mac OS X 10.13; rv:74.0) Gecko/20100101 Firefox/74.0',
  'accept' => 'image/webp,*/*',
  'accept-language' => 'zh-CN,zh;q=0.8,zh-TW;q=0.7,zh-HK;q=0.5,en-US;q=0.3,en;q=0.2',
  'accept-encoding' => 'gzip, deflate',
  'connection' => 'keep-alive',
  'referer' => 'http://127.0.0.1/tp5/public/index/index/index.html',
  'cookie' => 'PHPSESSID=5e4c2adc6059418eb5e85bef18b54769',
)
[ info ] [ PARAM ] array (
)
[ info ] [ DB ] INIT mysql
[ info ] [ LOG ] INIT File
[ sql ] [ DB ] CONNECT:[ UseTime:0.000670s ] mysql:host=127.0.0.1;port=3306;dbname=bick;charset=utf8
[ sql ] [ SQL ] SHOW COLUMNS FROM `bk_conf` [ RunTime:0.004847s ]
[ sql ] [ SQL ] SELECT `enname`,`cnname` FROM `bk_conf` [ RunTime:0.000703s ]
[ sql ] [ SQL ] SHOW COLUMNS FROM `bk_cate` [ RunTime:0.004527s ]
[ sql ] [ SQL ] SELECT * FROM `bk_cate` WHERE  `pid` = 0 [ RunTime:0.000929s ]
[ sql ] [ SQL ] SELECT * FROM `bk_cate` WHERE  `pid` = 28 [ RunTime:0.000872s ]
[ sql ] [ SQL ] SELECT * FROM `bk_cate` WHERE  `pid` = 31 [ RunTime:0.000823s ]
[ sql ] [ SQL ] SELECT * FROM `bk_cate` WHERE  `pid` = 34 [ RunTime:0.001207s ]
[ sql ] [ SQL ] SELECT * FROM `bk_cate` WHERE  `pid` = 35 [ RunTime:0.000856s ]
[ sql ] [ SQL ] SELECT * FROM `bk_cate` WHERE  `pid` = 37 [ RunTime:0.001033s ]
---------------------------------------------------------------
[ 2020-04-05T09:44:50+08:00 ] 127.0.0.1 GET 127.0.0.1/tp5/public/index/zpadmin/index.html
[运行时间：1.728639s] [吞吐率：0.58req/s] [内存消耗：3,054.28kb] [文件加载：49]
[ info ] [ LANG ] /Applications/XAMPP/xamppfiles/htdocs/tp5/thinkphp/lang/zh-cn.php
[ info ] [ ROUTE ] array (
  'type' => 'module',
  'module' => 
  array (
    0 => 'index',
    1 => 'zpadmin',
    2 => 'index',
  ),
)
[ info ] [ HEADER ] array (
  'host' => '127.0.0.1',
  'user-agent' => 'Mozilla/5.0 (Macintosh; Intel Mac OS X 10.13; rv:74.0) Gecko/20100101 Firefox/74.0',
  'accept' => 'text/html,application/xhtml+xml,application/xml;q=0.9,image/webp,*/*;q=0.8',
  'accept-language' => 'zh-CN,zh;q=0.8,zh-TW;q=0.7,zh-HK;q=0.5,en-US;q=0.3,en;q=0.2',
  'accept-encoding' => 'gzip, deflate',
  'connection' => 'keep-alive',
  'referer' => 'http://127.0.0.1/tp5/public/index/index/index.html',
  'cookie' => 'PHPSESSID=5e4c2adc6059418eb5e85bef18b54769',
  'upgrade-insecure-requests' => '1',
)
[ info ] [ PARAM ] array (
)
[ info ] [ DB ] INIT mysql
[ info ] [ RUN ] app\index\controller\Zpadmin->index[ /Applications/XAMPP/xamppfiles/htdocs/tp5/application/index/controller/Zpadmin.php ]
[ info ] [ VIEW ] /Applications/XAMPP/xamppfiles/htdocs/tp5/public/../application/index/view/zpadmin/zpadmin.htm [ array (
  0 => 'confres',
  1 => 'cateres',
  2 => 'cates',
  3 => 'zptreeres',
) ]
[ info ] [ LOG ] INIT File
[ sql ] [ DB ] CONNECT:[ UseTime:0.000526s ] mysql:host=127.0.0.1;port=3306;dbname=bick;charset=utf8
[ sql ] [ SQL ] SHOW COLUMNS FROM `bk_conf` [ RunTime:0.003072s ]
[ sql ] [ SQL ] SELECT `enname`,`cnname` FROM `bk_conf` [ RunTime:0.000451s ]
[ sql ] [ SQL ] SHOW COLUMNS FROM `bk_cate` [ RunTime:0.003240s ]
[ sql ] [ SQL ] SELECT * FROM `bk_cate` WHERE  `pid` = 0 [ RunTime:0.000541s ]
[ sql ] [ SQL ] SELECT * FROM `bk_cate` WHERE  `pid` = 28 [ RunTime:0.000426s ]
[ sql ] [ SQL ] SELECT * FROM `bk_cate` WHERE  `pid` = 31 [ RunTime:0.000429s ]
[ sql ] [ SQL ] SELECT * FROM `bk_cate` WHERE  `pid` = 34 [ RunTime:0.000531s ]
[ sql ] [ SQL ] SELECT * FROM `bk_cate` WHERE  `pid` = 35 [ RunTime:0.000407s ]
[ sql ] [ SQL ] SELECT * FROM `bk_cate` WHERE  `pid` = 37 [ RunTime:0.000392s ]
[ sql ] [ SQL ] SHOW COLUMNS FROM `bk_zpadmin` [ RunTime:0.003058s ]
[ sql ] [ SQL ] SELECT `id`,`pId`,`xing`,`ming`,`guanx`,`paih`,`name`,`peiou` FROM `bk_zpadmin` ORDER BY `guanx`,`paih` ASC [ RunTime:0.000918s ]
[ sql ] [ SQL ] SELECT * FROM `bk_cate` LIMIT 1 [ RunTime:0.000632s ]
---------------------------------------------------------------
[ 2020-04-05T09:44:50+08:00 ] 127.0.0.1 GET 127.0.0.1/tp5/public/static/index/style/jquery.form.js
[运行时间：0.050800s] [吞吐率：19.69req/s] [内存消耗：1,325.20kb] [文件加载：30]
[ info ] [ LANG ] /Applications/XAMPP/xamppfiles/htdocs/tp5/thinkphp/lang/zh-cn.php
[ info ] [ ROUTE ] array (
  'type' => 'module',
  'module' => 
  array (
    0 => 'static',
    1 => 'index',
    2 => 'style',
  ),
)
[ info ] [ HEADER ] array (
  'host' => '127.0.0.1',
  'user-agent' => 'Mozilla/5.0 (Macintosh; Intel Mac OS X 10.13; rv:74.0) Gecko/20100101 Firefox/74.0',
  'accept' => '*/*',
  'accept-language' => 'zh-CN,zh;q=0.8,zh-TW;q=0.7,zh-HK;q=0.5,en-US;q=0.3,en;q=0.2',
  'accept-encoding' => 'gzip, deflate',
  'connection' => 'keep-alive',
  'referer' => 'http://127.0.0.1/tp5/public/index/zpadmin/index.html',
  'cookie' => 'PHPSESSID=5e4c2adc6059418eb5e85bef18b54769',
)
[ info ] [ PARAM ] array (
)
[ info ] [ LOG ] INIT File
---------------------------------------------------------------
[ 2020-04-05T09:44:50+08:00 ] 127.0.0.1 GET 127.0.0.1/tp5/public/static/index/style/jquery.error.js
[运行时间：0.055641s] [吞吐率：17.97req/s] [内存消耗：1,325.20kb] [文件加载：30]
[ info ] [ LANG ] /Applications/XAMPP/xamppfiles/htdocs/tp5/thinkphp/lang/zh-cn.php
[ info ] [ ROUTE ] array (
  'type' => 'module',
  'module' => 
  array (
    0 => 'static',
    1 => 'index',
    2 => 'style',
  ),
)
[ info ] [ HEADER ] array (
  'host' => '127.0.0.1',
  'user-agent' => 'Mozilla/5.0 (Macintosh; Intel Mac OS X 10.13; rv:74.0) Gecko/20100101 Firefox/74.0',
  'accept' => '*/*',
  'accept-language' => 'zh-CN,zh;q=0.8,zh-TW;q=0.7,zh-HK;q=0.5,en-US;q=0.3,en;q=0.2',
  'accept-encoding' => 'gzip, deflate',
  'connection' => 'keep-alive',
  'referer' => 'http://127.0.0.1/tp5/public/index/zpadmin/index.html',
  'cookie' => 'PHPSESSID=5e4c2adc6059418eb5e85bef18b54769',
)
[ info ] [ PARAM ] array (
)
[ info ] [ LOG ] INIT File
---------------------------------------------------------------
[ 2020-04-05T09:44:50+08:00 ] 127.0.0.1 GET 127.0.0.1/tp5/public/static/index/style/jquery.form.js
[运行时间：0.019040s] [吞吐率：52.52req/s] [内存消耗：1,325.20kb] [文件加载：30]
[ info ] [ LANG ] /Applications/XAMPP/xamppfiles/htdocs/tp5/thinkphp/lang/zh-cn.php
[ info ] [ ROUTE ] array (
  'type' => 'module',
  'module' => 
  array (
    0 => 'static',
    1 => 'index',
    2 => 'style',
  ),
)
[ info ] [ HEADER ] array (
  'host' => '127.0.0.1',
  'user-agent' => 'Mozilla/5.0 (Macintosh; Intel Mac OS X 10.13; rv:74.0) Gecko/20100101 Firefox/74.0',
  'accept' => '*/*',
  'accept-language' => 'zh-CN,zh;q=0.8,zh-TW;q=0.7,zh-HK;q=0.5,en-US;q=0.3,en;q=0.2',
  'accept-encoding' => 'gzip, deflate',
  'connection' => 'keep-alive',
  'referer' => 'http://127.0.0.1/tp5/public/index/zpadmin/index.html',
  'cookie' => 'PHPSESSID=5e4c2adc6059418eb5e85bef18b54769',
)
[ info ] [ PARAM ] array (
)
[ info ] [ LOG ] INIT File
---------------------------------------------------------------
[ 2020-04-05T09:44:50+08:00 ] 127.0.0.1 GET 127.0.0.1/tp5/public/static/index/images/body_bg.jpg
[运行时间：0.020077s] [吞吐率：49.81req/s] [内存消耗：1,325.24kb] [文件加载：30]
[ info ] [ LANG ] /Applications/XAMPP/xamppfiles/htdocs/tp5/thinkphp/lang/zh-cn.php
[ info ] [ ROUTE ] array (
  'type' => 'module',
  'module' => 
  array (
    0 => 'static',
    1 => 'index',
    2 => 'images',
  ),
)
[ info ] [ HEADER ] array (
  'host' => '127.0.0.1',
  'user-agent' => 'Mozilla/5.0 (Macintosh; Intel Mac OS X 10.13; rv:74.0) Gecko/20100101 Firefox/74.0',
  'accept' => 'image/webp,*/*',
  'accept-language' => 'zh-CN,zh;q=0.8,zh-TW;q=0.7,zh-HK;q=0.5,en-US;q=0.3,en;q=0.2',
  'accept-encoding' => 'gzip, deflate',
  'connection' => 'keep-alive',
  'referer' => 'http://127.0.0.1/tp5/public/static/index/style/style.css',
  'cookie' => 'PHPSESSID=5e4c2adc6059418eb5e85bef18b54769',
)
[ info ] [ PARAM ] array (
)
[ info ] [ LOG ] INIT File
---------------------------------------------------------------
[ 2020-04-05T09:45:17+08:00 ] 127.0.0.1 GET 127.0.0.1/tp5/public/index.php/index/artlist/artlist/cateid/31
[运行时间：0.085905s] [吞吐率：11.64req/s] [内存消耗：3,210.34kb] [文件加载：54]
[ info ] [ LANG ] /Applications/XAMPP/xamppfiles/htdocs/tp5/thinkphp/lang/zh-cn.php
[ info ] [ ROUTE ] array (
  'type' => 'module',
  'module' => 
  array (
    0 => 'index',
    1 => 'artlist',
    2 => 'artlist',
  ),
)
[ info ] [ HEADER ] array (
  'host' => '127.0.0.1',
  'user-agent' => 'Mozilla/5.0 (Macintosh; Intel Mac OS X 10.13; rv:74.0) Gecko/20100101 Firefox/74.0',
  'accept' => 'text/html,application/xhtml+xml,application/xml;q=0.9,image/webp,*/*;q=0.8',
  'accept-language' => 'zh-CN,zh;q=0.8,zh-TW;q=0.7,zh-HK;q=0.5,en-US;q=0.3,en;q=0.2',
  'accept-encoding' => 'gzip, deflate',
  'connection' => 'keep-alive',
  'referer' => 'http://127.0.0.1/tp5/public/index/zpadmin/index.html',
  'cookie' => 'PHPSESSID=5e4c2adc6059418eb5e85bef18b54769',
  'upgrade-insecure-requests' => '1',
)
[ info ] [ PARAM ] array (
  'cateid' => '31',
)
[ info ] [ DB ] INIT mysql
[ info ] [ RUN ] app\index\controller\Artlist->artlist[ /Applications/XAMPP/xamppfiles/htdocs/tp5/application/index/controller/Artlist.php ]
[ info ] [ VIEW ] /Applications/XAMPP/xamppfiles/htdocs/tp5/public/../application/index/view/artlist/artlist.htm [ array (
  0 => 'posArr',
  1 => 'confres',
  2 => 'cateres',
  3 => 'artres',
  4 => 'hotres',
) ]
[ info ] [ LOG ] INIT File
[ sql ] [ DB ] CONNECT:[ UseTime:0.001192s ] mysql:host=127.0.0.1;port=3306;dbname=bick;charset=utf8
[ sql ] [ SQL ] SHOW COLUMNS FROM `bk_cate` [ RunTime:0.021353s ]
[ sql ] [ SQL ] SELECT `id`,`pid`,`catename` FROM `bk_cate` [ RunTime:0.000852s ]
[ sql ] [ SQL ] SELECT `id`,`pid`,`catename` FROM `bk_cate` WHERE  `id` = 31 LIMIT 1 [ RunTime:0.000879s ]
[ sql ] [ SQL ] SHOW COLUMNS FROM `bk_conf` [ RunTime:0.004616s ]
[ sql ] [ SQL ] SELECT `enname`,`cnname` FROM `bk_conf` [ RunTime:0.000553s ]
[ sql ] [ SQL ] SELECT * FROM `bk_cate` WHERE  `pid` = 0 [ RunTime:0.000489s ]
[ sql ] [ SQL ] SELECT * FROM `bk_cate` WHERE  `pid` = 28 [ RunTime:0.000429s ]
[ sql ] [ SQL ] SELECT * FROM `bk_cate` WHERE  `pid` = 31 [ RunTime:0.000590s ]
[ sql ] [ SQL ] SELECT * FROM `bk_cate` WHERE  `pid` = 34 [ RunTime:0.000408s ]
[ sql ] [ SQL ] SELECT * FROM `bk_cate` WHERE  `pid` = 35 [ RunTime:0.000404s ]
[ sql ] [ SQL ] SELECT * FROM `bk_cate` WHERE  `pid` = 37 [ RunTime:0.000395s ]
[ sql ] [ SQL ] SELECT * FROM `bk_cate` [ RunTime:0.000489s ]
[ sql ] [ SQL ] SHOW COLUMNS FROM `bk_article` [ RunTime:0.002964s ]
[ sql ] [ SQL ] SELECT COUNT(*) AS tp_count FROM `bk_article` WHERE  (  cateid IN(32,33,31) ) LIMIT 1 [ RunTime:0.000467s ]
[ sql ] [ SQL ] SELECT * FROM `bk_article` WHERE  (  cateid IN(32,33,31) ) ORDER BY `id` DESC LIMIT 0,2 [ RunTime:0.000600s ]
[ sql ] [ SQL ] SELECT * FROM `bk_cate` [ RunTime:0.000543s ]
[ sql ] [ SQL ] SELECT * FROM `bk_article` WHERE  (  cateid IN(32,33,32,33,31) ) ORDER BY `click` DESC LIMIT 5 [ RunTime:0.000499s ]
---------------------------------------------------------------
[ 2020-04-05T09:45:17+08:00 ] 127.0.0.1 GET 127.0.0.1/tp5/public/static/index/style/jquery.error.js
[运行时间：0.028290s] [吞吐率：35.35req/s] [内存消耗：1,325.21kb] [文件加载：30]
[ info ] [ LANG ] /Applications/XAMPP/xamppfiles/htdocs/tp5/thinkphp/lang/zh-cn.php
[ info ] [ ROUTE ] array (
  'type' => 'module',
  'module' => 
  array (
    0 => 'static',
    1 => 'index',
    2 => 'style',
  ),
)
[ info ] [ HEADER ] array (
  'host' => '127.0.0.1',
  'user-agent' => 'Mozilla/5.0 (Macintosh; Intel Mac OS X 10.13; rv:74.0) Gecko/20100101 Firefox/74.0',
  'accept' => '*/*',
  'accept-language' => 'zh-CN,zh;q=0.8,zh-TW;q=0.7,zh-HK;q=0.5,en-US;q=0.3,en;q=0.2',
  'accept-encoding' => 'gzip, deflate',
  'connection' => 'keep-alive',
  'referer' => 'http://127.0.0.1/tp5/public/index.php/index/artlist/artlist/cateid/31',
  'cookie' => 'PHPSESSID=5e4c2adc6059418eb5e85bef18b54769',
)
[ info ] [ PARAM ] array (
)
[ info ] [ LOG ] INIT File
---------------------------------------------------------------
[ 2020-04-05T09:45:17+08:00 ] 127.0.0.1 GET 127.0.0.1/tp5/public/static/index/style/jquery.form.js
[运行时间：0.030492s] [吞吐率：32.80req/s] [内存消耗：1,325.21kb] [文件加载：30]
[ info ] [ LANG ] /Applications/XAMPP/xamppfiles/htdocs/tp5/thinkphp/lang/zh-cn.php
[ info ] [ ROUTE ] array (
  'type' => 'module',
  'module' => 
  array (
    0 => 'static',
    1 => 'index',
    2 => 'style',
  ),
)
[ info ] [ HEADER ] array (
  'host' => '127.0.0.1',
  'user-agent' => 'Mozilla/5.0 (Macintosh; Intel Mac OS X 10.13; rv:74.0) Gecko/20100101 Firefox/74.0',
  'accept' => '*/*',
  'accept-language' => 'zh-CN,zh;q=0.8,zh-TW;q=0.7,zh-HK;q=0.5,en-US;q=0.3,en;q=0.2',
  'accept-encoding' => 'gzip, deflate',
  'connection' => 'keep-alive',
  'referer' => 'http://127.0.0.1/tp5/public/index.php/index/artlist/artlist/cateid/31',
  'cookie' => 'PHPSESSID=5e4c2adc6059418eb5e85bef18b54769',
)
[ info ] [ PARAM ] array (
)
[ info ] [ LOG ] INIT File
---------------------------------------------------------------
[ 2020-04-05T09:45:17+08:00 ] 127.0.0.1 GET 127.0.0.1/tp5/public/static/index/style/img/tg.jpg
[运行时间：0.023173s] [吞吐率：43.15req/s] [内存消耗：1,325.82kb] [文件加载：30]
[ info ] [ LANG ] /Applications/XAMPP/xamppfiles/htdocs/tp5/thinkphp/lang/zh-cn.php
[ info ] [ ROUTE ] array (
  'type' => 'module',
  'module' => 
  array (
    0 => 'static',
    1 => 'index',
    2 => 'style',
  ),
)
[ info ] [ HEADER ] array (
  'host' => '127.0.0.1',
  'user-agent' => 'Mozilla/5.0 (Macintosh; Intel Mac OS X 10.13; rv:74.0) Gecko/20100101 Firefox/74.0',
  'accept' => 'image/webp,*/*',
  'accept-language' => 'zh-CN,zh;q=0.8,zh-TW;q=0.7,zh-HK;q=0.5,en-US;q=0.3,en;q=0.2',
  'accept-encoding' => 'gzip, deflate',
  'connection' => 'keep-alive',
  'referer' => 'http://127.0.0.1/tp5/public/index.php/index/artlist/artlist/cateid/31',
  'cookie' => 'PHPSESSID=5e4c2adc6059418eb5e85bef18b54769',
)
[ info ] [ PARAM ] array (
  'img' => 'tg.jpg',
)
[ info ] [ LOG ] INIT File
---------------------------------------------------------------
[ 2020-04-05T09:45:17+08:00 ] 127.0.0.1 GET 127.0.0.1/tp5/public/static/index/style/jquery.error.js
[运行时间：0.016055s] [吞吐率：62.29req/s] [内存消耗：1,325.21kb] [文件加载：30]
[ info ] [ LANG ] /Applications/XAMPP/xamppfiles/htdocs/tp5/thinkphp/lang/zh-cn.php
[ info ] [ ROUTE ] array (
  'type' => 'module',
  'module' => 
  array (
    0 => 'static',
    1 => 'index',
    2 => 'style',
  ),
)
[ info ] [ HEADER ] array (
  'host' => '127.0.0.1',
  'user-agent' => 'Mozilla/5.0 (Macintosh; Intel Mac OS X 10.13; rv:74.0) Gecko/20100101 Firefox/74.0',
  'accept' => '*/*',
  'accept-language' => 'zh-CN,zh;q=0.8,zh-TW;q=0.7,zh-HK;q=0.5,en-US;q=0.3,en;q=0.2',
  'accept-encoding' => 'gzip, deflate',
  'connection' => 'keep-alive',
  'referer' => 'http://127.0.0.1/tp5/public/index.php/index/artlist/artlist/cateid/31',
  'cookie' => 'PHPSESSID=5e4c2adc6059418eb5e85bef18b54769',
)
[ info ] [ PARAM ] array (
)
[ info ] [ LOG ] INIT File
---------------------------------------------------------------
[ 2020-04-05T09:45:17+08:00 ] 127.0.0.1 GET 127.0.0.1/tp5/public/static/index/style/jquery.form.js
[运行时间：0.015865s] [吞吐率：63.03req/s] [内存消耗：1,325.21kb] [文件加载：30]
[ info ] [ LANG ] /Applications/XAMPP/xamppfiles/htdocs/tp5/thinkphp/lang/zh-cn.php
[ info ] [ ROUTE ] array (
  'type' => 'module',
  'module' => 
  array (
    0 => 'static',
    1 => 'index',
    2 => 'style',
  ),
)
[ info ] [ HEADER ] array (
  'host' => '127.0.0.1',
  'user-agent' => 'Mozilla/5.0 (Macintosh; Intel Mac OS X 10.13; rv:74.0) Gecko/20100101 Firefox/74.0',
  'accept' => '*/*',
  'accept-language' => 'zh-CN,zh;q=0.8,zh-TW;q=0.7,zh-HK;q=0.5,en-US;q=0.3,en;q=0.2',
  'accept-encoding' => 'gzip, deflate',
  'connection' => 'keep-alive',
  'referer' => 'http://127.0.0.1/tp5/public/index.php/index/artlist/artlist/cateid/31',
  'cookie' => 'PHPSESSID=5e4c2adc6059418eb5e85bef18b54769',
)
[ info ] [ PARAM ] array (
)
[ info ] [ LOG ] INIT File
---------------------------------------------------------------
[ 2020-04-05T09:45:17+08:00 ] 127.0.0.1 GET 127.0.0.1/tp5/public/static/index/style/img/tg.jpg
[运行时间：0.034028s] [吞吐率：29.39req/s] [内存消耗：1,325.82kb] [文件加载：30]
[ info ] [ LANG ] /Applications/XAMPP/xamppfiles/htdocs/tp5/thinkphp/lang/zh-cn.php
[ info ] [ ROUTE ] array (
  'type' => 'module',
  'module' => 
  array (
    0 => 'static',
    1 => 'index',
    2 => 'style',
  ),
)
[ info ] [ HEADER ] array (
  'host' => '127.0.0.1',
  'user-agent' => 'Mozilla/5.0 (Macintosh; Intel Mac OS X 10.13; rv:74.0) Gecko/20100101 Firefox/74.0',
  'accept' => 'image/webp,*/*',
  'accept-language' => 'zh-CN,zh;q=0.8,zh-TW;q=0.7,zh-HK;q=0.5,en-US;q=0.3,en;q=0.2',
  'accept-encoding' => 'gzip, deflate',
  'connection' => 'keep-alive',
  'referer' => 'http://127.0.0.1/tp5/public/index.php/index/artlist/artlist/cateid/31',
  'cookie' => 'PHPSESSID=5e4c2adc6059418eb5e85bef18b54769',
)
[ info ] [ PARAM ] array (
  'img' => 'tg.jpg',
)
[ info ] [ LOG ] INIT File
---------------------------------------------------------------
[ 2020-04-05T09:45:17+08:00 ] 127.0.0.1 GET 127.0.0.1/tp5/public/index.php/index/artlist/artlist/cateid/style/img/hots_bg.png
[运行时间：0.062081s] [吞吐率：16.11req/s] [内存消耗：2,947.08kb] [文件加载：49]
[ info ] [ LANG ] /Applications/XAMPP/xamppfiles/htdocs/tp5/thinkphp/lang/zh-cn.php
[ info ] [ ROUTE ] array (
  'type' => 'module',
  'module' => 
  array (
    0 => 'index',
    1 => 'artlist',
    2 => 'artlist',
  ),
)
[ info ] [ HEADER ] array (
  'host' => '127.0.0.1',
  'user-agent' => 'Mozilla/5.0 (Macintosh; Intel Mac OS X 10.13; rv:74.0) Gecko/20100101 Firefox/74.0',
  'accept' => 'image/webp,*/*',
  'accept-language' => 'zh-CN,zh;q=0.8,zh-TW;q=0.7,zh-HK;q=0.5,en-US;q=0.3,en;q=0.2',
  'accept-encoding' => 'gzip, deflate',
  'connection' => 'keep-alive',
  'referer' => 'http://127.0.0.1/tp5/public/index.php/index/artlist/artlist/cateid/31',
  'cookie' => 'PHPSESSID=5e4c2adc6059418eb5e85bef18b54769',
)
[ info ] [ PARAM ] array (
  'cateid' => 'style',
  'img' => 'hots_bg.png',
)
[ info ] [ DB ] INIT mysql
[ info ] [ LOG ] INIT File
[ sql ] [ DB ] CONNECT:[ UseTime:0.000902s ] mysql:host=127.0.0.1;port=3306;dbname=bick;charset=utf8
[ sql ] [ SQL ] SHOW COLUMNS FROM `bk_cate` [ RunTime:0.006056s ]
[ sql ] [ SQL ] SELECT `id`,`pid`,`catename` FROM `bk_cate` [ RunTime:0.000635s ]
[ sql ] [ SQL ] SELECT `id`,`pid`,`catename` FROM `bk_cate` WHERE  `id` = 0 LIMIT 1 [ RunTime:0.000415s ]
[ error ] [8]Trying to access array offset on value of type null[/Applications/XAMPP/xamppfiles/htdocs/tp5/application/index/model/Cate.php:37]
---------------------------------------------------------------
[ 2020-04-05T09:45:23+08:00 ] 127.0.0.1 GET 127.0.0.1/tp5/public/index.php/index/page/page/cateid/35
[运行时间：0.044254s] [吞吐率：22.60req/s] [内存消耗：3,007.76kb] [文件加载：49]
[ info ] [ LANG ] /Applications/XAMPP/xamppfiles/htdocs/tp5/thinkphp/lang/zh-cn.php
[ info ] [ ROUTE ] array (
  'type' => 'module',
  'module' => 
  array (
    0 => 'index',
    1 => 'page',
    2 => 'page',
  ),
)
[ info ] [ HEADER ] array (
  'host' => '127.0.0.1',
  'user-agent' => 'Mozilla/5.0 (Macintosh; Intel Mac OS X 10.13; rv:74.0) Gecko/20100101 Firefox/74.0',
  'accept' => 'text/html,application/xhtml+xml,application/xml;q=0.9,image/webp,*/*;q=0.8',
  'accept-language' => 'zh-CN,zh;q=0.8,zh-TW;q=0.7,zh-HK;q=0.5,en-US;q=0.3,en;q=0.2',
  'accept-encoding' => 'gzip, deflate',
  'connection' => 'keep-alive',
  'referer' => 'http://127.0.0.1/tp5/public/index.php/index/artlist/artlist/cateid/31',
  'cookie' => 'PHPSESSID=5e4c2adc6059418eb5e85bef18b54769',
  'upgrade-insecure-requests' => '1',
)
[ info ] [ PARAM ] array (
  'cateid' => '35',
)
[ info ] [ DB ] INIT mysql
[ info ] [ RUN ] app\index\controller\Page->page[ /Applications/XAMPP/xamppfiles/htdocs/tp5/application/index/controller/Page.php ]
[ info ] [ VIEW ] /Applications/XAMPP/xamppfiles/htdocs/tp5/public/../application/index/view/page/page.htm [ array (
  0 => 'posArr',
  1 => 'confres',
  2 => 'cateres',
  3 => 'cates',
) ]
[ info ] [ LOG ] INIT File
[ sql ] [ DB ] CONNECT:[ UseTime:0.000504s ] mysql:host=127.0.0.1;port=3306;dbname=bick;charset=utf8
[ sql ] [ SQL ] SHOW COLUMNS FROM `bk_cate` [ RunTime:0.002905s ]
[ sql ] [ SQL ] SELECT `id`,`pid`,`catename` FROM `bk_cate` [ RunTime:0.000458s ]
[ sql ] [ SQL ] SELECT `id`,`pid`,`catename` FROM `bk_cate` WHERE  `id` = 35 LIMIT 1 [ RunTime:0.000415s ]
[ sql ] [ SQL ] SHOW COLUMNS FROM `bk_conf` [ RunTime:0.003020s ]
[ sql ] [ SQL ] SELECT `enname`,`cnname` FROM `bk_conf` [ RunTime:0.000406s ]
[ sql ] [ SQL ] SELECT * FROM `bk_cate` WHERE  `pid` = 0 [ RunTime:0.000433s ]
[ sql ] [ SQL ] SELECT * FROM `bk_cate` WHERE  `pid` = 28 [ RunTime:0.000500s ]
[ sql ] [ SQL ] SELECT * FROM `bk_cate` WHERE  `pid` = 31 [ RunTime:0.000801s ]
[ sql ] [ SQL ] SELECT * FROM `bk_cate` WHERE  `pid` = 34 [ RunTime:0.000474s ]
[ sql ] [ SQL ] SELECT * FROM `bk_cate` WHERE  `pid` = 35 [ RunTime:0.000412s ]
[ sql ] [ SQL ] SELECT * FROM `bk_cate` WHERE  `pid` = 37 [ RunTime:0.000382s ]
[ sql ] [ SQL ] SELECT * FROM `bk_cate` WHERE  `id` = 35 LIMIT 1 [ RunTime:0.000405s ]
---------------------------------------------------------------
[ 2020-04-05T09:45:23+08:00 ] 127.0.0.1 GET 127.0.0.1/tp5/public/static/index/style/jquery.error.js
[运行时间：0.029552s] [吞吐率：33.84req/s] [内存消耗：1,325.21kb] [文件加载：30]
[ info ] [ LANG ] /Applications/XAMPP/xamppfiles/htdocs/tp5/thinkphp/lang/zh-cn.php
[ info ] [ ROUTE ] array (
  'type' => 'module',
  'module' => 
  array (
    0 => 'static',
    1 => 'index',
    2 => 'style',
  ),
)
[ info ] [ HEADER ] array (
  'host' => '127.0.0.1',
  'user-agent' => 'Mozilla/5.0 (Macintosh; Intel Mac OS X 10.13; rv:74.0) Gecko/20100101 Firefox/74.0',
  'accept' => '*/*',
  'accept-language' => 'zh-CN,zh;q=0.8,zh-TW;q=0.7,zh-HK;q=0.5,en-US;q=0.3,en;q=0.2',
  'accept-encoding' => 'gzip, deflate',
  'connection' => 'keep-alive',
  'referer' => 'http://127.0.0.1/tp5/public/index.php/index/page/page/cateid/35',
  'cookie' => 'PHPSESSID=5e4c2adc6059418eb5e85bef18b54769',
)
[ info ] [ PARAM ] array (
)
[ info ] [ LOG ] INIT File
---------------------------------------------------------------
[ 2020-04-05T09:45:23+08:00 ] 127.0.0.1 GET 127.0.0.1/tp5/public/static/index/style/jquery.form.js
[运行时间：0.033738s] [吞吐率：29.64req/s] [内存消耗：1,325.21kb] [文件加载：30]
[ info ] [ LANG ] /Applications/XAMPP/xamppfiles/htdocs/tp5/thinkphp/lang/zh-cn.php
[ info ] [ ROUTE ] array (
  'type' => 'module',
  'module' => 
  array (
    0 => 'static',
    1 => 'index',
    2 => 'style',
  ),
)
[ info ] [ HEADER ] array (
  'host' => '127.0.0.1',
  'user-agent' => 'Mozilla/5.0 (Macintosh; Intel Mac OS X 10.13; rv:74.0) Gecko/20100101 Firefox/74.0',
  'accept' => '*/*',
  'accept-language' => 'zh-CN,zh;q=0.8,zh-TW;q=0.7,zh-HK;q=0.5,en-US;q=0.3,en;q=0.2',
  'accept-encoding' => 'gzip, deflate',
  'connection' => 'keep-alive',
  'referer' => 'http://127.0.0.1/tp5/public/index.php/index/page/page/cateid/35',
  'cookie' => 'PHPSESSID=5e4c2adc6059418eb5e85bef18b54769',
)
[ info ] [ PARAM ] array (
)
[ info ] [ LOG ] INIT File
---------------------------------------------------------------
[ 2020-04-05T09:45:23+08:00 ] 127.0.0.1 GET 127.0.0.1/tp5/public/static/index/style/jquery.error.js
[运行时间：0.016135s] [吞吐率：61.98req/s] [内存消耗：1,325.21kb] [文件加载：30]
[ info ] [ LANG ] /Applications/XAMPP/xamppfiles/htdocs/tp5/thinkphp/lang/zh-cn.php
[ info ] [ ROUTE ] array (
  'type' => 'module',
  'module' => 
  array (
    0 => 'static',
    1 => 'index',
    2 => 'style',
  ),
)
[ info ] [ HEADER ] array (
  'host' => '127.0.0.1',
  'user-agent' => 'Mozilla/5.0 (Macintosh; Intel Mac OS X 10.13; rv:74.0) Gecko/20100101 Firefox/74.0',
  'accept' => '*/*',
  'accept-language' => 'zh-CN,zh;q=0.8,zh-TW;q=0.7,zh-HK;q=0.5,en-US;q=0.3,en;q=0.2',
  'accept-encoding' => 'gzip, deflate',
  'connection' => 'keep-alive',
  'referer' => 'http://127.0.0.1/tp5/public/index.php/index/page/page/cateid/35',
  'cookie' => 'PHPSESSID=5e4c2adc6059418eb5e85bef18b54769',
)
[ info ] [ PARAM ] array (
)
[ info ] [ LOG ] INIT File
---------------------------------------------------------------
[ 2020-04-05T09:45:23+08:00 ] 127.0.0.1 GET 127.0.0.1/tp5/public/static/index/style/jquery.form.js
[运行时间：0.016444s] [吞吐率：60.81req/s] [内存消耗：1,325.21kb] [文件加载：30]
[ info ] [ LANG ] /Applications/XAMPP/xamppfiles/htdocs/tp5/thinkphp/lang/zh-cn.php
[ info ] [ ROUTE ] array (
  'type' => 'module',
  'module' => 
  array (
    0 => 'static',
    1 => 'index',
    2 => 'style',
  ),
)
[ info ] [ HEADER ] array (
  'host' => '127.0.0.1',
  'user-agent' => 'Mozilla/5.0 (Macintosh; Intel Mac OS X 10.13; rv:74.0) Gecko/20100101 Firefox/74.0',
  'accept' => '*/*',
  'accept-language' => 'zh-CN,zh;q=0.8,zh-TW;q=0.7,zh-HK;q=0.5,en-US;q=0.3,en;q=0.2',
  'accept-encoding' => 'gzip, deflate',
  'connection' => 'keep-alive',
  'referer' => 'http://127.0.0.1/tp5/public/index.php/index/page/page/cateid/35',
  'cookie' => 'PHPSESSID=5e4c2adc6059418eb5e85bef18b54769',
)
[ info ] [ PARAM ] array (
)
[ info ] [ LOG ] INIT File
---------------------------------------------------------------
[ 2020-04-05T09:45:23+08:00 ] 127.0.0.1 GET 127.0.0.1/tp5/public/static/index/images/body_bg.jpg
[运行时间：0.019476s] [吞吐率：51.35req/s] [内存消耗：1,325.24kb] [文件加载：30]
[ info ] [ LANG ] /Applications/XAMPP/xamppfiles/htdocs/tp5/thinkphp/lang/zh-cn.php
[ info ] [ ROUTE ] array (
  'type' => 'module',
  'module' => 
  array (
    0 => 'static',
    1 => 'index',
    2 => 'images',
  ),
)
[ info ] [ HEADER ] array (
  'host' => '127.0.0.1',
  'user-agent' => 'Mozilla/5.0 (Macintosh; Intel Mac OS X 10.13; rv:74.0) Gecko/20100101 Firefox/74.0',
  'accept' => 'image/webp,*/*',
  'accept-language' => 'zh-CN,zh;q=0.8,zh-TW;q=0.7,zh-HK;q=0.5,en-US;q=0.3,en;q=0.2',
  'accept-encoding' => 'gzip, deflate',
  'connection' => 'keep-alive',
  'referer' => 'http://127.0.0.1/tp5/public/static/index/style/style.css',
  'cookie' => 'PHPSESSID=5e4c2adc6059418eb5e85bef18b54769',
)
[ info ] [ PARAM ] array (
)
[ info ] [ LOG ] INIT File
---------------------------------------------------------------
[ 2020-04-05T09:45:24+08:00 ] 127.0.0.1 GET 127.0.0.1/tp5/public/index.php/index/page/page/cateid/37
[运行时间：0.053885s] [吞吐率：18.56req/s] [内存消耗：3,009.22kb] [文件加载：49]
[ info ] [ LANG ] /Applications/XAMPP/xamppfiles/htdocs/tp5/thinkphp/lang/zh-cn.php
[ info ] [ ROUTE ] array (
  'type' => 'module',
  'module' => 
  array (
    0 => 'index',
    1 => 'page',
    2 => 'page',
  ),
)
[ info ] [ HEADER ] array (
  'host' => '127.0.0.1',
  'user-agent' => 'Mozilla/5.0 (Macintosh; Intel Mac OS X 10.13; rv:74.0) Gecko/20100101 Firefox/74.0',
  'accept' => 'text/html,application/xhtml+xml,application/xml;q=0.9,image/webp,*/*;q=0.8',
  'accept-language' => 'zh-CN,zh;q=0.8,zh-TW;q=0.7,zh-HK;q=0.5,en-US;q=0.3,en;q=0.2',
  'accept-encoding' => 'gzip, deflate',
  'connection' => 'keep-alive',
  'referer' => 'http://127.0.0.1/tp5/public/index.php/index/page/page/cateid/35',
  'cookie' => 'PHPSESSID=5e4c2adc6059418eb5e85bef18b54769',
  'upgrade-insecure-requests' => '1',
)
[ info ] [ PARAM ] array (
  'cateid' => '37',
)
[ info ] [ DB ] INIT mysql
[ info ] [ RUN ] app\index\controller\Page->page[ /Applications/XAMPP/xamppfiles/htdocs/tp5/application/index/controller/Page.php ]
[ info ] [ VIEW ] /Applications/XAMPP/xamppfiles/htdocs/tp5/public/../application/index/view/page/page.htm [ array (
  0 => 'posArr',
  1 => 'confres',
  2 => 'cateres',
  3 => 'cates',
) ]
[ info ] [ LOG ] INIT File
[ sql ] [ DB ] CONNECT:[ UseTime:0.000601s ] mysql:host=127.0.0.1;port=3306;dbname=bick;charset=utf8
[ sql ] [ SQL ] SHOW COLUMNS FROM `bk_cate` [ RunTime:0.003137s ]
[ sql ] [ SQL ] SELECT `id`,`pid`,`catename` FROM `bk_cate` [ RunTime:0.000481s ]
[ sql ] [ SQL ] SELECT `id`,`pid`,`catename` FROM `bk_cate` WHERE  `id` = 37 LIMIT 1 [ RunTime:0.000561s ]
[ sql ] [ SQL ] SHOW COLUMNS FROM `bk_conf` [ RunTime:0.003044s ]
[ sql ] [ SQL ] SELECT `enname`,`cnname` FROM `bk_conf` [ RunTime:0.000423s ]
[ sql ] [ SQL ] SELECT * FROM `bk_cate` WHERE  `pid` = 0 [ RunTime:0.000542s ]
[ sql ] [ SQL ] SELECT * FROM `bk_cate` WHERE  `pid` = 28 [ RunTime:0.000601s ]
[ sql ] [ SQL ] SELECT * FROM `bk_cate` WHERE  `pid` = 31 [ RunTime:0.000637s ]
[ sql ] [ SQL ] SELECT * FROM `bk_cate` WHERE  `pid` = 34 [ RunTime:0.000440s ]
[ sql ] [ SQL ] SELECT * FROM `bk_cate` WHERE  `pid` = 35 [ RunTime:0.000405s ]
[ sql ] [ SQL ] SELECT * FROM `bk_cate` WHERE  `pid` = 37 [ RunTime:0.000392s ]
[ sql ] [ SQL ] SELECT * FROM `bk_cate` WHERE  `id` = 37 LIMIT 1 [ RunTime:0.000426s ]
---------------------------------------------------------------
[ 2020-04-05T09:45:24+08:00 ] 127.0.0.1 GET 127.0.0.1/tp5/public/static/index/style/jquery.form.js
[运行时间：0.026961s] [吞吐率：37.09req/s] [内存消耗：1,325.21kb] [文件加载：30]
[ info ] [ LANG ] /Applications/XAMPP/xamppfiles/htdocs/tp5/thinkphp/lang/zh-cn.php
[ info ] [ ROUTE ] array (
  'type' => 'module',
  'module' => 
  array (
    0 => 'static',
    1 => 'index',
    2 => 'style',
  ),
)
[ info ] [ HEADER ] array (
  'host' => '127.0.0.1',
  'user-agent' => 'Mozilla/5.0 (Macintosh; Intel Mac OS X 10.13; rv:74.0) Gecko/20100101 Firefox/74.0',
  'accept' => '*/*',
  'accept-language' => 'zh-CN,zh;q=0.8,zh-TW;q=0.7,zh-HK;q=0.5,en-US;q=0.3,en;q=0.2',
  'accept-encoding' => 'gzip, deflate',
  'connection' => 'keep-alive',
  'referer' => 'http://127.0.0.1/tp5/public/index.php/index/page/page/cateid/37',
  'cookie' => 'PHPSESSID=5e4c2adc6059418eb5e85bef18b54769',
)
[ info ] [ PARAM ] array (
)
[ info ] [ LOG ] INIT File
---------------------------------------------------------------
[ 2020-04-05T09:45:24+08:00 ] 127.0.0.1 GET 127.0.0.1/tp5/public/static/index/style/jquery.error.js
[运行时间：0.029225s] [吞吐率：34.22req/s] [内存消耗：1,325.21kb] [文件加载：30]
[ info ] [ LANG ] /Applications/XAMPP/xamppfiles/htdocs/tp5/thinkphp/lang/zh-cn.php
[ info ] [ ROUTE ] array (
  'type' => 'module',
  'module' => 
  array (
    0 => 'static',
    1 => 'index',
    2 => 'style',
  ),
)
[ info ] [ HEADER ] array (
  'host' => '127.0.0.1',
  'user-agent' => 'Mozilla/5.0 (Macintosh; Intel Mac OS X 10.13; rv:74.0) Gecko/20100101 Firefox/74.0',
  'accept' => '*/*',
  'accept-language' => 'zh-CN,zh;q=0.8,zh-TW;q=0.7,zh-HK;q=0.5,en-US;q=0.3,en;q=0.2',
  'accept-encoding' => 'gzip, deflate',
  'connection' => 'keep-alive',
  'referer' => 'http://127.0.0.1/tp5/public/index.php/index/page/page/cateid/37',
  'cookie' => 'PHPSESSID=5e4c2adc6059418eb5e85bef18b54769',
)
[ info ] [ PARAM ] array (
)
[ info ] [ LOG ] INIT File
---------------------------------------------------------------
[ 2020-04-05T09:45:24+08:00 ] 127.0.0.1 GET 127.0.0.1/tp5/public/static/index/style/jquery.form.js
[运行时间：0.016487s] [吞吐率：60.65req/s] [内存消耗：1,325.21kb] [文件加载：30]
[ info ] [ LANG ] /Applications/XAMPP/xamppfiles/htdocs/tp5/thinkphp/lang/zh-cn.php
[ info ] [ ROUTE ] array (
  'type' => 'module',
  'module' => 
  array (
    0 => 'static',
    1 => 'index',
    2 => 'style',
  ),
)
[ info ] [ HEADER ] array (
  'host' => '127.0.0.1',
  'user-agent' => 'Mozilla/5.0 (Macintosh; Intel Mac OS X 10.13; rv:74.0) Gecko/20100101 Firefox/74.0',
  'accept' => '*/*',
  'accept-language' => 'zh-CN,zh;q=0.8,zh-TW;q=0.7,zh-HK;q=0.5,en-US;q=0.3,en;q=0.2',
  'accept-encoding' => 'gzip, deflate',
  'connection' => 'keep-alive',
  'referer' => 'http://127.0.0.1/tp5/public/index.php/index/page/page/cateid/37',
  'cookie' => 'PHPSESSID=5e4c2adc6059418eb5e85bef18b54769',
)
[ info ] [ PARAM ] array (
)
[ info ] [ LOG ] INIT File
---------------------------------------------------------------
[ 2020-04-05T09:45:24+08:00 ] 127.0.0.1 GET 127.0.0.1/tp5/public/static/index/images/body_bg.jpg
[运行时间：0.023181s] [吞吐率：43.14req/s] [内存消耗：1,325.24kb] [文件加载：30]
[ info ] [ LANG ] /Applications/XAMPP/xamppfiles/htdocs/tp5/thinkphp/lang/zh-cn.php
[ info ] [ ROUTE ] array (
  'type' => 'module',
  'module' => 
  array (
    0 => 'static',
    1 => 'index',
    2 => 'images',
  ),
)
[ info ] [ HEADER ] array (
  'host' => '127.0.0.1',
  'user-agent' => 'Mozilla/5.0 (Macintosh; Intel Mac OS X 10.13; rv:74.0) Gecko/20100101 Firefox/74.0',
  'accept' => 'image/webp,*/*',
  'accept-language' => 'zh-CN,zh;q=0.8,zh-TW;q=0.7,zh-HK;q=0.5,en-US;q=0.3,en;q=0.2',
  'accept-encoding' => 'gzip, deflate',
  'connection' => 'keep-alive',
  'referer' => 'http://127.0.0.1/tp5/public/static/index/style/style.css',
  'cookie' => 'PHPSESSID=5e4c2adc6059418eb5e85bef18b54769',
)
[ info ] [ PARAM ] array (
)
[ info ] [ LOG ] INIT File
